54.0 APEX_CODE,FINEST;APEX_PROFILING,INFO;CALLOUT,INFO;DATA_ACCESS,INFO;DB,INFO;NBA,INFO;SYSTEM,DEBUG;VALIDATION,INFO;VISUALFORCE,INFO;WAVE,INFO;WORKFLOW,INFO
17:37:38.0 (363160)|USER_INFO|[EXTERNAL]|0052t000000K4aE|rmdsupport1@timesgroup.com|(GMT+05:30) India Standard Time (Asia/Kolkata)|GMT+05:30
17:37:38.0 (491333)|EXECUTION_STARTED
17:37:38.0 (529074)|CODE_UNIT_STARTED|[EXTERNAL]|01p2t000000TbhV|RMDBatchCreatePostPaidOrders
17:37:38.0 (2209408)|VARIABLE_SCOPE_BEGIN|[5]|RMDBatchCreatePostPaidOrders.renewalLeadRT|Id|false|true
17:37:38.0 (2335071)|VARIABLE_SCOPE_BEGIN|[7]|RMDBatchCreatePostPaidOrders.renewalMagazineLeadRT|Id|false|true
17:37:38.0 (2344392)|VARIABLE_SCOPE_BEGIN|[6]|RMDBatchCreatePostPaidOrders.renewalProductRT|Id|false|true
17:37:38.0 (3979444)|HEAP_ALLOCATE|[EXTERNAL]|Bytes:4
17:37:38.0 (5058523)|HEAP_ALLOCATE|[95]|Bytes:3
17:37:38.0 (5137505)|HEAP_ALLOCATE|[100]|Bytes:152
17:37:38.0 (5172046)|HEAP_ALLOCATE|[417]|Bytes:408
17:37:38.0 (5200186)|HEAP_ALLOCATE|[430]|Bytes:408
17:37:38.0 (5226617)|HEAP_ALLOCATE|[317]|Bytes:6
17:37:38.0 (5262878)|HEAP_ALLOCATE|[EXTERNAL]|Bytes:11
17:37:38.0 (5301279)|SYSTEM_METHOD_ENTRY|[15]|BatchableContextImpl.BatchableContextImpl()
17:37:38.0 (5320290)|STATEMENT_EXECUTE|[15]
17:37:38.0 (5343590)|SYSTEM_METHOD_EXIT|[15]|BatchableContextImpl
17:37:38.0 (5350260)|HEAP_ALLOCATE|[EXTERNAL]|Bytes:12
17:37:38.0 (5355780)|HEAP_ALLOCATE|[EXTERNAL]|Bytes:4
17:37:38.0 (5371271)|VARIABLE_SCOPE_BEGIN|[31]|this|Database.BatchableContextImpl|true|false
17:37:38.0 (5493534)|VARIABLE_ASSIGNMENT|[31]|this|{}|0x4e97f399
17:37:38.0 (5499194)|VARIABLE_SCOPE_BEGIN|[31]|jobId|Id|false|false
17:37:38.0 (5603227)|VARIABLE_ASSIGNMENT|[31]|jobId|"707e200000pTqtcAAC"
17:37:38.0 (5608387)|VARIABLE_SCOPE_BEGIN|[31]|childJobId|Id|false|false
17:37:38.0 (5616227)|VARIABLE_ASSIGNMENT|[31]|childJobId|null
17:37:38.0 (28657351)|HEAP_ALLOCATE|[EXTERNAL]|Bytes:81
17:37:38.0 (28684152)|HEAP_ALLOCATE|[EXTERNAL]|Bytes:8
17:37:38.0 (28689262)|HEAP_ALLOCATE|[EXTERNAL]|Bytes:33
17:37:38.0 (28708183)|METHOD_ENTRY|[4]|01p2t000000TbhV|RMDBatchCreatePostPaidOrders.RMDBatchCreatePostPaidOrders()
17:37:38.0 (28715513)|STATEMENT_EXECUTE|[4]
17:37:38.0 (28723813)|STATEMENT_EXECUTE|[4]
17:37:38.0 (28726143)|STATEMENT_EXECUTE|[5]
17:37:38.0 (28730723)|HEAP_ALLOCATE|[5]|Bytes:4
17:37:38.0 (28736874)|HEAP_ALLOCATE|[5]|Bytes:17
17:37:38.0 (28822046)|VARIABLE_SCOPE_BEGIN|[10]|RMDCommonHelper.AUTHORIZATION|String|false|true
17:37:38.0 (28829096)|VARIABLE_SCOPE_BEGIN|[7]|RMDCommonHelper.BASE_URL|String|false|true
17:37:38.0 (28833776)|VARIABLE_SCOPE_BEGIN|[11]|RMDCommonHelper.BEARER|String|false|true
17:37:38.0 (28839536)|VARIABLE_SCOPE_BEGIN|[12]|RMDCommonHelper.integrationId|List<User>|true|true
17:37:38.0 (28846016)|VARIABLE_SCOPE_BEGIN|[8]|RMDCommonHelper.objUser|User|true|true
17:37:38.0 (28850987)|VARIABLE_SCOPE_BEGIN|[9]|RMDCommonHelper.run|Boolean|false|true
17:37:38.0 (28867517)|HEAP_ALLOCATE|[5]|Bytes:150
17:37:38.0 (28873377)|HEAP_ALLOCATE|[5]|Bytes:51
17:37:38.0 (28877227)|HEAP_ALLOCATE|[5]|Bytes:13
17:37:38.0 (28927259)|VARIABLE_ASSIGNMENT|[5]|RMDCommonHelper.AUTHORIZATION|"Authorization"
17:37:38.0 (28932339)|HEAP_ALLOCATE|[5]|Bytes:7
17:37:38.0 (28940269)|VARIABLE_ASSIGNMENT|[5]|RMDCommonHelper.BEARER|"Bearer "
17:37:38.0 (29073692)|METHOD_ENTRY|[6]|01p7F00000VLtZg|RMDCommonHelper.RMDCommonHelper()
17:37:38.0 (29081663)|STATEMENT_EXECUTE|[6]
17:37:38.0 (29086803)|STATEMENT_EXECUTE|[6]
17:37:38.0 (29110833)|HEAP_ALLOCATE|[68]|Bytes:5
17:37:38.0 (29147114)|HEAP_ALLOCATE|[74]|Bytes:5
17:37:38.0 (29159015)|HEAP_ALLOCATE|[82]|Bytes:7
17:37:38.0 (30400867)|SYSTEM_MODE_ENTER|false
17:37:38.0 (30597812)|HEAP_ALLOCATE|[7]|Bytes:5
17:37:38.0 (30609712)|STATEMENT_EXECUTE|[7]
17:37:38.0 (30616393)|HEAP_ALLOCATE|[7]|Bytes:12
17:37:38.0 (33491138)|HEAP_ALLOCATE|[7]|Bytes:68
17:37:38.0 (33559570)|VARIABLE_ASSIGNMENT|[7]|RMDCommonHelper.BASE_URL|"https://timesofindia (48 more) ..."
17:37:38.0 (33566530)|STATEMENT_EXECUTE|[9]
17:37:38.0 (33584270)|HEAP_ALLOCATE|[9]|Bytes:5
17:37:38.0 (33596441)|VARIABLE_ASSIGNMENT|[9]|RMDCommonHelper.run|true
17:37:38.0 (33600581)|STATEMENT_EXECUTE|[12]
17:37:38.0 (33740614)|HEAP_ALLOCATE|[12]|Bytes:53
17:37:38.0 (33764665)|METHOD_ENTRY|[1]|01p7F00000VLtbL|RMDSelectorUser.RMDSelectorUser()
17:37:38.0 (33774265)|STATEMENT_EXECUTE|[1]
17:37:38.0 (33781315)|STATEMENT_EXECUTE|[1]
17:37:38.0 (33790336)|METHOD_EXIT|[1]|RMDSelectorUser
17:37:38.0 (33822046)|METHOD_ENTRY|[12]|01p7F00000VLtbL|RMDSelectorUser.getIntegrationUserId()
17:37:38.0 (33850047)|STATEMENT_EXECUTE|[124]
17:37:38.0 (33852957)|STATEMENT_EXECUTE|[125]
17:37:38.0 (33857427)|HEAP_ALLOCATE|[125]|Bytes:99
17:37:38.0 (33893758)|HEAP_ALLOCATE|[125]|Bytes:4
17:37:38.0 (37608126)|SOQL_EXECUTE_BEGIN|[125]|Aggregations:0|SELECT id FROM User WHERE (name = 'Integration User' AND Profile.Name = 'Integration User') LIMIT 1
17:37:38.0 (47705341)|SOQL_EXECUTE_END|[125]|Rows:1
17:37:38.0 (47734591)|HEAP_ALLOCATE|[125]|Bytes:8
17:37:38.0 (47752322)|HEAP_ALLOCATE|[125]|Bytes:60
17:37:38.0 (47802113)|HEAP_ALLOCATE|[125]|Bytes:8
17:37:38.0 (47835164)|METHOD_EXIT|[12]|01p7F00000VLtbL|RMDSelectorUser.getIntegrationUserId()
17:37:38.0 (47977558)|VARIABLE_ASSIGNMENT|[12]|RMDCommonHelper.integrationId|[{"ProfileId":"00e7F000000ZzhEQAS","Id":"0057F000004GzVlQAK"}]|0x242f3417
17:37:38.0 (48001818)|SYSTEM_MODE_EXIT|false
17:37:38.0 (48026749)|METHOD_EXIT|[6]|RMDCommonHelper
17:37:38.0 (48042659)|METHOD_ENTRY|[5]|01p7F00000VLtZg|RMDCommonHelper.getRecordTypeId(String, String)
17:37:38.0 (48064560)|VARIABLE_SCOPE_BEGIN|[55]|objectAPIName|String|false|false
17:37:38.0 (48076820)|VARIABLE_ASSIGNMENT|[55]|objectAPIName|"Lead"
17:37:38.0 (48080500)|VARIABLE_SCOPE_BEGIN|[55]|recordTypeName|String|false|false
17:37:38.0 (48087951)|VARIABLE_ASSIGNMENT|[55]|recordTypeName|"Household Renewal"
17:37:38.0 (48101511)|SYSTEM_MODE_ENTER|false
17:37:38.0 (48115261)|HEAP_ALLOCATE|[56]|Bytes:5
17:37:38.0 (48121342)|STATEMENT_EXECUTE|[55]
17:37:38.0 (48214544)|STATEMENT_EXECUTE|[56]
17:37:38.0 (48217784)|STATEMENT_EXECUTE|[60]
17:37:38.0 (120411456)|HEAP_ALLOCATE|[60]|Bytes:3776
17:37:38.0 (120459567)|VARIABLE_SCOPE_BEGIN|[60]|globalDescription|Map<String,Schema.SObjectType>|true|false
17:37:38.0 (120855538)|VARIABLE_ASSIGNMENT|[60]|globalDescription|"{abc__c=abc__c, abc__changeevent=abc__ChangeEvent, acceptedeventrelation=AcceptedEventRelation, account=Account, accountbrand=AccountBrand, accountbrandshare=AccountBrandShare, accountchangeevent=AccountChangeEvent, accountcontactrelation=AccountContactRelation, accountcontactrole=AccountContactRole, accountcontactrolechangeevent=AccountContactRoleChangeEvent, ...}"|0x7a1f4cb2
17:37:38.0 (120867808)|STATEMENT_EXECUTE|[61]
17:37:38.0 (120970341)|VARIABLE_SCOPE_BEGIN|[61]|sObjType|Schema.SObjectType|true|false
17:37:38.0 (121001751)|VARIABLE_ASSIGNMENT|[61]|sObjType|"common.apex.runtime.impl.ApexSObjectTypeToken@27cd406a"|0x27cd406a
17:37:38.0 (121011572)|STATEMENT_EXECUTE|[62]
17:37:38.0 (121014592)|STATEMENT_EXECUTE|[64]
17:37:38.0 (121472364)|HEAP_ALLOCATE|[64]|Bytes:4
17:37:38.0 (121489164)|VARIABLE_SCOPE_BEGIN|[64]|cfrSchema|Schema.DescribeSObjectResult|true|false
17:37:38.0 (121543446)|VARIABLE_ASSIGNMENT|[64]|cfrSchema|"common.api.soap.wsdl.DescribeSObjectResult@302c0bf2"|0x42f9d575
17:37:38.0 (121549186)|STATEMENT_EXECUTE|[65]
17:37:38.0 (121844873)|HEAP_ALLOCATE|[65]|Bytes:36
17:37:38.0 (121861024)|VARIABLE_SCOPE_BEGIN|[65]|recordTypeInfo|Map<String,Schema.RecordTypeInfo>|true|false
17:37:38.0 (121880424)|VARIABLE_ASSIGNMENT|[65]|recordTypeInfo|"Map of size 8 too large to display"|0xf7a0350
17:37:38.0 (121887545)|STATEMENT_EXECUTE|[66]
17:37:38.0 (121980297)|HEAP_ALLOCATE|[66]|Bytes:4
17:37:38.0 (121989817)|VARIABLE_SCOPE_BEGIN|[66]|recordTypeId|Id|false|false
17:37:38.0 (122022638)|VARIABLE_ASSIGNMENT|[66]|recordTypeId|"0127F000000K6nBQAS"
17:37:38.0 (122029768)|STATEMENT_EXECUTE|[67]
17:37:38.0 (122045969)|SYSTEM_MODE_EXIT|false
17:37:38.0 (122068739)|METHOD_EXIT|[5]|01p7F00000VLtZg|RMDCommonHelper.getRecordTypeId(String, String)
17:37:38.0 (122112751)|VARIABLE_ASSIGNMENT|[5]|RMDBatchCreatePostPaidOrders.renewalLeadRT|"0127F000000K6nBQAS"
17:37:38.0 (122119071)|STATEMENT_EXECUTE|[6]
17:37:38.0 (122124221)|HEAP_ALLOCATE|[6]|Bytes:22
17:37:38.0 (122131801)|HEAP_ALLOCATE|[6]|Bytes:25
17:37:38.0 (122145111)|METHOD_ENTRY|[6]|01p7F00000VLtZg|RMDCommonHelper.getRecordTypeId(String, String)
17:37:38.0 (122165372)|VARIABLE_SCOPE_BEGIN|[55]|objectAPIName|String|false|false
17:37:38.0 (122182932)|VARIABLE_ASSIGNMENT|[55]|objectAPIName|"RMD_Product_Mapping_ (2 more) ..."
17:37:38.0 (122189473)|VARIABLE_SCOPE_BEGIN|[55]|recordTypeName|String|false|false
17:37:38.0 (122199333)|VARIABLE_ASSIGNMENT|[55]|recordTypeName|"Post Paid Renewal Ma (5 more) ..."
17:37:38.0 (122214823)|SYSTEM_MODE_ENTER|false
17:37:38.0 (122227404)|HEAP_ALLOCATE|[56]|Bytes:5
17:37:38.0 (122232134)|STATEMENT_EXECUTE|[55]
17:37:38.0 (122292555)|STATEMENT_EXECUTE|[56]
17:37:38.0 (122295035)|STATEMENT_EXECUTE|[60]
17:37:38.0 (139918557)|HEAP_ALLOCATE|[60]|Bytes:3776
17:37:38.0 (139968248)|VARIABLE_SCOPE_BEGIN|[60]|globalDescription|Map<String,Schema.SObjectType>|true|false
17:37:38.0 (140263616)|VARIABLE_ASSIGNMENT|[60]|globalDescription|"{abc__c=abc__c, abc__changeevent=abc__ChangeEvent, acceptedeventrelation=AcceptedEventRelation, account=Account, accountbrand=AccountBrand, accountbrandshare=AccountBrandShare, accountchangeevent=AccountChangeEvent, accountcontactrelation=AccountContactRelation, accountcontactrole=AccountContactRole, accountcontactrolechangeevent=AccountContactRoleChangeEvent, ...}"|0x2d8753a2
17:37:38.0 (140276216)|STATEMENT_EXECUTE|[61]
17:37:38.0 (140317877)|VARIABLE_SCOPE_BEGIN|[61]|sObjType|Schema.SObjectType|true|false
17:37:38.0 (140340658)|VARIABLE_ASSIGNMENT|[61]|sObjType|"common.apex.runtime.impl.ApexSObjectTypeToken@7238b5c1"|0x7238b5c1
17:37:38.0 (140346548)|STATEMENT_EXECUTE|[62]
17:37:38.0 (140348748)|STATEMENT_EXECUTE|[64]
17:37:38.0 (140767349)|HEAP_ALLOCATE|[64]|Bytes:4
17:37:38.0 (140787050)|VARIABLE_SCOPE_BEGIN|[64]|cfrSchema|Schema.DescribeSObjectResult|true|false
17:37:38.0 (140844511)|VARIABLE_ASSIGNMENT|[64]|cfrSchema|"common.api.soap.wsdl.DescribeSObjectResult@afb35aa3"|0x3b442da7
17:37:38.0 (140853882)|STATEMENT_EXECUTE|[65]
17:37:38.0 (141130749)|HEAP_ALLOCATE|[65]|Bytes:32
17:37:38.0 (141141669)|VARIABLE_SCOPE_BEGIN|[65]|recordTypeInfo|Map<String,Schema.RecordTypeInfo>|true|false
17:37:38.0 (141155569)|VARIABLE_ASSIGNMENT|[65]|recordTypeInfo|"Map of size 7 too large to display"|0xce501b3
17:37:38.0 (141163190)|STATEMENT_EXECUTE|[66]
17:37:38.0 (141193330)|HEAP_ALLOCATE|[66]|Bytes:4
17:37:38.0 (141200091)|VARIABLE_SCOPE_BEGIN|[66]|recordTypeId|Id|false|false
17:37:38.0 (141224591)|VARIABLE_ASSIGNMENT|[66]|recordTypeId|"0122t0000004JGEAA2"
17:37:38.0 (141230001)|STATEMENT_EXECUTE|[67]
17:37:38.0 (141244622)|SYSTEM_MODE_EXIT|false
17:37:38.0 (141263392)|METHOD_EXIT|[6]|01p7F00000VLtZg|RMDCommonHelper.getRecordTypeId(String, String)
17:37:38.0 (141298423)|VARIABLE_ASSIGNMENT|[6]|RMDBatchCreatePostPaidOrders.renewalProductRT|"0122t0000004JGEAA2"
17:37:38.0 (141302633)|STATEMENT_EXECUTE|[7]
17:37:38.0 (141308503)|HEAP_ALLOCATE|[7]|Bytes:16
17:37:38.0 (141321584)|METHOD_ENTRY|[7]|01p7F00000VLtZg|RMDCommonHelper.getRecordTypeId(String, String)
17:37:38.0 (141348645)|VARIABLE_SCOPE_BEGIN|[55]|objectAPIName|String|false|false
17:37:38.0 (141359105)|VARIABLE_ASSIGNMENT|[55]|objectAPIName|"Lead"
17:37:38.0 (141362685)|VARIABLE_SCOPE_BEGIN|[55]|recordTypeName|String|false|false
17:37:38.0 (141369605)|VARIABLE_ASSIGNMENT|[55]|recordTypeName|"Magazine Renewal"
17:37:38.0 (141384525)|SYSTEM_MODE_ENTER|false
17:37:38.0 (141396666)|HEAP_ALLOCATE|[56]|Bytes:5
17:37:38.0 (141401916)|STATEMENT_EXECUTE|[55]
17:37:38.0 (141448667)|STATEMENT_EXECUTE|[56]
17:37:38.0 (141451177)|STATEMENT_EXECUTE|[60]
17:37:38.0 (159557122)|HEAP_ALLOCATE|[60]|Bytes:3776
17:37:38.0 (159606873)|VARIABLE_SCOPE_BEGIN|[60]|globalDescription|Map<String,Schema.SObjectType>|true|false
17:37:38.0 (159949002)|VARIABLE_ASSIGNMENT|[60]|globalDescription|"{abc__c=abc__c, abc__changeevent=abc__ChangeEvent, acceptedeventrelation=AcceptedEventRelation, account=Account, accountbrand=AccountBrand, accountbrandshare=AccountBrandShare, accountchangeevent=AccountChangeEvent, accountcontactrelation=AccountContactRelation, accountcontactrole=AccountContactRole, accountcontactrolechangeevent=AccountContactRoleChangeEvent, ...}"|0x3a4a558a
17:37:38.0 (159966373)|STATEMENT_EXECUTE|[61]
17:37:38.0 (160128477)|VARIABLE_SCOPE_BEGIN|[61]|sObjType|Schema.SObjectType|true|false
17:37:38.0 (160175088)|VARIABLE_ASSIGNMENT|[61]|sObjType|"common.apex.runtime.impl.ApexSObjectTypeToken@27cd406a"|0x27cd406a
17:37:38.0 (160184698)|STATEMENT_EXECUTE|[62]
17:37:38.0 (160187829)|STATEMENT_EXECUTE|[64]
17:37:38.0 (160234560)|HEAP_ALLOCATE|[64]|Bytes:4
17:37:38.0 (160358153)|VARIABLE_SCOPE_BEGIN|[64]|cfrSchema|Schema.DescribeSObjectResult|true|false
17:37:38.0 (160447815)|VARIABLE_ASSIGNMENT|[64]|cfrSchema|"common.api.soap.wsdl.DescribeSObjectResult@302c0bf2"|0x5dea8c05
17:37:38.0 (160456336)|STATEMENT_EXECUTE|[65]
17:37:38.0 (160690692)|HEAP_ALLOCATE|[65]|Bytes:36
17:37:38.0 (160703502)|VARIABLE_SCOPE_BEGIN|[65]|recordTypeInfo|Map<String,Schema.RecordTypeInfo>|true|false
17:37:38.0 (160722223)|VARIABLE_ASSIGNMENT|[65]|recordTypeInfo|"Map of size 8 too large to display"|0x47d9ab0a
17:37:38.0 (160729203)|STATEMENT_EXECUTE|[66]
17:37:38.0 (160762524)|HEAP_ALLOCATE|[66]|Bytes:4
17:37:38.0 (160771474)|VARIABLE_SCOPE_BEGIN|[66]|recordTypeId|Id|false|false
17:37:38.0 (160804415)|VARIABLE_ASSIGNMENT|[66]|recordTypeId|"0122t00000005tuAAA"
17:37:38.0 (160810745)|STATEMENT_EXECUTE|[67]
17:37:38.0 (160826595)|SYSTEM_MODE_EXIT|false
17:37:38.0 (160848596)|METHOD_EXIT|[7]|01p7F00000VLtZg|RMDCommonHelper.getRecordTypeId(String, String)
17:37:38.0 (160890647)|VARIABLE_ASSIGNMENT|[7]|RMDBatchCreatePostPaidOrders.renewalMagazineLeadRT|"0122t00000005tuAAA"
17:37:38.0 (160908117)|METHOD_EXIT|[4]|RMDBatchCreatePostPaidOrders
17:37:38.0 (160918418)|HEAP_ALLOCATE|[EXTERNAL]|Bytes:4
17:37:38.0 (160925868)|HEAP_ALLOCATE|[EXTERNAL]|Bytes:12
17:37:38.0 (160940598)|VARIABLE_SCOPE_BEGIN|[118]|this|RMDBatchCreatePostPaidOrders|true|false
17:37:38.0 (160982549)|VARIABLE_ASSIGNMENT|[118]|this|{}|0xb1b3d36
17:37:38.0 (160991970)|VARIABLE_SCOPE_BEGIN|[118]|BC|Database.BatchableContext|true|false
17:37:38.0 (161048781)|VARIABLE_ASSIGNMENT|[118]|BC|{"jobId":"707e200000pTqtcAAC"}|0x4e97f399
17:37:38.0 (161061141)|STATEMENT_EXECUTE|[118]
17:37:38.0 (161064222)|STATEMENT_EXECUTE|[119]
17:37:38.0 (161091202)|HEAP_ALLOCATE|[119]|Bytes:4
17:37:38.0 (161193315)|VARIABLE_SCOPE_BEGIN|[119]|oid|Set<Id>|true|false
17:37:38.0 (161232866)|VARIABLE_ASSIGNMENT|[119]|oid|[]|0x21812f4
17:37:38.0 (161240416)|STATEMENT_EXECUTE|[120]
17:37:38.0 (166560485)|VARIABLE_SCOPE_BEGIN|[5]|RMDSAPPOSTPAIDORDERSYNC.formNumberMap|Map<Id,String>|true|true
17:37:38.0 (166593466)|HEAP_ALLOCATE|[120]|Bytes:12
17:37:38.0 (166603847)|HEAP_ALLOCATE|[120]|Bytes:100
17:37:38.0 (166632667)|METHOD_ENTRY|[1]|01p2t000000Tbha|RMDSAPPOSTPAIDORDERSYNC.RMDSAPPOSTPAIDORDERSYNC()
17:37:38.0 (166641728)|STATEMENT_EXECUTE|[1]
17:37:38.0 (166649458)|STATEMENT_EXECUTE|[1]
17:37:38.0 (166673658)|HEAP_ALLOCATE|[5]|Bytes:5
17:37:38.0 (166683079)|STATEMENT_EXECUTE|[5]
17:37:38.0 (166706219)|HEAP_ALLOCATE|[5]|Bytes:4
17:37:38.0 (166754671)|VARIABLE_ASSIGNMENT|[5]|RMDSAPPOSTPAIDORDERSYNC.formNumberMap|{}|0x431e6abe
17:37:38.0 (166772991)|METHOD_EXIT|[1]|RMDSAPPOSTPAIDORDERSYNC
17:37:38.0 (166802522)|METHOD_ENTRY|[120]|01p2t000000Tbha|RMDSAPPOSTPAIDORDERSYNC.syncPostPaid(Set<Id>)
17:37:38.0 (166858583)|VARIABLE_SCOPE_BEGIN|[12]|setOfOrderIds|Set<Id>|true|false
17:37:38.0 (166880904)|VARIABLE_ASSIGNMENT|[12]|setOfOrderIds|[]|0x21812f4
17:37:38.0 (166894284)|HEAP_ALLOCATE|[13]|Bytes:5
17:37:38.0 (166899994)|STATEMENT_EXECUTE|[12]
17:37:38.0 (166902804)|STATEMENT_EXECUTE|[13]
17:37:38.0 (166908135)|HEAP_ALLOCATE|[13]|Bytes:27
17:37:38.0 (166960206)|HEAP_ALLOCATE|[13]|Bytes:96
17:37:38.0 (166971296)|HEAP_ALLOCATE|[13]|Bytes:69
17:37:38.0 (167089659)|HEAP_ALLOCATE|[13]|Bytes:33
17:37:38.0 (167102880)|SYSTEM_METHOD_ENTRY|[1]|Type.Type()
17:37:38.0 (167107940)|STATEMENT_EXECUTE|[1]
17:37:38.0 (167117970)|SYSTEM_METHOD_EXIT|[1]|Type
17:37:38.0 (167127090)|HEAP_ALLOCATE|[13]|Bytes:8
17:37:38.0 (167145501)|HEAP_ALLOCATE|[13]|Bytes:8
17:37:38.0 (167151761)|VARIABLE_SCOPE_BEGIN|[4]|this|System.Type|true|false
17:37:38.0 (167184192)|VARIABLE_ASSIGNMENT|[4]|this|{}|0x6c486cf
17:37:38.0 (167192182)|VARIABLE_SCOPE_BEGIN|[4]|apextype|java:common.apex.runtime.ApexObjectType|true|false
17:37:38.0 (167278544)|VARIABLE_ASSIGNMENT|[4]|apextype|"Map<String,Boolean>"|0x7b29daee
17:37:38.0 (167330686)|HEAP_ALLOCATE|[13]|Bytes:8
17:37:38.0 (167362366)|HEAP_ALLOCATE|[13]|Bytes:24
17:37:38.0 (167372497)|SYSTEM_METHOD_ENTRY|[1]|JSON.JSON()
17:37:38.0 (167377957)|STATEMENT_EXECUTE|[1]
17:37:38.0 (167385157)|SYSTEM_METHOD_EXIT|[1]|JSON
17:37:38.0 (167397047)|METHOD_ENTRY|[13]||System.JSON.deserialize(String, System.Type)
17:37:38.0 (168768743)|METHOD_EXIT|[13]||System.JSON.deserialize(String, System.Type)
17:37:38.0 (168779833)|VARIABLE_SCOPE_BEGIN|[13]|mapSAPSyncExecutionMode|Map<String,Boolean>|true|false
17:37:38.0 (168804484)|VARIABLE_ASSIGNMENT|[13]|mapSAPSyncExecutionMode|{"LeadSync":false,"AccountSync":true,"OrderSync":true,"AccountSyncMag":true,"OrderSyncMag":true}|0x69ce3196
17:37:38.0 (168811504)|HEAP_ALLOCATE|[14]|Bytes:9
17:37:38.0 (168848685)|STATEMENT_EXECUTE|[14]
17:37:38.0 (168851235)|STATEMENT_EXECUTE|[20]
17:37:38.0 (172749168)|HEAP_ALLOCATE|[20]|Bytes:4
17:37:38.0 (172839520)|VARIABLE_SCOPE_BEGIN|[20]|listOfRequests|List<RMDSAPWSDLOrder.Request_element>|true|false
17:37:38.0 (172874941)|HEAP_ALLOCATE|[EXTERNAL]|Bytes:4
17:37:38.0 (172894421)|VARIABLE_ASSIGNMENT|[20]|listOfRequests|[]|0x3dc4b534
17:37:38.0 (172899441)|STATEMENT_EXECUTE|[21]
17:37:38.0 (172929932)|HEAP_ALLOCATE|[21]|Bytes:568
17:37:38.0 (172960243)|CONSTRUCTOR_ENTRY|[21]|01p7F00000VLtah|<init>()|RMDSAPWSDLOrder.Request_element
17:37:38.0 (172995144)|VARIABLE_SCOPE_BEGIN|[6]|this|RMDSAPWSDLOrder.Request_element|true|false
17:37:38.0 (173199079)|VARIABLE_ASSIGNMENT|[6]|this|{}|0x65c3c552
17:37:38.0 (173238700)|STATEMENT_EXECUTE|[6]
17:37:38.0 (173242450)|STATEMENT_EXECUTE|[7]
17:37:38.0 (173245311)|STATEMENT_EXECUTE|[9]
17:37:38.0 (173247971)|STATEMENT_EXECUTE|[11]
17:37:38.0 (173250561)|STATEMENT_EXECUTE|[12]
17:37:38.0 (173253281)|STATEMENT_EXECUTE|[13]
17:37:38.0 (173256341)|STATEMENT_EXECUTE|[14]
17:37:38.0 (173259281)|STATEMENT_EXECUTE|[15]
17:37:38.0 (173262161)|STATEMENT_EXECUTE|[16]
17:37:38.0 (173265141)|STATEMENT_EXECUTE|[17]
17:37:38.0 (173268221)|STATEMENT_EXECUTE|[18]
17:37:38.0 (173270971)|STATEMENT_EXECUTE|[19]
17:37:38.0 (173273621)|STATEMENT_EXECUTE|[20]
17:37:38.0 (173276461)|STATEMENT_EXECUTE|[21]
17:37:38.0 (173279361)|STATEMENT_EXECUTE|[22]
17:37:38.0 (173282382)|STATEMENT_EXECUTE|[23]
17:37:38.0 (173285352)|STATEMENT_EXECUTE|[24]
17:37:38.0 (173288142)|STATEMENT_EXECUTE|[25]
17:37:38.0 (173290872)|STATEMENT_EXECUTE|[26]
17:37:38.0 (173292972)|STATEMENT_EXECUTE|[27]
17:37:38.0 (173294952)|STATEMENT_EXECUTE|[28]
17:37:38.0 (173296862)|STATEMENT_EXECUTE|[29]
17:37:38.0 (173298972)|STATEMENT_EXECUTE|[30]
17:37:38.0 (173300922)|STATEMENT_EXECUTE|[31]
17:37:38.0 (173302852)|STATEMENT_EXECUTE|[32]
17:37:38.0 (173304762)|STATEMENT_EXECUTE|[33]
17:37:38.0 (173306662)|STATEMENT_EXECUTE|[34]
17:37:38.0 (173308572)|STATEMENT_EXECUTE|[35]
17:37:38.0 (173310542)|STATEMENT_EXECUTE|[36]
17:37:38.0 (173312452)|STATEMENT_EXECUTE|[37]
17:37:38.0 (173314362)|STATEMENT_EXECUTE|[38]
17:37:38.0 (173316272)|STATEMENT_EXECUTE|[39]
17:37:38.0 (173318442)|STATEMENT_EXECUTE|[40]
17:37:38.0 (173320383)|STATEMENT_EXECUTE|[41]
17:37:38.0 (173322303)|STATEMENT_EXECUTE|[42]
17:37:38.0 (173324363)|STATEMENT_EXECUTE|[43]
17:37:38.0 (173326303)|STATEMENT_EXECUTE|[44]
17:37:38.0 (173328213)|STATEMENT_EXECUTE|[45]
17:37:38.0 (173330163)|STATEMENT_EXECUTE|[46]
17:37:38.0 (173332093)|STATEMENT_EXECUTE|[47]
17:37:38.0 (173334003)|STATEMENT_EXECUTE|[48]
17:37:38.0 (173335933)|STATEMENT_EXECUTE|[49]
17:37:38.0 (173337833)|STATEMENT_EXECUTE|[50]
17:37:38.0 (173339753)|STATEMENT_EXECUTE|[51]
17:37:38.0 (173341683)|STATEMENT_EXECUTE|[52]
17:37:38.0 (173343583)|STATEMENT_EXECUTE|[53]
17:37:38.0 (173345483)|STATEMENT_EXECUTE|[54]
17:37:38.0 (173347393)|STATEMENT_EXECUTE|[55]
17:37:38.0 (173349273)|STATEMENT_EXECUTE|[56]
17:37:38.0 (173351183)|STATEMENT_EXECUTE|[57]
17:37:38.0 (173353073)|STATEMENT_EXECUTE|[58]
17:37:38.0 (173354993)|STATEMENT_EXECUTE|[59]
17:37:38.0 (173356873)|STATEMENT_EXECUTE|[60]
17:37:38.0 (173358774)|STATEMENT_EXECUTE|[61]
17:37:38.0 (173360664)|STATEMENT_EXECUTE|[62]
17:37:38.0 (173362594)|STATEMENT_EXECUTE|[63]
17:37:38.0 (173364504)|STATEMENT_EXECUTE|[64]
17:37:38.0 (173366524)|STATEMENT_EXECUTE|[65]
17:37:38.0 (173368404)|STATEMENT_EXECUTE|[66]
17:37:38.0 (173370314)|STATEMENT_EXECUTE|[67]
17:37:38.0 (173372224)|STATEMENT_EXECUTE|[68]
17:37:38.0 (173374164)|STATEMENT_EXECUTE|[69]
17:37:38.0 (173376084)|STATEMENT_EXECUTE|[70]
17:37:38.0 (173378014)|STATEMENT_EXECUTE|[71]
17:37:38.0 (173379894)|STATEMENT_EXECUTE|[72]
17:37:38.0 (173381804)|STATEMENT_EXECUTE|[73]
17:37:38.0 (173383714)|STATEMENT_EXECUTE|[74]
17:37:38.0 (173385614)|STATEMENT_EXECUTE|[75]
17:37:38.0 (173387534)|STATEMENT_EXECUTE|[76]
17:37:38.0 (173389434)|STATEMENT_EXECUTE|[77]
17:37:38.0 (173391334)|STATEMENT_EXECUTE|[78]
17:37:38.0 (173393254)|STATEMENT_EXECUTE|[79]
17:37:38.0 (173400425)|HEAP_ALLOCATE|[79]|Bytes:4
17:37:38.0 (173443056)|HEAP_ALLOCATE|[79]|Bytes:11
17:37:38.0 (173462076)|HEAP_ALLOCATE|[79]|Bytes:25
17:37:38.0 (173469756)|HEAP_ALLOCATE|[79]|Bytes:1
17:37:38.0 (173476147)|HEAP_ALLOCATE|[79]|Bytes:1
17:37:38.0 (173481797)|HEAP_ALLOCATE|[79]|Bytes:5
17:37:38.0 (173514008)|HEAP_ALLOCATE|[EXTERNAL]|Bytes:28
17:37:38.0 (173527888)|VARIABLE_ASSIGNMENT|[79]|this.SFDCOrderID_type_info|"List of size 6 too large to display"|0x65c3c552
17:37:38.0 (173532458)|STATEMENT_EXECUTE|[80]
17:37:38.0 (173539328)|HEAP_ALLOCATE|[80]|Bytes:4
17:37:38.0 (173560359)|HEAP_ALLOCATE|[80]|Bytes:11
17:37:38.0 (173583649)|HEAP_ALLOCATE|[EXTERNAL]|Bytes:28
17:37:38.0 (173592460)|VARIABLE_ASSIGNMENT|[80]|this.OrderFormNo_type_info|"List of size 6 too large to display"|0x65c3c552
17:37:38.0 (173596820)|STATEMENT_EXECUTE|[81]
17:37:38.0 (173601850)|HEAP_ALLOCATE|[81]|Bytes:4
17:37:38.0 (173617130)|HEAP_ALLOCATE|[81]|Bytes:12
17:37:38.0 (173637911)|HEAP_ALLOCATE|[EXTERNAL]|Bytes:28
17:37:38.0 (173646061)|VARIABLE_ASSIGNMENT|[81]|this.SubscriberID_type_info|"List of size 6 too large to display"|0x65c3c552
17:37:38.0 (173650621)|STATEMENT_EXECUTE|[82]
17:37:38.0 (173655021)|HEAP_ALLOCATE|[82]|Bytes:4
17:37:38.0 (173670022)|HEAP_ALLOCATE|[82]|Bytes:17
17:37:38.0 (173692932)|HEAP_ALLOCATE|[EXTERNAL]|Bytes:28
17:37:38.0 (173701833)|VARIABLE_ASSIGNMENT|[82]|this.SFDCOpportunityID_type_info|"List of size 6 too large to display"|0x65c3c552
17:37:38.0 (173706063)|STATEMENT_EXECUTE|[83]
17:37:38.0 (173710503)|HEAP_ALLOCATE|[83]|Bytes:4
17:37:38.0 (173724923)|HEAP_ALLOCATE|[83]|Bytes:9
17:37:38.0 (173742674)|HEAP_ALLOCATE|[EXTERNAL]|Bytes:28
17:37:38.0 (173750814)|VARIABLE_ASSIGNMENT|[83]|this.OrderType_type_info|"List of size 6 too large to display"|0x65c3c552
17:37:38.0 (173754874)|STATEMENT_EXECUTE|[84]
17:37:38.0 (173759284)|HEAP_ALLOCATE|[84]|Bytes:4
17:37:38.0 (173773244)|HEAP_ALLOCATE|[84]|Bytes:8
17:37:38.0 (173790955)|HEAP_ALLOCATE|[EXTERNAL]|Bytes:28
17:37:38.0 (173799115)|VARIABLE_ASSIGNMENT|[84]|this.MICRCode_type_info|"List of size 6 too large to display"|0x65c3c552
17:37:38.0 (173803155)|STATEMENT_EXECUTE|[85]
17:37:38.0 (173807375)|HEAP_ALLOCATE|[85]|Bytes:4
17:37:38.0 (173821976)|HEAP_ALLOCATE|[85]|Bytes:8
17:37:38.0 (173846896)|HEAP_ALLOCATE|[EXTERNAL]|Bytes:28
17:37:38.0 (173858827)|VARIABLE_ASSIGNMENT|[85]|this.Vertical_type_info|"List of size 6 too large to display"|0x65c3c552
17:37:38.0 (173865797)|STATEMENT_EXECUTE|[86]
17:37:38.0 (173872367)|HEAP_ALLOCATE|[86]|Bytes:4
17:37:38.0 (173890707)|HEAP_ALLOCATE|[86]|Bytes:12
17:37:38.0 (173918408)|HEAP_ALLOCATE|[EXTERNAL]|Bytes:28
17:37:38.0 (173929728)|VARIABLE_ASSIGNMENT|[86]|this.SAPDepotCode_type_info|"List of size 6 too large to display"|0x65c3c552
17:37:38.0 (173935219)|STATEMENT_EXECUTE|[87]
17:37:38.0 (173940179)|HEAP_ALLOCATE|[87]|Bytes:4
17:37:38.0 (173956259)|HEAP_ALLOCATE|[87]|Bytes:13
17:37:38.0 (173975380)|HEAP_ALLOCATE|[EXTERNAL]|Bytes:28
17:37:38.0 (173983150)|VARIABLE_ASSIGNMENT|[87]|this.SAPDealerCode_type_info|"List of size 6 too large to display"|0x65c3c552
17:37:38.0 (173987230)|STATEMENT_EXECUTE|[88]
17:37:38.0 (173991550)|HEAP_ALLOCATE|[88]|Bytes:4
17:37:38.0 (174006210)|HEAP_ALLOCATE|[88]|Bytes:13
17:37:38.0 (174025791)|HEAP_ALLOCATE|[EXTERNAL]|Bytes:28
17:37:38.0 (174034111)|VARIABLE_ASSIGNMENT|[88]|this.SAPVendorCode_type_info|"List of size 6 too large to display"|0x65c3c552
17:37:38.0 (174038181)|STATEMENT_EXECUTE|[89]
17:37:38.0 (174042451)|HEAP_ALLOCATE|[89]|Bytes:4
17:37:38.0 (174057752)|HEAP_ALLOCATE|[89]|Bytes:8
17:37:38.0 (174076942)|HEAP_ALLOCATE|[EXTERNAL]|Bytes:28
17:37:38.0 (174085543)|VARIABLE_ASSIGNMENT|[89]|this.SalesOrg_type_info|"List of size 6 too large to display"|0x65c3c552
17:37:38.0 (174089663)|STATEMENT_EXECUTE|[90]
17:37:38.0 (174093843)|HEAP_ALLOCATE|[90]|Bytes:4
17:37:38.0 (174110803)|HEAP_ALLOCATE|[90]|Bytes:6
17:37:38.0 (174139034)|HEAP_ALLOCATE|[EXTERNAL]|Bytes:28
17:37:38.0 (174148064)|VARIABLE_ASSIGNMENT|[90]|this.SEBPID_type_info|"List of size 6 too large to display"|0x65c3c552
17:37:38.0 (174152484)|STATEMENT_EXECUTE|[91]
17:37:38.0 (174157574)|HEAP_ALLOCATE|[91]|Bytes:4
17:37:38.0 (174175045)|HEAP_ALLOCATE|[91]|Bytes:7
17:37:38.0 (174193595)|HEAP_ALLOCATE|[EXTERNAL]|Bytes:28
17:37:38.0 (174202526)|VARIABLE_ASSIGNMENT|[91]|this.DSABPID_type_info|"List of size 6 too large to display"|0x65c3c552
17:37:38.0 (174206816)|STATEMENT_EXECUTE|[92]
17:37:38.0 (174211966)|HEAP_ALLOCATE|[92]|Bytes:4
17:37:38.0 (174227776)|HEAP_ALLOCATE|[92]|Bytes:11
17:37:38.0 (174246667)|HEAP_ALLOCATE|[EXTERNAL]|Bytes:28
17:37:38.0 (174269137)|VARIABLE_ASSIGNMENT|[92]|this.SAPADSABPID_type_info|"List of size 6 too large to display"|0x65c3c552
17:37:38.0 (174273438)|STATEMENT_EXECUTE|[93]
17:37:38.0 (174278258)|HEAP_ALLOCATE|[93]|Bytes:4
17:37:38.0 (174294458)|HEAP_ALLOCATE|[93]|Bytes:9
17:37:38.0 (174314659)|HEAP_ALLOCATE|[EXTERNAL]|Bytes:28
17:37:38.0 (174322189)|VARIABLE_ASSIGNMENT|[93]|this.SAPTCBPId_type_info|"List of size 6 too large to display"|0x65c3c552
17:37:38.0 (174326099)|STATEMENT_EXECUTE|[94]
17:37:38.0 (174330339)|HEAP_ALLOCATE|[94]|Bytes:4
17:37:38.0 (174344699)|HEAP_ALLOCATE|[94]|Bytes:21
17:37:38.0 (174364940)|HEAP_ALLOCATE|[EXTERNAL]|Bytes:28
17:37:38.0 (174373090)|VARIABLE_ASSIGNMENT|[94]|this.SFDCOrderCreationDate_type_info|"List of size 6 too large to display"|0x65c3c552
17:37:38.0 (174377280)|STATEMENT_EXECUTE|[95]
17:37:38.0 (174381650)|HEAP_ALLOCATE|[95]|Bytes:4
17:37:38.0 (174396421)|HEAP_ALLOCATE|[95]|Bytes:11
17:37:38.0 (174415001)|HEAP_ALLOCATE|[EXTERNAL]|Bytes:28
17:37:38.0 (174422271)|VARIABLE_ASSIGNMENT|[95]|this.BookingDate_type_info|"List of size 6 too large to display"|0x65c3c552
17:37:38.0 (174426182)|STATEMENT_EXECUTE|[96]
17:37:38.0 (174430542)|HEAP_ALLOCATE|[96]|Bytes:4
17:37:38.0 (174446612)|HEAP_ALLOCATE|[96]|Bytes:19
17:37:38.0 (174465143)|HEAP_ALLOCATE|[EXTERNAL]|Bytes:28
17:37:38.0 (174473273)|VARIABLE_ASSIGNMENT|[96]|this.SFDCBookingChannel1_type_info|"List of size 6 too large to display"|0x65c3c552
17:37:38.0 (174480513)|STATEMENT_EXECUTE|[97]
17:37:38.0 (174487413)|HEAP_ALLOCATE|[97]|Bytes:4
17:37:38.0 (174508484)|HEAP_ALLOCATE|[97]|Bytes:19
17:37:38.0 (174538194)|HEAP_ALLOCATE|[EXTERNAL]|Bytes:28
17:37:38.0 (174550745)|VARIABLE_ASSIGNMENT|[97]|this.SFDCBookingChannel2_type_info|"List of size 6 too large to display"|0x65c3c552
17:37:38.0 (174557765)|STATEMENT_EXECUTE|[98]
17:37:38.0 (174563915)|HEAP_ALLOCATE|[98]|Bytes:4
17:37:38.0 (174582236)|HEAP_ALLOCATE|[98]|Bytes:27
17:37:38.0 (174602906)|HEAP_ALLOCATE|[EXTERNAL]|Bytes:28
17:37:38.0 (174611626)|VARIABLE_ASSIGNMENT|[98]|this.IsDigitalSignatureAvailable_type_info|"List of size 6 too large to display"|0x65c3c552
17:37:38.0 (174615736)|STATEMENT_EXECUTE|[99]
17:37:38.0 (174620087)|HEAP_ALLOCATE|[99]|Bytes:4
17:37:38.0 (174635127)|HEAP_ALLOCATE|[99]|Bytes:9
17:37:38.0 (174651927)|HEAP_ALLOCATE|[EXTERNAL]|Bytes:28
17:37:38.0 (174660578)|VARIABLE_ASSIGNMENT|[99]|this.PayerName_type_info|"List of size 6 too large to display"|0x65c3c552
17:37:38.0 (174664708)|STATEMENT_EXECUTE|[100]
17:37:38.0 (174669058)|HEAP_ALLOCATE|[100]|Bytes:4
17:37:38.0 (174684868)|HEAP_ALLOCATE|[100]|Bytes:22
17:37:38.0 (174703559)|HEAP_ALLOCATE|[EXTERNAL]|Bytes:28
17:37:38.0 (174711919)|VARIABLE_ASSIGNMENT|[100]|this.SAPChildSalesPromoCode_type_info|"List of size 6 too large to display"|0x65c3c552
17:37:38.0 (174715959)|STATEMENT_EXECUTE|[101]
17:37:38.0 (174720279)|HEAP_ALLOCATE|[101]|Bytes:4
17:37:38.0 (174736100)|HEAP_ALLOCATE|[101]|Bytes:18
17:37:38.0 (174752170)|HEAP_ALLOCATE|[EXTERNAL]|Bytes:28
17:37:38.0 (174760740)|VARIABLE_ASSIGNMENT|[101]|this.ImplementationDate_type_info|"List of size 6 too large to display"|0x65c3c552
17:37:38.0 (174764750)|STATEMENT_EXECUTE|[102]
17:37:38.0 (174769040)|HEAP_ALLOCATE|[102]|Bytes:4
17:37:38.0 (174782941)|HEAP_ALLOCATE|[102]|Bytes:14
17:37:38.0 (174801241)|HEAP_ALLOCATE|[EXTERNAL]|Bytes:28
17:37:38.0 (174812682)|VARIABLE_ASSIGNMENT|[102]|this.SalesGroupCode_type_info|"List of size 6 too large to display"|0x65c3c552
17:37:38.0 (174819412)|STATEMENT_EXECUTE|[103]
17:37:38.0 (174826842)|HEAP_ALLOCATE|[103]|Bytes:4
17:37:38.0 (174849063)|HEAP_ALLOCATE|[103]|Bytes:15
17:37:38.0 (174870023)|HEAP_ALLOCATE|[EXTERNAL]|Bytes:28
17:37:38.0 (174879003)|VARIABLE_ASSIGNMENT|[103]|this.SalesOfficeCode_type_info|"List of size 6 too large to display"|0x65c3c552
17:37:38.0 (174883243)|STATEMENT_EXECUTE|[104]
17:37:38.0 (174887994)|HEAP_ALLOCATE|[104]|Bytes:4
17:37:38.0 (174902254)|HEAP_ALLOCATE|[104]|Bytes:15
17:37:38.0 (174920144)|HEAP_ALLOCATE|[EXTERNAL]|Bytes:28
17:37:38.0 (174927515)|VARIABLE_ASSIGNMENT|[104]|this.AchievementType_type_info|"List of size 6 too large to display"|0x65c3c552
17:37:38.0 (174931555)|STATEMENT_EXECUTE|[105]
17:37:38.0 (174935775)|HEAP_ALLOCATE|[105]|Bytes:4
17:37:38.0 (174949895)|HEAP_ALLOCATE|[105]|Bytes:16
17:37:38.0 (174967626)|HEAP_ALLOCATE|[EXTERNAL]|Bytes:28
17:37:38.0 (174975786)|VARIABLE_ASSIGNMENT|[105]|this.OrderAccountType_type_info|"List of size 6 too large to display"|0x65c3c552
17:37:38.0 (174979716)|STATEMENT_EXECUTE|[106]
17:37:38.0 (174984066)|HEAP_ALLOCATE|[106]|Bytes:4
17:37:38.0 (174998447)|HEAP_ALLOCATE|[106]|Bytes:17
17:37:38.0 (175016687)|HEAP_ALLOCATE|[EXTERNAL]|Bytes:28
17:37:38.0 (175025107)|VARIABLE_ASSIGNMENT|[106]|this.OldSAPOrderNumber_type_info|"List of size 6 too large to display"|0x65c3c552
17:37:38.0 (175029167)|STATEMENT_EXECUTE|[107]
17:37:38.0 (175033337)|HEAP_ALLOCATE|[107]|Bytes:4
17:37:38.0 (175046988)|HEAP_ALLOCATE|[107]|Bytes:18
17:37:38.0 (175064158)|HEAP_ALLOCATE|[EXTERNAL]|Bytes:28
17:37:38.0 (175072308)|VARIABLE_ASSIGNMENT|[107]|this.OldOrderFormNumber_type_info|"List of size 6 too large to display"|0x65c3c552
17:37:38.0 (175076389)|STATEMENT_EXECUTE|[108]
17:37:38.0 (175083199)|HEAP_ALLOCATE|[108]|Bytes:4
17:37:38.0 (175105589)|HEAP_ALLOCATE|[108]|Bytes:11
17:37:38.0 (175133730)|HEAP_ALLOCATE|[EXTERNAL]|Bytes:28
17:37:38.0 (175145980)|VARIABLE_ASSIGNMENT|[108]|this.INSQuantity_type_info|"List of size 6 too large to display"|0x65c3c552
17:37:38.0 (175153351)|STATEMENT_EXECUTE|[109]
17:37:38.0 (175161511)|HEAP_ALLOCATE|[109]|Bytes:4
17:37:38.0 (175185281)|HEAP_ALLOCATE|[109]|Bytes:12
17:37:38.0 (175207112)|HEAP_ALLOCATE|[EXTERNAL]|Bytes:28
17:37:38.0 (175215362)|VARIABLE_ASSIGNMENT|[109]|this.INSNRPubName_type_info|"List of size 6 too large to display"|0x65c3c552
17:37:38.0 (175220462)|STATEMENT_EXECUTE|[110]
17:37:38.0 (175225522)|HEAP_ALLOCATE|[110]|Bytes:4
17:37:38.0 (175241173)|HEAP_ALLOCATE|[110]|Bytes:21
17:37:38.0 (175258303)|HEAP_ALLOCATE|[EXTERNAL]|Bytes:28
17:37:38.0 (175266714)|VARIABLE_ASSIGNMENT|[110]|this.INSPaymentTransaction_type_info|"List of size 6 too large to display"|0x65c3c552
17:37:38.0 (175273754)|STATEMENT_EXECUTE|[111]
17:37:38.0 (175281284)|HEAP_ALLOCATE|[111]|Bytes:4
17:37:38.0 (175302144)|HEAP_ALLOCATE|[111]|Bytes:13
17:37:38.0 (175321245)|HEAP_ALLOCATE|[EXTERNAL]|Bytes:28
17:37:38.0 (175329745)|VARIABLE_ASSIGNMENT|[111]|this.INSOfferPrice_type_info|"List of size 6 too large to display"|0x65c3c552
17:37:38.0 (175334145)|STATEMENT_EXECUTE|[112]
17:37:38.0 (175338655)|HEAP_ALLOCATE|[112]|Bytes:4
17:37:38.0 (175353136)|HEAP_ALLOCATE|[112]|Bytes:26
17:37:38.0 (175370516)|HEAP_ALLOCATE|[EXTERNAL]|Bytes:28
17:37:38.0 (175378656)|VARIABLE_ASSIGNMENT|[112]|this.INSDealerCommissionPerCopy_type_info|"List of size 6 too large to display"|0x65c3c552
17:37:38.0 (175382817)|STATEMENT_EXECUTE|[113]
17:37:38.0 (175387097)|HEAP_ALLOCATE|[113]|Bytes:4
17:37:38.0 (175402537)|HEAP_ALLOCATE|[113]|Bytes:26
17:37:38.0 (175423188)|HEAP_ALLOCATE|[EXTERNAL]|Bytes:28
17:37:38.0 (175433458)|VARIABLE_ASSIGNMENT|[113]|this.INSVendorCommissionPerCopy_type_info|"List of size 6 too large to display"|0x65c3c552
17:37:38.0 (175437868)|STATEMENT_EXECUTE|[114]
17:37:38.0 (175444658)|HEAP_ALLOCATE|[114]|Bytes:4
17:37:38.0 (175467099)|HEAP_ALLOCATE|[114]|Bytes:10
17:37:38.0 (175492379)|HEAP_ALLOCATE|[EXTERNAL]|Bytes:28
17:37:38.0 (175503270)|VARIABLE_ASSIGNMENT|[114]|this.INSContact_type_info|"List of size 6 too large to display"|0x65c3c552
17:37:38.0 (175507990)|STATEMENT_EXECUTE|[115]
17:37:38.0 (175513340)|HEAP_ALLOCATE|[115]|Bytes:4
17:37:38.0 (175530920)|HEAP_ALLOCATE|[115]|Bytes:22
17:37:38.0 (175558761)|HEAP_ALLOCATE|[EXTERNAL]|Bytes:28
17:37:38.0 (175568601)|VARIABLE_ASSIGNMENT|[115]|this.PaymenttransactionName_type_info|"List of size 6 too large to display"|0x65c3c552
17:37:38.0 (175573062)|STATEMENT_EXECUTE|[116]
17:37:38.0 (175578772)|HEAP_ALLOCATE|[116]|Bytes:4
17:37:38.0 (175598232)|HEAP_ALLOCATE|[116]|Bytes:13
17:37:38.0 (175621363)|HEAP_ALLOCATE|[EXTERNAL]|Bytes:28
17:37:38.0 (175631513)|VARIABLE_ASSIGNMENT|[116]|this.BankAccountNo_type_info|"List of size 6 too large to display"|0x65c3c552
17:37:38.0 (175635693)|STATEMENT_EXECUTE|[117]
17:37:38.0 (175641343)|HEAP_ALLOCATE|[117]|Bytes:4
17:37:38.0 (175659324)|HEAP_ALLOCATE|[117]|Bytes:8
17:37:38.0 (175680554)|HEAP_ALLOCATE|[EXTERNAL]|Bytes:28
17:37:38.0 (175691665)|VARIABLE_ASSIGNMENT|[117]|this.BankName_type_info|"List of size 6 too large to display"|0x65c3c552
17:37:38.0 (175696105)|STATEMENT_EXECUTE|[118]
17:37:38.0 (175703345)|HEAP_ALLOCATE|[118]|Bytes:4
17:37:38.0 (175721405)|HEAP_ALLOCATE|[118]|Bytes:17
17:37:38.0 (175740966)|HEAP_ALLOCATE|[EXTERNAL]|Bytes:28
17:37:38.0 (175749486)|VARIABLE_ASSIGNMENT|[118]|this.CardLastFourdigit_type_info|"List of size 6 too large to display"|0x65c3c552
17:37:38.0 (175753626)|STATEMENT_EXECUTE|[119]
17:37:38.0 (175758086)|HEAP_ALLOCATE|[119]|Bytes:4
17:37:38.0 (175774897)|HEAP_ALLOCATE|[119]|Bytes:10
17:37:38.0 (175795637)|HEAP_ALLOCATE|[EXTERNAL]|Bytes:28
17:37:38.0 (175805258)|VARIABLE_ASSIGNMENT|[119]|this.CardNumber_type_info|"List of size 6 too large to display"|0x65c3c552
17:37:38.0 (175809368)|STATEMENT_EXECUTE|[120]
17:37:38.0 (175813648)|HEAP_ALLOCATE|[120]|Bytes:4
17:37:38.0 (175829068)|HEAP_ALLOCATE|[120]|Bytes:10
17:37:38.0 (175846059)|HEAP_ALLOCATE|[EXTERNAL]|Bytes:28
17:37:38.0 (175854989)|VARIABLE_ASSIGNMENT|[120]|this.ChequeDate_type_info|"List of size 6 too large to display"|0x65c3c552
17:37:38.0 (175858979)|STATEMENT_EXECUTE|[121]
17:37:38.0 (175863139)|HEAP_ALLOCATE|[121]|Bytes:4
17:37:38.0 (175878850)|HEAP_ALLOCATE|[121]|Bytes:12
17:37:38.0 (175894220)|HEAP_ALLOCATE|[EXTERNAL]|Bytes:28
17:37:38.0 (175902300)|VARIABLE_ASSIGNMENT|[121]|this.ChequeNumber_type_info|"List of size 6 too large to display"|0x65c3c552
17:37:38.0 (175906350)|STATEMENT_EXECUTE|[122]
17:37:38.0 (175912620)|HEAP_ALLOCATE|[122]|Bytes:4
17:37:38.0 (175928231)|HEAP_ALLOCATE|[122]|Bytes:18
17:37:38.0 (175944771)|HEAP_ALLOCATE|[EXTERNAL]|Bytes:28
17:37:38.0 (175953162)|VARIABLE_ASSIGNMENT|[122]|this.CustomerreceiptURL_type_info|"List of size 6 too large to display"|0x65c3c552
17:37:38.0 (175957222)|STATEMENT_EXECUTE|[123]
17:37:38.0 (175961592)|HEAP_ALLOCATE|[123]|Bytes:4
17:37:38.0 (175975662)|HEAP_ALLOCATE|[123]|Bytes:12
17:37:38.0 (175997713)|HEAP_ALLOCATE|[EXTERNAL]|Bytes:28
17:37:38.0 (176006663)|VARIABLE_ASSIGNMENT|[123]|this.FormattedPAN_type_info|"List of size 6 too large to display"|0x65c3c552
17:37:38.0 (176011163)|STATEMENT_EXECUTE|[124]
17:37:38.0 (176015523)|HEAP_ALLOCATE|[124]|Bytes:4
17:37:38.0 (176031714)|HEAP_ALLOCATE|[124]|Bytes:12
17:37:38.0 (176050914)|HEAP_ALLOCATE|[EXTERNAL]|Bytes:28
17:37:38.0 (176059334)|VARIABLE_ASSIGNMENT|[124]|this.MerchantCode_type_info|"List of size 6 too large to display"|0x65c3c552
17:37:38.0 (176063344)|STATEMENT_EXECUTE|[125]
17:37:38.0 (176067955)|HEAP_ALLOCATE|[125]|Bytes:4
17:37:38.0 (176082835)|HEAP_ALLOCATE|[125]|Bytes:16
17:37:38.0 (176102055)|HEAP_ALLOCATE|[EXTERNAL]|Bytes:28
17:37:38.0 (176113766)|VARIABLE_ASSIGNMENT|[125]|this.PaymentcardBrand_type_info|"List of size 6 too large to display"|0x65c3c552
17:37:38.0 (176118736)|STATEMENT_EXECUTE|[126]
17:37:38.0 (176123476)|HEAP_ALLOCATE|[126]|Bytes:4
17:37:38.0 (176139896)|HEAP_ALLOCATE|[126]|Bytes:15
17:37:38.0 (176157047)|HEAP_ALLOCATE|[EXTERNAL]|Bytes:28
17:37:38.0 (176165247)|VARIABLE_ASSIGNMENT|[126]|this.Paymentcardtype_type_info|"List of size 6 too large to display"|0x65c3c552
17:37:38.0 (176169467)|STATEMENT_EXECUTE|[127]
17:37:38.0 (176173747)|HEAP_ALLOCATE|[127]|Bytes:4
17:37:38.0 (176189958)|HEAP_ALLOCATE|[127]|Bytes:13
17:37:38.0 (176207158)|HEAP_ALLOCATE|[EXTERNAL]|Bytes:28
17:37:38.0 (176215418)|VARIABLE_ASSIGNMENT|[127]|this.PaymentStatus_type_info|"List of size 6 too large to display"|0x65c3c552
17:37:38.0 (176219559)|STATEMENT_EXECUTE|[128]
17:37:38.0 (176224209)|HEAP_ALLOCATE|[128]|Bytes:4
17:37:38.0 (176238599)|HEAP_ALLOCATE|[128]|Bytes:11
17:37:38.0 (176256159)|HEAP_ALLOCATE|[EXTERNAL]|Bytes:28
17:37:38.0 (176264460)|VARIABLE_ASSIGNMENT|[128]|this.PaymentType_type_info|"List of size 6 too large to display"|0x65c3c552
17:37:38.0 (176268670)|STATEMENT_EXECUTE|[129]
17:37:38.0 (176272860)|HEAP_ALLOCATE|[129]|Bytes:4
17:37:38.0 (176286990)|HEAP_ALLOCATE|[129]|Bytes:20
17:37:38.0 (176305821)|HEAP_ALLOCATE|[EXTERNAL]|Bytes:28
17:37:38.0 (176314041)|VARIABLE_ASSIGNMENT|[129]|this.PaymenttransactionId_type_info|"List of size 6 too large to display"|0x65c3c552
17:37:38.0 (176318081)|STATEMENT_EXECUTE|[130]
17:37:38.0 (176322261)|HEAP_ALLOCATE|[130]|Bytes:4
17:37:38.0 (176336822)|HEAP_ALLOCATE|[130]|Bytes:17
17:37:38.0 (176355672)|HEAP_ALLOCATE|[EXTERNAL]|Bytes:28
17:37:38.0 (176362832)|VARIABLE_ASSIGNMENT|[130]|this.TransactionAmount_type_info|"List of size 6 too large to display"|0x65c3c552
17:37:38.0 (176394473)|STATEMENT_EXECUTE|[131]
17:37:38.0 (176402093)|HEAP_ALLOCATE|[131]|Bytes:4
17:37:38.0 (176418774)|HEAP_ALLOCATE|[131]|Bytes:15
17:37:38.0 (176440484)|HEAP_ALLOCATE|[EXTERNAL]|Bytes:28
17:37:38.0 (176448765)|VARIABLE_ASSIGNMENT|[131]|this.Transactiondate_type_info|"List of size 6 too large to display"|0x65c3c552
17:37:38.0 (176454085)|STATEMENT_EXECUTE|[132]
17:37:38.0 (176458605)|HEAP_ALLOCATE|[132]|Bytes:4
17:37:38.0 (176472685)|HEAP_ALLOCATE|[132]|Bytes:10
17:37:38.0 (176489116)|HEAP_ALLOCATE|[EXTERNAL]|Bytes:28
17:37:38.0 (176497366)|VARIABLE_ASSIGNMENT|[132]|this.APPRnumber_type_info|"List of size 6 too large to display"|0x65c3c552
17:37:38.0 (176501316)|STATEMENT_EXECUTE|[133]
17:37:38.0 (176506026)|HEAP_ALLOCATE|[133]|Bytes:4
17:37:38.0 (176521586)|HEAP_ALLOCATE|[133]|Bytes:10
17:37:38.0 (176540107)|HEAP_ALLOCATE|[EXTERNAL]|Bytes:28
17:37:38.0 (176547407)|VARIABLE_ASSIGNMENT|[133]|this.NameonCard_type_info|"List of size 6 too large to display"|0x65c3c552
17:37:38.0 (176551257)|STATEMENT_EXECUTE|[134]
17:37:38.0 (176555697)|HEAP_ALLOCATE|[134]|Bytes:4
17:37:38.0 (176570438)|HEAP_ALLOCATE|[134]|Bytes:5
17:37:38.0 (176587418)|HEAP_ALLOCATE|[EXTERNAL]|Bytes:28
17:37:38.0 (176595828)|VARIABLE_ASSIGNMENT|[134]|this.PayId_type_info|"List of size 6 too large to display"|0x65c3c552
17:37:38.0 (176599949)|STATEMENT_EXECUTE|[135]
17:37:38.0 (176604289)|HEAP_ALLOCATE|[135]|Bytes:4
17:37:38.0 (176619529)|HEAP_ALLOCATE|[135]|Bytes:19
17:37:38.0 (176634859)|HEAP_ALLOCATE|[EXTERNAL]|Bytes:28
17:37:38.0 (176643130)|VARIABLE_ASSIGNMENT|[135]|this.BankReferencenumber_type_info|"List of size 6 too large to display"|0x65c3c552
17:37:38.0 (176647390)|STATEMENT_EXECUTE|[136]
17:37:38.0 (176652120)|HEAP_ALLOCATE|[136]|Bytes:4
17:37:38.0 (176674120)|HEAP_ALLOCATE|[136]|Bytes:12
17:37:38.0 (176700091)|HEAP_ALLOCATE|[EXTERNAL]|Bytes:28
17:37:38.0 (176709431)|VARIABLE_ASSIGNMENT|[136]|this.CardValidity_type_info|"List of size 6 too large to display"|0x65c3c552
17:37:38.0 (176713701)|STATEMENT_EXECUTE|[137]
17:37:38.0 (176718472)|HEAP_ALLOCATE|[137]|Bytes:4
17:37:38.0 (176734852)|HEAP_ALLOCATE|[137]|Bytes:9
17:37:38.0 (176752263)|HEAP_ALLOCATE|[EXTERNAL]|Bytes:28
17:37:38.0 (176759483)|VARIABLE_ASSIGNMENT|[137]|this.AutoDebit_type_info|"List of size 6 too large to display"|0x65c3c552
17:37:38.0 (176764873)|STATEMENT_EXECUTE|[138]
17:37:38.0 (176769343)|HEAP_ALLOCATE|[138]|Bytes:4
17:37:38.0 (176783273)|HEAP_ALLOCATE|[138]|Bytes:9
17:37:38.0 (176802954)|HEAP_ALLOCATE|[EXTERNAL]|Bytes:28
17:37:38.0 (176811254)|VARIABLE_ASSIGNMENT|[138]|this.SAPField1_type_info|"List of size 6 too large to display"|0x65c3c552
17:37:38.0 (176815424)|STATEMENT_EXECUTE|[139]
17:37:38.0 (176819524)|HEAP_ALLOCATE|[139]|Bytes:4
17:37:38.0 (176833965)|HEAP_ALLOCATE|[139]|Bytes:9
17:37:38.0 (176853055)|HEAP_ALLOCATE|[EXTERNAL]|Bytes:28
17:37:38.0 (176861015)|VARIABLE_ASSIGNMENT|[139]|this.SAPField2_type_info|"List of size 6 too large to display"|0x65c3c552
17:37:38.0 (176864915)|STATEMENT_EXECUTE|[140]
17:37:38.0 (176869576)|HEAP_ALLOCATE|[140]|Bytes:4
17:37:38.0 (176884066)|HEAP_ALLOCATE|[140]|Bytes:9
17:37:38.0 (176902206)|HEAP_ALLOCATE|[EXTERNAL]|Bytes:28
17:37:38.0 (176909497)|VARIABLE_ASSIGNMENT|[140]|this.SAPField3_type_info|"List of size 6 too large to display"|0x65c3c552
17:37:38.0 (176913567)|STATEMENT_EXECUTE|[141]
17:37:38.0 (176917787)|HEAP_ALLOCATE|[141]|Bytes:4
17:37:38.0 (176931627)|HEAP_ALLOCATE|[141]|Bytes:9
17:37:38.0 (176949188)|HEAP_ALLOCATE|[EXTERNAL]|Bytes:28
17:37:38.0 (176957348)|VARIABLE_ASSIGNMENT|[141]|this.SAPField4_type_info|"List of size 6 too large to display"|0x65c3c552
17:37:38.0 (176961298)|STATEMENT_EXECUTE|[142]
17:37:38.0 (176965468)|HEAP_ALLOCATE|[142]|Bytes:4
17:37:38.0 (176979118)|HEAP_ALLOCATE|[142]|Bytes:9
17:37:38.0 (176998599)|HEAP_ALLOCATE|[EXTERNAL]|Bytes:28
17:37:38.0 (177005929)|VARIABLE_ASSIGNMENT|[142]|this.SAPField5_type_info|"List of size 6 too large to display"|0x65c3c552
17:37:38.0 (177010139)|STATEMENT_EXECUTE|[143]
17:37:38.0 (177014479)|HEAP_ALLOCATE|[143]|Bytes:4
17:37:38.0 (177028240)|HEAP_ALLOCATE|[143]|Bytes:9
17:37:38.0 (177045800)|HEAP_ALLOCATE|[EXTERNAL]|Bytes:28
17:37:38.0 (177053930)|VARIABLE_ASSIGNMENT|[143]|this.SAPField6_type_info|"List of size 6 too large to display"|0x65c3c552
17:37:38.0 (177058181)|STATEMENT_EXECUTE|[144]
17:37:38.0 (177062471)|HEAP_ALLOCATE|[144]|Bytes:4
17:37:38.0 (177077191)|HEAP_ALLOCATE|[144]|Bytes:9
17:37:38.0 (177094691)|HEAP_ALLOCATE|[EXTERNAL]|Bytes:28
17:37:38.0 (177102902)|VARIABLE_ASSIGNMENT|[144]|this.SAPField7_type_info|"List of size 6 too large to display"|0x65c3c552
17:37:38.0 (177106922)|STATEMENT_EXECUTE|[145]
17:37:38.0 (177111342)|HEAP_ALLOCATE|[145]|Bytes:4
17:37:38.0 (177126232)|HEAP_ALLOCATE|[145]|Bytes:9
17:37:38.0 (177144183)|HEAP_ALLOCATE|[EXTERNAL]|Bytes:28
17:37:38.0 (177152153)|VARIABLE_ASSIGNMENT|[145]|this.SAPField8_type_info|"List of size 6 too large to display"|0x65c3c552
17:37:38.0 (177156163)|STATEMENT_EXECUTE|[146]
17:37:38.0 (177160313)|HEAP_ALLOCATE|[146]|Bytes:4
17:37:38.0 (177173864)|HEAP_ALLOCATE|[146]|Bytes:9
17:37:38.0 (177196264)|HEAP_ALLOCATE|[EXTERNAL]|Bytes:28
17:37:38.0 (177204404)|VARIABLE_ASSIGNMENT|[146]|this.SAPField9_type_info|"List of size 6 too large to display"|0x65c3c552
17:37:38.0 (177208394)|STATEMENT_EXECUTE|[147]
17:37:38.0 (177212715)|HEAP_ALLOCATE|[147]|Bytes:4
17:37:38.0 (177226845)|HEAP_ALLOCATE|[147]|Bytes:10
17:37:38.0 (177243725)|HEAP_ALLOCATE|[EXTERNAL]|Bytes:28
17:37:38.0 (177251946)|VARIABLE_ASSIGNMENT|[147]|this.SAPField10_type_info|"List of size 6 too large to display"|0x65c3c552
17:37:38.0 (177255956)|STATEMENT_EXECUTE|[148]
17:37:38.0 (177260086)|HEAP_ALLOCATE|[148]|Bytes:4
17:37:38.0 (177284866)|HEAP_ALLOCATE|[EXTERNAL]|Bytes:16
17:37:38.0 (177300707)|VARIABLE_ASSIGNMENT|[148]|this.apex_schema_type_info|["http://bccl.com/RMD_ (5 more) ...","false","false"]|0x65c3c552
17:37:38.0 (177305887)|STATEMENT_EXECUTE|[149]
17:37:38.0 (177310297)|HEAP_ALLOCATE|[149]|Bytes:4
17:37:38.0 (177387839)|HEAP_ALLOCATE|[EXTERNAL]|Bytes:280
17:37:38.0 (177396689)|VARIABLE_ASSIGNMENT|[149]|this.field_order_type_info|"List of size 69 too large to display"|0x65c3c552
17:37:38.0 (177405700)|CONSTRUCTOR_EXIT|[21]|01p7F00000VLtah|<init>()|RMDSAPWSDLOrder.Request_element
17:37:38.0 (177412840)|VARIABLE_SCOPE_BEGIN|[21]|req|RMDSAPWSDLOrder.Request_element|true|false
17:37:38.0 (177524463)|VARIABLE_ASSIGNMENT|[21]|req|{"AchievementType_type_info":"0x514a27a8","apex_schema_type_info":"0x87c7fdb","APPRnumber_type_info":"0x6d99bc23","AutoDebit_type_info":"0x107d0b5","BankAccountNo_type_info":"0x1f0d05a","BankName_type_info":"0x6a19f518","BankReferencenumber_type_info":"0x4a4124dc","BookingDate_type_info":"0x757cd759","CardLastFourdigit_type_info":"0x7289bbac","CardNumber_type_info":"0x579d31d0","CardValidity_type_info":"0x14b9883b","ChequeDate_type_info":"0x76c43ea","ChequeNumber_type_info":"0x3807dc70","CustomerreceiptURL_type_info":"0x62a6911","DSABPID_type_info":"0x5e8ad1bf","field_order_type_info":"0x3b1caa97","FormattedPAN_type_info":"0x3d7e15d8","ImplementationDate_type_info":"0x68c98187","INSContact_type_info":"0x6046a208","INSDealerCommissionPerCopy_type_info":"0x3ed0e485","INSNRPubName_type_info":"0x734de652","INSOfferPrice_type_info":"0x57ac9405","INSPaymentTransaction_type_info":"0x22f2a1a","INSQuantity_type_info":"0x3b620216","INSVendorCommissionPerCopy_type_info":"0x27010c5e","IsDigitalSignatureAvailable_type_info":"0x143eb807","MerchantCode_type_info":"0x6fba3f60","MICRCode_type_info":"0x44e3e233","NameonCard_type_info":"0x6baf650d","OldOrderFormNumber_type_info":"0xab006ff","OldSAPOrderNumber_type_info":"0x34cf79f6","OrderAccountType_type_info":"0x6fe6f726","OrderFormNo_type_info":"0x7ff160da","OrderType_type_info":"0x75fc1625","PayerName_type_info":"0x3ab3c1a5","PayId_type_info":"0x62344e12","PaymentcardBrand_type_info":"0x1637053e","Paymentcardtype_type_info":"0x36f64e3","PaymentStatus_type_info":"0x27f523c2","PaymenttransactionId_type_info":"0x6771adf0","PaymenttransactionName_type_info":"0x49414ad5","PaymentType_type_info":"0x31f17762","SalesGroupCode_type_info":"0x3f14b9ad","SalesOfficeCode_type_info":"0x55e09d92","SalesOrg_type_info":"0x16b46219","SAPADSABPID_type_info":"0x2cc44dca","SAPChildSalesPromoCode_type_info":"0x3607402e","SAPDealerCode_type_info":"0x675a4771","SAPDepotCode_type_info":"0x524b4529","SAPField10_type_info":"0x5cefe8b7","SAPField1_type_info":"0x50e5c534","SAPField2_type_info":"0x65317196","SAPField3_type_info":"0x6ddb1214","SAPField4_type_info":"0x4ed2f548","SAPField5_type_info":"0x30e055c3","SAPField6_type_info":"0x5eb33f88","SAPField7_type_info":"0x6bcdcdf8","SAPField8_type_info":"0x326c0d7c","SAPField9_type_info":"0x9018bf","SAPTCBPId_type_info":"0x4718285a","SAPVendorCode_type_info":"0x42bf9f4c","SEBPID_type_info":"0x106a6d8a","SFDCBookingChannel1_type_info":"0x10bfdad8","SFDCBookingChannel2_type_info":"0x16e36a6d","SFDCOpportunityID_type_info":"0x2898c202","SFDCOrderCreationDate_type_info":"0x6bddeca6","SFDCOrderID_type_info":"0x5da821f","SubscriberID_type_info":"0x8e720cb","TransactionAmount_type_info":"0x66017b07","Transactiondate_type_info":"0x62bd13bd","Vertical_type_info":"0x3326af8f"}|0x65c3c552
17:37:38.0 (177548683)|STATEMENT_EXECUTE|[22]
17:37:38.0 (177550913)|STATEMENT_EXECUTE|[22]
17:37:38.0 (177552954)|STATEMENT_EXECUTE|[23]
17:37:38.0 (177620965)|HEAP_ALLOCATE|[23]|Bytes:4
17:37:38.0 (177720078)|VARIABLE_SCOPE_BEGIN|[23]|objIntegrationConfig|RMD_Integration_Config__c|true|false
17:37:38.0 (177745049)|VARIABLE_ASSIGNMENT|[23]|objIntegrationConfig|{}|0x2f63058
17:37:38.0 (177749729)|STATEMENT_EXECUTE|[25]
17:37:38.0 (177762379)|METHOD_ENTRY|[25]|01p7F00000VLtZg|RMDCommonHelper.getOrgInstance()
17:37:38.0 (177794490)|SYSTEM_MODE_ENTER|false
17:37:38.0 (177811980)|HEAP_ALLOCATE|[446]|Bytes:5
17:37:38.0 (177816470)|STATEMENT_EXECUTE|[445]
17:37:38.0 (177819010)|STATEMENT_EXECUTE|[446]
17:37:38.0 (177904223)|HEAP_ALLOCATE|[446]|Bytes:16
17:37:38.0 (177918043)|METHOD_ENTRY|[1]|01p7F00000VLtaw|RMDSelectorCommon.RMDSelectorCommon()
17:37:38.0 (177922353)|STATEMENT_EXECUTE|[1]
17:37:38.0 (177926163)|STATEMENT_EXECUTE|[1]
17:37:38.0 (177932493)|METHOD_EXIT|[1]|RMDSelectorCommon
17:37:38.0 (177942164)|METHOD_ENTRY|[446]|01p7F00000VLtaw|RMDSelectorCommon.getOrgInstance(Set<String>)
17:37:38.0 (177951214)|VARIABLE_SCOPE_BEGIN|[3]|setOfAssignToName|Set<String>|true|false
17:37:38.0 (177960504)|VARIABLE_ASSIGNMENT|[3]|setOfAssignToName|null|
17:37:38.0 (177965044)|STATEMENT_EXECUTE|[3]
17:37:38.0 (177967404)|STATEMENT_EXECUTE|[4]
17:37:38.0 (178010706)|HEAP_ALLOCATE|[4]|Bytes:4
17:37:38.0 (178072937)|VARIABLE_SCOPE_BEGIN|[4]|listORG|List<Organization>|true|false
17:37:38.0 (178080467)|HEAP_ALLOCATE|[EXTERNAL]|Bytes:4
17:37:38.0 (178090708)|VARIABLE_ASSIGNMENT|[4]|listORG|[]|0x6f42aa42
17:37:38.0 (178096538)|STATEMENT_EXECUTE|[5]
17:37:38.0 (178099708)|HEAP_ALLOCATE|[5]|Bytes:42
17:37:38.0 (178112308)|HEAP_ALLOCATE|[5]|Bytes:4
17:37:38.0 (187002341)|SOQL_EXECUTE_BEGIN|[5]|Aggregations:0|SELECT IsSandbox FROM Organization LIMIT 1
17:37:38.0 (191431827)|SOQL_EXECUTE_END|[5]|Rows:1
17:37:38.0 (191480219)|HEAP_ALLOCATE|[5]|Bytes:8
17:37:38.0 (191538480)|HEAP_ALLOCATE|[5]|Bytes:46
17:37:38.0 (191609662)|HEAP_ALLOCATE|[5]|Bytes:8
17:37:38.0 (191768726)|VARIABLE_ASSIGNMENT|[5]|listORG|[{"IsSandbox":false,"Id":"00D7F000005CdiiUAC"}]|0xa4b12ac
17:37:38.0 (191780187)|STATEMENT_EXECUTE|[7]
17:37:38.0 (191797957)|METHOD_EXIT|[446]|01p7F00000VLtaw|RMDSelectorCommon.getOrgInstance(Set<String>)
17:37:38.0 (191807757)|VARIABLE_SCOPE_BEGIN|[446]|listOfOrg|List<Organization>|true|false
17:37:38.0 (191869189)|VARIABLE_ASSIGNMENT|[446]|listOfOrg|[{"IsSandbox":false,"Id":"00D7F000005CdiiUAC"}]|0xa4b12ac
17:37:38.0 (191875859)|STATEMENT_EXECUTE|[450]
17:37:38.0 (191884689)|VARIABLE_SCOPE_BEGIN|[450]|IsSandbox|Boolean|false|false
17:37:38.0 (191900700)|HEAP_ALLOCATE|[450]|Bytes:5
17:37:38.0 (191909140)|VARIABLE_ASSIGNMENT|[450]|IsSandbox|false
17:37:38.0 (191973642)|STATEMENT_EXECUTE|[451]
17:37:38.0 (191975902)|STATEMENT_EXECUTE|[452]
17:37:38.0 (192035233)|HEAP_ALLOCATE|[452]|Bytes:12
17:37:38.0 (192083245)|VARIABLE_ASSIGNMENT|[452]|IsSandbox|false
17:37:38.0 (192088175)|STATEMENT_EXECUTE|[454]
17:37:38.0 (192103865)|SYSTEM_MODE_EXIT|false
17:37:38.0 (192120386)|METHOD_EXIT|[25]|01p7F00000VLtZg|RMDCommonHelper.getOrgInstance()
17:37:38.0 (192127246)|VARIABLE_SCOPE_BEGIN|[25]|IsSandbox|Boolean|false|false
17:37:38.0 (192135066)|VARIABLE_ASSIGNMENT|[25]|IsSandbox|false
17:37:38.0 (192140676)|STATEMENT_EXECUTE|[29]
17:37:38.0 (192142926)|STATEMENT_EXECUTE|[30]
17:37:38.0 (192149576)|HEAP_ALLOCATE|[30]|Bytes:9
17:37:38.0 (192154536)|HEAP_ALLOCATE|[30]|Bytes:10
17:37:38.0 (192158377)|HEAP_ALLOCATE|[30]|Bytes:9
17:37:38.0 (192174557)|METHOD_ENTRY|[30]|01p7F00000VLtZg|RMDCommonHelper.getIntegrationConfig(String, String, String)
17:37:38.0 (192189047)|VARIABLE_SCOPE_BEGIN|[461]|vendor|String|false|false
17:37:38.0 (192198588)|VARIABLE_ASSIGNMENT|[461]|vendor|"SFDCTOSAP"
17:37:38.0 (192201978)|VARIABLE_SCOPE_BEGIN|[461]|instance|String|false|false
17:37:38.0 (192209868)|VARIABLE_ASSIGNMENT|[461]|instance|"PRODUCTION"
17:37:38.0 (192213108)|VARIABLE_SCOPE_BEGIN|[461]|requestType|String|false|false
17:37:38.0 (192219478)|VARIABLE_ASSIGNMENT|[461]|requestType|"ORDERSYNC"
17:37:38.0 (192232178)|SYSTEM_MODE_ENTER|false
17:37:38.0 (192238379)|HEAP_ALLOCATE|[462]|Bytes:5
17:37:38.0 (192242739)|STATEMENT_EXECUTE|[461]
17:37:38.0 (192244959)|STATEMENT_EXECUTE|[462]
17:37:38.0 (192247999)|HEAP_ALLOCATE|[462]|Bytes:1
17:37:38.0 (192261919)|HEAP_ALLOCATE|[462]|Bytes:30
17:37:38.0 (192268739)|VARIABLE_SCOPE_BEGIN|[462]|configName|String|false|false
17:37:38.0 (192278660)|VARIABLE_ASSIGNMENT|[462]|configName|"PRODUCTION_SFDCTOSAP (10 more) ..."
17:37:38.0 (192282780)|STATEMENT_EXECUTE|[463]
17:37:38.0 (192291200)|METHOD_ENTRY|[463]|01p7F00000VLtaw|RMDSelectorCommon.getIntegrationConfig(String)
17:37:38.0 (192300200)|VARIABLE_SCOPE_BEGIN|[10]|configName|String|false|false
17:37:38.0 (192307890)|VARIABLE_ASSIGNMENT|[10]|configName|"PRODUCTION_SFDCTOSAP (10 more) ..."
17:37:38.0 (192313161)|STATEMENT_EXECUTE|[10]
17:37:38.0 (192315381)|STATEMENT_EXECUTE|[11]
17:37:38.0 (192353102)|HEAP_ALLOCATE|[11]|Bytes:4
17:37:38.0 (192465945)|VARIABLE_SCOPE_BEGIN|[11]|listConfig|List<RMD_Integration_Config__c>|true|false
17:37:38.0 (192475615)|HEAP_ALLOCATE|[EXTERNAL]|Bytes:4
17:37:38.0 (192484945)|VARIABLE_ASSIGNMENT|[11]|listConfig|[]|0xb755add
17:37:38.0 (192489395)|STATEMENT_EXECUTE|[12]
17:37:38.0 (192492415)|HEAP_ALLOCATE|[12]|Bytes:141
17:37:38.0 (192507406)|HEAP_ALLOCATE|[12]|Bytes:4
17:37:38.0 (192514596)|HEAP_ALLOCATE|[12]|Bytes:7
17:37:38.0 (193160243)|SOQL_EXECUTE_BEGIN|[12]|Aggregations:0|SELECT Name, RMD_End_Point_Url__c, RMD_Key__c, RMD_User_Name__c, RMD_Password__c FROM RMD_Integration_Config__c WHERE Name = :tmpVar1 LIMIT 1
17:37:38.0 (206005159)|SOQL_EXECUTE_END|[12]|Rows:1
17:37:38.0 (206043130)|HEAP_ALLOCATE|[12]|Bytes:8
17:37:38.0 (206066951)|HEAP_ALLOCATE|[12]|Bytes:349
17:37:38.0 (206124932)|HEAP_ALLOCATE|[12]|Bytes:8
17:37:38.0 (206252756)|VARIABLE_ASSIGNMENT|[12]|listConfig|[{"Id":"a097F00000G5pq9QAB","RMD_User_Name__c":"POSOAPUSER","RMD_End_Point_Url__c":"https://sappoprd.tim (181 more) ...","Name":"PRODUCTION_SFDCTOSAP (10 more) ...","RMD_Password__c":"HP1nv3nt"}]|0x6b02353f
17:37:38.0 (206282606)|STATEMENT_EXECUTE|[15]
17:37:38.0 (206297167)|METHOD_EXIT|[463]|01p7F00000VLtaw|RMDSelectorCommon.getIntegrationConfig(String)
17:37:38.0 (206307317)|VARIABLE_SCOPE_BEGIN|[463]|listOfICs|List<RMD_Integration_Config__c>|true|false
17:37:38.0 (206370849)|VARIABLE_ASSIGNMENT|[463]|listOfICs|[{"Id":"a097F00000G5pq9QAB","RMD_User_Name__c":"POSOAPUSER","RMD_End_Point_Url__c":"https://sappoprd.tim (181 more) ...","Name":"PRODUCTION_SFDCTOSAP (10 more) ...","RMD_Password__c":"HP1nv3nt"}]|0x6b02353f
17:37:38.0 (206434000)|STATEMENT_EXECUTE|[468]
17:37:38.0 (206436521)|STATEMENT_EXECUTE|[469]
17:37:38.0 (206472021)|HEAP_ALLOCATE|[469]|Bytes:24
17:37:38.0 (206499612)|SYSTEM_MODE_EXIT|false
17:37:38.0 (206518143)|METHOD_EXIT|[30]|01p7F00000VLtZg|RMDCommonHelper.getIntegrationConfig(String, String, String)
17:37:38.0 (206579224)|VARIABLE_ASSIGNMENT|[30]|objIntegrationConfig|{"Id":"a097F00000G5pq9QAB","RMD_User_Name__c":"POSOAPUSER","RMD_End_Point_Url__c":"https://sappoprd.tim (181 more) ...","Name":"PRODUCTION_SFDCTOSAP (10 more) ...","RMD_Password__c":"HP1nv3nt"}|0x2591753d
17:37:38.0 (206586934)|STATEMENT_EXECUTE|[32]
17:37:38.0 (206713748)|HEAP_ALLOCATE|[32]|Bytes:4
17:37:38.0 (206790230)|VARIABLE_SCOPE_BEGIN|[32]|listErrorLogWrapper|List<RMDErrorLogUtilityHelper.ErrorLogWrapper>|true|false
17:37:38.0 (206812230)|HEAP_ALLOCATE|[EXTERNAL]|Bytes:4
17:37:38.0 (206823661)|VARIABLE_ASSIGNMENT|[32]|listErrorLogWrapper|[]|0x25bc7e45
17:37:38.0 (206828331)|STATEMENT_EXECUTE|[33]
17:37:38.0 (207200381)|HEAP_ALLOCATE|[33]|Bytes:4
17:37:38.0 (207265222)|VARIABLE_SCOPE_BEGIN|[33]|listOfResponses|List<RMDSAPWSDLOrder.Response_element>|true|false
17:37:38.0 (207287623)|HEAP_ALLOCATE|[EXTERNAL]|Bytes:4
17:37:38.0 (207300473)|VARIABLE_ASSIGNMENT|[33]|listOfResponses|[]|0x5fed0c00
17:37:38.0 (207305383)|STATEMENT_EXECUTE|[34]
17:37:38.0 (207373085)|VARIABLE_SCOPE_BEGIN|[3]|RMDSelectorOrder.ACTIVE_ORDER_STATUS|String|false|true
17:37:38.0 (207379785)|VARIABLE_SCOPE_BEGIN|[4]|RMDSelectorOrder.DAYS_REMAINING_TO_EXPIRE|Integer|false|true
17:37:38.0 (207384835)|VARIABLE_SCOPE_BEGIN|[5]|RMDSelectorOrder.SFDC_MAX_END_DATE|Date|false|true
17:37:38.0 (207403016)|HEAP_ALLOCATE|[34]|Bytes:102
17:37:38.0 (207412776)|HEAP_ALLOCATE|[34]|Bytes:3
17:37:38.0 (207416616)|HEAP_ALLOCATE|[34]|Bytes:4
17:37:38.0 (207427136)|VARIABLE_ASSIGNMENT|[34]|RMDSelectorOrder.ACTIVE_ORDER_STATUS|"LIVE"
17:37:38.0 (207454197)|METHOD_ENTRY|[1]|01p7F00000VLtb5|RMDSelectorOrder.RMDSelectorOrder()
17:37:38.0 (207459107)|STATEMENT_EXECUTE|[1]
17:37:38.0 (207463207)|STATEMENT_EXECUTE|[1]
17:37:38.0 (207465347)|STATEMENT_EXECUTE|[4]
17:37:38.0 (207470828)|HEAP_ALLOCATE|[4]|Bytes:29
17:37:38.0 (207518949)|HEAP_ALLOCATE|[4]|Bytes:3
17:37:38.0 (207576910)|HEAP_ALLOCATE|[4]|Bytes:4
17:37:38.0 (207589891)|VARIABLE_ASSIGNMENT|[4]|RMDSelectorOrder.DAYS_REMAINING_TO_EXPIRE|121
17:37:38.0 (207594191)|STATEMENT_EXECUTE|[5]
17:37:38.0 (207597751)|HEAP_ALLOCATE|[5]|Bytes:17
17:37:38.0 (207612071)|HEAP_ALLOCATE|[5]|Bytes:4
17:37:38.0 (207664713)|HEAP_ALLOCATE|[5]|Bytes:4
17:37:38.0 (207693163)|VARIABLE_ASSIGNMENT|[5]|RMDSelectorOrder.SFDC_MAX_END_DATE|"2999-12-31T00:00:00.000Z"
17:37:38.0 (207703244)|METHOD_EXIT|[1]|RMDSelectorOrder
17:37:38.0 (207717794)|METHOD_ENTRY|[34]|01p7F00000VLtb5|RMDSelectorOrder.getPostPaidOrdersForSAPSync(Set<Id>)
17:37:38.0 (207779816)|VARIABLE_SCOPE_BEGIN|[197]|setOfOrderIds|Set<Id>|true|false
17:37:38.0 (207795276)|VARIABLE_ASSIGNMENT|[197]|setOfOrderIds|[]|0x21812f4
17:37:38.0 (207802746)|STATEMENT_EXECUTE|[197]
17:37:38.0 (207805106)|STATEMENT_EXECUTE|[198]
17:37:38.0 (207808336)|HEAP_ALLOCATE|[198]|Bytes:4612
17:37:38.0 (207824657)|HEAP_ALLOCATE|[198]|Bytes:4
17:37:38.0 (216315070)|SOQL_EXECUTE_BEGIN|[198]|Aggregations:0|SELECT Id, Name, OrderNumber, RMD_Order_Form__c, RMD_Subscriber_Id__c, OpportunityId, Account.RMD_SAP_Partner_no__c, Account.RMD_Mag_City__c, Account.RMD_Mag_Pin_Code__c, Account.Parent.RMD_SAP_Partner_no__c, Account.ParentId, LeadId__c, RMD_Product__r.Is_PostpaidScheme__c, RMD_Product__r.RMD_Code__c, RMD_Product__r.RMD_Parent_Product_Code__c, RMD_Product__r.Mag_Special_Offer__c, RMD_Product__r.Mag_Gift_Detail__c, RMD_Product__r.MAG_Is_Combo_Product__c, RMD_Order_Type__c, RMD_Vertical__c, RMD_Depot__r.RMD_SAP_Code__c, RMD_Dealer__r.RMD_BP_Code__c, RMD_Vendor__r.RMD_BP_Code__c, Opportunity.RMD_Digital_Signature__c, Opportunity.Gift_Description__c, Opportunity.RMD_Biller_Mag_SAP_Partner_No__c, Opportunity.Shipper_Account__r.RMD_SAP_Partner_no__c, Opportunity.Shipper_Account__r.RMD_Mag_Territory_Master__c, Opportunity.Shipper_Account__r.RMD_Mag_Territory_Master__r.RMD_SAP_Code__c, Opportunity.Shipper_Account__r.Mag_Billing_Branch__r.RMD_SAP_Code__c, Opportunity.Account.RMD_SAP_Partner_no__c, Opportunity.Shipper_Account__c, Opportunity.Mag_Delivery_Type__c, Opportunity.RMD_Discount_Coupon_Applied__c, Opportunity.RMD_Discount_Coupon_Code__c, Opportunity.RMD_Discount_Amount__c, Opportunity.RMD_Net_Price__c, Opportunity.StageName, Opportunity.LeadSource, Opportunity.RMD_Order_Count__c, Enddate, RMD_Order_Status__c, Status, RMD_Sales_Org__r.RMD_SAP_Code__c, RMD_SE__r.RMD_BP_ID__c, RMD_DSA_Name__r.RMD_BP_Code__c, RMD_Dealer_Code__c, RMD_ADSA_Name__r.RMD_BP_Code__c, RMD_Sales_Office__r.RMD_SAP_Code__c, RMD_Dealer_Commission_Per_Copy__c, RMD_Telecaller__r.RMD_BP_ID__c, Createddate, RMD_Booking_Date__c, RMD_Channel_1__c, RMD_Channel_2__c, RMD_Payer_Name__c, EffectiveDate, RMD_Sales_Group__r.RMD_SAP_Code__c, RMD_Achievement_Type__c, RMD_Order_Account_Type__c, RMD_Old_Order_Number__c, RMD_Old_Order_Form_Number__c, RMD_Quantity__c, RMD_NR_Publication_Name__c, RMD_Payment_Transaction__c, RMD_Depot_Code__c, BillToContactId, RMD_Payment_Transaction__r.RMD_Bank_Account_Number__c, RMD_Payment_Transaction__r.Name, RMD_Payment_Transaction__r.RMD_Bank_Name__c, RMD_Payment_Transaction__r.RMD_Card_Last_Four_Digit__c, RMD_Payment_Transaction__r.RMD_Card_Number__c, RMD_Payment_Transaction__r.RMD_Customer_Receipt_Url__c, RMD_Payment_Transaction__r.RMD_Cheque_Date__c, RMD_Payment_Transaction__r.RMD_Cheque_Number__c, RMD_Payment_Transaction__r.RMD_Formatted_Pan__c, RMD_Payment_Transaction__r.RMD_Merchant_Code__c, RMD_Payment_Transaction__r.RMD_Payment_Card_Brand__c, RMD_Payment_Transaction__r.RMD_Payment_Card_Type__c, RMD_Payment_Transaction__r.RMD_Payment_Status__c, RMD_Payment_Transaction__r.RMD_Payment_Type__c, RMD_Payment_Transaction__r.RMD_Amount__c, RMD_Payment_Transaction__r.RMD_Transaction_DateTime__c, RMD_Payment_Transaction__r.RMD_APPR_number__c, RMD_Payment_Transaction__r.RMD_Name_on_Card__c, RMD_Payment_Transaction__r.RMD_Pay_Id__c, RMD_Payment_Transaction__r.RMD_Bank_Reference_number__c, RMD_Payment_Transaction__r.RMD_Card_Validity__c, RMD_Payment_Transaction__r.RMD_Auto_Debit__c, RMD_Payment_Transaction__r.RMD_MICR_Code__c, RMD_Payment_Transaction__r.RMD_Payment_Transaction_Id__c, RMD_Payment_Transaction__r.RMD_Bank_Key__c, RMD_Payment_Transaction__r.RMD_Pay_in_Slip_Type__c, RMD_Payment_Transaction__r.RMD_MICR_Master__r.Name, RMD_Payment_Transaction__r.RMD_MICR_Master__r.RMD_Branch_Name__c, RMD_Payment_Transaction__r.RMD_DD_Number__c, RMD_Payment_Transaction__r.RMD_DD_Date__c, RMD_Payment_Transaction__r.RMD_Reference_ECS_number__c, RMD_Payment_Transaction__r.RMD_NEFT_Date__c, RMD_Payment_Transaction__r.RMD_Indiamags_Order_Number__c, RMD_Payment_Transaction__r.RMD_Date__c, RMD_Payment_Transaction__r.Is_Card_Payment_Done_Through_QR_code__c, RMD_Payment_Transaction__r.RMD_Payment_Order_Id__c, RMD_Payment_Transaction__r.Is_Card_Payment_Done_Through_UPI__c, RMD_Vendor_Commission_Per_Copy__c, Offer_price__c, RMD_SAP_Field_1__c, RMD_SAP_Field_2__c, RMD_SAP_Field_3__c, RMD_Branch__r.RMD_SAP_Code__c, RMD_Branch__r.Magazine_SAP_Code__c, RMD_SAP_Field_4__c, RMD_SAP_Field_5__c, RMD_SAP_Field_6__c, RMD_SAP_Field_7__c, RMD_SAP_Field_8__c, RMD_SAP_Field_9__c, RMD_SAP_Field_10__c, RMD_Vendor_Code__c, RMD_Payment_Amount__c, Mag_Courier_Partner__c, Mag_Courier_Partner_Code__c, RMD_ECC_Order_ID__c, AccountId, RMD_Payment_Model__c, NRM_Product_Code__c, RMD_Order_Entry__c, RMD_Order_Entry__r.RMD_Quote_Line_Item__c, RMD_Order_Entry__r.RMD_Quote_Line_Item__r.RMD_Number_of_Issues_Formula__c, RMD_Order_Entry__r.RMD_Quote_Line_Item__r.RMD_Input_Day_of_Delivery__c, Owner.Name, OwnerId, Special_Order__c FROM Order WHERE id = :tmpVar1 ORDER BY CreatedDate ASC NULLS FIRST
17:37:38.0 (233132620)|SOQL_EXECUTE_END|[198]|Rows:0
17:37:38.0 (233191352)|HEAP_ALLOCATE|[198]|Bytes:4
17:37:38.0 (233259703)|HEAP_ALLOCATE|[198]|Bytes:0
17:37:38.0 (233335065)|HEAP_ALLOCATE|[198]|Bytes:4
17:37:38.0 (233370076)|METHOD_EXIT|[34]|01p7F00000VLtb5|RMDSelectorOrder.getPostPaidOrdersForSAPSync(Set<Id>)
17:37:38.0 (233385087)|VARIABLE_SCOPE_BEGIN|[34]|listOrder|List<Order>|true|false
17:37:38.0 (233421348)|VARIABLE_ASSIGNMENT|[34]|listOrder|[]|0x68ce2e9a
17:37:38.0 (233430798)|STATEMENT_EXECUTE|[35]
17:37:38.0 (233445708)|HEAP_ALLOCATE|[35]|Bytes:4
17:37:38.0 (233552651)|VARIABLE_SCOPE_BEGIN|[35]|listOfOrdersFailed|List<Order>|true|false
17:37:38.0 (233566342)|HEAP_ALLOCATE|[EXTERNAL]|Bytes:4
17:37:38.0 (233577722)|VARIABLE_ASSIGNMENT|[35]|listOfOrdersFailed|[]|0x133b953f
17:37:38.0 (233585892)|STATEMENT_EXECUTE|[36]
17:37:38.0 (233594652)|HEAP_ALLOCATE|[36]|Bytes:11
17:37:38.0 (233678134)|HEAP_ALLOCATE|[36]|Bytes:1
17:37:38.0 (233703115)|HEAP_ALLOCATE|[36]|Bytes:12
17:37:38.0 (233750906)|USER_DEBUG|[36]|DEBUG|listOrder::0
17:37:38.0 (233764367)|STATEMENT_EXECUTE|[37]
17:37:38.0 (233803628)|HEAP_ALLOCATE|[37]|Bytes:2
17:37:38.0 (233822188)|HEAP_ALLOCATE|[37]|Bytes:13
17:37:38.0 (233835779)|USER_DEBUG|[37]|DEBUG|listOrder::()
17:37:38.0 (234051224)|HEAP_ALLOCATE|[38]|Bytes:5
17:37:38.0 (234125346)|VARIABLE_ASSIGNMENT|[38]|o|null|
17:37:38.0 (234136296)|STATEMENT_EXECUTE|[38]
17:37:38.0 (234139977)|STATEMENT_EXECUTE|[206]
17:37:38.0 (234149847)|HEAP_ALLOCATE|[206]|Bytes:4
17:37:38.0 (234180318)|VARIABLE_SCOPE_BEGIN|[206]|lstInternalFailedOrder|List<Order>|true|false
17:37:38.0 (234191598)|HEAP_ALLOCATE|[EXTERNAL]|Bytes:4
17:37:38.0 (234204378)|VARIABLE_ASSIGNMENT|[206]|lstInternalFailedOrder|[]|0x8c4f3a2
17:37:38.0 (234253570)|HEAP_ALLOCATE|[207]|Bytes:5
17:37:38.0 (234290561)|VARIABLE_ASSIGNMENT|[207]|o|null|
17:37:38.0 (234298361)|STATEMENT_EXECUTE|[207]
17:37:38.0 (234302081)|STATEMENT_EXECUTE|[274]
17:37:38.0 (234307021)|HEAP_ALLOCATE|[274]|Bytes:24
17:37:38.0 (234344542)|HEAP_ALLOCATE|[274]|Bytes:1
17:37:38.0 (234362792)|HEAP_ALLOCATE|[274]|Bytes:25
17:37:38.0 (234377943)|USER_DEBUG|[274]|DEBUG|lstInternalFailedOrder::0
17:37:38.0 (234410384)|STATEMENT_EXECUTE|[275]
17:37:38.0 (234414504)|STATEMENT_EXECUTE|[279]
17:37:38.0 (234419124)|HEAP_ALLOCATE|[279]|Bytes:20
17:37:38.0 (234452375)|HEAP_ALLOCATE|[279]|Bytes:1
17:37:38.0 (234468765)|HEAP_ALLOCATE|[279]|Bytes:21
17:37:38.0 (234482846)|USER_DEBUG|[279]|DEBUG|listOfOrdersFailed::0
17:37:38.0 (234513136)|STATEMENT_EXECUTE|[280]
17:37:38.0 (234516976)|STATEMENT_EXECUTE|[283]
17:37:38.0 (234521727)|HEAP_ALLOCATE|[283]|Bytes:27
17:37:38.0 (234558248)|HEAP_ALLOCATE|[283]|Bytes:1
17:37:38.0 (234575158)|HEAP_ALLOCATE|[283]|Bytes:28
17:37:38.0 (234587058)|USER_DEBUG|[283]|DEBUG|listErrorLogWrapper order::0
17:37:38.0 (234613959)|STATEMENT_EXECUTE|[284]
17:37:38.0 (234636160)|STATEMENT_EXECUTE|[288]
17:37:38.0 (234654250)|METHOD_EXIT|[120]|01p2t000000Tbha|RMDSAPPOSTPAIDORDERSYNC.syncPostPaid(Set<Id>)
17:37:38.287 (287070004)|CUMULATIVE_LIMIT_USAGE
17:37:38.287 (287070004)|LIMIT_USAGE_FOR_NS|(default)|
  Number of SOQL queries: 0 out of 200
  Number of query rows: 0 out of 50000
  Number of SOSL queries: 0 out of 20
  Number of DML statements: 0 out of 150
  Number of Publish Immediate DML: 0 out of 150
  Number of DML rows: 0 out of 10000
  Maximum CPU time: 0 out of 60000
  Maximum heap size: 0 out of 12000000
  Number of callouts: 0 out of 0
  Number of Email Invocations: 0 out of 10
  Number of future calls: 0 out of 0
  Number of queueable jobs added to the queue: 0 out of 1
  Number of Mobile Apex push calls: 0 out of 10

17:37:38.287 (287070004)|CUMULATIVE_LIMIT_USAGE_END

17:37:38.0 (287147116)|CODE_UNIT_FINISHED|RMDBatchCreatePostPaidOrders
17:37:38.0 (287169346)|EXECUTION_FINISHED
