60.0 APEX_CODE,FINEST;APEX_PROFILING,INFO;CALLOUT,INFO;DATA_ACCESS,INFO;DB,INFO;NBA,INFO;SYSTEM,DEBUG;VALIDATION,INFO;VISUALFORCE,INFO;WAVE,INFO;WORKFLOW,INFO
17:37:00.0 (290938)|USER_INFO|[EXTERNAL]|0052t000000K4aE|rmdsupport1@timesgroup.com|(GMT+05:30) India Standard Time (Asia/Kolkata)|GMT+05:30
17:37:00.0 (364731)|EXECUTION_STARTED
17:37:00.0 (411812)|CODE_UNIT_STARTED|[EXTERNAL]|01p2t000002THB9|RMDBatchOrderModifySyncToSAP
17:37:00.0 (7412205)|HEAP_ALLOCATE|[95]|Bytes:3
17:37:00.0 (7561658)|HEAP_ALLOCATE|[100]|Bytes:152
17:37:00.0 (7581909)|HEAP_ALLOCATE|[417]|Bytes:408
17:37:00.0 (7607850)|HEAP_ALLOCATE|[430]|Bytes:408
17:37:00.0 (7634960)|HEAP_ALLOCATE|[317]|Bytes:6
17:37:00.0 (12970140)|HEAP_ALLOCATE|[EXTERNAL]|Bytes:34
17:37:00.0 (21813412)|HEAP_ALLOCATE|[EXTERNAL]|Bytes:11
17:37:00.0 (21861243)|SYSTEM_METHOD_ENTRY|[15]|BatchableContextImpl.BatchableContextImpl()
17:37:00.0 (21881534)|STATEMENT_EXECUTE|[15]
17:37:00.0 (21921824)|SYSTEM_METHOD_EXIT|[15]|BatchableContextImpl
17:37:00.0 (21930074)|HEAP_ALLOCATE|[EXTERNAL]|Bytes:12
17:37:00.0 (21935065)|HEAP_ALLOCATE|[EXTERNAL]|Bytes:4
17:37:00.0 (21938234)|HEAP_ALLOCATE|[EXTERNAL]|Bytes:4
17:37:00.0 (21960475)|VARIABLE_SCOPE_BEGIN|[31]|this|Database.BatchableContextImpl|true|false
17:37:00.0 (22080419)|VARIABLE_ASSIGNMENT|[31]|this|{}|0x718563a
17:37:00.0 (22087038)|VARIABLE_SCOPE_BEGIN|[31]|jobId|Id|false|false
17:37:00.0 (22210183)|VARIABLE_ASSIGNMENT|[31]|jobId|"707e200000pU6RRAA0"
17:37:00.0 (22216143)|VARIABLE_SCOPE_BEGIN|[31]|childJobId|Id|false|false
17:37:00.0 (22232863)|VARIABLE_ASSIGNMENT|[31]|childJobId|"707e200000pSyWXAA0"
17:37:00.0 (114142489)|HEAP_ALLOCATE|[EXTERNAL]|Bytes:8
17:37:07.751 (7751345998)|HEAP_ALLOCATE|[EXTERNAL]|Bytes:8
17:37:15.76 (15076275517)|HEAP_ALLOCATE|[EXTERNAL]|Bytes:8
17:37:22.390 (22390161743)|HEAP_ALLOCATE|[EXTERNAL]|Bytes:8
17:37:29.554 (29554448697)|HEAP_ALLOCATE|[EXTERNAL]|Bytes:8
17:37:36.702 (36702252039)|HEAP_ALLOCATE|[EXTERNAL]|Bytes:8
17:37:43.860 (43860127300)|HEAP_ALLOCATE|[EXTERNAL]|Bytes:8
17:37:51.237 (51237878787)|HEAP_ALLOCATE|[EXTERNAL]|Bytes:8
17:37:58.714 (58714457165)|HEAP_ALLOCATE|[EXTERNAL]|Bytes:8
17:38:05.856 (65856514266)|HEAP_ALLOCATE|[EXTERNAL]|Bytes:8
17:38:19.752 (79752898270)|HEAP_ALLOCATE|[EXTERNAL]|Bytes:8
17:38:34.698 (94698992648)|HEAP_ALLOCATE|[EXTERNAL]|Bytes:8
17:38:59.885 (119885753632)|HEAP_ALLOCATE|[EXTERNAL]|Bytes:8
17:39:16.75 (136075956696)|HEAP_ALLOCATE|[EXTERNAL]|Bytes:8
17:39:31.721 (151721019132)|HEAP_ALLOCATE|[EXTERNAL]|Bytes:8
17:39:31.721 (152464111550)|HEAP_ALLOCATE|[EXTERNAL]|Bytes:8
17:39:46.465 (166465284708)|HEAP_ALLOCATE|[EXTERNAL]|Bytes:8
17:39:57.896 (177896022681)|HEAP_ALLOCATE|[EXTERNAL]|Bytes:8
17:40:11.949 (191949447266)|CUMULATIVE_LIMIT_USAGE
17:40:11.949 (191949447266)|LIMIT_USAGE_FOR_NS|(default)|
  Number of SOQL queries: 0 out of 200
  Number of query rows: 0 out of 50000
  Number of SOSL queries: 0 out of 20
  Number of DML statements: 0 out of 150
  Number of Publish Immediate DML: 0 out of 150
  Number of DML rows: 0 out of 10000
  Maximum CPU time: 0 out of 60000
  Maximum heap size: 0 out of 12000000
  Number of callouts: 0 out of 0
  Number of Email Invocations: 0 out of 10
  Number of future calls: 0 out of 0
  Number of queueable jobs added to the queue: 0 out of 1
  Number of Mobile Apex push calls: 0 out of 10

17:40:11.949 (191949447266)|CUMULATIVE_LIMIT_USAGE_END

17:40:11.949 (191949574258)|CODE_UNIT_FINISHED|RMDBatchOrderModifySyncToSAP
17:40:11.949 (191949607130)|EXECUTION_FINISHED
