59.0 APEX_CODE,FINEST;APEX_PROFILING,INFO;CALLOUT,INFO;DATA_ACCESS,INFO;DB,INFO;NBA,INFO;SYSTEM,DEBUG;VALIDATION,INFO;VISUALFORCE,INFO;WAVE,INFO;WORKFLOW,INFO
16:16:00.0 (294187)|USER_INFO|[EXTERNAL]|0052t000000K4aE|rmdsupport1@timesgroup.com|(GMT+05:30) India Standard Time (Asia/Kolkata)|GMT+05:30
16:16:00.0 (359439)|EXECUTION_STARTED
16:16:00.0 (398300)|CODE_UNIT_STARTED|[EXTERNAL]|01p2t000000KTHK|SubscriptionLeadConvert
16:16:00.0 (12718127)|HEAP_ALLOCATE|[95]|Bytes:3
16:16:00.0 (12869031)|HEAP_ALLOCATE|[100]|Bytes:152
16:16:00.0 (12891522)|HEAP_ALLOCATE|[417]|Bytes:408
16:16:00.0 (12906372)|HEAP_ALLOCATE|[430]|Bytes:408
16:16:00.0 (12933883)|HEAP_ALLOCATE|[317]|Bytes:6
16:16:00.0 (12955933)|HEAP_ALLOCATE|[EXTERNAL]|Bytes:3
16:16:00.0 (12980824)|SYSTEM_METHOD_ENTRY|[1]|SchedulableContextImpl.SchedulableContextImpl()
16:16:00.0 (13030215)|STATEMENT_EXECUTE|[1]
16:16:00.0 (13062496)|SYSTEM_METHOD_EXIT|[1]|SchedulableContextImpl
16:16:00.0 (13071726)|HEAP_ALLOCATE|[EXTERNAL]|Bytes:8
16:16:00.0 (13076266)|HEAP_ALLOCATE|[EXTERNAL]|Bytes:4
16:16:00.0 (13099477)|VARIABLE_SCOPE_BEGIN|[4]|this|System.SchedulableContextImpl|true|false
16:16:00.0 (13279411)|VARIABLE_ASSIGNMENT|[4]|this|{}|0x678e0daa
16:16:00.0 (13286931)|VARIABLE_SCOPE_BEGIN|[4]|triggerId|Id|false|false
16:16:00.0 (13441535)|VARIABLE_ASSIGNMENT|[4]|triggerId|"08ee200000NdzPnAAJ"
16:16:00.0 (15746930)|HEAP_ALLOCATE|[EXTERNAL]|Bytes:1
16:16:00.0 (15758491)|HEAP_ALLOCATE|[EXTERNAL]|Bytes:2
16:16:00.0 (15766581)|METHOD_ENTRY|[1]|01p2t000000KTHK|RMDSubscriptionLeadConvetSchedulable.RMDSubscriptionLeadConvetSchedulable()
16:16:00.0 (15773391)|STATEMENT_EXECUTE|[1]
16:16:00.0 (15778301)|STATEMENT_EXECUTE|[1]
16:16:00.0 (15782551)|METHOD_EXIT|[1]|RMDSubscriptionLeadConvetSchedulable
16:16:00.0 (15790482)|HEAP_ALLOCATE|[EXTERNAL]|Bytes:4
16:16:00.0 (15794142)|HEAP_ALLOCATE|[EXTERNAL]|Bytes:8
16:16:00.0 (15809442)|VARIABLE_SCOPE_BEGIN|[2]|this|RMDSubscriptionLeadConvetSchedulable|true|false
16:16:00.0 (15832483)|VARIABLE_ASSIGNMENT|[2]|this|{}|0x6847b3a4
16:16:00.0 (15838043)|VARIABLE_SCOPE_BEGIN|[2]|sc|System.SchedulableContext|true|false
16:16:00.0 (15920545)|VARIABLE_ASSIGNMENT|[2]|sc|{"triggerId":"08ee200000NdzPnAAJ"}|0x678e0daa
16:16:00.0 (15931585)|STATEMENT_EXECUTE|[2]
16:16:00.0 (15934165)|STATEMENT_EXECUTE|[3]
16:16:00.0 (15941515)|VARIABLE_SCOPE_BEGIN|[3]|batchSize|Integer|false|false
16:16:00.0 (15948675)|HEAP_ALLOCATE|[3]|Bytes:4
16:16:00.0 (15967166)|VARIABLE_ASSIGNMENT|[3]|batchSize|1
16:16:00.0 (15971056)|STATEMENT_EXECUTE|[5]
16:16:00.0 (15974496)|HEAP_ALLOCATE|[5]|Bytes:211
16:16:00.0 (15997836)|HEAP_ALLOCATE|[5]|Bytes:4
16:16:00.0 (16029317)|HEAP_ALLOCATE|[68]|Bytes:5
16:16:00.0 (16128280)|HEAP_ALLOCATE|[74]|Bytes:5
16:16:00.0 (16140700)|HEAP_ALLOCATE|[82]|Bytes:7
16:16:00.0 (18010425)|SOQL_EXECUTE_BEGIN|[5]|Aggregations:0|SELECT Id, Status, NumberOfErrors, JobItemsProcessed, TotalJobItems, CreatedBy.Email FROM AsyncApexJob WHERE (ApexClass.Name = 'RMDBatchSubscriptionLeadConvert' AND Status != 'Aborted' AND Status != 'Completed')
16:16:00.0 (869718007)|SOQL_EXECUTE_END|[5]|Rows:0
16:16:00.0 (869750708)|HEAP_ALLOCATE|[5]|Bytes:4
16:16:00.0 (869769708)|HEAP_ALLOCATE|[5]|Bytes:0
16:16:00.0 (870055745)|HEAP_ALLOCATE|[5]|Bytes:4
16:16:00.0 (870097016)|VARIABLE_SCOPE_BEGIN|[5]|asyncJobAbort|List<AsyncApexJob>|true|false
16:16:00.0 (870124447)|VARIABLE_ASSIGNMENT|[5]|asyncJobAbort|[]|0x7177451f
16:16:00.0 (870421344)|HEAP_ALLOCATE|[6]|Bytes:5
16:16:00.0 (870481075)|VARIABLE_ASSIGNMENT|[6]|eachaJob|null|
16:16:00.0 (870488775)|STATEMENT_EXECUTE|[6]
16:16:00.0 (870491855)|STATEMENT_EXECUTE|[10]
16:16:00.0 (873350574)|HEAP_ALLOCATE|[10]|Bytes:29
16:16:00.0 (873363065)|HEAP_ALLOCATE|[10]|Bytes:81
16:16:00.0 (873367955)|HEAP_ALLOCATE|[10]|Bytes:10
16:16:00.0 (873371475)|HEAP_ALLOCATE|[10]|Bytes:8
16:16:00.0 (873390095)|METHOD_ENTRY|[1]|01p2t000000KTG6|RMDBatchSubscriptionLeadConvert.RMDBatchSubscriptionLeadConvert()
16:16:00.0 (873396725)|STATEMENT_EXECUTE|[1]
16:16:00.0 (873402115)|STATEMENT_EXECUTE|[1]
16:16:00.0 (873413986)|HEAP_ALLOCATE|[10]|Bytes:5
16:16:00.0 (873418286)|STATEMENT_EXECUTE|[2]
16:16:00.0 (873427686)|METHOD_EXIT|[1]|RMDBatchSubscriptionLeadConvert
16:16:00.0 (873443906)|HEAP_ALLOCATE|[10]|Bytes:4
16:16:00.0 (873472777)|CONSTRUCTOR_ENTRY|[10]|01p2t000000KTG6|<init>()|RMDBatchSubscriptionLeadConvert
16:16:00.0 (873522418)|VARIABLE_SCOPE_BEGIN|[1]|this|RMDBatchSubscriptionLeadConvert|true|false
16:16:00.0 (873568539)|VARIABLE_ASSIGNMENT|[1]|this|{}|0x60b9021e
16:16:00.0 (873581530)|HEAP_ALLOCATE|[EXTERNAL]|Bytes:5
16:16:00.0 (873613791)|STATEMENT_EXECUTE|[1]
16:16:00.0 (873620181)|HEAP_ALLOCATE|[EXTERNAL]|Bytes:5
16:16:00.0 (873639521)|CONSTRUCTOR_EXIT|[10]|01p2t000000KTG6|<init>()|RMDBatchSubscriptionLeadConvert
16:16:00.0 (873648181)|VARIABLE_SCOPE_BEGIN|[10]|objRMDBatchLeadConvert|RMDBatchSubscriptionLeadConvert|true|false
16:16:00.0 (873666472)|VARIABLE_ASSIGNMENT|[10]|objRMDBatchLeadConvert|{}|0x60b9021e
16:16:00.0 (873673552)|STATEMENT_EXECUTE|[11]
16:16:00.0 (940685609)|HEAP_ALLOCATE|[14]|Bytes:118
16:16:00.0 (940711490)|SYSTEM_METHOD_ENTRY|[1]|Test.Test()
16:16:00.0 (940716990)|STATEMENT_EXECUTE|[1]
16:16:00.0 (940730710)|SYSTEM_METHOD_EXIT|[1]|Test
16:16:00.0 (940755511)|METHOD_ENTRY|[14]||System.Test.isRunningTest()
16:16:00.0 (940806452)|METHOD_EXIT|[14]||System.Test.isRunningTest()
16:16:00.0 (940818192)|STATEMENT_EXECUTE|[14]
16:16:00.0 (940820552)|STATEMENT_EXECUTE|[15]
16:16:00.0 (940825422)|HEAP_ALLOCATE|[15]|Bytes:121
16:16:00.0 (940847163)|HEAP_ALLOCATE|[15]|Bytes:4
16:16:00.0 (941485208)|SOQL_EXECUTE_BEGIN|[15]|Aggregations:0|SELECT Id, NextFireTime, CronJobDetail.Name FROM CronTrigger WHERE CronJobDetail.Name = 'SubscriptionLeadConvert' LIMIT 1
16:16:00.0 (956240944)|SOQL_EXECUTE_END|[15]|Rows:1
16:16:00.0 (956277435)|HEAP_ALLOCATE|[15]|Bytes:8
16:16:00.0 (956301956)|HEAP_ALLOCATE|[15]|Bytes:162
16:16:00.0 (956399388)|HEAP_ALLOCATE|[15]|Bytes:8
16:16:00.0 (956425129)|HEAP_ALLOCATE|[15]|Bytes:37
16:16:00.0 (956501291)|HEAP_ALLOCATE|[15]|Bytes:20
16:16:00.0 (956512741)|VARIABLE_SCOPE_BEGIN|[15]|asyncJob|CronTrigger|true|false
16:16:00.0 (956687045)|VARIABLE_ASSIGNMENT|[15]|asyncJob|{"CronJobDetailId":"08ae200000NeJZnAAN","CronJobDetail":{"Name":"SubscriptionLeadConv (3 more) ...","Id":"08ae200000NeJZnAAN"},"Id":"08ee200000NdzPnAAJ","NextFireTime":"2026-04-18T10:46:00.000Z"}|0x56c86bd0
16:16:00.0 (956696395)|STATEMENT_EXECUTE|[16]
16:16:00.0 (956737326)|HEAP_ALLOCATE|[16]|Bytes:18
16:16:01.22 (1022324759)|STATEMENT_EXECUTE|[20]
16:16:01.22 (1022391811)|HEAP_ALLOCATE|[20]|Bytes:56
16:16:01.22 (1022452352)|HEAP_ALLOCATE|[20]|Bytes:56
16:16:01.22 (1022484693)|VARIABLE_SCOPE_BEGIN|[20]|dt|Datetime|false|false
16:16:01.22 (1022518924)|VARIABLE_ASSIGNMENT|[20]|dt|"2026-04-17T10:51:01.141Z"
16:16:01.22 (1022524284)|STATEMENT_EXECUTE|[21]
16:16:01.22 (1022630436)|HEAP_ALLOCATE|[21]|Bytes:2
16:16:01.22 (1022642277)|VARIABLE_SCOPE_BEGIN|[21]|hr|String|false|false
16:16:01.22 (1022655147)|VARIABLE_ASSIGNMENT|[21]|hr|"16"
16:16:01.22 (1022658877)|STATEMENT_EXECUTE|[22]
16:16:01.22 (1022692698)|HEAP_ALLOCATE|[22]|Bytes:2
16:16:01.22 (1022702518)|VARIABLE_SCOPE_BEGIN|[22]|min|String|false|false
16:16:01.22 (1022711188)|VARIABLE_ASSIGNMENT|[22]|min|"21"
16:16:01.22 (1022715038)|STATEMENT_EXECUTE|[23]
16:16:01.22 (1022741199)|HEAP_ALLOCATE|[23]|Bytes:4
16:16:01.22 (1022778760)|HEAP_ALLOCATE|[23]|Bytes:2
16:16:01.22 (1022789430)|VARIABLE_SCOPE_BEGIN|[23]|currDate|String|false|false
16:16:01.22 (1022798150)|VARIABLE_ASSIGNMENT|[23]|currDate|"17"
16:16:01.22 (1022802101)|STATEMENT_EXECUTE|[24]
16:16:01.22 (1022806241)|HEAP_ALLOCATE|[24]|Bytes:2
16:16:01.22 (1022812491)|HEAP_ALLOCATE|[24]|Bytes:1
16:16:01.22 (1022818161)|HEAP_ALLOCATE|[24]|Bytes:7
16:16:01.22 (1022830721)|HEAP_ALLOCATE|[24]|Bytes:14
16:16:01.22 (1022837421)|VARIABLE_SCOPE_BEGIN|[24]|sch|String|false|false
16:16:01.22 (1022849762)|VARIABLE_ASSIGNMENT|[24]|sch|"0 21 16 * *  ?"
16:16:01.22 (1022855782)|STATEMENT_EXECUTE|[25]
16:16:01.22 (1022859472)|HEAP_ALLOCATE|[25]|Bytes:7
16:16:01.22 (1022869692)|HEAP_ALLOCATE|[25]|Bytes:21
16:16:01.22 (1022913423)|USER_DEBUG|[25]|DEBUG|sch====0 21 16 * *  ?
16:16:01.22 (1022928634)|STATEMENT_EXECUTE|[26]
16:16:01.22 (1022940124)|HEAP_ALLOCATE|[26]|Bytes:4
16:16:01.22 (1022959384)|CONSTRUCTOR_ENTRY|[26]|01p2t000000KTHK|<init>()|RMDSubscriptionLeadConvetSchedulable
16:16:01.22 (1022996335)|VARIABLE_SCOPE_BEGIN|[1]|this|RMDSubscriptionLeadConvetSchedulable|true|false
16:16:01.22 (1023031256)|VARIABLE_ASSIGNMENT|[1]|this|{}|0x7cda9c4c
16:16:01.22 (1023060697)|STATEMENT_EXECUTE|[1]
16:16:01.22 (1023065057)|CONSTRUCTOR_EXIT|[26]|01p2t000000KTHK|<init>()|RMDSubscriptionLeadConvetSchedulable
16:16:01.22 (1023071567)|VARIABLE_SCOPE_BEGIN|[26]|sch2|RMDSubscriptionLeadConvetSchedulable|true|false
16:16:01.22 (1023084447)|VARIABLE_ASSIGNMENT|[26]|sch2|{}|0x7cda9c4c
16:16:01.22 (1023089267)|STATEMENT_EXECUTE|[27]
16:16:01.22 (1023092678)|HEAP_ALLOCATE|[27]|Bytes:23
16:16:01.22 (1023097618)|VARIABLE_SCOPE_BEGIN|[27]|strName|String|false|false
16:16:01.22 (1023108328)|VARIABLE_ASSIGNMENT|[27]|strName|"SubscriptionLeadConv (3 more) ..."
16:16:01.22 (1023112298)|STATEMENT_EXECUTE|[28]
16:16:01.72 (1072803107)|CUMULATIVE_LIMIT_USAGE
16:16:01.72 (1072803107)|LIMIT_USAGE_FOR_NS|(default)|
  Number of SOQL queries: 2 out of 100
  Number of query rows: 1 out of 50000
  Number of SOSL queries: 0 out of 20
  Number of DML statements: 1 out of 150
  Number of Publish Immediate DML: 0 out of 150
  Number of DML rows: 1 out of 10000
  Maximum CPU time: 0 out of 10000
  Maximum heap size: 0 out of 6000000
  Number of callouts: 0 out of 100
  Number of Email Invocations: 0 out of 10
  Number of future calls: 0 out of 50
  Number of queueable jobs added to the queue: 0 out of 50
  Number of Mobile Apex push calls: 0 out of 10

16:16:01.72 (1072803107)|CUMULATIVE_LIMIT_USAGE_END

16:16:01.22 (1072866479)|CODE_UNIT_FINISHED|SubscriptionLeadConvert
16:16:01.22 (1072893829)|EXECUTION_FINISHED
