59.0 APEX_CODE,FINEST;APEX_PROFILING,INFO;CALLOUT,INFO;DATA_ACCESS,INFO;DB,INFO;NBA,INFO;SYSTEM,DEBUG;VALIDATION,INFO;VISUALFORCE,INFO;WAVE,INFO;WORKFLOW,INFO
12:08:00.0 (233075)|USER_INFO|[EXTERNAL]|0052t000000K4aE|rmdsupport1@timesgroup.com|(GMT+05:30) India Standard Time (Asia/Kolkata)|GMT+05:30
12:08:00.0 (366898)|EXECUTION_STARTED
12:08:00.0 (381398)|CODE_UNIT_STARTED|[EXTERNAL]|01p2t000000KTHK|SubscriptionLeadConvert
12:08:00.0 (16761388)|HEAP_ALLOCATE|[95]|Bytes:3
12:08:00.0 (16855810)|HEAP_ALLOCATE|[100]|Bytes:152
12:08:00.0 (16872380)|HEAP_ALLOCATE|[417]|Bytes:408
12:08:00.0 (16886642)|HEAP_ALLOCATE|[430]|Bytes:408
12:08:00.0 (16911482)|HEAP_ALLOCATE|[317]|Bytes:6
12:08:00.0 (16931772)|HEAP_ALLOCATE|[EXTERNAL]|Bytes:3
12:08:00.0 (16947342)|SYSTEM_METHOD_ENTRY|[1]|SchedulableContextImpl.SchedulableContextImpl()
12:08:00.0 (16953612)|STATEMENT_EXECUTE|[1]
12:08:00.0 (16963672)|SYSTEM_METHOD_EXIT|[1]|SchedulableContextImpl
12:08:00.0 (16971644)|HEAP_ALLOCATE|[EXTERNAL]|Bytes:8
12:08:00.0 (16975663)|HEAP_ALLOCATE|[EXTERNAL]|Bytes:4
12:08:00.0 (16980113)|VARIABLE_SCOPE_BEGIN|[4]|this|System.SchedulableContextImpl|true|false
12:08:00.0 (17050534)|VARIABLE_ASSIGNMENT|[4]|this|{}|0x14f7fb2c
12:08:00.0 (17056544)|VARIABLE_SCOPE_BEGIN|[4]|triggerId|Id|false|false
12:08:00.0 (17171928)|VARIABLE_ASSIGNMENT|[4]|triggerId|"08ee200000Np5YHAAZ"
12:08:00.0 (20194573)|HEAP_ALLOCATE|[EXTERNAL]|Bytes:1
12:08:00.0 (20216184)|HEAP_ALLOCATE|[EXTERNAL]|Bytes:2
12:08:00.0 (20268406)|METHOD_ENTRY|[1]|01p2t000000KTHK|RMDSubscriptionLeadConvetSchedulable.RMDSubscriptionLeadConvetSchedulable()
12:08:00.0 (20280535)|STATEMENT_EXECUTE|[1]
12:08:00.0 (20287065)|STATEMENT_EXECUTE|[1]
12:08:00.0 (20295407)|METHOD_EXIT|[1]|RMDSubscriptionLeadConvetSchedulable
12:08:00.0 (20307407)|HEAP_ALLOCATE|[EXTERNAL]|Bytes:4
12:08:00.0 (20313576)|HEAP_ALLOCATE|[EXTERNAL]|Bytes:8
12:08:00.0 (20321906)|VARIABLE_SCOPE_BEGIN|[2]|this|RMDSubscriptionLeadConvetSchedulable|true|false
12:08:00.0 (20366778)|VARIABLE_ASSIGNMENT|[2]|this|{}|0xc08e29f
12:08:00.0 (20374758)|VARIABLE_SCOPE_BEGIN|[2]|sc|System.SchedulableContext|true|false
12:08:00.0 (20483331)|VARIABLE_ASSIGNMENT|[2]|sc|{"triggerId":"08ee200000Np5YHAAZ"}|0x14f7fb2c
12:08:00.0 (20498901)|STATEMENT_EXECUTE|[2]
12:08:00.0 (20502381)|STATEMENT_EXECUTE|[3]
12:08:00.0 (20513291)|VARIABLE_SCOPE_BEGIN|[3]|batchSize|Integer|false|false
12:08:00.0 (20524011)|HEAP_ALLOCATE|[3]|Bytes:4
12:08:00.0 (20536822)|VARIABLE_ASSIGNMENT|[3]|batchSize|1
12:08:00.0 (20587803)|STATEMENT_EXECUTE|[5]
12:08:00.0 (20595373)|HEAP_ALLOCATE|[5]|Bytes:211
12:08:00.0 (20634833)|HEAP_ALLOCATE|[5]|Bytes:4
12:08:00.0 (20687415)|HEAP_ALLOCATE|[68]|Bytes:5
12:08:00.0 (20718106)|HEAP_ALLOCATE|[74]|Bytes:5
12:08:00.0 (20732666)|HEAP_ALLOCATE|[82]|Bytes:7
12:08:00.0 (23228810)|SOQL_EXECUTE_BEGIN|[5]|Aggregations:0|SELECT Id, Status, NumberOfErrors, JobItemsProcessed, TotalJobItems, CreatedBy.Email FROM AsyncApexJob WHERE (ApexClass.Name = 'RMDBatchSubscriptionLeadConvert' AND Status != 'Aborted' AND Status != 'Completed')
12:08:00.0 (774270411)|SOQL_EXECUTE_END|[5]|Rows:0
12:08:00.0 (774298632)|HEAP_ALLOCATE|[5]|Bytes:4
12:08:00.0 (774316602)|HEAP_ALLOCATE|[5]|Bytes:0
12:08:00.0 (774488306)|HEAP_ALLOCATE|[5]|Bytes:4
12:08:00.0 (774506777)|VARIABLE_SCOPE_BEGIN|[5]|asyncJobAbort|List<AsyncApexJob>|true|false
12:08:00.0 (774529357)|VARIABLE_ASSIGNMENT|[5]|asyncJobAbort|[]|0x75550e54
12:08:00.0 (774718631)|HEAP_ALLOCATE|[6]|Bytes:5
12:08:00.0 (774753922)|VARIABLE_ASSIGNMENT|[6]|eachaJob|null|
12:08:00.0 (774760642)|STATEMENT_EXECUTE|[6]
12:08:00.0 (774763362)|STATEMENT_EXECUTE|[10]
12:08:00.0 (777819069)|HEAP_ALLOCATE|[10]|Bytes:29
12:08:00.0 (777836369)|HEAP_ALLOCATE|[10]|Bytes:81
12:08:00.0 (777841061)|HEAP_ALLOCATE|[10]|Bytes:10
12:08:00.0 (777844560)|HEAP_ALLOCATE|[10]|Bytes:8
12:08:00.0 (777869520)|METHOD_ENTRY|[1]|01p2t000000KTG6|RMDBatchSubscriptionLeadConvert.RMDBatchSubscriptionLeadConvert()
12:08:00.0 (777877130)|STATEMENT_EXECUTE|[1]
12:08:00.0 (777884530)|STATEMENT_EXECUTE|[1]
12:08:00.0 (777900871)|HEAP_ALLOCATE|[10]|Bytes:5
12:08:00.0 (777906391)|STATEMENT_EXECUTE|[2]
12:08:00.0 (777918942)|METHOD_EXIT|[1]|RMDBatchSubscriptionLeadConvert
12:08:00.0 (777936592)|HEAP_ALLOCATE|[10]|Bytes:4
12:08:00.0 (777953992)|CONSTRUCTOR_ENTRY|[10]|01p2t000000KTG6|<init>()|RMDBatchSubscriptionLeadConvert
12:08:00.0 (777990443)|VARIABLE_SCOPE_BEGIN|[1]|this|RMDBatchSubscriptionLeadConvert|true|false
12:08:00.0 (778028004)|VARIABLE_ASSIGNMENT|[1]|this|{}|0x39377e76
12:08:00.0 (778039345)|HEAP_ALLOCATE|[EXTERNAL]|Bytes:5
12:08:00.0 (778066554)|STATEMENT_EXECUTE|[1]
12:08:00.0 (778070894)|HEAP_ALLOCATE|[EXTERNAL]|Bytes:5
12:08:00.0 (778078975)|CONSTRUCTOR_EXIT|[10]|01p2t000000KTG6|<init>()|RMDBatchSubscriptionLeadConvert
12:08:00.0 (778085005)|VARIABLE_SCOPE_BEGIN|[10]|objRMDBatchLeadConvert|RMDBatchSubscriptionLeadConvert|true|false
12:08:00.0 (778098386)|VARIABLE_ASSIGNMENT|[10]|objRMDBatchLeadConvert|{}|0x39377e76
12:08:00.0 (778103155)|STATEMENT_EXECUTE|[11]
12:08:00.0 (865624872)|HEAP_ALLOCATE|[14]|Bytes:118
12:08:00.0 (865654912)|SYSTEM_METHOD_ENTRY|[1]|Test.Test()
12:08:00.0 (865661412)|STATEMENT_EXECUTE|[1]
12:08:00.0 (865676252)|SYSTEM_METHOD_EXIT|[1]|Test
12:08:00.0 (865690753)|METHOD_ENTRY|[14]||System.Test.isRunningTest()
12:08:00.0 (865740813)|METHOD_EXIT|[14]||System.Test.isRunningTest()
12:08:00.0 (865752574)|STATEMENT_EXECUTE|[14]
12:08:00.0 (865755275)|STATEMENT_EXECUTE|[15]
12:08:00.0 (865761124)|HEAP_ALLOCATE|[15]|Bytes:121
12:08:00.0 (865784364)|HEAP_ALLOCATE|[15]|Bytes:4
12:08:00.0 (866456370)|SOQL_EXECUTE_BEGIN|[15]|Aggregations:0|SELECT Id, NextFireTime, CronJobDetail.Name FROM CronTrigger WHERE CronJobDetail.Name = 'SubscriptionLeadConvert' LIMIT 1
12:08:00.0 (883393022)|SOQL_EXECUTE_END|[15]|Rows:1
12:08:00.0 (883439793)|HEAP_ALLOCATE|[15]|Bytes:8
12:08:00.0 (883467503)|HEAP_ALLOCATE|[15]|Bytes:162
12:08:00.0 (883582336)|HEAP_ALLOCATE|[15]|Bytes:8
12:08:00.0 (883605186)|HEAP_ALLOCATE|[15]|Bytes:37
12:08:00.0 (883680098)|HEAP_ALLOCATE|[15]|Bytes:20
12:08:00.0 (883688898)|VARIABLE_SCOPE_BEGIN|[15]|asyncJob|CronTrigger|true|false
12:08:00.0 (883880162)|VARIABLE_ASSIGNMENT|[15]|asyncJob|{"CronJobDetailId":"08ae200000NpPiHAAV","CronJobDetail":{"Name":"SubscriptionLeadConv (3 more) ...","Id":"08ae200000NpPiHAAV"},"Id":"08ee200000Np5YHAAZ","NextFireTime":"2026-04-21T06:38:00.000Z"}|0x6c7ce492
12:08:00.0 (883888752)|STATEMENT_EXECUTE|[16]
12:08:00.0 (883930594)|HEAP_ALLOCATE|[16]|Bytes:18
12:08:00.0 (974057216)|STATEMENT_EXECUTE|[20]
12:08:00.0 (974203989)|HEAP_ALLOCATE|[20]|Bytes:56
12:08:00.0 (974269800)|HEAP_ALLOCATE|[20]|Bytes:56
12:08:00.0 (974296161)|VARIABLE_SCOPE_BEGIN|[20]|dt|Datetime|false|false
12:08:00.0 (974373824)|VARIABLE_ASSIGNMENT|[20]|dt|"2026-04-20T06:43:01.079Z"
12:08:00.0 (974382413)|STATEMENT_EXECUTE|[21]
12:08:00.0 (974452914)|HEAP_ALLOCATE|[21]|Bytes:2
12:08:00.0 (974465775)|VARIABLE_SCOPE_BEGIN|[21]|hr|String|false|false
12:08:00.0 (974477195)|VARIABLE_ASSIGNMENT|[21]|hr|"12"
12:08:00.0 (974481155)|STATEMENT_EXECUTE|[22]
12:08:00.0 (974512987)|HEAP_ALLOCATE|[22]|Bytes:2
12:08:00.0 (974522416)|VARIABLE_SCOPE_BEGIN|[22]|min|String|false|false
12:08:00.0 (974531507)|VARIABLE_ASSIGNMENT|[22]|min|"13"
12:08:00.0 (974536436)|STATEMENT_EXECUTE|[23]
12:08:00.0 (974565508)|HEAP_ALLOCATE|[23]|Bytes:4
12:08:00.0 (974599108)|HEAP_ALLOCATE|[23]|Bytes:2
12:08:00.0 (974609938)|VARIABLE_SCOPE_BEGIN|[23]|currDate|String|false|false
12:08:00.0 (974623488)|VARIABLE_ASSIGNMENT|[23]|currDate|"20"
12:08:00.0 (974627519)|STATEMENT_EXECUTE|[24]
12:08:00.0 (974632258)|HEAP_ALLOCATE|[24]|Bytes:2
12:08:00.0 (974637218)|HEAP_ALLOCATE|[24]|Bytes:1
12:08:00.0 (974642349)|HEAP_ALLOCATE|[24]|Bytes:7
12:08:00.0 (974653179)|HEAP_ALLOCATE|[24]|Bytes:14
12:08:00.0 (974658030)|VARIABLE_SCOPE_BEGIN|[24]|sch|String|false|false
12:08:00.0 (974666430)|VARIABLE_ASSIGNMENT|[24]|sch|"0 13 12 * *  ?"
12:08:00.0 (974670339)|STATEMENT_EXECUTE|[25]
12:08:00.0 (974673230)|HEAP_ALLOCATE|[25]|Bytes:7
12:08:00.0 (974681129)|HEAP_ALLOCATE|[25]|Bytes:21
12:08:00.0 (974716170)|USER_DEBUG|[25]|DEBUG|sch====0 13 12 * *  ?
12:08:00.0 (974726681)|STATEMENT_EXECUTE|[26]
12:08:00.0 (974736290)|HEAP_ALLOCATE|[26]|Bytes:4
12:08:00.0 (974749261)|CONSTRUCTOR_ENTRY|[26]|01p2t000000KTHK|<init>()|RMDSubscriptionLeadConvetSchedulable
12:08:00.0 (974783611)|VARIABLE_SCOPE_BEGIN|[1]|this|RMDSubscriptionLeadConvetSchedulable|true|false
12:08:00.0 (974816683)|VARIABLE_ASSIGNMENT|[1]|this|{}|0x180f209a
12:08:00.0 (974847893)|STATEMENT_EXECUTE|[1]
12:08:00.0 (974853124)|CONSTRUCTOR_EXIT|[26]|01p2t000000KTHK|<init>()|RMDSubscriptionLeadConvetSchedulable
12:08:00.0 (974859964)|VARIABLE_SCOPE_BEGIN|[26]|sch2|RMDSubscriptionLeadConvetSchedulable|true|false
12:08:00.0 (974873794)|VARIABLE_ASSIGNMENT|[26]|sch2|{}|0x180f209a
12:08:00.0 (974878555)|STATEMENT_EXECUTE|[27]
12:08:00.0 (974884054)|HEAP_ALLOCATE|[27]|Bytes:23
12:08:00.0 (974890325)|VARIABLE_SCOPE_BEGIN|[27]|strName|String|false|false
12:08:00.0 (974902094)|VARIABLE_ASSIGNMENT|[27]|strName|"SubscriptionLeadConv (3 more) ..."
12:08:00.0 (974906515)|STATEMENT_EXECUTE|[28]
12:08:01.44 (1044423494)|CUMULATIVE_LIMIT_USAGE
12:08:01.44 (1044423494)|LIMIT_USAGE_FOR_NS|(default)|
  Number of SOQL queries: 2 out of 100
  Number of query rows: 1 out of 50000
  Number of SOSL queries: 0 out of 20
  Number of DML statements: 1 out of 150
  Number of Publish Immediate DML: 0 out of 150
  Number of DML rows: 1 out of 10000
  Maximum CPU time: 0 out of 10000
  Maximum heap size: 0 out of 6000000
  Number of callouts: 0 out of 100
  Number of Email Invocations: 0 out of 10
  Number of future calls: 0 out of 50
  Number of queueable jobs added to the queue: 0 out of 50
  Number of Mobile Apex push calls: 0 out of 10

12:08:01.44 (1044423494)|CUMULATIVE_LIMIT_USAGE_END

12:08:01.44 (1044469834)|CODE_UNIT_FINISHED|SubscriptionLeadConvert
12:08:01.44 (1044495875)|EXECUTION_FINISHED
