65.0 APEX_CODE,FINEST;APEX_PROFILING,INFO;CALLOUT,INFO;DATA_ACCESS,INFO;DB,INFO;NBA,INFO;SYSTEM,DEBUG;VALIDATION,INFO;VISUALFORCE,INFO;WAVE,INFO;WORKFLOW,INFO
16:26:00.0 (370709)|USER_INFO|[EXTERNAL]|0052t000000K4aE|rmdsupport1@timesgroup.com|(GMT+05:30) India Standard Time (Asia/Kolkata)|GMT+05:30
16:26:00.0 (479101)|EXECUTION_STARTED
16:26:00.0 (525182)|CODE_UNIT_STARTED|[EXTERNAL]|01p2t000000KTG6|RMDBatchSubscriptionLeadConvert
16:26:00.0 (3338141)|HEAP_ALLOCATE|[EXTERNAL]|Bytes:4
16:26:00.0 (19844243)|HEAP_ALLOCATE|[95]|Bytes:3
16:26:00.0 (19952436)|HEAP_ALLOCATE|[100]|Bytes:152
16:26:00.0 (19980576)|HEAP_ALLOCATE|[417]|Bytes:408
16:26:00.0 (20001087)|HEAP_ALLOCATE|[430]|Bytes:408
16:26:00.0 (20044838)|HEAP_ALLOCATE|[317]|Bytes:6
16:26:00.0 (20114480)|HEAP_ALLOCATE|[EXTERNAL]|Bytes:11
16:26:00.0 (20166941)|SYSTEM_METHOD_ENTRY|[15]|BatchableContextImpl.BatchableContextImpl()
16:26:00.0 (20188221)|STATEMENT_EXECUTE|[15]
16:26:00.0 (20218982)|SYSTEM_METHOD_EXIT|[15]|BatchableContextImpl
16:26:00.0 (20230532)|HEAP_ALLOCATE|[EXTERNAL]|Bytes:12
16:26:00.0 (20237343)|HEAP_ALLOCATE|[EXTERNAL]|Bytes:4
16:26:00.0 (20264603)|VARIABLE_SCOPE_BEGIN|[31]|this|Database.BatchableContextImpl|true|false
16:26:00.0 (20447178)|VARIABLE_ASSIGNMENT|[31]|this|{}|0x514da6da
16:26:00.0 (20457658)|VARIABLE_SCOPE_BEGIN|[31]|jobId|Id|false|false
16:26:00.0 (20720164)|VARIABLE_ASSIGNMENT|[31]|jobId|"707e200000ofH7SAAU"
16:26:00.0 (20730805)|VARIABLE_SCOPE_BEGIN|[31]|childJobId|Id|false|false
16:26:00.0 (20745165)|VARIABLE_ASSIGNMENT|[31]|childJobId|null
16:26:00.0 (24169718)|HEAP_ALLOCATE|[EXTERNAL]|Bytes:29
16:26:00.0 (24189829)|HEAP_ALLOCATE|[EXTERNAL]|Bytes:81
16:26:00.0 (24194449)|HEAP_ALLOCATE|[EXTERNAL]|Bytes:10
16:26:00.0 (24198559)|HEAP_ALLOCATE|[EXTERNAL]|Bytes:8
16:26:00.0 (24216039)|METHOD_ENTRY|[1]|01p2t000000KTG6|RMDBatchSubscriptionLeadConvert.RMDBatchSubscriptionLeadConvert()
16:26:00.0 (24223060)|STATEMENT_EXECUTE|[1]
16:26:00.0 (24230330)|STATEMENT_EXECUTE|[1]
16:26:00.0 (24256450)|HEAP_ALLOCATE|[68]|Bytes:5
16:26:00.0 (24322782)|HEAP_ALLOCATE|[74]|Bytes:5
16:26:00.0 (24334972)|HEAP_ALLOCATE|[82]|Bytes:7
16:26:00.0 (24569118)|HEAP_ALLOCATE|[EXTERNAL]|Bytes:5
16:26:00.0 (24576588)|STATEMENT_EXECUTE|[2]
16:26:00.0 (24589619)|METHOD_EXIT|[1]|RMDBatchSubscriptionLeadConvert
16:26:00.0 (24596419)|HEAP_ALLOCATE|[EXTERNAL]|Bytes:4
16:26:00.0 (24601159)|HEAP_ALLOCATE|[EXTERNAL]|Bytes:12
16:26:00.0 (24622379)|VARIABLE_SCOPE_BEGIN|[4]|this|RMDBatchSubscriptionLeadConvert|true|false
16:26:00.0 (24660040)|VARIABLE_ASSIGNMENT|[4]|this|{}|0x1712acdf
16:26:00.0 (24665990)|VARIABLE_SCOPE_BEGIN|[4]|BC|Database.BatchableContext|true|false
16:26:00.0 (24759733)|VARIABLE_ASSIGNMENT|[4]|BC|{"jobId":"707e200000ofH7SAAU"}|0x514da6da
16:26:00.0 (24773843)|HEAP_ALLOCATE|[10]|Bytes:5
16:26:00.0 (24779213)|STATEMENT_EXECUTE|[4]
16:26:00.0 (24781413)|STATEMENT_EXECUTE|[10]
16:26:00.0 (24784953)|HEAP_ALLOCATE|[10]|Bytes:404
16:26:00.0 (24796794)|VARIABLE_SCOPE_BEGIN|[10]|query|String|false|false
16:26:00.0 (24813314)|VARIABLE_ASSIGNMENT|[10]|query|"Select Id,RMD_Subscr (384 more) ..."
16:26:00.0 (24817264)|STATEMENT_EXECUTE|[14]
16:26:00.0 (28376761)|SOQL_EXECUTE_BEGIN|[14]|Aggregations:0|Select Id,RMD_Subscriber_Payment_Id__c,RMD_Payment_Transaction_Id__c,RMD_Payment_Type__c,RMD_Lead__r.recordType.Name,RMD_Selected_Scheme_Detail__c,RMD_Lead__c,RMD_Opportunity__c,RMD_Account__c from RMD_Payment_Transaction__c where RMD_Payment_Status__c = 'Success' and RMD_Lead__c != null and RMD_Lead__r.IsConverted = false and LastModifiedDate = Today and RMD_Lead__r.LeadSource = 'Subscription Portal'
16:26:00.0 (182924456)|SOQL_EXECUTE_END|[14]|Rows:1
16:26:00.0 (183003798)|HEAP_ALLOCATE|[14]|Bytes:20
16:26:00.209 (209546695)|CUMULATIVE_LIMIT_USAGE
16:26:00.209 (209546695)|LIMIT_USAGE_FOR_NS|(default)|
  Number of SOQL queries: 0 out of 200
  Number of query rows: 0 out of 50000
  Number of SOSL queries: 0 out of 20
  Number of DML statements: 0 out of 150
  Number of Publish Immediate DML: 0 out of 150
  Number of DML rows: 0 out of 10000
  Maximum CPU time: 0 out of 60000
  Maximum heap size: 0 out of 12000000
  Number of callouts: 0 out of 0
  Number of Email Invocations: 0 out of 10
  Number of future calls: 0 out of 0
  Number of queueable jobs added to the queue: 0 out of 1
  Number of Mobile Apex push calls: 0 out of 10

16:26:00.209 (209546695)|CUMULATIVE_LIMIT_USAGE_END

16:26:00.0 (209623897)|CODE_UNIT_FINISHED|RMDBatchSubscriptionLeadConvert
16:26:00.0 (209652148)|EXECUTION_FINISHED
