66.0 APEX_CODE,FINEST;APEX_PROFILING,INFO;CALLOUT,INFO;DATA_ACCESS,INFO;DB,INFO;NBA,INFO;SYSTEM,DEBUG;VALIDATION,INFO;VISUALFORCE,INFO;WAVE,INFO;WORKFLOW,INFO
16:15:25.0 (372708)|USER_INFO|[EXTERNAL]|0052t000000K4aE|rmdsupport1@timesgroup.com|(GMT+05:30) India Standard Time (Asia/Kolkata)|GMT+05:30
16:15:25.0 (2472867)|FLOW_CREATE_INTERVIEW_BEGIN|00D7F000005Cdii|3002t0000004QPx|301Ie000000gAAo
16:15:25.0 (2566739)|FLOW_CREATE_INTERVIEW_END|9889e8184ec9893204de2a16710819d9af73792-55fa|Send Whatsapp Message On Order Confirmed
16:15:25.3 (3918401)|USER_INFO|[EXTERNAL]|0052t000000K4aE|rmdsupport1@timesgroup.com|(GMT+05:30) India Standard Time (Asia/Kolkata)|GMT+05:30
16:15:25.3 (3950771)|FLOW_START_INTERVIEWS_BEGIN|1
16:15:25.3 (3988953)|FLOW_START_INTERVIEW_BEGIN|9889e8184ec9893204de2a16710819d9af73792-55fa|Send Whatsapp Message On Order Confirmed
16:15:25.3 (4199208)|FLOW_START_INTERVIEW_END|9889e8184ec9893204de2a16710819d9af73792-55fa|Send Whatsapp Message On Order Confirmed
16:15:25.44 (44719918)|CODE_UNIT_STARTED|[EXTERNAL]|01p2t000002TDko|OrderCofirmationEmailLink.sendEmailLinkConfirmOrder(List<Id>)
16:15:25.44 (44789419)|HEAP_ALLOCATE|[EXTERNAL]|Bytes:8
16:15:25.44 (45108147)|HEAP_ALLOCATE|[95]|Bytes:3
16:15:25.44 (45178819)|HEAP_ALLOCATE|[100]|Bytes:152
16:15:25.44 (45197809)|HEAP_ALLOCATE|[417]|Bytes:408
16:15:25.44 (45211949)|HEAP_ALLOCATE|[430]|Bytes:408
16:15:25.44 (45236610)|HEAP_ALLOCATE|[317]|Bytes:6
16:15:25.44 (45252890)|HEAP_ALLOCATE|[EXTERNAL]|Bytes:69
16:15:25.44 (45258160)|HEAP_ALLOCATE|[EXTERNAL]|Bytes:7
16:15:25.44 (45261520)|HEAP_ALLOCATE|[EXTERNAL]|Bytes:24
16:15:25.44 (45295111)|METHOD_ENTRY|[1]|01p2t000002TDko|OrderCofirmationEmailLink.OrderCofirmationEmailLink()
16:15:25.44 (45313382)|STATEMENT_EXECUTE|[1]
16:15:25.44 (45325612)|STATEMENT_EXECUTE|[1]
16:15:25.44 (45327922)|STATEMENT_EXECUTE|[95]
16:15:25.44 (45330263)|STATEMENT_EXECUTE|[99]
16:15:25.44 (45332352)|STATEMENT_EXECUTE|[105]
16:15:25.44 (45334642)|STATEMENT_EXECUTE|[111]
16:15:25.44 (45336663)|STATEMENT_EXECUTE|[121]
16:15:25.44 (45338812)|STATEMENT_EXECUTE|[131]
16:15:25.44 (45349783)|METHOD_EXIT|[1]|OrderCofirmationEmailLink
16:15:25.44 (45393603)|HEAP_ALLOCATE|[EXTERNAL]|Bytes:8
16:15:25.44 (45426924)|VARIABLE_SCOPE_BEGIN|[4]|accIds|List<Id>|true|false
16:15:25.44 (45542007)|VARIABLE_ASSIGNMENT|[4]|accIds|["0012t000009yQTnAAM"]|0x117fc83b
16:15:25.44 (45558318)|STATEMENT_EXECUTE|[4]
16:15:25.44 (45561638)|STATEMENT_EXECUTE|[5]
16:15:25.44 (45566857)|HEAP_ALLOCATE|[5]|Bytes:37
16:15:25.44 (45730322)|HEAP_ALLOCATE|[5]|Bytes:20
16:15:25.44 (45765582)|HEAP_ALLOCATE|[5]|Bytes:57
16:15:25.44 (45791283)|HEAP_ALLOCATE|[68]|Bytes:5
16:15:25.44 (45820893)|HEAP_ALLOCATE|[74]|Bytes:5
16:15:25.44 (45831114)|HEAP_ALLOCATE|[82]|Bytes:7
16:15:25.44 (45885334)|USER_DEBUG|[5]|DEBUG|---accIds-Rahul--InvocableMethod-@@@-(0012t000009yQTnAAM)
16:15:25.44 (45894975)|STATEMENT_EXECUTE|[6]
16:15:25.44 (45899065)|HEAP_ALLOCATE|[6]|Bytes:182
16:15:25.44 (45917076)|HEAP_ALLOCATE|[6]|Bytes:4
16:15:25.44 (45930305)|HEAP_ALLOCATE|[6]|Bytes:7
16:15:25.44 (47115103)|SOQL_EXECUTE_BEGIN|[6]|Aggregations:0|SELECT id, Name, RMD_Opt_In__c, RMD_SMS_Mobile__c, Email_Verification_Link__c FROM Account WHERE (Id IN :tmpVar1 AND Email_Verification_Link__c != NULL AND Email_Verified__c = FALSE)
16:15:25.44 (56546693)|SOQL_EXECUTE_END|[6]|Rows:0
16:15:25.44 (56585792)|HEAP_ALLOCATE|[6]|Bytes:4
16:15:25.44 (56609244)|HEAP_ALLOCATE|[6]|Bytes:0
16:15:25.44 (56720947)|HEAP_ALLOCATE|[6]|Bytes:4
16:15:25.44 (56741516)|HEAP_ALLOCATE|[6]|Bytes:33
16:15:25.44 (57022922)|HEAP_ALLOCATE|[6]|Bytes:46
16:15:25.44 (57142836)|FATAL_ERROR|System.QueryException: List has no rows for assignment to SObject

Class.OrderCofirmationEmailLink.sendEmailLinkConfirmOrder: line 6, column 1
16:15:25.44 (57155786)|FATAL_ERROR|System.QueryException: List has no rows for assignment to SObject

Class.OrderCofirmationEmailLink.sendEmailLinkConfirmOrder: line 6, column 1
16:15:25.57 (57187287)|CUMULATIVE_LIMIT_USAGE
16:15:25.57 (57187287)|LIMIT_USAGE_FOR_NS|(default)|
  Number of SOQL queries: 1 out of 200
  Number of query rows: 0 out of 50000
  Number of SOSL queries: 0 out of 20
  Number of DML statements: 0 out of 150
  Number of Publish Immediate DML: 0 out of 150
  Number of DML rows: 0 out of 10000
  Maximum CPU time: 9 out of 60000
  Maximum heap size: 0 out of 12000000
  Number of callouts: 0 out of 100
  Number of Email Invocations: 0 out of 10
  Number of future calls: 0 out of 50
  Number of queueable jobs added to the queue: 0 out of 50
  Number of Mobile Apex push calls: 0 out of 10

16:15:25.57 (57187287)|CUMULATIVE_LIMIT_USAGE_END

16:15:25.44 (57245578)|CODE_UNIT_FINISHED|OrderCofirmationEmailLink.sendEmailLinkConfirmOrder(List<Id>)
16:15:25.3 (290336408)|FLOW_ELEMENT_ERROR|An Apex error occurred: System.QueryException: List has no rows for assignment to SObject
|FlowActionCall|Send_Whatsapp_Message_On_Order_Confirm
16:15:25.3 (290680476)|FLOW_START_INTERVIEWS_END|1
