65.0 APEX_CODE,FINEST;APEX_PROFILING,INFO;CALLOUT,INFO;DATA_ACCESS,INFO;DB,INFO;NBA,INFO;SYSTEM,DEBUG;VALIDATION,INFO;VISUALFORCE,INFO;WAVE,INFO;WORKFLOW,INFO
16:16:01.0 (314178)|USER_INFO|[EXTERNAL]|0052t000000K4aE|rmdsupport1@timesgroup.com|(GMT+05:30) India Standard Time (Asia/Kolkata)|GMT+05:30
16:16:01.0 (406651)|EXECUTION_STARTED
16:16:01.0 (453602)|CODE_UNIT_STARTED|[EXTERNAL]|01p2t000000KTG6|RMDBatchSubscriptionLeadConvert
16:16:01.0 (7124312)|HEAP_ALLOCATE|[EXTERNAL]|Bytes:4
16:16:01.0 (13773481)|HEAP_ALLOCATE|[95]|Bytes:3
16:16:01.0 (13870354)|HEAP_ALLOCATE|[100]|Bytes:152
16:16:01.0 (13888914)|HEAP_ALLOCATE|[417]|Bytes:408
16:16:01.0 (13902385)|HEAP_ALLOCATE|[430]|Bytes:408
16:16:01.0 (13924125)|HEAP_ALLOCATE|[317]|Bytes:6
16:16:01.0 (13957896)|HEAP_ALLOCATE|[EXTERNAL]|Bytes:11
16:16:01.0 (14019178)|SYSTEM_METHOD_ENTRY|[15]|BatchableContextImpl.BatchableContextImpl()
16:16:01.0 (14041568)|STATEMENT_EXECUTE|[15]
16:16:01.0 (14073559)|SYSTEM_METHOD_EXIT|[15]|BatchableContextImpl
16:16:01.0 (14081869)|HEAP_ALLOCATE|[EXTERNAL]|Bytes:12
16:16:01.0 (14086230)|HEAP_ALLOCATE|[EXTERNAL]|Bytes:4
16:16:01.0 (14089440)|HEAP_ALLOCATE|[EXTERNAL]|Bytes:4
16:16:01.0 (14111760)|VARIABLE_SCOPE_BEGIN|[31]|this|Database.BatchableContextImpl|true|false
16:16:01.0 (14232993)|VARIABLE_ASSIGNMENT|[31]|this|{}|0x407e92a
16:16:01.0 (14241654)|VARIABLE_SCOPE_BEGIN|[31]|jobId|Id|false|false
16:16:01.0 (14345896)|VARIABLE_ASSIGNMENT|[31]|jobId|"707e200000ofkNYAAY"
16:16:01.0 (14350987)|VARIABLE_SCOPE_BEGIN|[31]|childJobId|Id|false|false
16:16:01.0 (14366257)|VARIABLE_ASSIGNMENT|[31]|childJobId|"707e200000ofFdkAAE"
16:16:01.0 (43714129)|HEAP_ALLOCATE|[EXTERNAL]|Bytes:8
16:16:24.797 (23797163515)|CUMULATIVE_LIMIT_USAGE
16:16:24.797 (23797163515)|LIMIT_USAGE_FOR_NS|(default)|
  Number of SOQL queries: 0 out of 200
  Number of query rows: 0 out of 50000
  Number of SOSL queries: 0 out of 20
  Number of DML statements: 0 out of 150
  Number of Publish Immediate DML: 0 out of 150
  Number of DML rows: 0 out of 10000
  Maximum CPU time: 0 out of 60000
  Maximum heap size: 0 out of 12000000
  Number of callouts: 0 out of 0
  Number of Email Invocations: 0 out of 10
  Number of future calls: 0 out of 0
  Number of queueable jobs added to the queue: 0 out of 1
  Number of Mobile Apex push calls: 0 out of 10

16:16:24.797 (23797163515)|CUMULATIVE_LIMIT_USAGE_END

16:16:24.797 (23797272217)|CODE_UNIT_FINISHED|RMDBatchSubscriptionLeadConvert
16:16:24.797 (23797301588)|EXECUTION_FINISHED
