65.0 APEX_CODE,FINEST;APEX_PROFILING,INFO;CALLOUT,INFO;DATA_ACCESS,INFO;DB,INFO;NBA,INFO;SYSTEM,DEBUG;VALIDATION,INFO;VISUALFORCE,INFO;WAVE,INFO;WORKFLOW,INFO
16:36:03.0 (293589)|USER_INFO|[EXTERNAL]|0052t000000K4aE|rmdsupport1@timesgroup.com|(GMT+05:30) India Standard Time (Asia/Kolkata)|GMT+05:30
16:36:03.0 (363321)|EXECUTION_STARTED
16:36:03.0 (402683)|CODE_UNIT_STARTED|[EXTERNAL]|01p2t000000KTG6|RMDBatchSubscriptionLeadConvert
16:36:03.0 (5215283)|HEAP_ALLOCATE|[EXTERNAL]|Bytes:4
16:36:03.0 (24194350)|HEAP_ALLOCATE|[95]|Bytes:3
16:36:03.0 (24280823)|HEAP_ALLOCATE|[100]|Bytes:152
16:36:03.0 (24300504)|HEAP_ALLOCATE|[417]|Bytes:408
16:36:03.0 (24329954)|HEAP_ALLOCATE|[430]|Bytes:408
16:36:03.0 (24361355)|HEAP_ALLOCATE|[317]|Bytes:6
16:36:03.0 (24405526)|HEAP_ALLOCATE|[EXTERNAL]|Bytes:11
16:36:03.0 (24446197)|SYSTEM_METHOD_ENTRY|[15]|BatchableContextImpl.BatchableContextImpl()
16:36:03.0 (24467278)|STATEMENT_EXECUTE|[15]
16:36:03.0 (24493838)|SYSTEM_METHOD_EXIT|[15]|BatchableContextImpl
16:36:03.0 (24503110)|HEAP_ALLOCATE|[EXTERNAL]|Bytes:12
16:36:03.0 (24508480)|HEAP_ALLOCATE|[EXTERNAL]|Bytes:4
16:36:03.0 (24526550)|VARIABLE_SCOPE_BEGIN|[31]|this|Database.BatchableContextImpl|true|false
16:36:03.0 (24664304)|VARIABLE_ASSIGNMENT|[31]|this|{}|0x129f7fdd
16:36:03.0 (24670955)|VARIABLE_SCOPE_BEGIN|[31]|jobId|Id|false|false
16:36:03.0 (24967563)|VARIABLE_ASSIGNMENT|[31]|jobId|"707e200000ofrTaAAI"
16:36:03.0 (24974582)|VARIABLE_SCOPE_BEGIN|[31]|childJobId|Id|false|false
16:36:03.0 (24985543)|VARIABLE_ASSIGNMENT|[31]|childJobId|null
16:36:03.0 (26868249)|HEAP_ALLOCATE|[EXTERNAL]|Bytes:29
16:36:03.0 (26883109)|HEAP_ALLOCATE|[EXTERNAL]|Bytes:81
16:36:03.0 (26888839)|HEAP_ALLOCATE|[EXTERNAL]|Bytes:10
16:36:03.0 (26893690)|HEAP_ALLOCATE|[EXTERNAL]|Bytes:8
16:36:03.0 (26904890)|METHOD_ENTRY|[1]|01p2t000000KTG6|RMDBatchSubscriptionLeadConvert.RMDBatchSubscriptionLeadConvert()
16:36:03.0 (26930891)|STATEMENT_EXECUTE|[1]
16:36:03.0 (26936451)|STATEMENT_EXECUTE|[1]
16:36:03.0 (26959031)|HEAP_ALLOCATE|[68]|Bytes:5
16:36:03.0 (26984482)|HEAP_ALLOCATE|[74]|Bytes:5
16:36:03.0 (26997312)|HEAP_ALLOCATE|[82]|Bytes:7
16:36:03.0 (27192499)|HEAP_ALLOCATE|[EXTERNAL]|Bytes:5
16:36:03.0 (27201359)|STATEMENT_EXECUTE|[2]
16:36:03.0 (27214008)|METHOD_EXIT|[1]|RMDBatchSubscriptionLeadConvert
16:36:03.0 (27226209)|HEAP_ALLOCATE|[EXTERNAL]|Bytes:4
16:36:03.0 (27231129)|HEAP_ALLOCATE|[EXTERNAL]|Bytes:12
16:36:03.0 (27250350)|VARIABLE_SCOPE_BEGIN|[4]|this|RMDBatchSubscriptionLeadConvert|true|false
16:36:03.0 (27278361)|VARIABLE_ASSIGNMENT|[4]|this|{}|0x5cc06a07
16:36:03.0 (27285791)|VARIABLE_SCOPE_BEGIN|[4]|BC|Database.BatchableContext|true|false
16:36:03.0 (27365314)|VARIABLE_ASSIGNMENT|[4]|BC|{"jobId":"707e200000ofrTaAAI"}|0x129f7fdd
16:36:03.0 (27383464)|HEAP_ALLOCATE|[10]|Bytes:5
16:36:03.0 (27390244)|STATEMENT_EXECUTE|[4]
16:36:03.0 (27393213)|STATEMENT_EXECUTE|[10]
16:36:03.0 (27397894)|HEAP_ALLOCATE|[10]|Bytes:404
16:36:03.0 (27407285)|VARIABLE_SCOPE_BEGIN|[10]|query|String|false|false
16:36:03.0 (27427765)|VARIABLE_ASSIGNMENT|[10]|query|"Select Id,RMD_Subscr (384 more) ..."
16:36:03.0 (27433876)|STATEMENT_EXECUTE|[14]
16:36:03.0 (30939708)|SOQL_EXECUTE_BEGIN|[14]|Aggregations:0|Select Id,RMD_Subscriber_Payment_Id__c,RMD_Payment_Transaction_Id__c,RMD_Payment_Type__c,RMD_Lead__r.recordType.Name,RMD_Selected_Scheme_Detail__c,RMD_Lead__c,RMD_Opportunity__c,RMD_Account__c from RMD_Payment_Transaction__c where RMD_Payment_Status__c = 'Success' and RMD_Lead__c != null and RMD_Lead__r.IsConverted = false and LastModifiedDate = Today and RMD_Lead__r.LeadSource = 'Subscription Portal'
16:36:03.0 (765656041)|SOQL_EXECUTE_END|[14]|Rows:0
16:36:03.784 (784075851)|CUMULATIVE_LIMIT_USAGE
16:36:03.784 (784075851)|LIMIT_USAGE_FOR_NS|(default)|
  Number of SOQL queries: 0 out of 200
  Number of query rows: 0 out of 50000
  Number of SOSL queries: 0 out of 20
  Number of DML statements: 0 out of 150
  Number of Publish Immediate DML: 0 out of 150
  Number of DML rows: 0 out of 10000
  Maximum CPU time: 0 out of 60000
  Maximum heap size: 0 out of 12000000
  Number of callouts: 0 out of 0
  Number of Email Invocations: 0 out of 10
  Number of future calls: 0 out of 0
  Number of queueable jobs added to the queue: 0 out of 1
  Number of Mobile Apex push calls: 0 out of 10

16:36:03.784 (784075851)|CUMULATIVE_LIMIT_USAGE_END

16:36:03.0 (784244976)|CODE_UNIT_FINISHED|RMDBatchSubscriptionLeadConvert
16:36:03.0 (784276427)|EXECUTION_FINISHED
