66.0 APEX_CODE,FINEST;APEX_PROFILING,INFO;CALLOUT,INFO;DATA_ACCESS,INFO;DB,INFO;NBA,INFO;SYSTEM,DEBUG;VALIDATION,INFO;VISUALFORCE,INFO;WAVE,INFO;WORKFLOW,INFO
17:34:42.0 (227485)|USER_INFO|[EXTERNAL]|0052t000000K4aE|rmdsupport1@timesgroup.com|(GMT+05:30) India Standard Time (Asia/Kolkata)|GMT+05:30
17:34:42.0 (303477)|EXECUTION_STARTED
17:34:42.0 (315637)|CODE_UNIT_STARTED|[EXTERNAL]|Validation:User:005Ie000000gkt6
17:34:42.0 (332237)|VALIDATION_RULE|03d2t0000004EiZ|BP_ID_Not_greater_than_10_character
17:34:42.0 (689415)|VALIDATION_FORMULA|OR(
LEN( RMD_BP_ID__c ) >10,
NOT(ISNUMBER(RMD_BP_ID__c ))
)|RMD_BP_ID__c=21751231
17:34:42.0 (696995)|VALIDATION_PASS
17:34:42.0 (704065)|CODE_UNIT_FINISHED|Validation:User:005Ie000000gkt6
17:34:42.0 (716685)|EXECUTION_FINISHED
17:34:42.93 (93331372)|USER_INFO|[EXTERNAL]|0052t000000K4aE|rmdsupport1@timesgroup.com|(GMT+05:30) India Standard Time (Asia/Kolkata)|GMT+05:30
17:34:42.93 (93479415)|EXECUTION_STARTED
17:34:42.93 (93489805)|CODE_UNIT_STARTED|[EXTERNAL]|Validation:NetworkMember:0DOIe000000g0QC
17:34:42.93 (93498295)|VALIDATION_RULE|NonNegativeReputationPoints|NonNegativeReputationPoints
17:34:42.93 (93691110)|VALIDATION_FORMULA|ReputationPoints<0|ReputationPoints=1
17:34:42.93 (93695650)|VALIDATION_PASS
17:34:42.93 (93700040)|CODE_UNIT_FINISHED|Validation:NetworkMember:0DOIe000000g0QC
17:34:42.93 (93712010)|EXECUTION_FINISHED
17:34:42.94 (94000826)|USER_INFO|[EXTERNAL]|0052t000000K4aE|rmdsupport1@timesgroup.com|(GMT+05:30) India Standard Time (Asia/Kolkata)|GMT+05:30
17:34:42.94 (94010366)|EXECUTION_STARTED
17:34:42.94 (94014536)|CODE_UNIT_STARTED|[EXTERNAL]|Validation:NetworkMember:0DOe2000000JSAm
17:34:42.94 (94021597)|VALIDATION_RULE|NonNegativeReputationPoints|NonNegativeReputationPoints
17:34:42.94 (94105218)|VALIDATION_FORMULA|ReputationPoints<0|ReputationPoints=1
17:34:42.94 (94108288)|VALIDATION_PASS
17:34:42.94 (94110378)|CODE_UNIT_FINISHED|Validation:NetworkMember:0DOe2000000JSAm
17:34:42.94 (94119319)|EXECUTION_FINISHED
