66.0 APEX_CODE,FINEST;APEX_PROFILING,INFO;CALLOUT,INFO;DATA_ACCESS,INFO;DB,INFO;NBA,INFO;SYSTEM,DEBUG;VALIDATION,INFO;VISUALFORCE,INFO;WAVE,INFO;WORKFLOW,INFO
17:09:25.0 (453141)|USER_INFO|[EXTERNAL]|0052t000000K4aE|rmdsupport1@timesgroup.com|(GMT+05:30) India Standard Time (Asia/Kolkata)|GMT+05:30
17:09:25.0 (2568316)|FLOW_CREATE_INTERVIEW_BEGIN|00D7F000005Cdii|3002t0000004QPx|301Ie000000gAAo
17:09:25.0 (2702340)|FLOW_CREATE_INTERVIEW_END|177510fb5d421d83276d5d884dab19d9b2fed1f-32f8|Send Whatsapp Message On Order Confirmed
17:09:25.4 (4477576)|USER_INFO|[EXTERNAL]|0052t000000K4aE|rmdsupport1@timesgroup.com|(GMT+05:30) India Standard Time (Asia/Kolkata)|GMT+05:30
17:09:25.4 (4532267)|FLOW_START_INTERVIEWS_BEGIN|1
17:09:25.4 (4588428)|FLOW_START_INTERVIEW_BEGIN|177510fb5d421d83276d5d884dab19d9b2fed1f-32f8|Send Whatsapp Message On Order Confirmed
17:09:25.4 (4856546)|FLOW_START_INTERVIEW_END|177510fb5d421d83276d5d884dab19d9b2fed1f-32f8|Send Whatsapp Message On Order Confirmed
17:09:25.60 (60299970)|CODE_UNIT_STARTED|[EXTERNAL]|01p2t000002TDko|OrderCofirmationEmailLink.sendEmailLinkConfirmOrder(List<Id>)
17:09:25.60 (60424622)|HEAP_ALLOCATE|[EXTERNAL]|Bytes:8
17:09:25.60 (60759512)|HEAP_ALLOCATE|[95]|Bytes:3
17:09:25.60 (60829722)|HEAP_ALLOCATE|[100]|Bytes:152
17:09:25.60 (60849354)|HEAP_ALLOCATE|[417]|Bytes:408
17:09:25.60 (60869213)|HEAP_ALLOCATE|[430]|Bytes:408
17:09:25.60 (60900894)|HEAP_ALLOCATE|[317]|Bytes:6
17:09:25.60 (60919796)|HEAP_ALLOCATE|[EXTERNAL]|Bytes:69
17:09:25.60 (60926706)|HEAP_ALLOCATE|[EXTERNAL]|Bytes:7
17:09:25.60 (60931765)|HEAP_ALLOCATE|[EXTERNAL]|Bytes:24
17:09:25.60 (60963067)|METHOD_ENTRY|[1]|01p2t000002TDko|OrderCofirmationEmailLink.OrderCofirmationEmailLink()
17:09:25.60 (60986397)|STATEMENT_EXECUTE|[1]
17:09:25.60 (60999878)|STATEMENT_EXECUTE|[1]
17:09:25.60 (61002857)|STATEMENT_EXECUTE|[95]
17:09:25.60 (61006457)|STATEMENT_EXECUTE|[99]
17:09:25.60 (61009097)|STATEMENT_EXECUTE|[105]
17:09:25.60 (61011908)|STATEMENT_EXECUTE|[111]
17:09:25.60 (61014468)|STATEMENT_EXECUTE|[121]
17:09:25.60 (61017078)|STATEMENT_EXECUTE|[131]
17:09:25.60 (61026967)|METHOD_EXIT|[1]|OrderCofirmationEmailLink
17:09:25.60 (61078990)|HEAP_ALLOCATE|[EXTERNAL]|Bytes:8
17:09:25.60 (61175541)|VARIABLE_SCOPE_BEGIN|[4]|accIds|List<Id>|true|false
17:09:25.60 (61284304)|VARIABLE_ASSIGNMENT|[4]|accIds|["0012t00000QT7DMAA1"]|0x7f7d339b
17:09:25.60 (61300984)|STATEMENT_EXECUTE|[4]
17:09:25.60 (61303864)|STATEMENT_EXECUTE|[5]
17:09:25.60 (61310805)|HEAP_ALLOCATE|[5]|Bytes:37
17:09:25.60 (61425208)|HEAP_ALLOCATE|[5]|Bytes:20
17:09:25.60 (61496269)|HEAP_ALLOCATE|[5]|Bytes:57
17:09:25.60 (61527411)|HEAP_ALLOCATE|[68]|Bytes:5
17:09:25.60 (61556042)|HEAP_ALLOCATE|[74]|Bytes:5
17:09:25.60 (61566702)|HEAP_ALLOCATE|[82]|Bytes:7
17:09:25.60 (61601203)|USER_DEBUG|[5]|DEBUG|---accIds-Rahul--InvocableMethod-@@@-(0012t00000QT7DMAA1)
17:09:25.60 (61611703)|STATEMENT_EXECUTE|[6]
17:09:25.60 (61615293)|HEAP_ALLOCATE|[6]|Bytes:182
17:09:25.60 (61630014)|HEAP_ALLOCATE|[6]|Bytes:4
17:09:25.60 (61642324)|HEAP_ALLOCATE|[6]|Bytes:7
17:09:25.60 (62752542)|SOQL_EXECUTE_BEGIN|[6]|Aggregations:0|SELECT id, Name, RMD_Opt_In__c, RMD_SMS_Mobile__c, Email_Verification_Link__c FROM Account WHERE (Id IN :tmpVar1 AND Email_Verification_Link__c != NULL AND Email_Verified__c = FALSE)
17:09:25.60 (68330155)|SOQL_EXECUTE_END|[6]|Rows:0
17:09:25.60 (68375636)|HEAP_ALLOCATE|[6]|Bytes:4
17:09:25.60 (68396987)|HEAP_ALLOCATE|[6]|Bytes:0
17:09:25.60 (68524320)|HEAP_ALLOCATE|[6]|Bytes:4
17:09:25.60 (68548611)|HEAP_ALLOCATE|[6]|Bytes:33
17:09:25.60 (68896970)|HEAP_ALLOCATE|[6]|Bytes:46
17:09:25.60 (69068635)|FATAL_ERROR|System.QueryException: List has no rows for assignment to SObject

Class.OrderCofirmationEmailLink.sendEmailLinkConfirmOrder: line 6, column 1
17:09:25.60 (69088725)|FATAL_ERROR|System.QueryException: List has no rows for assignment to SObject

Class.OrderCofirmationEmailLink.sendEmailLinkConfirmOrder: line 6, column 1
17:09:25.69 (69115096)|CUMULATIVE_LIMIT_USAGE
17:09:25.69 (69115096)|LIMIT_USAGE_FOR_NS|(default)|
  Number of SOQL queries: 1 out of 200
  Number of query rows: 0 out of 50000
  Number of SOSL queries: 0 out of 20
  Number of DML statements: 0 out of 150
  Number of Publish Immediate DML: 0 out of 150
  Number of DML rows: 0 out of 10000
  Maximum CPU time: 12 out of 60000
  Maximum heap size: 0 out of 12000000
  Number of callouts: 0 out of 100
  Number of Email Invocations: 0 out of 10
  Number of future calls: 0 out of 50
  Number of queueable jobs added to the queue: 0 out of 50
  Number of Mobile Apex push calls: 0 out of 10

17:09:25.69 (69115096)|CUMULATIVE_LIMIT_USAGE_END

17:09:25.60 (69166897)|CODE_UNIT_FINISHED|OrderCofirmationEmailLink.sendEmailLinkConfirmOrder(List<Id>)
17:09:25.4 (307461529)|FLOW_ELEMENT_ERROR|An Apex error occurred: System.QueryException: List has no rows for assignment to SObject
|FlowActionCall|Send_Whatsapp_Message_On_Order_Confirm
17:09:25.4 (307943961)|FLOW_START_INTERVIEWS_END|1
