65.0 APEX_CODE,FINEST;APEX_PROFILING,INFO;CALLOUT,INFO;DATA_ACCESS,INFO;DB,INFO;NBA,INFO;SYSTEM,DEBUG;VALIDATION,INFO;VISUALFORCE,INFO;WAVE,INFO;WORKFLOW,INFO
17:36:01.0 (225266)|USER_INFO|[EXTERNAL]|0052t000000K4aE|rmdsupport1@timesgroup.com|(GMT+05:30) India Standard Time (Asia/Kolkata)|GMT+05:30
17:36:01.0 (263007)|EXECUTION_STARTED
17:36:01.0 (276907)|CODE_UNIT_STARTED|[EXTERNAL]|01p2t000000KTG6|RMDBatchSubscriptionLeadConvert
17:36:01.0 (3031238)|HEAP_ALLOCATE|[EXTERNAL]|Bytes:4
17:36:01.0 (28781358)|HEAP_ALLOCATE|[95]|Bytes:3
17:36:01.0 (28827879)|HEAP_ALLOCATE|[100]|Bytes:152
17:36:01.0 (28845020)|HEAP_ALLOCATE|[417]|Bytes:408
17:36:01.0 (28860010)|HEAP_ALLOCATE|[430]|Bytes:408
17:36:01.0 (28889461)|HEAP_ALLOCATE|[317]|Bytes:6
17:36:01.0 (28929542)|HEAP_ALLOCATE|[EXTERNAL]|Bytes:11
17:36:01.0 (28943012)|SYSTEM_METHOD_ENTRY|[15]|BatchableContextImpl.BatchableContextImpl()
17:36:01.0 (28949671)|STATEMENT_EXECUTE|[15]
17:36:01.0 (28958831)|SYSTEM_METHOD_EXIT|[15]|BatchableContextImpl
17:36:01.0 (28966763)|HEAP_ALLOCATE|[EXTERNAL]|Bytes:12
17:36:01.0 (28971463)|HEAP_ALLOCATE|[EXTERNAL]|Bytes:4
17:36:01.0 (28976472)|VARIABLE_SCOPE_BEGIN|[31]|this|Database.BatchableContextImpl|true|false
17:36:01.0 (29063165)|VARIABLE_ASSIGNMENT|[31]|this|{}|0x23669f41
17:36:01.0 (29069145)|VARIABLE_SCOPE_BEGIN|[31]|jobId|Id|false|false
17:36:01.0 (29164748)|VARIABLE_ASSIGNMENT|[31]|jobId|"707e200000ogHGgAAM"
17:36:01.0 (29169917)|VARIABLE_SCOPE_BEGIN|[31]|childJobId|Id|false|false
17:36:01.0 (29178578)|VARIABLE_ASSIGNMENT|[31]|childJobId|null
17:36:01.0 (31719763)|HEAP_ALLOCATE|[EXTERNAL]|Bytes:29
17:36:01.0 (31734983)|HEAP_ALLOCATE|[EXTERNAL]|Bytes:81
17:36:01.0 (31739564)|HEAP_ALLOCATE|[EXTERNAL]|Bytes:10
17:36:01.0 (31743134)|HEAP_ALLOCATE|[EXTERNAL]|Bytes:8
17:36:01.0 (31752924)|METHOD_ENTRY|[1]|01p2t000000KTG6|RMDBatchSubscriptionLeadConvert.RMDBatchSubscriptionLeadConvert()
17:36:01.0 (31759954)|STATEMENT_EXECUTE|[1]
17:36:01.0 (31764434)|STATEMENT_EXECUTE|[1]
17:36:01.0 (31783344)|HEAP_ALLOCATE|[68]|Bytes:5
17:36:01.0 (31803755)|HEAP_ALLOCATE|[74]|Bytes:5
17:36:01.0 (31812846)|HEAP_ALLOCATE|[82]|Bytes:7
17:36:01.0 (31975390)|HEAP_ALLOCATE|[EXTERNAL]|Bytes:5
17:36:01.0 (31981530)|STATEMENT_EXECUTE|[2]
17:36:01.0 (31991990)|METHOD_EXIT|[1]|RMDBatchSubscriptionLeadConvert
17:36:01.0 (31998620)|HEAP_ALLOCATE|[EXTERNAL]|Bytes:4
17:36:01.0 (32002200)|HEAP_ALLOCATE|[EXTERNAL]|Bytes:12
17:36:01.0 (32008081)|VARIABLE_SCOPE_BEGIN|[4]|this|RMDBatchSubscriptionLeadConvert|true|false
17:36:01.0 (32049482)|VARIABLE_ASSIGNMENT|[4]|this|{}|0x668fa68c
17:36:01.0 (32055322)|VARIABLE_SCOPE_BEGIN|[4]|BC|Database.BatchableContext|true|false
17:36:01.0 (32232766)|VARIABLE_ASSIGNMENT|[4]|BC|{"jobId":"707e200000ogHGgAAM"}|0x23669f41
17:36:01.0 (32253907)|HEAP_ALLOCATE|[10]|Bytes:5
17:36:01.0 (32260457)|STATEMENT_EXECUTE|[4]
17:36:01.0 (32263707)|STATEMENT_EXECUTE|[10]
17:36:01.0 (32268697)|HEAP_ALLOCATE|[10]|Bytes:404
17:36:01.0 (32278577)|VARIABLE_SCOPE_BEGIN|[10]|query|String|false|false
17:36:01.0 (32299108)|VARIABLE_ASSIGNMENT|[10]|query|"Select Id,RMD_Subscr (384 more) ..."
17:36:01.0 (32307058)|STATEMENT_EXECUTE|[14]
17:36:01.0 (35822708)|SOQL_EXECUTE_BEGIN|[14]|Aggregations:0|Select Id,RMD_Subscriber_Payment_Id__c,RMD_Payment_Transaction_Id__c,RMD_Payment_Type__c,RMD_Lead__r.recordType.Name,RMD_Selected_Scheme_Detail__c,RMD_Lead__c,RMD_Opportunity__c,RMD_Account__c from RMD_Payment_Transaction__c where RMD_Payment_Status__c = 'Success' and RMD_Lead__c != null and RMD_Lead__r.IsConverted = false and LastModifiedDate = Today and RMD_Lead__r.LeadSource = 'Subscription Portal'
17:36:01.0 (283585430)|SOQL_EXECUTE_END|[14]|Rows:1
17:36:01.0 (283654921)|HEAP_ALLOCATE|[14]|Bytes:20
17:36:01.331 (331625091)|CUMULATIVE_LIMIT_USAGE
17:36:01.331 (331625091)|LIMIT_USAGE_FOR_NS|(default)|
  Number of SOQL queries: 0 out of 200
  Number of query rows: 0 out of 50000
  Number of SOSL queries: 0 out of 20
  Number of DML statements: 0 out of 150
  Number of Publish Immediate DML: 0 out of 150
  Number of DML rows: 0 out of 10000
  Maximum CPU time: 0 out of 60000
  Maximum heap size: 0 out of 12000000
  Number of callouts: 0 out of 0
  Number of Email Invocations: 0 out of 10
  Number of future calls: 0 out of 0
  Number of queueable jobs added to the queue: 0 out of 1
  Number of Mobile Apex push calls: 0 out of 10

17:36:01.331 (331625091)|CUMULATIVE_LIMIT_USAGE_END

17:36:01.0 (331707133)|CODE_UNIT_FINISHED|RMDBatchSubscriptionLeadConvert
17:36:01.0 (331730114)|EXECUTION_FINISHED
