65.0 APEX_CODE,FINEST;APEX_PROFILING,INFO;CALLOUT,INFO;DATA_ACCESS,INFO;DB,INFO;NBA,INFO;SYSTEM,DEBUG;VALIDATION,INFO;VISUALFORCE,INFO;WAVE,INFO;WORKFLOW,INFO
16:41:18.0 (251295)|USER_INFO|[EXTERNAL]|0052t000000K4aE|rmdsupport1@timesgroup.com|(GMT+05:30) India Standard Time (Asia/Kolkata)|GMT+05:30
16:41:18.0 (300487)|EXECUTION_STARTED
16:41:18.0 (316427)|CODE_UNIT_STARTED|[EXTERNAL]|01p2t000000KTG6|RMDBatchSubscriptionLeadConvert
16:41:18.0 (3158394)|HEAP_ALLOCATE|[EXTERNAL]|Bytes:4
16:41:18.0 (4005183)|HEAP_ALLOCATE|[95]|Bytes:3
16:41:18.0 (4055016)|HEAP_ALLOCATE|[100]|Bytes:152
16:41:18.0 (4075576)|HEAP_ALLOCATE|[417]|Bytes:408
16:41:18.0 (4094865)|HEAP_ALLOCATE|[430]|Bytes:408
16:41:18.0 (4128476)|HEAP_ALLOCATE|[317]|Bytes:6
16:41:18.0 (4166778)|HEAP_ALLOCATE|[EXTERNAL]|Bytes:11
16:41:18.0 (4181077)|SYSTEM_METHOD_ENTRY|[15]|BatchableContextImpl.BatchableContextImpl()
16:41:18.0 (4187968)|STATEMENT_EXECUTE|[15]
16:41:18.0 (4201708)|SYSTEM_METHOD_EXIT|[15]|BatchableContextImpl
16:41:18.0 (4208798)|HEAP_ALLOCATE|[EXTERNAL]|Bytes:12
16:41:18.0 (4214848)|HEAP_ALLOCATE|[EXTERNAL]|Bytes:4
16:41:18.0 (4220878)|VARIABLE_SCOPE_BEGIN|[31]|this|Database.BatchableContextImpl|true|false
16:41:18.0 (4298970)|VARIABLE_ASSIGNMENT|[31]|this|{}|0x1d41fd1d
16:41:18.0 (4306110)|VARIABLE_SCOPE_BEGIN|[31]|jobId|Id|false|false
16:41:18.0 (4398813)|VARIABLE_ASSIGNMENT|[31]|jobId|"707e200000ofAuLAAU"
16:41:18.0 (4406213)|VARIABLE_SCOPE_BEGIN|[31]|childJobId|Id|false|false
16:41:18.0 (4416723)|VARIABLE_ASSIGNMENT|[31]|childJobId|null
16:41:18.0 (15769040)|HEAP_ALLOCATE|[EXTERNAL]|Bytes:29
16:41:18.0 (15797621)|HEAP_ALLOCATE|[EXTERNAL]|Bytes:81
16:41:18.0 (15803812)|HEAP_ALLOCATE|[EXTERNAL]|Bytes:10
16:41:18.0 (15807511)|HEAP_ALLOCATE|[EXTERNAL]|Bytes:8
16:41:18.0 (15822292)|METHOD_ENTRY|[1]|01p2t000000KTG6|RMDBatchSubscriptionLeadConvert.RMDBatchSubscriptionLeadConvert()
16:41:18.0 (15830573)|STATEMENT_EXECUTE|[1]
16:41:18.0 (15837832)|STATEMENT_EXECUTE|[1]
16:41:18.0 (15868573)|HEAP_ALLOCATE|[68]|Bytes:5
16:41:18.0 (15909923)|HEAP_ALLOCATE|[74]|Bytes:5
16:41:18.0 (15923764)|HEAP_ALLOCATE|[82]|Bytes:7
16:41:18.0 (16105099)|HEAP_ALLOCATE|[EXTERNAL]|Bytes:5
16:41:18.0 (16112488)|STATEMENT_EXECUTE|[2]
16:41:18.0 (16123468)|METHOD_EXIT|[1]|RMDBatchSubscriptionLeadConvert
16:41:18.0 (16129380)|HEAP_ALLOCATE|[EXTERNAL]|Bytes:4
16:41:18.0 (16133799)|HEAP_ALLOCATE|[EXTERNAL]|Bytes:12
16:41:18.0 (16140959)|VARIABLE_SCOPE_BEGIN|[44]|this|RMDBatchSubscriptionLeadConvert|true|false
16:41:18.0 (16177530)|VARIABLE_ASSIGNMENT|[44]|this|{}|0x22385cc2
16:41:18.0 (16183130)|VARIABLE_SCOPE_BEGIN|[44]|BC|Database.BatchableContext|true|false
16:41:18.0 (16272162)|VARIABLE_ASSIGNMENT|[44]|BC|{"jobId":"707e200000ofAuLAAU"}|0x1d41fd1d
16:41:18.0 (16289012)|HEAP_ALLOCATE|[EXTERNAL]|Bytes:5
16:41:18.0 (16294052)|STATEMENT_EXECUTE|[44]
16:41:18.39 (39562020)|CUMULATIVE_LIMIT_USAGE
16:41:18.39 (39562020)|LIMIT_USAGE_FOR_NS|(default)|
  Number of SOQL queries: 0 out of 200
  Number of query rows: 0 out of 50000
  Number of SOSL queries: 0 out of 20
  Number of DML statements: 0 out of 150
  Number of Publish Immediate DML: 0 out of 150
  Number of DML rows: 0 out of 10000
  Maximum CPU time: 0 out of 60000
  Maximum heap size: 0 out of 12000000
  Number of callouts: 0 out of 0
  Number of Email Invocations: 0 out of 10
  Number of future calls: 0 out of 0
  Number of queueable jobs added to the queue: 0 out of 1
  Number of Mobile Apex push calls: 0 out of 10

16:41:18.39 (39562020)|CUMULATIVE_LIMIT_USAGE_END

16:41:18.0 (39609831)|CODE_UNIT_FINISHED|RMDBatchSubscriptionLeadConvert
16:41:18.0 (39625961)|EXECUTION_FINISHED
