66.0 APEX_CODE,FINEST;APEX_PROFILING,INFO;CALLOUT,INFO;DATA_ACCESS,INFO;DB,INFO;NBA,INFO;SYSTEM,DEBUG;VALIDATION,INFO;VISUALFORCE,INFO;WAVE,INFO;WORKFLOW,INFO
17:10:25.0 (328278)|USER_INFO|[EXTERNAL]|0052t000000K4aE|rmdsupport1@timesgroup.com|(GMT+05:30) India Standard Time (Asia/Kolkata)|GMT+05:30
17:10:25.0 (2914763)|FLOW_CREATE_INTERVIEW_BEGIN|00D7F000005Cdii|3002t0000004QPx|301Ie000000gAAo
17:10:25.0 (3006065)|FLOW_CREATE_INTERVIEW_END|1795f476a1a932801262716708f319d9b3be04d-6e13|Send Whatsapp Message On Order Confirmed
17:10:25.3 (3900877)|USER_INFO|[EXTERNAL]|0052t000000K4aE|rmdsupport1@timesgroup.com|(GMT+05:30) India Standard Time (Asia/Kolkata)|GMT+05:30
17:10:25.3 (3945788)|FLOW_START_INTERVIEWS_BEGIN|1
17:10:25.3 (3986899)|FLOW_START_INTERVIEW_BEGIN|1795f476a1a932801262716708f319d9b3be04d-6e13|Send Whatsapp Message On Order Confirmed
17:10:25.3 (4257396)|FLOW_START_INTERVIEW_END|1795f476a1a932801262716708f319d9b3be04d-6e13|Send Whatsapp Message On Order Confirmed
17:10:25.50 (50414676)|CODE_UNIT_STARTED|[EXTERNAL]|01p2t000002TDko|OrderCofirmationEmailLink.sendEmailLinkConfirmOrder(List<Id>)
17:10:25.50 (50503259)|HEAP_ALLOCATE|[EXTERNAL]|Bytes:8
17:10:25.50 (50760485)|HEAP_ALLOCATE|[95]|Bytes:3
17:10:25.50 (50835007)|HEAP_ALLOCATE|[100]|Bytes:152
17:10:25.50 (50852717)|HEAP_ALLOCATE|[417]|Bytes:408
17:10:25.50 (50868398)|HEAP_ALLOCATE|[430]|Bytes:408
17:10:25.50 (50901119)|HEAP_ALLOCATE|[317]|Bytes:6
17:10:25.50 (50974831)|HEAP_ALLOCATE|[EXTERNAL]|Bytes:69
17:10:25.50 (50980651)|HEAP_ALLOCATE|[EXTERNAL]|Bytes:7
17:10:25.50 (50984121)|HEAP_ALLOCATE|[EXTERNAL]|Bytes:24
17:10:25.50 (51011301)|METHOD_ENTRY|[1]|01p2t000002TDko|OrderCofirmationEmailLink.OrderCofirmationEmailLink()
17:10:25.50 (51024862)|STATEMENT_EXECUTE|[1]
17:10:25.50 (51042742)|STATEMENT_EXECUTE|[1]
17:10:25.50 (51045412)|STATEMENT_EXECUTE|[95]
17:10:25.50 (51047832)|STATEMENT_EXECUTE|[99]
17:10:25.50 (51049922)|STATEMENT_EXECUTE|[105]
17:10:25.50 (51052032)|STATEMENT_EXECUTE|[111]
17:10:25.50 (51054452)|STATEMENT_EXECUTE|[121]
17:10:25.50 (51056493)|STATEMENT_EXECUTE|[131]
17:10:25.50 (51068933)|METHOD_EXIT|[1]|OrderCofirmationEmailLink
17:10:25.50 (51129574)|HEAP_ALLOCATE|[EXTERNAL]|Bytes:8
17:10:25.50 (51155275)|VARIABLE_SCOPE_BEGIN|[4]|accIds|List<Id>|true|false
17:10:25.50 (51238937)|VARIABLE_ASSIGNMENT|[4]|accIds|["001e200000CvjmIAAR"]|0x7eac8f0
17:10:25.50 (51248477)|STATEMENT_EXECUTE|[4]
17:10:25.50 (51250827)|STATEMENT_EXECUTE|[5]
17:10:25.50 (51254467)|HEAP_ALLOCATE|[5]|Bytes:37
17:10:25.50 (51349780)|HEAP_ALLOCATE|[5]|Bytes:20
17:10:25.50 (51384921)|HEAP_ALLOCATE|[5]|Bytes:57
17:10:25.50 (51412131)|HEAP_ALLOCATE|[68]|Bytes:5
17:10:25.50 (51439982)|HEAP_ALLOCATE|[74]|Bytes:5
17:10:25.50 (51449862)|HEAP_ALLOCATE|[82]|Bytes:7
17:10:25.50 (51487403)|USER_DEBUG|[5]|DEBUG|---accIds-Rahul--InvocableMethod-@@@-(001e200000CvjmIAAR)
17:10:25.50 (51498954)|STATEMENT_EXECUTE|[6]
17:10:25.50 (51502494)|HEAP_ALLOCATE|[6]|Bytes:182
17:10:25.50 (51522574)|HEAP_ALLOCATE|[6]|Bytes:4
17:10:25.50 (51536794)|HEAP_ALLOCATE|[6]|Bytes:7
17:10:25.50 (52653612)|SOQL_EXECUTE_BEGIN|[6]|Aggregations:0|SELECT id, Name, RMD_Opt_In__c, RMD_SMS_Mobile__c, Email_Verification_Link__c FROM Account WHERE (Id IN :tmpVar1 AND Email_Verification_Link__c != NULL AND Email_Verified__c = FALSE)
17:10:25.50 (57682769)|SOQL_EXECUTE_END|[6]|Rows:0
17:10:25.50 (57724831)|HEAP_ALLOCATE|[6]|Bytes:4
17:10:25.50 (57740351)|HEAP_ALLOCATE|[6]|Bytes:0
17:10:25.50 (57850434)|HEAP_ALLOCATE|[6]|Bytes:4
17:10:25.50 (57874845)|HEAP_ALLOCATE|[6]|Bytes:33
17:10:25.50 (58141421)|HEAP_ALLOCATE|[6]|Bytes:46
17:10:25.50 (58248633)|FATAL_ERROR|System.QueryException: List has no rows for assignment to SObject

Class.OrderCofirmationEmailLink.sendEmailLinkConfirmOrder: line 6, column 1
17:10:25.50 (58263564)|FATAL_ERROR|System.QueryException: List has no rows for assignment to SObject

Class.OrderCofirmationEmailLink.sendEmailLinkConfirmOrder: line 6, column 1
17:10:25.58 (58295095)|CUMULATIVE_LIMIT_USAGE
17:10:25.58 (58295095)|LIMIT_USAGE_FOR_NS|(default)|
  Number of SOQL queries: 1 out of 200
  Number of query rows: 0 out of 50000
  Number of SOSL queries: 0 out of 20
  Number of DML statements: 0 out of 150
  Number of Publish Immediate DML: 0 out of 150
  Number of DML rows: 0 out of 10000
  Maximum CPU time: 8 out of 60000
  Maximum heap size: 0 out of 12000000
  Number of callouts: 0 out of 100
  Number of Email Invocations: 0 out of 10
  Number of future calls: 0 out of 50
  Number of queueable jobs added to the queue: 0 out of 50
  Number of Mobile Apex push calls: 0 out of 10

17:10:25.58 (58295095)|CUMULATIVE_LIMIT_USAGE_END

17:10:25.50 (58348456)|CODE_UNIT_FINISHED|OrderCofirmationEmailLink.sendEmailLinkConfirmOrder(List<Id>)
17:10:25.3 (259232186)|FLOW_ELEMENT_ERROR|An Apex error occurred: System.QueryException: List has no rows for assignment to SObject
|FlowActionCall|Send_Whatsapp_Message_On_Order_Confirm
17:10:25.3 (259589533)|FLOW_START_INTERVIEWS_END|1
