66.0 APEX_CODE,FINEST;APEX_PROFILING,INFO;CALLOUT,INFO;DATA_ACCESS,INFO;DB,INFO;NBA,INFO;SYSTEM,DEBUG;VALIDATION,INFO;VISUALFORCE,INFO;WAVE,INFO;WORKFLOW,INFO
17:07:25.0 (166204)|USER_INFO|[EXTERNAL]|0052t000000K4aE|rmdsupport1@timesgroup.com|(GMT+05:30) India Standard Time (Asia/Kolkata)|GMT+05:30
17:07:25.0 (2619451)|FLOW_CREATE_INTERVIEW_BEGIN|00D7F000005Cdii|3002t0000004QPx|301Ie000000gAAo
17:07:25.0 (2693172)|FLOW_CREATE_INTERVIEW_END|5506bce781500723e154799b7c2619d9b24c1f-3890|Send Whatsapp Message On Order Confirmed
17:07:25.4 (4025383)|USER_INFO|[EXTERNAL]|0052t000000K4aE|rmdsupport1@timesgroup.com|(GMT+05:30) India Standard Time (Asia/Kolkata)|GMT+05:30
17:07:25.4 (4056824)|FLOW_START_INTERVIEWS_BEGIN|1
17:07:25.4 (4078894)|FLOW_START_INTERVIEW_BEGIN|5506bce781500723e154799b7c2619d9b24c1f-3890|Send Whatsapp Message On Order Confirmed
17:07:25.4 (4276379)|FLOW_START_INTERVIEW_END|5506bce781500723e154799b7c2619d9b24c1f-3890|Send Whatsapp Message On Order Confirmed
17:07:25.46 (46783558)|CODE_UNIT_STARTED|[EXTERNAL]|01p2t000002TDko|OrderCofirmationEmailLink.sendEmailLinkConfirmOrder(List<Id>)
17:07:25.46 (46869010)|HEAP_ALLOCATE|[EXTERNAL]|Bytes:8
17:07:25.46 (47166437)|HEAP_ALLOCATE|[95]|Bytes:3
17:07:25.46 (47213698)|HEAP_ALLOCATE|[100]|Bytes:152
17:07:25.46 (47230978)|HEAP_ALLOCATE|[417]|Bytes:408
17:07:25.46 (47244899)|HEAP_ALLOCATE|[430]|Bytes:408
17:07:25.46 (47275419)|HEAP_ALLOCATE|[317]|Bytes:6
17:07:25.46 (47294470)|HEAP_ALLOCATE|[EXTERNAL]|Bytes:69
17:07:25.46 (47300350)|HEAP_ALLOCATE|[EXTERNAL]|Bytes:7
17:07:25.46 (47303680)|HEAP_ALLOCATE|[EXTERNAL]|Bytes:24
17:07:25.46 (47313730)|METHOD_ENTRY|[1]|01p2t000002TDko|OrderCofirmationEmailLink.OrderCofirmationEmailLink()
17:07:25.46 (47319430)|STATEMENT_EXECUTE|[1]
17:07:25.46 (47323891)|STATEMENT_EXECUTE|[1]
17:07:25.46 (47326301)|STATEMENT_EXECUTE|[95]
17:07:25.46 (47328961)|STATEMENT_EXECUTE|[99]
17:07:25.46 (47331911)|STATEMENT_EXECUTE|[105]
17:07:25.46 (47335511)|STATEMENT_EXECUTE|[111]
17:07:25.46 (47338491)|STATEMENT_EXECUTE|[121]
17:07:25.46 (47341621)|STATEMENT_EXECUTE|[131]
17:07:25.46 (47347521)|METHOD_EXIT|[1]|OrderCofirmationEmailLink
17:07:25.46 (47395392)|HEAP_ALLOCATE|[EXTERNAL]|Bytes:8
17:07:25.46 (47416453)|VARIABLE_SCOPE_BEGIN|[4]|accIds|List<Id>|true|false
17:07:25.46 (47456734)|VARIABLE_ASSIGNMENT|[4]|accIds|["0012t000002YKX6AAO"]|0x21ac212f
17:07:25.46 (47467304)|STATEMENT_EXECUTE|[4]
17:07:25.46 (47469614)|STATEMENT_EXECUTE|[5]
17:07:25.46 (47473104)|HEAP_ALLOCATE|[5]|Bytes:37
17:07:25.46 (47533795)|HEAP_ALLOCATE|[5]|Bytes:20
17:07:25.46 (47555206)|HEAP_ALLOCATE|[5]|Bytes:57
17:07:25.46 (47585767)|HEAP_ALLOCATE|[68]|Bytes:5
17:07:25.46 (47617317)|HEAP_ALLOCATE|[74]|Bytes:5
17:07:25.46 (47630238)|HEAP_ALLOCATE|[82]|Bytes:7
17:07:25.46 (47662918)|USER_DEBUG|[5]|DEBUG|---accIds-Rahul--InvocableMethod-@@@-(0012t000002YKX6AAO)
17:07:25.46 (47674169)|STATEMENT_EXECUTE|[6]
17:07:25.46 (47677699)|HEAP_ALLOCATE|[6]|Bytes:182
17:07:25.46 (47696469)|HEAP_ALLOCATE|[6]|Bytes:4
17:07:25.46 (47710199)|HEAP_ALLOCATE|[6]|Bytes:7
17:07:25.46 (49004859)|SOQL_EXECUTE_BEGIN|[6]|Aggregations:0|SELECT id, Name, RMD_Opt_In__c, RMD_SMS_Mobile__c, Email_Verification_Link__c FROM Account WHERE (Id IN :tmpVar1 AND Email_Verification_Link__c != NULL AND Email_Verified__c = FALSE)
17:07:25.46 (58262512)|SOQL_EXECUTE_END|[6]|Rows:0
17:07:25.46 (58297633)|HEAP_ALLOCATE|[6]|Bytes:4
17:07:25.46 (58314123)|HEAP_ALLOCATE|[6]|Bytes:0
17:07:25.46 (58400575)|HEAP_ALLOCATE|[6]|Bytes:4
17:07:25.46 (58416256)|HEAP_ALLOCATE|[6]|Bytes:33
17:07:25.46 (58650751)|HEAP_ALLOCATE|[6]|Bytes:46
17:07:25.46 (58802775)|FATAL_ERROR|System.QueryException: List has no rows for assignment to SObject

Class.OrderCofirmationEmailLink.sendEmailLinkConfirmOrder: line 6, column 1
17:07:25.46 (58817035)|FATAL_ERROR|System.QueryException: List has no rows for assignment to SObject

Class.OrderCofirmationEmailLink.sendEmailLinkConfirmOrder: line 6, column 1
17:07:25.58 (58841616)|CUMULATIVE_LIMIT_USAGE
17:07:25.58 (58841616)|LIMIT_USAGE_FOR_NS|(default)|
  Number of SOQL queries: 1 out of 200
  Number of query rows: 0 out of 50000
  Number of SOSL queries: 0 out of 20
  Number of DML statements: 0 out of 150
  Number of Publish Immediate DML: 0 out of 150
  Number of DML rows: 0 out of 10000
  Maximum CPU time: 9 out of 60000
  Maximum heap size: 0 out of 12000000
  Number of callouts: 0 out of 100
  Number of Email Invocations: 0 out of 10
  Number of future calls: 0 out of 50
  Number of queueable jobs added to the queue: 0 out of 50
  Number of Mobile Apex push calls: 0 out of 10

17:07:25.58 (58841616)|CUMULATIVE_LIMIT_USAGE_END

17:07:25.46 (58872776)|CODE_UNIT_FINISHED|OrderCofirmationEmailLink.sendEmailLinkConfirmOrder(List<Id>)
17:07:25.4 (299041928)|FLOW_ELEMENT_ERROR|An Apex error occurred: System.QueryException: List has no rows for assignment to SObject
|FlowActionCall|Send_Whatsapp_Message_On_Order_Confirm
17:07:25.4 (299266333)|FLOW_START_INTERVIEWS_END|1
