66.0 APEX_CODE,FINEST;APEX_PROFILING,INFO;CALLOUT,INFO;DATA_ACCESS,INFO;DB,INFO;NBA,INFO;SYSTEM,DEBUG;VALIDATION,INFO;VISUALFORCE,INFO;WAVE,INFO;WORKFLOW,INFO
16:15:25.0 (232597)|USER_INFO|[EXTERNAL]|0052t000000K4aE|rmdsupport1@timesgroup.com|(GMT+05:30) India Standard Time (Asia/Kolkata)|GMT+05:30
16:15:25.0 (1789013)|FLOW_CREATE_INTERVIEW_BEGIN|00D7F000005Cdii|3002t0000004QPx|301Ie000000gAAo
16:15:25.0 (1871514)|FLOW_CREATE_INTERVIEW_END|72689fcaee36a4f627d25acfd22619d9aff25a-cbba|Send Whatsapp Message On Order Confirmed
16:15:25.2 (2639507)|USER_INFO|[EXTERNAL]|0052t000000K4aE|rmdsupport1@timesgroup.com|(GMT+05:30) India Standard Time (Asia/Kolkata)|GMT+05:30
16:15:25.2 (2673038)|FLOW_START_INTERVIEWS_BEGIN|1
16:15:25.2 (2711409)|FLOW_START_INTERVIEW_BEGIN|72689fcaee36a4f627d25acfd22619d9aff25a-cbba|Send Whatsapp Message On Order Confirmed
16:15:25.2 (2918045)|FLOW_START_INTERVIEW_END|72689fcaee36a4f627d25acfd22619d9aff25a-cbba|Send Whatsapp Message On Order Confirmed
16:15:25.39 (39270729)|CODE_UNIT_STARTED|[EXTERNAL]|01p2t000002TDko|OrderCofirmationEmailLink.sendEmailLinkConfirmOrder(List<Id>)
16:15:25.39 (39359802)|HEAP_ALLOCATE|[EXTERNAL]|Bytes:8
16:15:25.39 (39634880)|HEAP_ALLOCATE|[95]|Bytes:3
16:15:25.39 (39705332)|HEAP_ALLOCATE|[100]|Bytes:152
16:15:25.39 (39721882)|HEAP_ALLOCATE|[417]|Bytes:408
16:15:25.39 (39735603)|HEAP_ALLOCATE|[430]|Bytes:408
16:15:25.39 (39758183)|HEAP_ALLOCATE|[317]|Bytes:6
16:15:25.39 (39772594)|HEAP_ALLOCATE|[EXTERNAL]|Bytes:69
16:15:25.39 (39777814)|HEAP_ALLOCATE|[EXTERNAL]|Bytes:7
16:15:25.39 (39781544)|HEAP_ALLOCATE|[EXTERNAL]|Bytes:24
16:15:25.39 (39821775)|METHOD_ENTRY|[1]|01p2t000002TDko|OrderCofirmationEmailLink.OrderCofirmationEmailLink()
16:15:25.39 (39839716)|STATEMENT_EXECUTE|[1]
16:15:25.39 (39852956)|STATEMENT_EXECUTE|[1]
16:15:25.39 (39855556)|STATEMENT_EXECUTE|[95]
16:15:25.39 (39857506)|STATEMENT_EXECUTE|[99]
16:15:25.39 (39859676)|STATEMENT_EXECUTE|[105]
16:15:25.39 (39861676)|STATEMENT_EXECUTE|[111]
16:15:25.39 (39863636)|STATEMENT_EXECUTE|[121]
16:15:25.39 (39865616)|STATEMENT_EXECUTE|[131]
16:15:25.39 (39874157)|METHOD_EXIT|[1]|OrderCofirmationEmailLink
16:15:25.39 (39916958)|HEAP_ALLOCATE|[EXTERNAL]|Bytes:8
16:15:25.39 (39943529)|VARIABLE_SCOPE_BEGIN|[4]|accIds|List<Id>|true|false
16:15:25.39 (40016921)|VARIABLE_ASSIGNMENT|[4]|accIds|["0017F00001ly2VAQAY"]|0x767e1846
16:15:25.39 (40028821)|STATEMENT_EXECUTE|[4]
16:15:25.39 (40031011)|STATEMENT_EXECUTE|[5]
16:15:25.39 (40034171)|HEAP_ALLOCATE|[5]|Bytes:37
16:15:25.39 (40118704)|HEAP_ALLOCATE|[5]|Bytes:20
16:15:25.39 (40149645)|HEAP_ALLOCATE|[5]|Bytes:57
16:15:25.39 (40174305)|HEAP_ALLOCATE|[68]|Bytes:5
16:15:25.39 (40205416)|HEAP_ALLOCATE|[74]|Bytes:5
16:15:25.39 (40214966)|HEAP_ALLOCATE|[82]|Bytes:7
16:15:25.39 (40251918)|USER_DEBUG|[5]|DEBUG|---accIds-Rahul--InvocableMethod-@@@-(0017F00001ly2VAQAY)
16:15:25.39 (40263238)|STATEMENT_EXECUTE|[6]
16:15:25.39 (40266238)|HEAP_ALLOCATE|[6]|Bytes:182
16:15:25.39 (40285158)|HEAP_ALLOCATE|[6]|Bytes:4
16:15:25.39 (40299399)|HEAP_ALLOCATE|[6]|Bytes:7
16:15:25.39 (41271867)|SOQL_EXECUTE_BEGIN|[6]|Aggregations:0|SELECT id, Name, RMD_Opt_In__c, RMD_SMS_Mobile__c, Email_Verification_Link__c FROM Account WHERE (Id IN :tmpVar1 AND Email_Verification_Link__c != NULL AND Email_Verified__c = FALSE)
16:15:25.39 (50497047)|SOQL_EXECUTE_END|[6]|Rows:0
16:15:25.39 (50538319)|HEAP_ALLOCATE|[6]|Bytes:4
16:15:25.39 (50553549)|HEAP_ALLOCATE|[6]|Bytes:0
16:15:25.39 (50653692)|HEAP_ALLOCATE|[6]|Bytes:4
16:15:25.39 (50679403)|HEAP_ALLOCATE|[6]|Bytes:33
16:15:25.39 (50924600)|HEAP_ALLOCATE|[6]|Bytes:46
16:15:25.39 (51436786)|FATAL_ERROR|System.QueryException: List has no rows for assignment to SObject

Class.OrderCofirmationEmailLink.sendEmailLinkConfirmOrder: line 6, column 1
16:15:25.39 (51501616)|FATAL_ERROR|System.QueryException: List has no rows for assignment to SObject

Class.OrderCofirmationEmailLink.sendEmailLinkConfirmOrder: line 6, column 1
16:15:25.51 (51543768)|CUMULATIVE_LIMIT_USAGE
16:15:25.51 (51543768)|LIMIT_USAGE_FOR_NS|(default)|
  Number of SOQL queries: 1 out of 200
  Number of query rows: 0 out of 50000
  Number of SOSL queries: 0 out of 20
  Number of DML statements: 0 out of 150
  Number of Publish Immediate DML: 0 out of 150
  Number of DML rows: 0 out of 10000
  Maximum CPU time: 8 out of 60000
  Maximum heap size: 0 out of 12000000
  Number of callouts: 0 out of 100
  Number of Email Invocations: 0 out of 10
  Number of future calls: 0 out of 50
  Number of queueable jobs added to the queue: 0 out of 50
  Number of Mobile Apex push calls: 0 out of 10

16:15:25.51 (51543768)|CUMULATIVE_LIMIT_USAGE_END

16:15:25.39 (51605990)|CODE_UNIT_FINISHED|OrderCofirmationEmailLink.sendEmailLinkConfirmOrder(List<Id>)
16:15:25.2 (240815867)|FLOW_ELEMENT_ERROR|An Apex error occurred: System.QueryException: List has no rows for assignment to SObject
|FlowActionCall|Send_Whatsapp_Message_On_Order_Confirm
16:15:25.2 (241117025)|FLOW_START_INTERVIEWS_END|1
