66.0 APEX_CODE,FINEST;APEX_PROFILING,INFO;CALLOUT,INFO;DATA_ACCESS,INFO;DB,INFO;NBA,INFO;SYSTEM,DEBUG;VALIDATION,INFO;VISUALFORCE,INFO;WAVE,INFO;WORKFLOW,INFO
17:10:25.0 (269484)|USER_INFO|[EXTERNAL]|0052t000000K4aE|rmdsupport1@timesgroup.com|(GMT+05:30) India Standard Time (Asia/Kolkata)|GMT+05:30
17:10:25.0 (1465563)|FLOW_CREATE_INTERVIEW_BEGIN|00D7F000005Cdii|3002t0000004QPx|301Ie000000gAAo
17:10:25.0 (1547545)|FLOW_CREATE_INTERVIEW_END|1235ae63ac64acda546c76d5f28919d9b04b485-2b43|Send Whatsapp Message On Order Confirmed
17:10:25.1 (1942631)|USER_INFO|[EXTERNAL]|0052t000000K4aE|rmdsupport1@timesgroup.com|(GMT+05:30) India Standard Time (Asia/Kolkata)|GMT+05:30
17:10:25.1 (1965181)|FLOW_START_INTERVIEWS_BEGIN|1
17:10:25.1 (1989941)|FLOW_START_INTERVIEW_BEGIN|1235ae63ac64acda546c76d5f28919d9b04b485-2b43|Send Whatsapp Message On Order Confirmed
17:10:25.1 (2165154)|FLOW_START_INTERVIEW_END|1235ae63ac64acda546c76d5f28919d9b04b485-2b43|Send Whatsapp Message On Order Confirmed
17:10:25.41 (41878741)|CODE_UNIT_STARTED|[EXTERNAL]|01p2t000002TDko|OrderCofirmationEmailLink.sendEmailLinkConfirmOrder(List<Id>)
17:10:25.41 (41949523)|HEAP_ALLOCATE|[EXTERNAL]|Bytes:8
17:10:25.41 (42231687)|HEAP_ALLOCATE|[95]|Bytes:3
17:10:25.41 (42302818)|HEAP_ALLOCATE|[100]|Bytes:152
17:10:25.41 (42323968)|HEAP_ALLOCATE|[417]|Bytes:408
17:10:25.41 (42338918)|HEAP_ALLOCATE|[430]|Bytes:408
17:10:25.41 (42361089)|HEAP_ALLOCATE|[317]|Bytes:6
17:10:25.41 (42374779)|HEAP_ALLOCATE|[EXTERNAL]|Bytes:69
17:10:25.41 (42381470)|HEAP_ALLOCATE|[EXTERNAL]|Bytes:7
17:10:25.41 (42385499)|HEAP_ALLOCATE|[EXTERNAL]|Bytes:24
17:10:25.41 (42418220)|METHOD_ENTRY|[1]|01p2t000002TDko|OrderCofirmationEmailLink.OrderCofirmationEmailLink()
17:10:25.41 (42436780)|STATEMENT_EXECUTE|[1]
17:10:25.41 (42447140)|STATEMENT_EXECUTE|[1]
17:10:25.41 (42449380)|STATEMENT_EXECUTE|[95]
17:10:25.41 (42451650)|STATEMENT_EXECUTE|[99]
17:10:25.41 (42453711)|STATEMENT_EXECUTE|[105]
17:10:25.41 (42456111)|STATEMENT_EXECUTE|[111]
17:10:25.41 (42458180)|STATEMENT_EXECUTE|[121]
17:10:25.41 (42460460)|STATEMENT_EXECUTE|[131]
17:10:25.41 (42470481)|METHOD_EXIT|[1]|OrderCofirmationEmailLink
17:10:25.41 (42508491)|HEAP_ALLOCATE|[EXTERNAL]|Bytes:8
17:10:25.41 (42538722)|VARIABLE_SCOPE_BEGIN|[4]|accIds|List<Id>|true|false
17:10:25.41 (42606313)|VARIABLE_ASSIGNMENT|[4]|accIds|["0017F00001lx41mQAA"]|0x336cdc62
17:10:25.41 (42635034)|STATEMENT_EXECUTE|[4]
17:10:25.41 (42637293)|STATEMENT_EXECUTE|[5]
17:10:25.41 (42640933)|HEAP_ALLOCATE|[5]|Bytes:37
17:10:25.41 (42717904)|HEAP_ALLOCATE|[5]|Bytes:20
17:10:25.41 (42749135)|HEAP_ALLOCATE|[5]|Bytes:57
17:10:25.41 (42772575)|HEAP_ALLOCATE|[68]|Bytes:5
17:10:25.41 (42800735)|HEAP_ALLOCATE|[74]|Bytes:5
17:10:25.41 (42809807)|HEAP_ALLOCATE|[82]|Bytes:7
17:10:25.41 (42849807)|USER_DEBUG|[5]|DEBUG|---accIds-Rahul--InvocableMethod-@@@-(0017F00001lx41mQAA)
17:10:25.41 (42859967)|STATEMENT_EXECUTE|[6]
17:10:25.41 (42863287)|HEAP_ALLOCATE|[6]|Bytes:182
17:10:25.41 (42881048)|HEAP_ALLOCATE|[6]|Bytes:4
17:10:25.41 (42895577)|HEAP_ALLOCATE|[6]|Bytes:7
17:10:25.41 (43904603)|SOQL_EXECUTE_BEGIN|[6]|Aggregations:0|SELECT id, Name, RMD_Opt_In__c, RMD_SMS_Mobile__c, Email_Verification_Link__c FROM Account WHERE (Id IN :tmpVar1 AND Email_Verification_Link__c != NULL AND Email_Verified__c = FALSE)
17:10:25.41 (52706409)|SOQL_EXECUTE_END|[6]|Rows:0
17:10:25.41 (52748391)|HEAP_ALLOCATE|[6]|Bytes:4
17:10:25.41 (52764831)|HEAP_ALLOCATE|[6]|Bytes:0
17:10:25.41 (52873402)|HEAP_ALLOCATE|[6]|Bytes:4
17:10:25.41 (52894162)|HEAP_ALLOCATE|[6]|Bytes:33
17:10:25.41 (53143557)|HEAP_ALLOCATE|[6]|Bytes:46
17:10:25.41 (53254858)|FATAL_ERROR|System.QueryException: List has no rows for assignment to SObject

Class.OrderCofirmationEmailLink.sendEmailLinkConfirmOrder: line 6, column 1
17:10:25.41 (53270329)|FATAL_ERROR|System.QueryException: List has no rows for assignment to SObject

Class.OrderCofirmationEmailLink.sendEmailLinkConfirmOrder: line 6, column 1
17:10:25.53 (53331499)|CUMULATIVE_LIMIT_USAGE
17:10:25.53 (53331499)|LIMIT_USAGE_FOR_NS|(default)|
  Number of SOQL queries: 1 out of 200
  Number of query rows: 0 out of 50000
  Number of SOSL queries: 0 out of 20
  Number of DML statements: 0 out of 150
  Number of Publish Immediate DML: 0 out of 150
  Number of DML rows: 0 out of 10000
  Maximum CPU time: 7 out of 60000
  Maximum heap size: 0 out of 12000000
  Number of callouts: 0 out of 100
  Number of Email Invocations: 0 out of 10
  Number of future calls: 0 out of 50
  Number of queueable jobs added to the queue: 0 out of 50
  Number of Mobile Apex push calls: 0 out of 10

17:10:25.53 (53331499)|CUMULATIVE_LIMIT_USAGE_END

17:10:25.41 (53401161)|CODE_UNIT_FINISHED|OrderCofirmationEmailLink.sendEmailLinkConfirmOrder(List<Id>)
17:10:25.1 (243492476)|FLOW_ELEMENT_ERROR|An Apex error occurred: System.QueryException: List has no rows for assignment to SObject
|FlowActionCall|Send_Whatsapp_Message_On_Order_Confirm
17:10:25.1 (243736609)|FLOW_START_INTERVIEWS_END|1
