66.0 APEX_CODE,FINEST;APEX_PROFILING,INFO;CALLOUT,INFO;DATA_ACCESS,INFO;DB,INFO;NBA,INFO;SYSTEM,DEBUG;VALIDATION,INFO;VISUALFORCE,INFO;WAVE,INFO;WORKFLOW,INFO
17:07:25.0 (202304)|USER_INFO|[EXTERNAL]|0052t000000K4aE|rmdsupport1@timesgroup.com|(GMT+05:30) India Standard Time (Asia/Kolkata)|GMT+05:30
17:07:25.0 (2655491)|FLOW_CREATE_INTERVIEW_BEGIN|00D7F000005Cdii|3002t0000004QPx|301Ie000000gAAo
17:07:25.0 (2729222)|FLOW_CREATE_INTERVIEW_END|5505bce781500723e154799b7c2619d9b24c1f-388f|Send Whatsapp Message On Order Confirmed
17:07:25.4 (4060433)|USER_INFO|[EXTERNAL]|0052t000000K4aE|rmdsupport1@timesgroup.com|(GMT+05:30) India Standard Time (Asia/Kolkata)|GMT+05:30
17:07:25.4 (4092964)|FLOW_START_INTERVIEWS_BEGIN|1
17:07:25.4 (4114774)|FLOW_START_INTERVIEW_BEGIN|5505bce781500723e154799b7c2619d9b24c1f-388f|Send Whatsapp Message On Order Confirmed
17:07:25.4 (4316819)|FLOW_START_INTERVIEW_END|5505bce781500723e154799b7c2619d9b24c1f-388f|Send Whatsapp Message On Order Confirmed
17:07:25.46 (46820418)|CODE_UNIT_STARTED|[EXTERNAL]|01p2t000002TDko|OrderCofirmationEmailLink.sendEmailLinkConfirmOrder(List<Id>)
17:07:25.46 (46906180)|HEAP_ALLOCATE|[EXTERNAL]|Bytes:8
17:07:25.46 (47203317)|HEAP_ALLOCATE|[95]|Bytes:3
17:07:25.46 (47250088)|HEAP_ALLOCATE|[100]|Bytes:152
17:07:25.46 (47269799)|HEAP_ALLOCATE|[417]|Bytes:408
17:07:25.46 (47291389)|HEAP_ALLOCATE|[430]|Bytes:408
17:07:25.46 (47330660)|HEAP_ALLOCATE|[317]|Bytes:6
17:07:25.46 (47371431)|HEAP_ALLOCATE|[EXTERNAL]|Bytes:69
17:07:25.46 (47379851)|HEAP_ALLOCATE|[EXTERNAL]|Bytes:7
17:07:25.46 (47385901)|HEAP_ALLOCATE|[EXTERNAL]|Bytes:24
17:07:25.46 (47395551)|METHOD_ENTRY|[1]|01p2t000002TDko|OrderCofirmationEmailLink.OrderCofirmationEmailLink()
17:07:25.46 (47402742)|STATEMENT_EXECUTE|[1]
17:07:25.46 (47409502)|STATEMENT_EXECUTE|[1]
17:07:25.46 (47412882)|STATEMENT_EXECUTE|[95]
17:07:25.46 (47416732)|STATEMENT_EXECUTE|[99]
17:07:25.46 (47419952)|STATEMENT_EXECUTE|[105]
17:07:25.46 (47423182)|STATEMENT_EXECUTE|[111]
17:07:25.46 (47426332)|STATEMENT_EXECUTE|[121]
17:07:25.46 (47429672)|STATEMENT_EXECUTE|[131]
17:07:25.46 (47436702)|METHOD_EXIT|[1]|OrderCofirmationEmailLink
17:07:25.46 (47466493)|HEAP_ALLOCATE|[EXTERNAL]|Bytes:8
17:07:25.46 (47477873)|VARIABLE_SCOPE_BEGIN|[4]|accIds|List<Id>|true|false
17:07:25.46 (47509614)|VARIABLE_ASSIGNMENT|[4]|accIds|["0017F00001lwzGHQAY"]|0x3791757e
17:07:25.46 (47522164)|STATEMENT_EXECUTE|[4]
17:07:25.46 (47525754)|STATEMENT_EXECUTE|[5]
17:07:25.46 (47530655)|HEAP_ALLOCATE|[5]|Bytes:37
17:07:25.46 (47581466)|HEAP_ALLOCATE|[5]|Bytes:20
17:07:25.46 (47604226)|HEAP_ALLOCATE|[5]|Bytes:57
17:07:25.46 (47627657)|HEAP_ALLOCATE|[68]|Bytes:5
17:07:25.46 (47653707)|HEAP_ALLOCATE|[74]|Bytes:5
17:07:25.46 (47667598)|HEAP_ALLOCATE|[82]|Bytes:7
17:07:25.46 (47699198)|USER_DEBUG|[5]|DEBUG|---accIds-Rahul--InvocableMethod-@@@-(0017F00001lwzGHQAY)
17:07:25.46 (47711999)|STATEMENT_EXECUTE|[6]
17:07:25.46 (47716739)|HEAP_ALLOCATE|[6]|Bytes:182
17:07:25.46 (47733749)|HEAP_ALLOCATE|[6]|Bytes:4
17:07:25.46 (47751320)|HEAP_ALLOCATE|[6]|Bytes:7
17:07:25.46 (49041039)|SOQL_EXECUTE_BEGIN|[6]|Aggregations:0|SELECT id, Name, RMD_Opt_In__c, RMD_SMS_Mobile__c, Email_Verification_Link__c FROM Account WHERE (Id IN :tmpVar1 AND Email_Verification_Link__c != NULL AND Email_Verified__c = FALSE)
17:07:25.46 (58754733)|SOQL_EXECUTE_END|[6]|Rows:0
17:07:25.46 (58784983)|HEAP_ALLOCATE|[6]|Bytes:4
17:07:25.46 (58799014)|HEAP_ALLOCATE|[6]|Bytes:0
17:07:25.46 (58860195)|HEAP_ALLOCATE|[6]|Bytes:4
17:07:25.46 (58874886)|HEAP_ALLOCATE|[6]|Bytes:33
17:07:25.46 (59099201)|HEAP_ALLOCATE|[6]|Bytes:46
17:07:25.46 (59157472)|FATAL_ERROR|System.QueryException: List has no rows for assignment to SObject

Class.OrderCofirmationEmailLink.sendEmailLinkConfirmOrder: line 6, column 1
17:07:25.46 (59172172)|FATAL_ERROR|System.QueryException: List has no rows for assignment to SObject

Class.OrderCofirmationEmailLink.sendEmailLinkConfirmOrder: line 6, column 1
17:07:25.59 (59188533)|CUMULATIVE_LIMIT_USAGE
17:07:25.59 (59188533)|LIMIT_USAGE_FOR_NS|(default)|
  Number of SOQL queries: 1 out of 200
  Number of query rows: 0 out of 50000
  Number of SOSL queries: 0 out of 20
  Number of DML statements: 0 out of 150
  Number of Publish Immediate DML: 0 out of 150
  Number of DML rows: 0 out of 10000
  Maximum CPU time: 9 out of 60000
  Maximum heap size: 0 out of 12000000
  Number of callouts: 0 out of 100
  Number of Email Invocations: 0 out of 10
  Number of future calls: 0 out of 50
  Number of queueable jobs added to the queue: 0 out of 50
  Number of Mobile Apex push calls: 0 out of 10

17:07:25.59 (59188533)|CUMULATIVE_LIMIT_USAGE_END

17:07:25.46 (59212943)|CODE_UNIT_FINISHED|OrderCofirmationEmailLink.sendEmailLinkConfirmOrder(List<Id>)
17:07:25.4 (286966389)|FLOW_ELEMENT_ERROR|An Apex error occurred: System.QueryException: List has no rows for assignment to SObject
|FlowActionCall|Send_Whatsapp_Message_On_Order_Confirm
17:07:25.4 (287221755)|FLOW_START_INTERVIEWS_END|1
