66.0 APEX_CODE,FINEST;APEX_PROFILING,INFO;CALLOUT,INFO;DATA_ACCESS,INFO;DB,INFO;NBA,INFO;SYSTEM,DEBUG;VALIDATION,INFO;VISUALFORCE,INFO;WAVE,INFO;WORKFLOW,INFO
17:09:45.0 (243758)|USER_INFO|[EXTERNAL]|0052t000000K4aE|rmdsupport1@timesgroup.com|(GMT+05:30) India Standard Time (Asia/Kolkata)|GMT+05:30
17:09:45.0 (316350)|EXECUTION_STARTED
17:09:45.0 (327059)|CODE_UNIT_STARTED|[EXTERNAL]|Flow:Opportunity
17:09:45.14 (14904983)|FLOW_CREATE_INTERVIEW_BEGIN|00D7F000005Cdii|300Ie000000Xc9s|301Ie000000fyF3
17:09:45.14 (15043946)|FLOW_CREATE_INTERVIEW_END|2809e763590802d61a497488a2ff19d9b0da154-6873|RMD Update Opp Stage to Pending for Verification
17:09:45.15 (15904429)|FLOW_START_INTERVIEWS_BEGIN|1
17:09:45.15 (15970870)|FLOW_START_INTERVIEW_BEGIN|2809e763590802d61a497488a2ff19d9b0da154-6873|RMD Update Opp Stage to Pending for Verification
17:09:45.15 (16163926)|FLOW_START_INTERVIEW_END|2809e763590802d61a497488a2ff19d9b0da154-6873|RMD Update Opp Stage to Pending for Verification
17:09:45.15 (16824514)|FLOW_START_INTERVIEWS_END|1
17:09:45.15 (17109071)|FLOW_INTERVIEW_FINISHED|2809e763590802d61a497488a2ff19d9b0da154-6873|RMD Update Opp Stage to Pending for Verification
17:09:45.23 (23934400)|FLOW_CREATE_INTERVIEW_BEGIN|00D7F000005Cdii|3002t000000TUk6|3012t000000PZ06
17:09:45.23 (24000032)|FLOW_CREATE_INTERVIEW_END|2810e763590802d61a497488a2ff19d9b0da154-6874|Flow to check the DSA field change
17:09:45.24 (24788193)|FLOW_START_INTERVIEWS_BEGIN|1
17:09:45.24 (24813274)|FLOW_START_INTERVIEW_BEGIN|2810e763590802d61a497488a2ff19d9b0da154-6874|Flow to check the DSA field change
17:09:45.24 (24985307)|FLOW_START_INTERVIEW_END|2810e763590802d61a497488a2ff19d9b0da154-6874|Flow to check the DSA field change
17:09:45.24 (38001050)|FLOW_START_INTERVIEWS_END|1
17:09:45.24 (38305879)|FLOW_INTERVIEW_FINISHED|2810e763590802d61a497488a2ff19d9b0da154-6874|Flow to check the DSA field change
17:09:45.44 (44059380)|FLOW_CREATE_INTERVIEW_BEGIN|00D7F000005Cdii|300e200000Kt7YR|301e200000KP0Vy
17:09:45.44 (44129562)|FLOW_CREATE_INTERVIEW_END|2811e763590802d61a497488a2ff19d9b0da154-6875|RMD Alter no changed in Opp
17:09:45.44 (44903563)|FLOW_START_INTERVIEWS_BEGIN|1
17:09:45.44 (44934743)|FLOW_START_INTERVIEW_BEGIN|2811e763590802d61a497488a2ff19d9b0da154-6875|RMD Alter no changed in Opp
17:09:45.44 (45152529)|FLOW_START_INTERVIEW_END|2811e763590802d61a497488a2ff19d9b0da154-6875|RMD Alter no changed in Opp
17:09:45.44 (45796415)|FLOW_START_INTERVIEWS_END|1
17:09:45.44 (46133144)|FLOW_INTERVIEW_FINISHED|2811e763590802d61a497488a2ff19d9b0da154-6875|RMD Alter no changed in Opp
17:09:45.0 (47989103)|CODE_UNIT_FINISHED|Flow:Opportunity
17:09:45.0 (48010384)|EXECUTION_FINISHED
