66.0 APEX_CODE,FINEST;APEX_PROFILING,INFO;CALLOUT,INFO;DATA_ACCESS,INFO;DB,INFO;NBA,INFO;SYSTEM,DEBUG;VALIDATION,INFO;VISUALFORCE,INFO;WAVE,INFO;WORKFLOW,INFO
17:07:25.0 (295017)|USER_INFO|[EXTERNAL]|0052t000000K4aE|rmdsupport1@timesgroup.com|(GMT+05:30) India Standard Time (Asia/Kolkata)|GMT+05:30
17:07:25.0 (2299486)|FLOW_CREATE_INTERVIEW_BEGIN|00D7F000005Cdii|3002t0000004QPx|301Ie000000gAAo
17:07:25.0 (2471130)|FLOW_CREATE_INTERVIEW_END|63199a05f3fe4b72c0c62370003619d9b2f672d-4eac|Send Whatsapp Message On Order Confirmed
17:07:25.3 (3772581)|USER_INFO|[EXTERNAL]|0052t000000K4aE|rmdsupport1@timesgroup.com|(GMT+05:30) India Standard Time (Asia/Kolkata)|GMT+05:30
17:07:25.3 (3812002)|FLOW_START_INTERVIEWS_BEGIN|1
17:07:25.3 (3916015)|FLOW_START_INTERVIEW_BEGIN|63199a05f3fe4b72c0c62370003619d9b2f672d-4eac|Send Whatsapp Message On Order Confirmed
17:07:25.3 (4571651)|FLOW_START_INTERVIEW_END|63199a05f3fe4b72c0c62370003619d9b2f672d-4eac|Send Whatsapp Message On Order Confirmed
17:07:25.52 (52915827)|CODE_UNIT_STARTED|[EXTERNAL]|01p2t000002TDko|OrderCofirmationEmailLink.sendEmailLinkConfirmOrder(List<Id>)
17:07:25.52 (53044390)|HEAP_ALLOCATE|[EXTERNAL]|Bytes:8
17:07:25.52 (53465950)|HEAP_ALLOCATE|[95]|Bytes:3
17:07:25.52 (53553432)|HEAP_ALLOCATE|[100]|Bytes:152
17:07:25.52 (53575213)|HEAP_ALLOCATE|[417]|Bytes:408
17:07:25.52 (53604613)|HEAP_ALLOCATE|[430]|Bytes:408
17:07:25.52 (53644174)|HEAP_ALLOCATE|[317]|Bytes:6
17:07:25.52 (53662215)|HEAP_ALLOCATE|[EXTERNAL]|Bytes:69
17:07:25.52 (53673435)|HEAP_ALLOCATE|[EXTERNAL]|Bytes:7
17:07:25.52 (53679205)|HEAP_ALLOCATE|[EXTERNAL]|Bytes:24
17:07:25.52 (53702396)|METHOD_ENTRY|[1]|01p2t000002TDko|OrderCofirmationEmailLink.OrderCofirmationEmailLink()
17:07:25.52 (53723896)|STATEMENT_EXECUTE|[1]
17:07:25.52 (53738307)|STATEMENT_EXECUTE|[1]
17:07:25.52 (53741577)|STATEMENT_EXECUTE|[95]
17:07:25.52 (53744507)|STATEMENT_EXECUTE|[99]
17:07:25.52 (53747517)|STATEMENT_EXECUTE|[105]
17:07:25.52 (53750507)|STATEMENT_EXECUTE|[111]
17:07:25.52 (53753357)|STATEMENT_EXECUTE|[121]
17:07:25.52 (53756207)|STATEMENT_EXECUTE|[131]
17:07:25.52 (53766727)|METHOD_EXIT|[1]|OrderCofirmationEmailLink
17:07:25.52 (53833469)|HEAP_ALLOCATE|[EXTERNAL]|Bytes:8
17:07:25.52 (53872830)|VARIABLE_SCOPE_BEGIN|[4]|accIds|List<Id>|true|false
17:07:25.52 (53988513)|VARIABLE_ASSIGNMENT|[4]|accIds|["0012t00000at5DcAAI"]|0x3f601e4d
17:07:25.52 (54003603)|STATEMENT_EXECUTE|[4]
17:07:25.52 (54007083)|STATEMENT_EXECUTE|[5]
17:07:25.52 (54011213)|HEAP_ALLOCATE|[5]|Bytes:37
17:07:25.52 (54132786)|HEAP_ALLOCATE|[5]|Bytes:20
17:07:25.52 (54170897)|HEAP_ALLOCATE|[5]|Bytes:57
17:07:25.52 (54203838)|HEAP_ALLOCATE|[68]|Bytes:5
17:07:25.52 (54239189)|HEAP_ALLOCATE|[74]|Bytes:5
17:07:25.52 (54250019)|HEAP_ALLOCATE|[82]|Bytes:7
17:07:25.52 (54294850)|USER_DEBUG|[5]|DEBUG|---accIds-Rahul--InvocableMethod-@@@-(0012t00000at5DcAAI)
17:07:25.52 (54307800)|STATEMENT_EXECUTE|[6]
17:07:25.52 (54312220)|HEAP_ALLOCATE|[6]|Bytes:182
17:07:25.52 (54334001)|HEAP_ALLOCATE|[6]|Bytes:4
17:07:25.52 (54350861)|HEAP_ALLOCATE|[6]|Bytes:7
17:07:25.52 (55686203)|SOQL_EXECUTE_BEGIN|[6]|Aggregations:0|SELECT id, Name, RMD_Opt_In__c, RMD_SMS_Mobile__c, Email_Verification_Link__c FROM Account WHERE (Id IN :tmpVar1 AND Email_Verification_Link__c != NULL AND Email_Verified__c = FALSE)
17:07:25.52 (61915354)|SOQL_EXECUTE_END|[6]|Rows:0
17:07:25.52 (61971835)|HEAP_ALLOCATE|[6]|Bytes:4
17:07:25.52 (61994115)|HEAP_ALLOCATE|[6]|Bytes:0
17:07:25.52 (62125329)|HEAP_ALLOCATE|[6]|Bytes:4
17:07:25.52 (62152389)|HEAP_ALLOCATE|[6]|Bytes:33
17:07:25.52 (62528848)|HEAP_ALLOCATE|[6]|Bytes:46
17:07:25.52 (62697272)|FATAL_ERROR|System.QueryException: List has no rows for assignment to SObject

Class.OrderCofirmationEmailLink.sendEmailLinkConfirmOrder: line 6, column 1
17:07:25.52 (62718743)|FATAL_ERROR|System.QueryException: List has no rows for assignment to SObject

Class.OrderCofirmationEmailLink.sendEmailLinkConfirmOrder: line 6, column 1
17:07:25.62 (62762674)|CUMULATIVE_LIMIT_USAGE
17:07:25.62 (62762674)|LIMIT_USAGE_FOR_NS|(default)|
  Number of SOQL queries: 1 out of 200
  Number of query rows: 0 out of 50000
  Number of SOSL queries: 0 out of 20
  Number of DML statements: 0 out of 150
  Number of Publish Immediate DML: 0 out of 150
  Number of DML rows: 0 out of 10000
  Maximum CPU time: 13 out of 60000
  Maximum heap size: 0 out of 12000000
  Number of callouts: 0 out of 100
  Number of Email Invocations: 0 out of 10
  Number of future calls: 0 out of 50
  Number of queueable jobs added to the queue: 0 out of 50
  Number of Mobile Apex push calls: 0 out of 10

17:07:25.62 (62762674)|CUMULATIVE_LIMIT_USAGE_END

17:07:25.52 (62844436)|CODE_UNIT_FINISHED|OrderCofirmationEmailLink.sendEmailLinkConfirmOrder(List<Id>)
17:07:25.3 (260384171)|FLOW_ELEMENT_ERROR|An Apex error occurred: System.QueryException: List has no rows for assignment to SObject
|FlowActionCall|Send_Whatsapp_Message_On_Order_Confirm
17:07:25.3 (260711108)|FLOW_START_INTERVIEWS_END|1
