59.0 APEX_CODE,FINEST;APEX_PROFILING,INFO;CALLOUT,INFO;DATA_ACCESS,INFO;DB,INFO;NBA,INFO;SYSTEM,DEBUG;VALIDATION,INFO;VISUALFORCE,INFO;WAVE,INFO;WORKFLOW,INFO
16:21:00.0 (420400)|USER_INFO|[EXTERNAL]|0052t000000K4aE|rmdsupport1@timesgroup.com|(GMT+05:30) India Standard Time (Asia/Kolkata)|GMT+05:30
16:21:00.0 (514022)|EXECUTION_STARTED
16:21:00.0 (548333)|CODE_UNIT_STARTED|[EXTERNAL]|01p2t000000KTHK|SubscriptionLeadConvert
16:21:00.0 (19062583)|HEAP_ALLOCATE|[95]|Bytes:3
16:21:00.0 (19219637)|HEAP_ALLOCATE|[100]|Bytes:152
16:21:00.0 (19238517)|HEAP_ALLOCATE|[417]|Bytes:408
16:21:00.0 (19254167)|HEAP_ALLOCATE|[430]|Bytes:408
16:21:00.0 (19280518)|HEAP_ALLOCATE|[317]|Bytes:6
16:21:00.0 (19302609)|HEAP_ALLOCATE|[EXTERNAL]|Bytes:3
16:21:00.0 (19335269)|SYSTEM_METHOD_ENTRY|[1]|SchedulableContextImpl.SchedulableContextImpl()
16:21:00.0 (19348070)|STATEMENT_EXECUTE|[1]
16:21:00.0 (19370870)|SYSTEM_METHOD_EXIT|[1]|SchedulableContextImpl
16:21:00.0 (19376710)|HEAP_ALLOCATE|[EXTERNAL]|Bytes:8
16:21:00.0 (19381110)|HEAP_ALLOCATE|[EXTERNAL]|Bytes:4
16:21:00.0 (19405381)|VARIABLE_SCOPE_BEGIN|[4]|this|System.SchedulableContextImpl|true|false
16:21:00.0 (19514973)|VARIABLE_ASSIGNMENT|[4]|this|{}|0x35bbc75a
16:21:00.0 (19522204)|VARIABLE_SCOPE_BEGIN|[4]|triggerId|Id|false|false
16:21:00.0 (19634736)|VARIABLE_ASSIGNMENT|[4]|triggerId|"08ee200000NdnWiAAJ"
16:21:00.0 (21698364)|HEAP_ALLOCATE|[EXTERNAL]|Bytes:1
16:21:00.0 (21710435)|HEAP_ALLOCATE|[EXTERNAL]|Bytes:2
16:21:00.0 (21723015)|METHOD_ENTRY|[1]|01p2t000000KTHK|RMDSubscriptionLeadConvetSchedulable.RMDSubscriptionLeadConvetSchedulable()
16:21:00.0 (21728005)|STATEMENT_EXECUTE|[1]
16:21:00.0 (21732105)|STATEMENT_EXECUTE|[1]
16:21:00.0 (21737225)|METHOD_EXIT|[1]|RMDSubscriptionLeadConvetSchedulable
16:21:00.0 (21745755)|HEAP_ALLOCATE|[EXTERNAL]|Bytes:4
16:21:00.0 (21749596)|HEAP_ALLOCATE|[EXTERNAL]|Bytes:8
16:21:00.0 (21754506)|VARIABLE_SCOPE_BEGIN|[2]|this|RMDSubscriptionLeadConvetSchedulable|true|false
16:21:00.0 (21782916)|VARIABLE_ASSIGNMENT|[2]|this|{}|0x6e36a6b3
16:21:00.0 (21791297)|VARIABLE_SCOPE_BEGIN|[2]|sc|System.SchedulableContext|true|false
16:21:00.0 (21871148)|VARIABLE_ASSIGNMENT|[2]|sc|{"triggerId":"08ee200000NdnWiAAJ"}|0x35bbc75a
16:21:00.0 (21882019)|STATEMENT_EXECUTE|[2]
16:21:00.0 (21884499)|STATEMENT_EXECUTE|[3]
16:21:00.0 (21891299)|VARIABLE_SCOPE_BEGIN|[3]|batchSize|Integer|false|false
16:21:00.0 (21901199)|HEAP_ALLOCATE|[3]|Bytes:4
16:21:00.0 (21949180)|VARIABLE_ASSIGNMENT|[3]|batchSize|1
16:21:00.0 (21957100)|STATEMENT_EXECUTE|[5]
16:21:00.0 (21962600)|HEAP_ALLOCATE|[5]|Bytes:211
16:21:00.0 (21982191)|HEAP_ALLOCATE|[5]|Bytes:4
16:21:00.0 (22016672)|HEAP_ALLOCATE|[68]|Bytes:5
16:21:00.0 (22037272)|HEAP_ALLOCATE|[74]|Bytes:5
16:21:00.0 (22047692)|HEAP_ALLOCATE|[82]|Bytes:7
16:21:00.0 (23780853)|SOQL_EXECUTE_BEGIN|[5]|Aggregations:0|SELECT Id, Status, NumberOfErrors, JobItemsProcessed, TotalJobItems, CreatedBy.Email FROM AsyncApexJob WHERE (ApexClass.Name = 'RMDBatchSubscriptionLeadConvert' AND Status != 'Aborted' AND Status != 'Completed')
16:21:00.0 (674383350)|SOQL_EXECUTE_END|[5]|Rows:0
16:21:00.0 (674439331)|HEAP_ALLOCATE|[5]|Bytes:4
16:21:00.0 (674470172)|HEAP_ALLOCATE|[5]|Bytes:0
16:21:00.0 (674670698)|HEAP_ALLOCATE|[5]|Bytes:4
16:21:00.0 (674705558)|VARIABLE_SCOPE_BEGIN|[5]|asyncJobAbort|List<AsyncApexJob>|true|false
16:21:00.0 (674745358)|VARIABLE_ASSIGNMENT|[5]|asyncJobAbort|[]|0x2e9536d6
16:21:00.0 (675078547)|HEAP_ALLOCATE|[6]|Bytes:5
16:21:00.0 (675143148)|VARIABLE_ASSIGNMENT|[6]|eachaJob|null|
16:21:00.0 (675155448)|STATEMENT_EXECUTE|[6]
16:21:00.0 (675159909)|STATEMENT_EXECUTE|[10]
16:21:00.0 (679930169)|HEAP_ALLOCATE|[10]|Bytes:29
16:21:00.0 (679961789)|HEAP_ALLOCATE|[10]|Bytes:81
16:21:00.0 (679970720)|HEAP_ALLOCATE|[10]|Bytes:10
16:21:00.0 (679978150)|HEAP_ALLOCATE|[10]|Bytes:8
16:21:00.0 (680022071)|METHOD_ENTRY|[1]|01p2t000000KTG6|RMDBatchSubscriptionLeadConvert.RMDBatchSubscriptionLeadConvert()
16:21:00.0 (680037422)|STATEMENT_EXECUTE|[1]
16:21:00.0 (680047631)|STATEMENT_EXECUTE|[1]
16:21:00.0 (680073512)|HEAP_ALLOCATE|[10]|Bytes:5
16:21:00.0 (680081623)|STATEMENT_EXECUTE|[2]
16:21:00.0 (680100584)|METHOD_EXIT|[1]|RMDBatchSubscriptionLeadConvert
16:21:00.0 (680127784)|HEAP_ALLOCATE|[10]|Bytes:4
16:21:00.0 (680186695)|CONSTRUCTOR_ENTRY|[10]|01p2t000000KTG6|<init>()|RMDBatchSubscriptionLeadConvert
16:21:00.0 (680275508)|VARIABLE_SCOPE_BEGIN|[1]|this|RMDBatchSubscriptionLeadConvert|true|false
16:21:00.0 (680339478)|VARIABLE_ASSIGNMENT|[1]|this|{}|0x2b896152
16:21:00.0 (680358018)|HEAP_ALLOCATE|[EXTERNAL]|Bytes:5
16:21:00.0 (680403330)|STATEMENT_EXECUTE|[1]
16:21:00.0 (680410860)|HEAP_ALLOCATE|[EXTERNAL]|Bytes:5
16:21:00.0 (680433690)|CONSTRUCTOR_EXIT|[10]|01p2t000000KTG6|<init>()|RMDBatchSubscriptionLeadConvert
16:21:00.0 (680445441)|VARIABLE_SCOPE_BEGIN|[10]|objRMDBatchLeadConvert|RMDBatchSubscriptionLeadConvert|true|false
16:21:00.0 (680471432)|VARIABLE_ASSIGNMENT|[10]|objRMDBatchLeadConvert|{}|0x2b896152
16:21:00.0 (680479931)|STATEMENT_EXECUTE|[11]
16:21:00.0 (761771850)|HEAP_ALLOCATE|[14]|Bytes:118
16:21:00.0 (761819902)|SYSTEM_METHOD_ENTRY|[1]|Test.Test()
16:21:00.0 (761829512)|STATEMENT_EXECUTE|[1]
16:21:00.0 (761848522)|SYSTEM_METHOD_EXIT|[1]|Test
16:21:00.0 (761891033)|METHOD_ENTRY|[14]||System.Test.isRunningTest()
16:21:00.0 (761977975)|METHOD_EXIT|[14]||System.Test.isRunningTest()
16:21:00.0 (761990455)|STATEMENT_EXECUTE|[14]
16:21:00.0 (761994316)|STATEMENT_EXECUTE|[15]
16:21:00.0 (762000886)|HEAP_ALLOCATE|[15]|Bytes:121
16:21:00.0 (762031846)|HEAP_ALLOCATE|[15]|Bytes:4
16:21:00.0 (762750944)|SOQL_EXECUTE_BEGIN|[15]|Aggregations:0|SELECT Id, NextFireTime, CronJobDetail.Name FROM CronTrigger WHERE CronJobDetail.Name = 'SubscriptionLeadConvert' LIMIT 1
16:21:00.0 (780027265)|SOQL_EXECUTE_END|[15]|Rows:1
16:21:00.0 (780072566)|HEAP_ALLOCATE|[15]|Bytes:8
16:21:00.0 (780103237)|HEAP_ALLOCATE|[15]|Bytes:162
16:21:00.0 (780250900)|HEAP_ALLOCATE|[15]|Bytes:8
16:21:00.0 (780280611)|HEAP_ALLOCATE|[15]|Bytes:37
16:21:00.0 (780419134)|HEAP_ALLOCATE|[15]|Bytes:20
16:21:00.0 (780434904)|VARIABLE_SCOPE_BEGIN|[15]|asyncJob|CronTrigger|true|false
16:21:00.0 (780686510)|VARIABLE_ASSIGNMENT|[15]|asyncJob|{"CronJobDetailId":"08ae200000Ne7f6AAB","CronJobDetail":{"Name":"SubscriptionLeadConv (3 more) ...","Id":"08ae200000Ne7f6AAB"},"Id":"08ee200000NdnWiAAJ","NextFireTime":"2026-04-18T10:51:00.000Z"}|0x3805ee3c
16:21:00.0 (780702290)|STATEMENT_EXECUTE|[16]
16:21:00.0 (780758142)|HEAP_ALLOCATE|[16]|Bytes:18
16:21:00.0 (880981321)|STATEMENT_EXECUTE|[20]
16:21:00.0 (881086163)|HEAP_ALLOCATE|[20]|Bytes:56
16:21:00.0 (881149785)|HEAP_ALLOCATE|[20]|Bytes:56
16:21:00.0 (881184615)|VARIABLE_SCOPE_BEGIN|[20]|dt|Datetime|false|false
16:21:00.0 (881228596)|VARIABLE_ASSIGNMENT|[20]|dt|"2026-04-17T10:56:01.003Z"
16:21:00.0 (881236246)|STATEMENT_EXECUTE|[21]
16:21:00.0 (881323568)|HEAP_ALLOCATE|[21]|Bytes:2
16:21:00.0 (881335849)|VARIABLE_SCOPE_BEGIN|[21]|hr|String|false|false
16:21:00.0 (881349909)|VARIABLE_ASSIGNMENT|[21]|hr|"16"
16:21:00.0 (881353749)|STATEMENT_EXECUTE|[22]
16:21:00.0 (881388410)|HEAP_ALLOCATE|[22]|Bytes:2
16:21:00.0 (881400490)|VARIABLE_SCOPE_BEGIN|[22]|min|String|false|false
16:21:00.0 (881409240)|VARIABLE_ASSIGNMENT|[22]|min|"26"
16:21:00.0 (881413051)|STATEMENT_EXECUTE|[23]
16:21:00.0 (881439982)|HEAP_ALLOCATE|[23]|Bytes:4
16:21:00.0 (881472812)|HEAP_ALLOCATE|[23]|Bytes:2
16:21:00.0 (881482452)|VARIABLE_SCOPE_BEGIN|[23]|currDate|String|false|false
16:21:00.0 (881491252)|VARIABLE_ASSIGNMENT|[23]|currDate|"17"
16:21:00.0 (881494812)|STATEMENT_EXECUTE|[24]
16:21:00.0 (881499482)|HEAP_ALLOCATE|[24]|Bytes:2
16:21:00.0 (881504123)|HEAP_ALLOCATE|[24]|Bytes:1
16:21:00.0 (881508013)|HEAP_ALLOCATE|[24]|Bytes:7
16:21:00.0 (881518763)|HEAP_ALLOCATE|[24]|Bytes:14
16:21:00.0 (881522824)|VARIABLE_SCOPE_BEGIN|[24]|sch|String|false|false
16:21:00.0 (881531203)|VARIABLE_ASSIGNMENT|[24]|sch|"0 26 16 * *  ?"
16:21:00.0 (881535793)|STATEMENT_EXECUTE|[25]
16:21:00.0 (881538433)|HEAP_ALLOCATE|[25]|Bytes:7
16:21:00.0 (881546084)|HEAP_ALLOCATE|[25]|Bytes:21
16:21:00.0 (881592675)|USER_DEBUG|[25]|DEBUG|sch====0 26 16 * *  ?
16:21:00.0 (881603215)|STATEMENT_EXECUTE|[26]
16:21:00.0 (881612035)|HEAP_ALLOCATE|[26]|Bytes:4
16:21:00.0 (881626826)|CONSTRUCTOR_ENTRY|[26]|01p2t000000KTHK|<init>()|RMDSubscriptionLeadConvetSchedulable
16:21:00.0 (881656326)|VARIABLE_SCOPE_BEGIN|[1]|this|RMDSubscriptionLeadConvetSchedulable|true|false
16:21:00.0 (881691348)|VARIABLE_ASSIGNMENT|[1]|this|{}|0x35a42fb9
16:21:00.0 (881719148)|STATEMENT_EXECUTE|[1]
16:21:00.0 (881723818)|CONSTRUCTOR_EXIT|[26]|01p2t000000KTHK|<init>()|RMDSubscriptionLeadConvetSchedulable
16:21:00.0 (881729629)|VARIABLE_SCOPE_BEGIN|[26]|sch2|RMDSubscriptionLeadConvetSchedulable|true|false
16:21:00.0 (881742368)|VARIABLE_ASSIGNMENT|[26]|sch2|{}|0x35a42fb9
16:21:00.0 (881746989)|STATEMENT_EXECUTE|[27]
16:21:00.0 (881750018)|HEAP_ALLOCATE|[27]|Bytes:23
16:21:00.0 (881754818)|VARIABLE_SCOPE_BEGIN|[27]|strName|String|false|false
16:21:00.0 (881764190)|VARIABLE_ASSIGNMENT|[27]|strName|"SubscriptionLeadConv (3 more) ..."
16:21:00.0 (881767990)|STATEMENT_EXECUTE|[28]
16:21:00.952 (952641136)|CUMULATIVE_LIMIT_USAGE
16:21:00.952 (952641136)|LIMIT_USAGE_FOR_NS|(default)|
  Number of SOQL queries: 2 out of 100
  Number of query rows: 1 out of 50000
  Number of SOSL queries: 0 out of 20
  Number of DML statements: 1 out of 150
  Number of Publish Immediate DML: 0 out of 150
  Number of DML rows: 1 out of 10000
  Maximum CPU time: 0 out of 10000
  Maximum heap size: 0 out of 6000000
  Number of callouts: 0 out of 100
  Number of Email Invocations: 0 out of 10
  Number of future calls: 0 out of 50
  Number of queueable jobs added to the queue: 0 out of 50
  Number of Mobile Apex push calls: 0 out of 10

16:21:00.952 (952641136)|CUMULATIVE_LIMIT_USAGE_END

16:21:00.0 (952736808)|CODE_UNIT_FINISHED|SubscriptionLeadConvert
16:21:00.0 (952766659)|EXECUTION_FINISHED
