65.0 APEX_CODE,FINEST;APEX_PROFILING,INFO;CALLOUT,INFO;DATA_ACCESS,INFO;DB,INFO;NBA,INFO;SYSTEM,DEBUG;VALIDATION,INFO;VISUALFORCE,INFO;WAVE,INFO;WORKFLOW,INFO
16:51:01.0 (319680)|USER_INFO|[EXTERNAL]|0052t000000K4aE|rmdsupport1@timesgroup.com|(GMT+05:30) India Standard Time (Asia/Kolkata)|GMT+05:30
16:51:01.0 (448604)|EXECUTION_STARTED
16:51:01.0 (503275)|CODE_UNIT_STARTED|[EXTERNAL]|01p2t000000KTG6|RMDBatchSubscriptionLeadConvert
16:51:01.0 (2643459)|HEAP_ALLOCATE|[EXTERNAL]|Bytes:4
16:51:01.0 (29423033)|HEAP_ALLOCATE|[95]|Bytes:3
16:51:01.0 (29512517)|HEAP_ALLOCATE|[100]|Bytes:152
16:51:01.0 (29531748)|HEAP_ALLOCATE|[417]|Bytes:408
16:51:01.0 (29552158)|HEAP_ALLOCATE|[430]|Bytes:408
16:51:01.0 (29595459)|HEAP_ALLOCATE|[317]|Bytes:6
16:51:01.0 (29635281)|HEAP_ALLOCATE|[EXTERNAL]|Bytes:11
16:51:01.0 (29671032)|SYSTEM_METHOD_ENTRY|[15]|BatchableContextImpl.BatchableContextImpl()
16:51:01.0 (29690492)|STATEMENT_EXECUTE|[15]
16:51:01.0 (29724353)|SYSTEM_METHOD_EXIT|[15]|BatchableContextImpl
16:51:01.0 (29734774)|HEAP_ALLOCATE|[EXTERNAL]|Bytes:12
16:51:01.0 (29740654)|HEAP_ALLOCATE|[EXTERNAL]|Bytes:4
16:51:01.0 (29758074)|VARIABLE_SCOPE_BEGIN|[31]|this|Database.BatchableContextImpl|true|false
16:51:01.0 (29895268)|VARIABLE_ASSIGNMENT|[31]|this|{}|0x6e8befba
16:51:01.0 (29903719)|VARIABLE_SCOPE_BEGIN|[31]|jobId|Id|false|false
16:51:01.0 (30061663)|VARIABLE_ASSIGNMENT|[31]|jobId|"707e200000ogG5VAAU"
16:51:01.0 (30069284)|VARIABLE_SCOPE_BEGIN|[31]|childJobId|Id|false|false
16:51:01.0 (30081384)|VARIABLE_ASSIGNMENT|[31]|childJobId|null
16:51:01.0 (32420375)|HEAP_ALLOCATE|[EXTERNAL]|Bytes:29
16:51:01.0 (32472407)|HEAP_ALLOCATE|[EXTERNAL]|Bytes:81
16:51:01.0 (32478587)|HEAP_ALLOCATE|[EXTERNAL]|Bytes:10
16:51:01.0 (32483167)|HEAP_ALLOCATE|[EXTERNAL]|Bytes:8
16:51:01.0 (32492777)|METHOD_ENTRY|[1]|01p2t000000KTG6|RMDBatchSubscriptionLeadConvert.RMDBatchSubscriptionLeadConvert()
16:51:01.0 (32499288)|STATEMENT_EXECUTE|[1]
16:51:01.0 (32504668)|STATEMENT_EXECUTE|[1]
16:51:01.0 (32525158)|HEAP_ALLOCATE|[68]|Bytes:5
16:51:01.0 (32549399)|HEAP_ALLOCATE|[74]|Bytes:5
16:51:01.0 (32560819)|HEAP_ALLOCATE|[82]|Bytes:7
16:51:01.0 (32785796)|HEAP_ALLOCATE|[EXTERNAL]|Bytes:5
16:51:01.0 (32795977)|STATEMENT_EXECUTE|[2]
16:51:01.0 (32808327)|METHOD_EXIT|[1]|RMDBatchSubscriptionLeadConvert
16:51:01.0 (32815637)|HEAP_ALLOCATE|[EXTERNAL]|Bytes:4
16:51:01.0 (32821287)|HEAP_ALLOCATE|[EXTERNAL]|Bytes:12
16:51:01.0 (32827548)|VARIABLE_SCOPE_BEGIN|[4]|this|RMDBatchSubscriptionLeadConvert|true|false
16:51:01.0 (32856088)|VARIABLE_ASSIGNMENT|[4]|this|{}|0xed0a801
16:51:01.0 (32862339)|VARIABLE_SCOPE_BEGIN|[4]|BC|Database.BatchableContext|true|false
16:51:01.0 (32947741)|VARIABLE_ASSIGNMENT|[4]|BC|{"jobId":"707e200000ogG5VAAU"}|0x6e8befba
16:51:01.0 (32967652)|HEAP_ALLOCATE|[10]|Bytes:5
16:51:01.0 (32974352)|STATEMENT_EXECUTE|[4]
16:51:01.0 (32977632)|STATEMENT_EXECUTE|[10]
16:51:01.0 (32982562)|HEAP_ALLOCATE|[10]|Bytes:404
16:51:01.0 (32991692)|VARIABLE_SCOPE_BEGIN|[10]|query|String|false|false
16:51:01.0 (33009903)|VARIABLE_ASSIGNMENT|[10]|query|"Select Id,RMD_Subscr (384 more) ..."
16:51:01.0 (33016653)|STATEMENT_EXECUTE|[14]
16:51:01.0 (35459388)|SOQL_EXECUTE_BEGIN|[14]|Aggregations:0|Select Id,RMD_Subscriber_Payment_Id__c,RMD_Payment_Transaction_Id__c,RMD_Payment_Type__c,RMD_Lead__r.recordType.Name,RMD_Selected_Scheme_Detail__c,RMD_Lead__c,RMD_Opportunity__c,RMD_Account__c from RMD_Payment_Transaction__c where RMD_Payment_Status__c = 'Success' and RMD_Lead__c != null and RMD_Lead__r.IsConverted = false and LastModifiedDate = Today and RMD_Lead__r.LeadSource = 'Subscription Portal'
16:51:01.0 (212784856)|SOQL_EXECUTE_END|[14]|Rows:0
16:51:01.232 (232907977)|CUMULATIVE_LIMIT_USAGE
16:51:01.232 (232907977)|LIMIT_USAGE_FOR_NS|(default)|
  Number of SOQL queries: 0 out of 200
  Number of query rows: 0 out of 50000
  Number of SOSL queries: 0 out of 20
  Number of DML statements: 0 out of 150
  Number of Publish Immediate DML: 0 out of 150
  Number of DML rows: 0 out of 10000
  Maximum CPU time: 0 out of 60000
  Maximum heap size: 0 out of 12000000
  Number of callouts: 0 out of 0
  Number of Email Invocations: 0 out of 10
  Number of future calls: 0 out of 0
  Number of queueable jobs added to the queue: 0 out of 1
  Number of Mobile Apex push calls: 0 out of 10

16:51:01.232 (232907977)|CUMULATIVE_LIMIT_USAGE_END

16:51:01.0 (233061292)|CODE_UNIT_FINISHED|RMDBatchSubscriptionLeadConvert
16:51:01.0 (233096453)|EXECUTION_FINISHED
