60.0 APEX_CODE,FINEST;APEX_PROFILING,INFO;CALLOUT,INFO;DATA_ACCESS,INFO;DB,INFO;NBA,INFO;SYSTEM,DEBUG;VALIDATION,INFO;VISUALFORCE,INFO;WAVE,INFO;WORKFLOW,INFO
17:37:16.0 (240124)|USER_INFO|[EXTERNAL]|0052t000000K4aE|rmdsupport1@timesgroup.com|(GMT+05:30) India Standard Time (Asia/Kolkata)|GMT+05:30
17:37:16.0 (278884)|EXECUTION_STARTED
17:37:16.0 (290694)|CODE_UNIT_STARTED|[EXTERNAL]|01p2t000002THB9|RMDBatchOrderModifySyncToSAP
17:37:16.0 (6953131)|HEAP_ALLOCATE|[95]|Bytes:3
17:37:16.0 (7060612)|HEAP_ALLOCATE|[100]|Bytes:152
17:37:16.0 (7082053)|HEAP_ALLOCATE|[417]|Bytes:408
17:37:16.0 (7102303)|HEAP_ALLOCATE|[430]|Bytes:408
17:37:16.0 (7138614)|HEAP_ALLOCATE|[317]|Bytes:6
17:37:16.0 (12787853)|HEAP_ALLOCATE|[EXTERNAL]|Bytes:34
17:37:16.0 (22512923)|HEAP_ALLOCATE|[EXTERNAL]|Bytes:11
17:37:16.0 (22543034)|SYSTEM_METHOD_ENTRY|[15]|BatchableContextImpl.BatchableContextImpl()
17:37:16.0 (22550584)|STATEMENT_EXECUTE|[15]
17:37:16.0 (22565264)|SYSTEM_METHOD_EXIT|[15]|BatchableContextImpl
17:37:16.0 (22574384)|HEAP_ALLOCATE|[EXTERNAL]|Bytes:12
17:37:16.0 (22580184)|HEAP_ALLOCATE|[EXTERNAL]|Bytes:4
17:37:16.0 (22583984)|HEAP_ALLOCATE|[EXTERNAL]|Bytes:4
17:37:16.0 (22589154)|VARIABLE_SCOPE_BEGIN|[31]|this|Database.BatchableContextImpl|true|false
17:37:16.0 (22642395)|VARIABLE_ASSIGNMENT|[31]|this|{}|0xd21e268
17:37:16.0 (22648625)|VARIABLE_SCOPE_BEGIN|[31]|jobId|Id|false|false
17:37:16.0 (22757307)|VARIABLE_ASSIGNMENT|[31]|jobId|"707e200000ofLt8AAE"
17:37:16.0 (22763177)|VARIABLE_SCOPE_BEGIN|[31]|childJobId|Id|false|false
17:37:16.0 (22780438)|VARIABLE_ASSIGNMENT|[31]|childJobId|"707e200000ogH0DAAU"
17:37:16.0 (102928940)|HEAP_ALLOCATE|[EXTERNAL]|Bytes:8
17:37:23.611 (7611631443)|HEAP_ALLOCATE|[EXTERNAL]|Bytes:8
17:37:30.828 (14828033684)|HEAP_ALLOCATE|[EXTERNAL]|Bytes:8
17:37:38.61 (22061603492)|HEAP_ALLOCATE|[EXTERNAL]|Bytes:8
17:37:45.451 (29451650985)|HEAP_ALLOCATE|[EXTERNAL]|Bytes:8
17:37:52.46 (36046011312)|HEAP_ALLOCATE|[EXTERNAL]|Bytes:8
17:37:58.580 (42580455859)|HEAP_ALLOCATE|[EXTERNAL]|Bytes:8
17:38:05.180 (49180420536)|HEAP_ALLOCATE|[EXTERNAL]|Bytes:8
17:38:11.682 (55682066000)|HEAP_ALLOCATE|[EXTERNAL]|Bytes:8
17:38:18.172 (62172021926)|HEAP_ALLOCATE|[EXTERNAL]|Bytes:8
17:38:24.798 (68798951083)|HEAP_ALLOCATE|[EXTERNAL]|Bytes:8
17:38:31.412 (75412788711)|HEAP_ALLOCATE|[EXTERNAL]|Bytes:8
17:38:38.129 (82129007305)|HEAP_ALLOCATE|[EXTERNAL]|Bytes:8
17:38:44.775 (88775517654)|HEAP_ALLOCATE|[EXTERNAL]|Bytes:8
17:38:51.470 (95470565029)|HEAP_ALLOCATE|[EXTERNAL]|Bytes:8
17:38:58.46 (102046997598)|HEAP_ALLOCATE|[EXTERNAL]|Bytes:8
17:39:04.511 (108511379039)|HEAP_ALLOCATE|[EXTERNAL]|Bytes:8
17:39:11.21 (115021001980)|HEAP_ALLOCATE|[EXTERNAL]|Bytes:8
17:39:17.584 (121584845150)|HEAP_ALLOCATE|[EXTERNAL]|Bytes:8
17:39:24.73 (128073044213)|HEAP_ALLOCATE|[EXTERNAL]|Bytes:8
17:39:30.665 (134665785350)|HEAP_ALLOCATE|[EXTERNAL]|Bytes:8
17:39:37.167 (141167662589)|HEAP_ALLOCATE|[EXTERNAL]|Bytes:8
17:39:44.152 (148152924341)|HEAP_ALLOCATE|[EXTERNAL]|Bytes:8
17:39:51.115 (155115906172)|HEAP_ALLOCATE|[EXTERNAL]|Bytes:8
17:39:58.39 (162039504990)|HEAP_ALLOCATE|[EXTERNAL]|Bytes:8
17:40:05.13 (169013483749)|HEAP_ALLOCATE|[EXTERNAL]|Bytes:8
17:40:11.948 (175948965468)|HEAP_ALLOCATE|[EXTERNAL]|Bytes:8
17:40:18.893 (182893701425)|CUMULATIVE_LIMIT_USAGE
17:40:18.893 (182893701425)|LIMIT_USAGE_FOR_NS|(default)|
  Number of SOQL queries: 0 out of 200
  Number of query rows: 0 out of 50000
  Number of SOSL queries: 0 out of 20
  Number of DML statements: 0 out of 150
  Number of Publish Immediate DML: 0 out of 150
  Number of DML rows: 0 out of 10000
  Maximum CPU time: 0 out of 60000
  Maximum heap size: 0 out of 12000000
  Number of callouts: 0 out of 0
  Number of Email Invocations: 0 out of 10
  Number of future calls: 0 out of 0
  Number of queueable jobs added to the queue: 0 out of 1
  Number of Mobile Apex push calls: 0 out of 10

17:40:18.893 (182893701425)|CUMULATIVE_LIMIT_USAGE_END

17:40:18.893 (182893780916)|CODE_UNIT_FINISHED|RMDBatchOrderModifySyncToSAP
17:40:18.893 (182893820247)|EXECUTION_FINISHED
