66.0 APEX_CODE,FINEST;APEX_PROFILING,INFO;CALLOUT,INFO;DATA_ACCESS,INFO;DB,INFO;NBA,INFO;SYSTEM,DEBUG;VALIDATION,INFO;VISUALFORCE,INFO;WAVE,INFO;WORKFLOW,INFO
17:09:21.0 (245695)|USER_INFO|[EXTERNAL]|0052t000000K4aE|rmdsupport1@timesgroup.com|(GMT+05:30) India Standard Time (Asia/Kolkata)|GMT+05:30
17:09:21.0 (335946)|EXECUTION_STARTED
17:09:21.0 (364097)|CODE_UNIT_STARTED|[EXTERNAL]|apex://RefundRequestController/ACTION$showRefundButton
17:09:21.0 (1664341)|CODE_UNIT_STARTED|[EXTERNAL]|01p2t000000Td2G|RefundRequestController.showRefundButton(String)
17:09:21.0 (1959516)|HEAP_ALLOCATE|[95]|Bytes:3
17:09:21.0 (2071217)|HEAP_ALLOCATE|[100]|Bytes:152
17:09:21.0 (2091869)|HEAP_ALLOCATE|[417]|Bytes:408
17:09:21.0 (2108329)|HEAP_ALLOCATE|[430]|Bytes:408
17:09:21.0 (2134090)|HEAP_ALLOCATE|[317]|Bytes:6
17:09:21.0 (2187619)|HEAP_ALLOCATE|[EXTERNAL]|Bytes:36
17:09:21.0 (2194081)|HEAP_ALLOCATE|[EXTERNAL]|Bytes:21
17:09:21.0 (2198041)|HEAP_ALLOCATE|[EXTERNAL]|Bytes:95
17:09:21.0 (2224071)|METHOD_ENTRY|[1]|01p2t000000Td2G|RefundRequestController.RefundRequestController()
17:09:21.0 (2239091)|STATEMENT_EXECUTE|[1]
17:09:21.0 (2251061)|STATEMENT_EXECUTE|[1]
17:09:21.0 (2253392)|STATEMENT_EXECUTE|[3]
17:09:21.0 (2255432)|STATEMENT_EXECUTE|[88]
17:09:21.0 (2257552)|STATEMENT_EXECUTE|[215]
17:09:21.0 (2265221)|METHOD_EXIT|[1]|RefundRequestController
17:09:21.0 (2269722)|HEAP_ALLOCATE|[EXTERNAL]|Bytes:18
17:09:21.0 (2300742)|VARIABLE_SCOPE_BEGIN|[245]|selectedOppId|String|false|false
17:09:21.0 (2360574)|VARIABLE_ASSIGNMENT|[245]|selectedOppId|"006e200000MDA3JAAX"
17:09:21.0 (2370124)|STATEMENT_EXECUTE|[245]
17:09:21.0 (2372544)|STATEMENT_EXECUTE|[246]
17:09:21.0 (2375964)|HEAP_ALLOCATE|[246]|Bytes:15
17:09:21.0 (2390834)|HEAP_ALLOCATE|[246]|Bytes:33
17:09:21.0 (2414305)|HEAP_ALLOCATE|[68]|Bytes:5
17:09:21.0 (2440695)|HEAP_ALLOCATE|[74]|Bytes:5
17:09:21.0 (2449755)|HEAP_ALLOCATE|[82]|Bytes:7
17:09:21.0 (2518876)|USER_DEBUG|[246]|DEBUG|=selectedOppId=006e200000MDA3JAAX
17:09:21.0 (2536447)|STATEMENT_EXECUTE|[247]
17:09:21.0 (2541647)|VARIABLE_SCOPE_BEGIN|[247]|docId|Boolean|false|false
17:09:21.0 (2559317)|HEAP_ALLOCATE|[247]|Bytes:5
17:09:21.0 (2568107)|VARIABLE_ASSIGNMENT|[247]|docId|false
17:09:21.0 (2572217)|STATEMENT_EXECUTE|[248]
17:09:21.0 (2575118)|VARIABLE_SCOPE_BEGIN|[248]|refundData|Boolean|false|false
17:09:21.0 (2581198)|HEAP_ALLOCATE|[248]|Bytes:5
17:09:21.0 (2587248)|VARIABLE_ASSIGNMENT|[248]|refundData|false
17:09:21.0 (2591708)|STATEMENT_EXECUTE|[249]
17:09:21.0 (2595388)|HEAP_ALLOCATE|[249]|Bytes:228
17:09:21.0 (2600658)|HEAP_ALLOCATE|[249]|Bytes:20
17:09:21.0 (2606668)|HEAP_ALLOCATE|[249]|Bytes:32
17:09:21.0 (2628098)|CONSTRUCTOR_ENTRY|[249]|01p2t000000Td2G|<init>()|RefundRequestController.ShowDataWrap
17:09:21.0 (2674989)|VARIABLE_SCOPE_BEGIN|[88]|this|RefundRequestController.ShowDataWrap|true|false
17:09:21.0 (2754911)|VARIABLE_ASSIGNMENT|[88]|this|{}|0x4d44a440
17:09:21.0 (2764491)|HEAP_ALLOCATE|[EXTERNAL]|Bytes:6
17:09:21.0 (6007371)|STATEMENT_EXECUTE|[88]
17:09:21.0 (6010801)|STATEMENT_EXECUTE|[89]
17:09:21.0 (6013201)|STATEMENT_EXECUTE|[90]
17:09:21.0 (6015161)|STATEMENT_EXECUTE|[91]
17:09:21.0 (6017121)|STATEMENT_EXECUTE|[92]
17:09:21.0 (6019041)|STATEMENT_EXECUTE|[93]
17:09:21.0 (6021091)|STATEMENT_EXECUTE|[94]
17:09:21.0 (6023121)|STATEMENT_EXECUTE|[95]
17:09:21.0 (6037081)|CONSTRUCTOR_EXIT|[249]|01p2t000000Td2G|<init>()|RefundRequestController.ShowDataWrap
17:09:21.0 (6049781)|VARIABLE_SCOPE_BEGIN|[249]|sdw|RefundRequestController.ShowDataWrap|true|false
17:09:21.0 (6081852)|VARIABLE_ASSIGNMENT|[249]|sdw|{}|0x4d44a440
17:09:21.0 (6086782)|STATEMENT_EXECUTE|[250]
17:09:21.0 (6091582)|HEAP_ALLOCATE|[250]|Bytes:125
17:09:21.0 (6115283)|HEAP_ALLOCATE|[250]|Bytes:4
17:09:21.0 (6132673)|HEAP_ALLOCATE|[250]|Bytes:7
17:09:21.0 (7580260)|SOQL_EXECUTE_BEGIN|[250]|Aggregations:0|SELECT id, RMD_Paytm_Auto_Debit__c, Refund_Request__c, Refund_Request__r.Name, StageName FROM Opportunity WHERE Id = :tmpVar1
17:09:21.0 (20169751)|SOQL_EXECUTE_END|[250]|Rows:1
17:09:21.0 (20200093)|HEAP_ALLOCATE|[250]|Bytes:8
17:09:21.0 (20222432)|HEAP_ALLOCATE|[250]|Bytes:57
17:09:21.0 (20356256)|HEAP_ALLOCATE|[250]|Bytes:8
17:09:21.0 (20379105)|HEAP_ALLOCATE|[250]|Bytes:37
17:09:21.0 (20452507)|HEAP_ALLOCATE|[250]|Bytes:12
17:09:21.0 (20463317)|VARIABLE_SCOPE_BEGIN|[250]|opp|Opportunity|true|false
17:09:21.0 (20525769)|VARIABLE_ASSIGNMENT|[250]|opp|{"StageName":"Order Confirmed","Id":"006e200000MDA3JAAX"}|0x5c1e4061
17:09:21.0 (20532729)|STATEMENT_EXECUTE|[251]
17:09:21.0 (20536089)|HEAP_ALLOCATE|[251]|Bytes:5
17:09:21.0 (20648461)|HEAP_ALLOCATE|[251]|Bytes:62
17:09:21.0 (20667901)|HEAP_ALLOCATE|[251]|Bytes:67
17:09:21.0 (20687161)|USER_DEBUG|[251]|DEBUG|=opp=Opportunity:{Id=006e200000MDA3JAAX, StageName=Order Confirmed}
17:09:21.0 (20695812)|STATEMENT_EXECUTE|[252]
17:09:21.0 (20699912)|HEAP_ALLOCATE|[252]|Bytes:149
17:09:21.0 (20716102)|HEAP_ALLOCATE|[252]|Bytes:4
17:09:21.0 (21197991)|SOQL_EXECUTE_BEGIN|[252]|Aggregations:0|SELECT id, Name, Opportunity__c, Paytm_Auto_Debit__c, Subscriber_Payment_Id__c, Document_Id__c FROM Refund_Request__c WHERE Opportunity__c = :tmpVar1
17:09:21.0 (32458018)|SOQL_EXECUTE_END|[252]|Rows:0
17:09:21.0 (32497469)|HEAP_ALLOCATE|[252]|Bytes:4
17:09:21.0 (32514059)|HEAP_ALLOCATE|[252]|Bytes:0
17:09:21.0 (32615211)|HEAP_ALLOCATE|[252]|Bytes:4
17:09:21.0 (32638972)|VARIABLE_SCOPE_BEGIN|[252]|rrList|List<Refund_Request__c>|true|false
17:09:21.0 (32665732)|VARIABLE_ASSIGNMENT|[252]|rrList|[]|0x218b285f
17:09:21.0 (32671612)|STATEMENT_EXECUTE|[253]
17:09:21.0 (32678042)|HEAP_ALLOCATE|[253]|Bytes:8
17:09:21.0 (32741834)|HEAP_ALLOCATE|[253]|Bytes:2
17:09:21.0 (32759184)|HEAP_ALLOCATE|[253]|Bytes:10
17:09:21.0 (32777904)|USER_DEBUG|[253]|DEBUG|=rrList=()
17:09:21.0 (32797624)|STATEMENT_EXECUTE|[255]
17:09:21.0 (32882706)|STATEMENT_EXECUTE|[268]
17:09:21.0 (32934227)|HEAP_ALLOCATE|[278]|Bytes:11
17:09:21.0 (32960657)|HEAP_ALLOCATE|[278]|Bytes:23
17:09:21.0 (32970067)|STATEMENT_EXECUTE|[286]
17:09:21.0 (33013959)|STATEMENT_EXECUTE|[287]
17:09:21.0 (33025799)|STATEMENT_EXECUTE|[324]
17:09:21.0 (33028280)|STATEMENT_EXECUTE|[325]
17:09:21.0 (33031219)|HEAP_ALLOCATE|[325]|Bytes:18
17:09:21.0 (33124161)|VARIABLE_ASSIGNMENT|[EXTERNAL]|this|{}|0x4d44a440
17:09:21.0 (33138611)|VARIABLE_ASSIGNMENT|[EXTERNAL]|value|"StageName Diffrent"
17:09:21.0 (33162012)|VARIABLE_ASSIGNMENT|[89]|this.message|"StageName Diffrent"|0x4d44a440
17:09:21.0 (33172271)|STATEMENT_EXECUTE|[326]
17:09:21.33 (33250134)|CUMULATIVE_LIMIT_USAGE
17:09:21.33 (33250134)|LIMIT_USAGE_FOR_NS|(default)|
  Number of SOQL queries: 2 out of 100
  Number of query rows: 1 out of 50000
  Number of SOSL queries: 0 out of 20
  Number of DML statements: 0 out of 150
  Number of Publish Immediate DML: 0 out of 150
  Number of DML rows: 0 out of 10000
  Maximum CPU time: 0 out of 10000
  Maximum heap size: 0 out of 6000000
  Number of callouts: 0 out of 100
  Number of Email Invocations: 0 out of 10
  Number of future calls: 0 out of 50
  Number of queueable jobs added to the queue: 0 out of 50
  Number of Mobile Apex push calls: 0 out of 10

17:09:21.33 (33250134)|CUMULATIVE_LIMIT_USAGE_END

17:09:21.0 (33304944)|CODE_UNIT_FINISHED|RefundRequestController.showRefundButton(String)
17:09:21.0 (33522618)|CODE_UNIT_FINISHED|apex://RefundRequestController/ACTION$showRefundButton
17:09:21.0 (33545358)|EXECUTION_FINISHED
