65.0 APEX_CODE,FINEST;APEX_PROFILING,INFO;CALLOUT,INFO;DATA_ACCESS,INFO;DB,INFO;NBA,INFO;SYSTEM,DEBUG;VALIDATION,INFO;VISUALFORCE,INFO;WAVE,INFO;WORKFLOW,INFO
17:36:02.0 (201414)|USER_INFO|[EXTERNAL]|0052t000000K4aE|rmdsupport1@timesgroup.com|(GMT+05:30) India Standard Time (Asia/Kolkata)|GMT+05:30
17:36:02.0 (235685)|EXECUTION_STARTED
17:36:02.0 (247095)|CODE_UNIT_STARTED|[EXTERNAL]|01p2t000000KTG6|RMDBatchSubscriptionLeadConvert
17:36:02.0 (5258171)|HEAP_ALLOCATE|[EXTERNAL]|Bytes:4
17:36:02.0 (10653715)|HEAP_ALLOCATE|[95]|Bytes:3
17:36:02.0 (10697576)|HEAP_ALLOCATE|[100]|Bytes:152
17:36:02.0 (10714747)|HEAP_ALLOCATE|[417]|Bytes:408
17:36:02.0 (10729377)|HEAP_ALLOCATE|[430]|Bytes:408
17:36:02.0 (10754087)|HEAP_ALLOCATE|[317]|Bytes:6
17:36:02.0 (10794559)|HEAP_ALLOCATE|[EXTERNAL]|Bytes:11
17:36:02.0 (10810688)|SYSTEM_METHOD_ENTRY|[15]|BatchableContextImpl.BatchableContextImpl()
17:36:02.0 (10820750)|STATEMENT_EXECUTE|[15]
17:36:02.0 (10832819)|SYSTEM_METHOD_EXIT|[15]|BatchableContextImpl
17:36:02.0 (10842200)|HEAP_ALLOCATE|[EXTERNAL]|Bytes:12
17:36:02.0 (10848899)|HEAP_ALLOCATE|[EXTERNAL]|Bytes:4
17:36:02.0 (10854049)|HEAP_ALLOCATE|[EXTERNAL]|Bytes:4
17:36:02.0 (10862801)|VARIABLE_SCOPE_BEGIN|[31]|this|Database.BatchableContextImpl|true|false
17:36:02.0 (10955131)|VARIABLE_ASSIGNMENT|[31]|this|{}|0x31f726de
17:36:02.0 (10962233)|VARIABLE_SCOPE_BEGIN|[31]|jobId|Id|false|false
17:36:02.0 (11058165)|VARIABLE_ASSIGNMENT|[31]|jobId|"707e200000ogHGgAAM"
17:36:02.0 (11067035)|VARIABLE_SCOPE_BEGIN|[31]|childJobId|Id|false|false
17:36:02.0 (11095155)|VARIABLE_ASSIGNMENT|[31]|childJobId|"707e200000ogxN4AAI"
17:36:02.0 (34486221)|HEAP_ALLOCATE|[EXTERNAL]|Bytes:8
17:36:19.52 (17052971505)|CUMULATIVE_LIMIT_USAGE
17:36:19.52 (17052971505)|LIMIT_USAGE_FOR_NS|(default)|
  Number of SOQL queries: 0 out of 200
  Number of query rows: 0 out of 50000
  Number of SOSL queries: 0 out of 20
  Number of DML statements: 0 out of 150
  Number of Publish Immediate DML: 0 out of 150
  Number of DML rows: 0 out of 10000
  Maximum CPU time: 0 out of 60000
  Maximum heap size: 0 out of 12000000
  Number of callouts: 0 out of 0
  Number of Email Invocations: 0 out of 10
  Number of future calls: 0 out of 0
  Number of queueable jobs added to the queue: 0 out of 1
  Number of Mobile Apex push calls: 0 out of 10

17:36:19.52 (17052971505)|CUMULATIVE_LIMIT_USAGE_END

17:36:19.53 (17053056867)|CODE_UNIT_FINISHED|RMDBatchSubscriptionLeadConvert
17:36:19.53 (17053073187)|EXECUTION_FINISHED
