59.0 APEX_CODE,FINEST;APEX_PROFILING,INFO;CALLOUT,INFO;DATA_ACCESS,INFO;DB,INFO;NBA,INFO;SYSTEM,DEBUG;VALIDATION,INFO;VISUALFORCE,INFO;WAVE,INFO;WORKFLOW,INFO
16:51:00.0 (267978)|USER_INFO|[EXTERNAL]|0052t000000K4aE|rmdsupport1@timesgroup.com|(GMT+05:30) India Standard Time (Asia/Kolkata)|GMT+05:30
16:51:00.0 (361769)|EXECUTION_STARTED
16:51:00.0 (401031)|CODE_UNIT_STARTED|[EXTERNAL]|01p2t000000KTHK|SubscriptionLeadConvert
16:51:00.0 (12092365)|HEAP_ALLOCATE|[95]|Bytes:3
16:51:00.0 (12236460)|HEAP_ALLOCATE|[100]|Bytes:152
16:51:00.0 (12258221)|HEAP_ALLOCATE|[417]|Bytes:408
16:51:00.0 (12273050)|HEAP_ALLOCATE|[430]|Bytes:408
16:51:00.0 (12304142)|HEAP_ALLOCATE|[317]|Bytes:6
16:51:00.0 (12326352)|HEAP_ALLOCATE|[EXTERNAL]|Bytes:3
16:51:00.0 (12359323)|SYSTEM_METHOD_ENTRY|[1]|SchedulableContextImpl.SchedulableContextImpl()
16:51:00.0 (12375964)|STATEMENT_EXECUTE|[1]
16:51:00.0 (12406024)|SYSTEM_METHOD_EXIT|[1]|SchedulableContextImpl
16:51:00.0 (12413055)|HEAP_ALLOCATE|[EXTERNAL]|Bytes:8
16:51:00.0 (12417325)|HEAP_ALLOCATE|[EXTERNAL]|Bytes:4
16:51:00.0 (12439085)|VARIABLE_SCOPE_BEGIN|[4]|this|System.SchedulableContextImpl|true|false
16:51:00.0 (12545008)|VARIABLE_ASSIGNMENT|[4]|this|{}|0x4cf4cbc1
16:51:00.0 (12550498)|VARIABLE_SCOPE_BEGIN|[4]|triggerId|Id|false|false
16:51:00.0 (12681152)|VARIABLE_ASSIGNMENT|[4]|triggerId|"08ee200000NeA1rAAF"
16:51:00.0 (15484197)|HEAP_ALLOCATE|[EXTERNAL]|Bytes:1
16:51:00.0 (15507487)|HEAP_ALLOCATE|[EXTERNAL]|Bytes:2
16:51:00.0 (15528108)|METHOD_ENTRY|[1]|01p2t000000KTHK|RMDSubscriptionLeadConvetSchedulable.RMDSubscriptionLeadConvetSchedulable()
16:51:00.0 (15535538)|STATEMENT_EXECUTE|[1]
16:51:00.0 (15541698)|STATEMENT_EXECUTE|[1]
16:51:00.0 (15550839)|METHOD_EXIT|[1]|RMDSubscriptionLeadConvetSchedulable
16:51:00.0 (15561249)|HEAP_ALLOCATE|[EXTERNAL]|Bytes:4
16:51:00.0 (15565729)|HEAP_ALLOCATE|[EXTERNAL]|Bytes:8
16:51:00.0 (15586559)|VARIABLE_SCOPE_BEGIN|[2]|this|RMDSubscriptionLeadConvetSchedulable|true|false
16:51:00.0 (15622180)|VARIABLE_ASSIGNMENT|[2]|this|{}|0x16323da2
16:51:00.0 (15627881)|VARIABLE_SCOPE_BEGIN|[2]|sc|System.SchedulableContext|true|false
16:51:00.0 (15747134)|VARIABLE_ASSIGNMENT|[2]|sc|{"triggerId":"08ee200000NeA1rAAF"}|0x4cf4cbc1
16:51:00.0 (15759614)|STATEMENT_EXECUTE|[2]
16:51:00.0 (15762124)|STATEMENT_EXECUTE|[3]
16:51:00.0 (15770475)|VARIABLE_SCOPE_BEGIN|[3]|batchSize|Integer|false|false
16:51:00.0 (15777755)|HEAP_ALLOCATE|[3]|Bytes:4
16:51:00.0 (15788415)|VARIABLE_ASSIGNMENT|[3]|batchSize|1
16:51:00.0 (15792846)|STATEMENT_EXECUTE|[5]
16:51:00.0 (15797545)|HEAP_ALLOCATE|[5]|Bytes:211
16:51:00.0 (15821306)|HEAP_ALLOCATE|[5]|Bytes:4
16:51:00.0 (15861838)|HEAP_ALLOCATE|[68]|Bytes:5
16:51:00.0 (15889168)|HEAP_ALLOCATE|[74]|Bytes:5
16:51:00.0 (15900148)|HEAP_ALLOCATE|[82]|Bytes:7
16:51:00.0 (17647835)|SOQL_EXECUTE_BEGIN|[5]|Aggregations:0|SELECT Id, Status, NumberOfErrors, JobItemsProcessed, TotalJobItems, CreatedBy.Email FROM AsyncApexJob WHERE (ApexClass.Name = 'RMDBatchSubscriptionLeadConvert' AND Status != 'Aborted' AND Status != 'Completed')
16:51:00.0 (57796917)|SOQL_EXECUTE_END|[5]|Rows:0
16:51:00.0 (57837678)|HEAP_ALLOCATE|[5]|Bytes:4
16:51:00.0 (57859759)|HEAP_ALLOCATE|[5]|Bytes:0
16:51:00.0 (58015703)|HEAP_ALLOCATE|[5]|Bytes:4
16:51:00.0 (58044603)|VARIABLE_SCOPE_BEGIN|[5]|asyncJobAbort|List<AsyncApexJob>|true|false
16:51:00.0 (58071234)|VARIABLE_ASSIGNMENT|[5]|asyncJobAbort|[]|0x5af2ff28
16:51:00.0 (58282501)|HEAP_ALLOCATE|[6]|Bytes:5
16:51:00.0 (58323232)|VARIABLE_ASSIGNMENT|[6]|eachaJob|null|
16:51:00.0 (58330811)|STATEMENT_EXECUTE|[6]
16:51:00.0 (58333622)|STATEMENT_EXECUTE|[10]
16:51:00.0 (60631833)|HEAP_ALLOCATE|[10]|Bytes:29
16:51:00.0 (60644184)|HEAP_ALLOCATE|[10]|Bytes:81
16:51:00.0 (60648885)|HEAP_ALLOCATE|[10]|Bytes:10
16:51:00.0 (60652274)|HEAP_ALLOCATE|[10]|Bytes:8
16:51:00.0 (60678854)|METHOD_ENTRY|[1]|01p2t000000KTG6|RMDBatchSubscriptionLeadConvert.RMDBatchSubscriptionLeadConvert()
16:51:00.0 (60684795)|STATEMENT_EXECUTE|[1]
16:51:00.0 (60689755)|STATEMENT_EXECUTE|[1]
16:51:00.0 (60705475)|HEAP_ALLOCATE|[10]|Bytes:5
16:51:00.0 (60710415)|STATEMENT_EXECUTE|[2]
16:51:00.0 (60722936)|METHOD_EXIT|[1]|RMDBatchSubscriptionLeadConvert
16:51:00.0 (60740456)|HEAP_ALLOCATE|[10]|Bytes:4
16:51:00.0 (60772648)|CONSTRUCTOR_ENTRY|[10]|01p2t000000KTG6|<init>()|RMDBatchSubscriptionLeadConvert
16:51:00.0 (60825778)|VARIABLE_SCOPE_BEGIN|[1]|this|RMDBatchSubscriptionLeadConvert|true|false
16:51:00.0 (60863660)|VARIABLE_ASSIGNMENT|[1]|this|{}|0x4ff15cc9
16:51:00.0 (60873571)|HEAP_ALLOCATE|[EXTERNAL]|Bytes:5
16:51:00.0 (60898821)|STATEMENT_EXECUTE|[1]
16:51:00.0 (60903621)|HEAP_ALLOCATE|[EXTERNAL]|Bytes:5
16:51:00.0 (60916881)|CONSTRUCTOR_EXIT|[10]|01p2t000000KTG6|<init>()|RMDBatchSubscriptionLeadConvert
16:51:00.0 (60923182)|VARIABLE_SCOPE_BEGIN|[10]|objRMDBatchLeadConvert|RMDBatchSubscriptionLeadConvert|true|false
16:51:00.0 (60937582)|VARIABLE_ASSIGNMENT|[10]|objRMDBatchLeadConvert|{}|0x4ff15cc9
16:51:00.0 (60942652)|STATEMENT_EXECUTE|[11]
16:51:00.0 (129068677)|HEAP_ALLOCATE|[14]|Bytes:118
16:51:00.0 (129095628)|SYSTEM_METHOD_ENTRY|[1]|Test.Test()
16:51:00.0 (129102028)|STATEMENT_EXECUTE|[1]
16:51:00.0 (129116028)|SYSTEM_METHOD_EXIT|[1]|Test
16:51:00.0 (129140599)|METHOD_ENTRY|[14]||System.Test.isRunningTest()
16:51:00.0 (129187070)|METHOD_EXIT|[14]||System.Test.isRunningTest()
16:51:00.0 (129198541)|STATEMENT_EXECUTE|[14]
16:51:00.0 (129201521)|STATEMENT_EXECUTE|[15]
16:51:00.0 (129206151)|HEAP_ALLOCATE|[15]|Bytes:121
16:51:00.0 (129224821)|HEAP_ALLOCATE|[15]|Bytes:4
16:51:00.0 (129850978)|SOQL_EXECUTE_BEGIN|[15]|Aggregations:0|SELECT Id, NextFireTime, CronJobDetail.Name FROM CronTrigger WHERE CronJobDetail.Name = 'SubscriptionLeadConvert' LIMIT 1
16:51:00.0 (143120596)|SOQL_EXECUTE_END|[15]|Rows:1
16:51:00.0 (143148837)|HEAP_ALLOCATE|[15]|Bytes:8
16:51:00.0 (143168486)|HEAP_ALLOCATE|[15]|Bytes:162
16:51:00.0 (143254689)|HEAP_ALLOCATE|[15]|Bytes:8
16:51:00.0 (143275310)|HEAP_ALLOCATE|[15]|Bytes:37
16:51:00.0 (143338221)|HEAP_ALLOCATE|[15]|Bytes:20
16:51:00.0 (143346532)|VARIABLE_SCOPE_BEGIN|[15]|asyncJob|CronTrigger|true|false
16:51:00.0 (143509466)|VARIABLE_ASSIGNMENT|[15]|asyncJob|{"CronJobDetailId":"08ae200000NeUBrAAN","CronJobDetail":{"Name":"SubscriptionLeadConv (3 more) ...","Id":"08ae200000NeUBrAAN"},"Id":"08ee200000NeA1rAAF","NextFireTime":"2026-04-18T11:21:00.000Z"}|0x372249d4
16:51:00.0 (143518356)|STATEMENT_EXECUTE|[16]
16:51:00.0 (143558257)|HEAP_ALLOCATE|[16]|Bytes:18
16:51:00.0 (201204120)|STATEMENT_EXECUTE|[20]
16:51:00.0 (201276622)|HEAP_ALLOCATE|[20]|Bytes:56
16:51:00.0 (201326733)|HEAP_ALLOCATE|[20]|Bytes:56
16:51:00.0 (201353795)|VARIABLE_SCOPE_BEGIN|[20]|dt|Datetime|false|false
16:51:00.0 (201388996)|VARIABLE_ASSIGNMENT|[20]|dt|"2026-04-17T11:26:00.343Z"
16:51:00.0 (201393985)|STATEMENT_EXECUTE|[21]
16:51:00.0 (201466918)|HEAP_ALLOCATE|[21]|Bytes:2
16:51:00.0 (201480707)|VARIABLE_SCOPE_BEGIN|[21]|hr|String|false|false
16:51:00.0 (201492198)|VARIABLE_ASSIGNMENT|[21]|hr|"16"
16:51:00.0 (201496418)|STATEMENT_EXECUTE|[22]
16:51:00.0 (201530209)|HEAP_ALLOCATE|[22]|Bytes:2
16:51:00.0 (201540650)|VARIABLE_SCOPE_BEGIN|[22]|min|String|false|false
16:51:00.0 (201549400)|VARIABLE_ASSIGNMENT|[22]|min|"56"
16:51:00.0 (201572061)|STATEMENT_EXECUTE|[23]
16:51:00.0 (201607972)|HEAP_ALLOCATE|[23]|Bytes:4
16:51:00.0 (201645682)|HEAP_ALLOCATE|[23]|Bytes:2
16:51:00.0 (201656933)|VARIABLE_SCOPE_BEGIN|[23]|currDate|String|false|false
16:51:00.0 (201665472)|VARIABLE_ASSIGNMENT|[23]|currDate|"17"
16:51:00.0 (201669163)|STATEMENT_EXECUTE|[24]
16:51:00.0 (201672903)|HEAP_ALLOCATE|[24]|Bytes:2
16:51:00.0 (201678963)|HEAP_ALLOCATE|[24]|Bytes:1
16:51:00.0 (201683723)|HEAP_ALLOCATE|[24]|Bytes:7
16:51:00.0 (201694694)|HEAP_ALLOCATE|[24]|Bytes:14
16:51:00.0 (201699644)|VARIABLE_SCOPE_BEGIN|[24]|sch|String|false|false
16:51:00.0 (201708064)|VARIABLE_ASSIGNMENT|[24]|sch|"0 56 16 * *  ?"
16:51:00.0 (201712094)|STATEMENT_EXECUTE|[25]
16:51:00.0 (201714814)|HEAP_ALLOCATE|[25]|Bytes:7
16:51:00.0 (201722725)|HEAP_ALLOCATE|[25]|Bytes:21
16:51:00.0 (201763315)|USER_DEBUG|[25]|DEBUG|sch====0 56 16 * *  ?
16:51:00.0 (201773056)|STATEMENT_EXECUTE|[26]
16:51:00.0 (201782715)|HEAP_ALLOCATE|[26]|Bytes:4
16:51:00.0 (201797026)|CONSTRUCTOR_ENTRY|[26]|01p2t000000KTHK|<init>()|RMDSubscriptionLeadConvetSchedulable
16:51:00.0 (201828497)|VARIABLE_SCOPE_BEGIN|[1]|this|RMDSubscriptionLeadConvetSchedulable|true|false
16:51:00.0 (201860388)|VARIABLE_ASSIGNMENT|[1]|this|{}|0x6a2c4e19
16:51:00.0 (201886689)|STATEMENT_EXECUTE|[1]
16:51:00.0 (201891369)|CONSTRUCTOR_EXIT|[26]|01p2t000000KTHK|<init>()|RMDSubscriptionLeadConvetSchedulable
16:51:00.0 (201897029)|VARIABLE_SCOPE_BEGIN|[26]|sch2|RMDSubscriptionLeadConvetSchedulable|true|false
16:51:00.0 (201909719)|VARIABLE_ASSIGNMENT|[26]|sch2|{}|0x6a2c4e19
16:51:00.0 (201914390)|STATEMENT_EXECUTE|[27]
16:51:00.0 (201918420)|HEAP_ALLOCATE|[27]|Bytes:23
16:51:00.0 (201923530)|VARIABLE_SCOPE_BEGIN|[27]|strName|String|false|false
16:51:00.0 (201933810)|VARIABLE_ASSIGNMENT|[27]|strName|"SubscriptionLeadConv (3 more) ..."
16:51:00.0 (201939440)|STATEMENT_EXECUTE|[28]
16:51:00.245 (245794762)|CUMULATIVE_LIMIT_USAGE
16:51:00.245 (245794762)|LIMIT_USAGE_FOR_NS|(default)|
  Number of SOQL queries: 2 out of 100
  Number of query rows: 1 out of 50000
  Number of SOSL queries: 0 out of 20
  Number of DML statements: 1 out of 150
  Number of Publish Immediate DML: 0 out of 150
  Number of DML rows: 1 out of 10000
  Maximum CPU time: 0 out of 10000
  Maximum heap size: 0 out of 6000000
  Number of callouts: 0 out of 100
  Number of Email Invocations: 0 out of 10
  Number of future calls: 0 out of 50
  Number of queueable jobs added to the queue: 0 out of 50
  Number of Mobile Apex push calls: 0 out of 10

16:51:00.245 (245794762)|CUMULATIVE_LIMIT_USAGE_END

16:51:00.0 (245922105)|CODE_UNIT_FINISHED|SubscriptionLeadConvert
16:51:00.0 (245957136)|EXECUTION_FINISHED
