66.0 APEX_CODE,FINEST;APEX_PROFILING,INFO;CALLOUT,INFO;DATA_ACCESS,INFO;DB,INFO;NBA,INFO;SYSTEM,DEBUG;VALIDATION,INFO;VISUALFORCE,INFO;WAVE,INFO;WORKFLOW,INFO
17:09:32.0 (343279)|USER_INFO|[EXTERNAL]|0052t000000K4aE|rmdsupport1@timesgroup.com|(GMT+05:30) India Standard Time (Asia/Kolkata)|GMT+05:30
17:09:32.0 (2905020)|FLOW_CREATE_INTERVIEW_BEGIN|00D7F000005Cdii|3002t0000004QPx|301Ie000000gAAo
17:09:32.0 (2992372)|FLOW_CREATE_INTERVIEW_END|109114c9ba015b3ffae87ffcf6cd19d9b3a7524-72cc|Send Whatsapp Message On Order Confirmed
17:09:32.4 (4293573)|USER_INFO|[EXTERNAL]|0052t000000K4aE|rmdsupport1@timesgroup.com|(GMT+05:30) India Standard Time (Asia/Kolkata)|GMT+05:30
17:09:32.4 (4326744)|FLOW_START_INTERVIEWS_BEGIN|1
17:09:32.4 (4365955)|FLOW_START_INTERVIEW_BEGIN|109114c9ba015b3ffae87ffcf6cd19d9b3a7524-72cc|Send Whatsapp Message On Order Confirmed
17:09:32.4 (4625671)|FLOW_START_INTERVIEW_END|109114c9ba015b3ffae87ffcf6cd19d9b3a7524-72cc|Send Whatsapp Message On Order Confirmed
17:09:32.58 (58769412)|CODE_UNIT_STARTED|[EXTERNAL]|01p2t000002TDko|OrderCofirmationEmailLink.sendEmailLinkConfirmOrder(List<Id>)
17:09:32.58 (58880644)|HEAP_ALLOCATE|[EXTERNAL]|Bytes:8
17:09:32.58 (59291404)|HEAP_ALLOCATE|[95]|Bytes:3
17:09:32.58 (59387596)|HEAP_ALLOCATE|[100]|Bytes:152
17:09:32.58 (59415707)|HEAP_ALLOCATE|[417]|Bytes:408
17:09:32.58 (59444588)|HEAP_ALLOCATE|[430]|Bytes:408
17:09:32.58 (59488269)|HEAP_ALLOCATE|[317]|Bytes:6
17:09:32.58 (59513020)|HEAP_ALLOCATE|[EXTERNAL]|Bytes:69
17:09:32.58 (59521250)|HEAP_ALLOCATE|[EXTERNAL]|Bytes:7
17:09:32.58 (59528880)|HEAP_ALLOCATE|[EXTERNAL]|Bytes:24
17:09:32.58 (59567851)|METHOD_ENTRY|[1]|01p2t000002TDko|OrderCofirmationEmailLink.OrderCofirmationEmailLink()
17:09:32.58 (59588111)|STATEMENT_EXECUTE|[1]
17:09:32.58 (59611252)|STATEMENT_EXECUTE|[1]
17:09:32.58 (59615462)|STATEMENT_EXECUTE|[95]
17:09:32.58 (59618942)|STATEMENT_EXECUTE|[99]
17:09:32.58 (59623072)|STATEMENT_EXECUTE|[105]
17:09:32.58 (59627552)|STATEMENT_EXECUTE|[111]
17:09:32.58 (59631682)|STATEMENT_EXECUTE|[121]
17:09:32.58 (59635282)|STATEMENT_EXECUTE|[131]
17:09:32.58 (59649933)|METHOD_EXIT|[1]|OrderCofirmationEmailLink
17:09:32.58 (59691344)|HEAP_ALLOCATE|[EXTERNAL]|Bytes:8
17:09:32.58 (59740375)|VARIABLE_SCOPE_BEGIN|[4]|accIds|List<Id>|true|false
17:09:32.58 (59857188)|VARIABLE_ASSIGNMENT|[4]|accIds|["0012t000009DTjGAAW"]|0x77087175
17:09:32.58 (59874908)|STATEMENT_EXECUTE|[4]
17:09:32.58 (59878228)|STATEMENT_EXECUTE|[5]
17:09:32.58 (59884148)|HEAP_ALLOCATE|[5]|Bytes:37
17:09:32.58 (60006081)|HEAP_ALLOCATE|[5]|Bytes:20
17:09:32.58 (60051652)|HEAP_ALLOCATE|[5]|Bytes:57
17:09:32.58 (60090513)|HEAP_ALLOCATE|[68]|Bytes:5
17:09:32.58 (60133204)|HEAP_ALLOCATE|[74]|Bytes:5
17:09:32.58 (60150005)|HEAP_ALLOCATE|[82]|Bytes:7
17:09:32.58 (60202036)|USER_DEBUG|[5]|DEBUG|---accIds-Rahul--InvocableMethod-@@@-(0012t000009DTjGAAW)
17:09:32.58 (60218447)|STATEMENT_EXECUTE|[6]
17:09:32.58 (60224127)|HEAP_ALLOCATE|[6]|Bytes:182
17:09:32.58 (60249207)|HEAP_ALLOCATE|[6]|Bytes:4
17:09:32.58 (60270368)|HEAP_ALLOCATE|[6]|Bytes:7
17:09:32.58 (61828825)|SOQL_EXECUTE_BEGIN|[6]|Aggregations:0|SELECT id, Name, RMD_Opt_In__c, RMD_SMS_Mobile__c, Email_Verification_Link__c FROM Account WHERE (Id IN :tmpVar1 AND Email_Verification_Link__c != NULL AND Email_Verified__c = FALSE)
17:09:32.58 (73592998)|SOQL_EXECUTE_END|[6]|Rows:1
17:09:32.58 (73628238)|HEAP_ALLOCATE|[6]|Bytes:8
17:09:32.58 (73651799)|HEAP_ALLOCATE|[6]|Bytes:164
17:09:32.58 (73740501)|HEAP_ALLOCATE|[6]|Bytes:8
17:09:32.58 (73761032)|HEAP_ALLOCATE|[6]|Bytes:33
17:09:32.58 (73840344)|HEAP_ALLOCATE|[6]|Bytes:24
17:09:32.58 (73850774)|VARIABLE_SCOPE_BEGIN|[6]|acc|Account|true|false
17:09:32.58 (73962997)|VARIABLE_ASSIGNMENT|[6]|acc|{"Id":"0012t000009DTjGAAW","RMD_Opt_In__c":true,"Email_Verification_Link__c":"https://subt.in/TOIC (9 more) ...","RMD_SMS_Mobile__c":"9810398600","Name":"Om PRAKASH Singh"}|0x52a79de5
17:09:32.58 (73972397)|STATEMENT_EXECUTE|[7]
17:09:32.58 (73976307)|HEAP_ALLOCATE|[7]|Bytes:231
17:09:32.58 (73995487)|HEAP_ALLOCATE|[7]|Bytes:4
17:09:32.58 (74060759)|HEAP_ALLOCATE|[7]|Bytes:7
17:09:32.58 (74067459)|HEAP_ALLOCATE|[7]|Bytes:4
17:09:32.58 (74946700)|SOQL_EXECUTE_BEGIN|[7]|Aggregations:0|SELECT id, AccountId, RMD_Order_Type__c, RMD_Publisher_Name__c, RMD_CRM_Email__c, EffectiveDate, EndDate, RMD_Order_Form__c FROM Order WHERE (AccountId = :tmpVar1 AND Status = :tmpVar2) ORDER BY createdDate DESC NULLS FIRST LIMIT 1
17:09:32.58 (109344376)|SOQL_EXECUTE_END|[7]|Rows:1
17:09:32.58 (109385487)|HEAP_ALLOCATE|[7]|Bytes:8
17:09:32.58 (109414048)|HEAP_ALLOCATE|[7]|Bytes:236
17:09:32.58 (109521980)|HEAP_ALLOCATE|[7]|Bytes:8
17:09:32.58 (109544111)|HEAP_ALLOCATE|[7]|Bytes:31
17:09:32.58 (109618573)|HEAP_ALLOCATE|[7]|Bytes:36
17:09:32.58 (109631053)|VARIABLE_SCOPE_BEGIN|[7]|eachOrder|Order|true|false
17:09:32.58 (109803927)|VARIABLE_ASSIGNMENT|[7]|eachOrder|{"RMD_Order_Form__c":"NDD51269422","AccountId":"0012t000009DTjGAAW","RMD_Order_Type__c":"Renewal","Id":"801e200000PVedwAAD","RMD_CRM_Email__c":"crm.delhi@timesofind (6 more) ...","RMD_Publisher_Name__c":"TOI & NBT","EndDate":"2027-05-07T00:00:00.000Z","EffectiveDate":"2026-05-08T00:00:00.000Z"}|0x732ccbe0
17:09:32.58 (109817607)|STATEMENT_EXECUTE|[8]
17:09:32.58 (110023022)|USER_DEBUG|[8]|DEBUG|Order:{Id=801e200000PVedwAAD, AccountId=0012t000009DTjGAAW, RMD_Order_Type__c=Renewal, RMD_Publisher_Name__c=TOI & NBT, RMD_CRM_Email__c=crm.delhi@timesofindia.com, EffectiveDate=2026-05-08 00:00:00, EndDate=2027-05-07 00:00:00, RMD_Order_Form__c=NDD51269422}
17:09:32.58 (110042583)|STATEMENT_EXECUTE|[9]
17:09:32.58 (110135515)|HEAP_ALLOCATE|[9]|Bytes:13
17:09:32.58 (110179056)|HEAP_ALLOCATE|[9]|Bytes:18
17:09:32.58 (110258228)|METHOD_ENTRY|[9]|01p2t000002TDko|OrderCofirmationEmailLink.sendThroughWhatsAppFuture(String, String, String, String, String, String, String, String, Date, Date)
17:09:32.58 (110289049)|VARIABLE_SCOPE_BEGIN|[13]|orderType|String|false|false
17:09:32.58 (110304149)|VARIABLE_ASSIGNMENT|[13]|orderType|"Renewal"
17:09:32.58 (110310919)|VARIABLE_SCOPE_BEGIN|[13]|phone|String|false|false
17:09:32.58 (110321960)|VARIABLE_ASSIGNMENT|[13]|phone|"9810398600"
17:09:32.58 (110328380)|VARIABLE_SCOPE_BEGIN|[13]|accName|String|false|false
17:09:32.58 (110339910)|VARIABLE_ASSIGNMENT|[13]|accName|"Om PRAKASH Singh"
17:09:32.58 (110346120)|VARIABLE_SCOPE_BEGIN|[13]|publicationName|String|false|false
17:09:32.58 (110358111)|VARIABLE_ASSIGNMENT|[13]|publicationName|"TOI & NBT"
17:09:32.58 (110364591)|VARIABLE_SCOPE_BEGIN|[13]|orderFormNumber|String|false|false
17:09:32.58 (110375291)|VARIABLE_ASSIGNMENT|[13]|orderFormNumber|"NDD51269422"
17:09:32.58 (110381671)|VARIABLE_SCOPE_BEGIN|[13]|uniqueLinkMail|String|false|false
17:09:32.58 (110392711)|VARIABLE_ASSIGNMENT|[13]|uniqueLinkMail|"uniqueLinkSMS"
17:09:32.58 (110398811)|VARIABLE_SCOPE_BEGIN|[13]|emailCRM|String|false|false
17:09:32.58 (110411742)|VARIABLE_ASSIGNMENT|[13]|emailCRM|"crm.delhi@timesofind (6 more) ..."
17:09:32.58 (110417942)|VARIABLE_SCOPE_BEGIN|[13]|recordId|String|false|false
17:09:32.58 (110428992)|VARIABLE_ASSIGNMENT|[13]|recordId|"0012t000009DTjGAAW"
17:09:32.58 (110439662)|VARIABLE_SCOPE_BEGIN|[13]|startDate|Date|false|false
17:09:32.58 (110457093)|VARIABLE_ASSIGNMENT|[13]|startDate|"2026-05-08T00:00:00.000Z"
17:09:32.58 (110466773)|VARIABLE_SCOPE_BEGIN|[13]|endDate|Date|false|false
17:09:32.58 (110479953)|VARIABLE_ASSIGNMENT|[13]|endDate|"2027-05-07T00:00:00.000Z"
17:09:32.58 (110488764)|STATEMENT_EXECUTE|[13]
17:09:32.58 (110492004)|STATEMENT_EXECUTE|[14]
17:09:32.58 (110496364)|HEAP_ALLOCATE|[14]|Bytes:52
17:09:32.58 (110517584)|HEAP_ALLOCATE|[14]|Bytes:4
17:09:32.58 (111232542)|SOQL_EXECUTE_BEGIN|[14]|Aggregations:0|SELECT Id FROM Site WHERE Name = 'EmailVerification'
17:09:32.58 (119741566)|SOQL_EXECUTE_END|[14]|Rows:1
17:09:32.58 (119784787)|HEAP_ALLOCATE|[14]|Bytes:8
17:09:32.58 (119808618)|HEAP_ALLOCATE|[14]|Bytes:29
17:09:32.58 (119931261)|HEAP_ALLOCATE|[14]|Bytes:8
17:09:32.58 (119956631)|HEAP_ALLOCATE|[14]|Bytes:30
17:09:32.58 (120034643)|HEAP_ALLOCATE|[14]|Bytes:8
17:09:32.58 (120049183)|VARIABLE_SCOPE_BEGIN|[14]|mySite|Site|true|false
17:09:32.58 (120137936)|VARIABLE_ASSIGNMENT|[14]|mySite|{"Id":"0DM2t000000CcOVGA0"}|0x28733f72
17:09:32.58 (120148396)|STATEMENT_EXECUTE|[15]
17:09:32.58 (120153106)|HEAP_ALLOCATE|[15]|Bytes:59
17:09:32.58 (120175966)|HEAP_ALLOCATE|[15]|Bytes:4
17:09:32.58 (120831132)|SOQL_EXECUTE_BEGIN|[15]|Aggregations:0|SELECT SecureURL FROM SiteDetail WHERE DurableId = :tmpVar1
17:09:32.58 (125554575)|SOQL_EXECUTE_END|[15]|Rows:1
17:09:32.58 (125603057)|HEAP_ALLOCATE|[15]|Bytes:8
17:09:32.58 (125628537)|HEAP_ALLOCATE|[15]|Bytes:120
17:09:32.58 (125745310)|HEAP_ALLOCATE|[15]|Bytes:8
17:09:32.58 (125771661)|HEAP_ALLOCATE|[15]|Bytes:36
17:09:32.58 (125854203)|HEAP_ALLOCATE|[15]|Bytes:16
17:09:32.58 (125871133)|VARIABLE_SCOPE_BEGIN|[15]|mySiteDetail|SiteDetail|true|false
17:09:32.58 (125991046)|VARIABLE_ASSIGNMENT|[15]|mySiteDetail|{"SecureUrl":"https://timesofindia (30 more) ...","DurableId":"0DM2t000000CcOV","Id":"000000000000000AAA"}|0x426d5fd7
17:09:32.58 (126003636)|STATEMENT_EXECUTE|[16]
17:09:32.58 (126041547)|HEAP_ALLOCATE|[16]|Bytes:10
17:09:32.58 (126051847)|HEAP_ALLOCATE|[16]|Bytes:24
17:09:32.58 (126079878)|HEAP_ALLOCATE|[16]|Bytes:102
17:09:32.58 (126091708)|VARIABLE_SCOPE_BEGIN|[16]|uniqueLinkSMS|String|false|false
17:09:32.58 (126109469)|VARIABLE_ASSIGNMENT|[16]|uniqueLinkSMS|"https://timesofindia (82 more) ..."
17:09:32.58 (126117519)|STATEMENT_EXECUTE|[17]
17:09:32.58 (126144710)|METHOD_ENTRY|[17]|01p2t000002TDko|OrderCofirmationEmailLink.shortenURL(String)
17:09:32.58 (126183641)|VARIABLE_SCOPE_BEGIN|[67]|url|String|false|false
17:09:32.58 (126199581)|VARIABLE_ASSIGNMENT|[67]|url|"https://timesofindia (82 more) ..."
17:09:32.58 (126210021)|STATEMENT_EXECUTE|[67]
17:09:32.58 (126213461)|STATEMENT_EXECUTE|[68]
17:09:32.58 (126219782)|VARIABLE_SCOPE_BEGIN|[68]|urlValue|String|false|false
17:09:32.58 (126235012)|VARIABLE_ASSIGNMENT|[68]|urlValue|""
17:09:32.58 (126242032)|STATEMENT_EXECUTE|[69]
17:09:32.58 (126278743)|VARIABLE_SCOPE_BEGIN|[69]|req|System.HttpRequest|true|false
17:09:32.58 (126491318)|VARIABLE_ASSIGNMENT|[69]|req|"System.HttpRequest[Endpoint=null, Method=null]"|0x1fcea92d
17:09:32.58 (126503378)|STATEMENT_EXECUTE|[70]
17:09:32.58 (126704363)|HEAP_ALLOCATE|[70]|Bytes:4
17:09:32.58 (126842957)|VARIABLE_SCOPE_BEGIN|[70]|objShortUrlConfiguration|ShortUrlConfiguration__c|true|false
17:09:32.58 (126870547)|VARIABLE_ASSIGNMENT|[70]|objShortUrlConfiguration|{}|0x11482f21
17:09:32.58 (126880057)|STATEMENT_EXECUTE|[71]
17:09:32.58 (126912858)|HEAP_ALLOCATE|[71]|Bytes:4
17:09:32.58 (127052232)|VARIABLE_SCOPE_BEGIN|[71]|listConfig|List<ShortUrlConfiguration__c>|true|false
17:09:32.58 (127067802)|HEAP_ALLOCATE|[EXTERNAL]|Bytes:4
17:09:32.58 (127085972)|VARIABLE_ASSIGNMENT|[71]|listConfig|[]|0x328e768a
17:09:32.58 (127094903)|STATEMENT_EXECUTE|[72]
17:09:32.58 (127100823)|HEAP_ALLOCATE|[72]|Bytes:124
17:09:32.58 (127122023)|HEAP_ALLOCATE|[72]|Bytes:4
17:09:32.58 (127853141)|SOQL_EXECUTE_BEGIN|[72]|Aggregations:0|SELECT apiKey__c, format__c, login__c, EndPointUrl__c FROM ShortUrlConfiguration__c WHERE Name = 'ShortUrlGenerator' LIMIT 1
17:09:32.58 (140017323)|SOQL_EXECUTE_END|[72]|Rows:1
17:09:32.58 (140065834)|HEAP_ALLOCATE|[72]|Bytes:8
17:09:32.58 (140098125)|HEAP_ALLOCATE|[72]|Bytes:168
17:09:32.58 (140166646)|HEAP_ALLOCATE|[72]|Bytes:8
17:09:32.58 (140328220)|VARIABLE_ASSIGNMENT|[72]|listConfig|[{"login__c":"times","EndPointUrl__c":"https://subt.in/micr (20 more) ...","Id":"a1B2t000000DUZ6EAO","apiKey__c":"R_66d9bc26baca7507b6 (14 more) ...","format__c":"json"}]|0x675d5e2a
17:09:32.58 (140407712)|STATEMENT_EXECUTE|[74]
17:09:32.58 (140411292)|STATEMENT_EXECUTE|[75]
17:09:32.58 (140475504)|HEAP_ALLOCATE|[75]|Bytes:24
17:09:32.58 (140595847)|VARIABLE_ASSIGNMENT|[75]|objShortUrlConfiguration|{"login__c":"times","EndPointUrl__c":"https://subt.in/micr (20 more) ...","Id":"a1B2t000000DUZ6EAO","apiKey__c":"R_66d9bc26baca7507b6 (14 more) ...","format__c":"json"}|0x1cb9bc94
17:09:32.58 (140645348)|STATEMENT_EXECUTE|[78]
17:09:32.58 (140649098)|STATEMENT_EXECUTE|[79]
17:09:32.58 (140677009)|HEAP_ALLOCATE|[79]|Bytes:7
17:09:32.58 (140695899)|HEAP_ALLOCATE|[79]|Bytes:8
17:09:32.58 (140714120)|HEAP_ALLOCATE|[79]|Bytes:8
17:09:32.58 (140734790)|HEAP_ALLOCATE|[79]|Bytes:102
17:09:32.58 (140749030)|HEAP_ALLOCATE|[79]|Bytes:5
17:09:32.58 (140764361)|HEAP_ALLOCATE|[79]|Bytes:153
17:09:32.58 (140774751)|HEAP_ALLOCATE|[79]|Bytes:255
17:09:32.58 (140783481)|VARIABLE_SCOPE_BEGIN|[79]|endPointUrl|String|false|false
17:09:32.58 (140800692)|VARIABLE_ASSIGNMENT|[79]|endPointUrl|"https://subt.in/micr (235 more) ..."
17:09:32.58 (140807682)|STATEMENT_EXECUTE|[80]
17:09:32.58 (140915554)|STATEMENT_EXECUTE|[81]
17:09:32.58 (140920685)|HEAP_ALLOCATE|[81]|Bytes:4
17:09:32.58 (140950785)|STATEMENT_EXECUTE|[82]
17:09:32.58 (140955455)|HEAP_ALLOCATE|[82]|Bytes:12
17:09:32.58 (140963956)|HEAP_ALLOCATE|[82]|Bytes:16
17:09:32.58 (140997776)|STATEMENT_EXECUTE|[83]
17:09:32.58 (141002557)|HEAP_ALLOCATE|[83]|Bytes:3
17:09:32.58 (141060498)|HEAP_ALLOCATE|[83]|Bytes:297
17:09:32.58 (141076798)|HEAP_ALLOCATE|[83]|Bytes:300
17:09:32.58 (141094559)|USER_DEBUG|[83]|DEBUG|reqSystem.HttpRequest[Endpoint=https://subt.in/micron/restshortner.html?login=times&apiKey=R_66d9bc26baca7507b68b196a47657721&format=json&url=https://timesofindia.my.site.com/emailverification/s/?accId=0012t000009DTjGAAW_SMS%26sms_header=TOICRM&apiKey=R_66d9bc26baca7507b68b196a47657721, Method=POST]
17:09:32.58 (141108969)|STATEMENT_EXECUTE|[84]
17:09:32.58 (141237102)|CALLOUT_REQUEST|[84]|System.HttpRequest[Endpoint=https://subt.in/micron/restshortner.html?login=times&apiKey=R_66d9bc26baca7507b68b196a47657721&format=json&url=https://timesofindia.my.site.com/emailverification/s/?accId=0012t000009DTjGAAW_SMS%26sms_header=TOICRM&apiKey=R_66d9bc26baca7507b68b196a47657721, Method=POST]
17:09:32.58 (178729403)|HEAP_ALLOCATE|[EXTERNAL]|Bytes:665
17:09:32.58 (179900161)|CALLOUT_RESPONSE|[84]|System.HttpResponse[Status=null, StatusCode=200]
17:09:32.58 (180081035)|HEAP_ALLOCATE|[84]|Bytes:294
17:09:32.58 (180119396)|VARIABLE_SCOPE_BEGIN|[84]|res|System.HttpResponse|true|false
17:09:32.58 (180176807)|VARIABLE_ASSIGNMENT|[84]|res|"System.HttpResponse[Status=null, StatusCode=200]"|0x41d53817
17:09:32.58 (180184488)|STATEMENT_EXECUTE|[85]
17:09:32.58 (180191688)|HEAP_ALLOCATE|[85]|Bytes:13
17:09:32.58 (180267800)|HEAP_ALLOCATE|[85]|Bytes:290
17:09:32.58 (180288690)|HEAP_ALLOCATE|[85]|Bytes:303
17:09:32.58 (180311061)|USER_DEBUG|[85]|DEBUG|res.getBody(){
    "status_code": 200, 
    "data": { 
        "url": "http:\/\/subt.in\/TOICRM\/u45Wrb",
        "hash": "TOICRM\/u45Wrb", 
        "long_url": "https:\/\/timesofindia.my.site.com\/emailverification\/s\/?accId=0012t000009DTjGAAW_SMS&sms_header=TOICRM"
    }, 
    "status_txt": "OK"
 }

17:09:32.58 (180346642)|STATEMENT_EXECUTE|[87]
17:09:32.58 (180349212)|STATEMENT_EXECUTE|[88]
17:09:32.58 (180364542)|HEAP_ALLOCATE|[88]|Bytes:290
17:09:32.58 (180437394)|HEAP_ALLOCATE|[88]|Bytes:24
17:09:32.58 (180453954)|SYSTEM_METHOD_ENTRY|[1]|JSON.JSON()
17:09:32.58 (180457624)|STATEMENT_EXECUTE|[1]
17:09:32.58 (180468354)|SYSTEM_METHOD_EXIT|[1]|JSON
17:09:32.58 (180481955)|METHOD_ENTRY|[88]||System.JSON.deserializeUntyped(String)
17:09:32.58 (181318985)|METHOD_EXIT|[88]||System.JSON.deserializeUntyped(String)
17:09:32.58 (181330325)|VARIABLE_SCOPE_BEGIN|[88]|response|Map<String,ANY>|true|false
17:09:32.58 (181371176)|VARIABLE_ASSIGNMENT|[88]|response|{"status_code":200,"data":{"url":"http://subt.in/TOICR (8 more) ...","hash":"TOICRM/u45Wrb","long_url":"https://timesofindia (80 more) ..."},"status_txt":"OK"}|0x7374dd26
17:09:32.58 (181377786)|STATEMENT_EXECUTE|[89]
17:09:32.58 (181382746)|HEAP_ALLOCATE|[89]|Bytes:4
17:09:32.58 (181425087)|VARIABLE_SCOPE_BEGIN|[89]|dataMap|Map<String,ANY>|true|false
17:09:32.58 (181439558)|VARIABLE_ASSIGNMENT|[89]|dataMap|{"url":"http://subt.in/TOICR (8 more) ...","hash":"TOICRM/u45Wrb","long_url":"https://timesofindia (80 more) ..."}|0x72768d6c
17:09:32.58 (181444608)|STATEMENT_EXECUTE|[90]
17:09:32.58 (181447818)|HEAP_ALLOCATE|[90]|Bytes:3
17:09:32.58 (181490139)|VARIABLE_ASSIGNMENT|[90]|urlValue|"http://subt.in/TOICR (8 more) ..."
17:09:32.58 (181496519)|STATEMENT_EXECUTE|[93]
17:09:32.58 (181501189)|METHOD_EXIT|[17]|01p2t000002TDko|OrderCofirmationEmailLink.shortenURL(String)
17:09:32.58 (181511109)|VARIABLE_ASSIGNMENT|[17]|uniqueLinkSMS|"http://subt.in/TOICR (8 more) ..."
17:09:32.58 (181515920)|STATEMENT_EXECUTE|[18]
17:09:32.58 (181683314)|HEAP_ALLOCATE|[18]|Bytes:36
17:09:32.58 (181712694)|CONSTRUCTOR_ENTRY|[18]|01p2t000002TDko|<init>()|OrderCofirmationEmailLink.Parameters
17:09:32.58 (181745005)|VARIABLE_SCOPE_BEGIN|[111]|this|OrderCofirmationEmailLink.Parameters|true|false
17:09:32.58 (181822167)|VARIABLE_ASSIGNMENT|[111]|this|{}|0x2dde57c2
17:09:32.58 (181833697)|HEAP_ALLOCATE|[EXTERNAL]|Bytes:6
17:09:32.58 (181862758)|STATEMENT_EXECUTE|[111]
17:09:32.58 (181865098)|STATEMENT_EXECUTE|[112]
17:09:32.58 (181867168)|STATEMENT_EXECUTE|[113]
17:09:32.58 (181869338)|STATEMENT_EXECUTE|[114]
17:09:32.58 (181871318)|STATEMENT_EXECUTE|[115]
17:09:32.58 (181873258)|STATEMENT_EXECUTE|[116]
17:09:32.58 (181875168)|STATEMENT_EXECUTE|[117]
17:09:32.58 (181877118)|STATEMENT_EXECUTE|[118]
17:09:32.58 (181879098)|STATEMENT_EXECUTE|[119]
17:09:32.58 (181883298)|CONSTRUCTOR_EXIT|[18]|01p2t000002TDko|<init>()|OrderCofirmationEmailLink.Parameters
17:09:32.58 (181889249)|VARIABLE_SCOPE_BEGIN|[18]|p|OrderCofirmationEmailLink.Parameters|true|false
17:09:32.58 (181905499)|VARIABLE_ASSIGNMENT|[18]|p|{}|0x2dde57c2
17:09:32.58 (181911739)|STATEMENT_EXECUTE|[19]
17:09:32.58 (181915209)|HEAP_ALLOCATE|[19]|Bytes:2
17:09:32.58 (181923559)|HEAP_ALLOCATE|[19]|Bytes:12
17:09:32.58 (181944530)|VARIABLE_ASSIGNMENT|[19]|this.MSISDN|"919810398600"|0x2dde57c2
17:09:32.58 (181949690)|STATEMENT_EXECUTE|[20]
17:09:32.58 (181957480)|VARIABLE_ASSIGNMENT|[20]|this.Var1|"Om PRAKASH Singh"|0x2dde57c2
17:09:32.58 (181962390)|STATEMENT_EXECUTE|[21]
17:09:32.58 (181969870)|VARIABLE_ASSIGNMENT|[21]|this.Var2|"TOI & NBT"|0x2dde57c2
17:09:32.58 (181976651)|HEAP_ALLOCATE|[22]|Bytes:5
17:09:32.58 (181994881)|STATEMENT_EXECUTE|[28]
17:09:32.58 (181997411)|STATEMENT_EXECUTE|[29]
17:09:32.58 (182000341)|HEAP_ALLOCATE|[29]|Bytes:31
17:09:32.58 (182011821)|VARIABLE_ASSIGNMENT|[29]|this.templatename|"utemailverificationr (11 more) ..."|0x2dde57c2
17:09:32.58 (182016692)|STATEMENT_EXECUTE|[30]
17:09:32.58 (182081823)|HEAP_ALLOCATE|[30]|Bytes:1
17:09:32.58 (182093833)|HEAP_ALLOCATE|[30]|Bytes:1
17:09:32.58 (182120244)|HEAP_ALLOCATE|[30]|Bytes:1
17:09:32.58 (182150975)|HEAP_ALLOCATE|[30]|Bytes:4
17:09:32.58 (182165705)|HEAP_ALLOCATE|[30]|Bytes:8
17:09:32.58 (182176215)|VARIABLE_ASSIGNMENT|[30]|this.Var3|"8/5/2026"|0x2dde57c2
17:09:32.58 (182180905)|STATEMENT_EXECUTE|[31]
17:09:32.58 (182209726)|HEAP_ALLOCATE|[31]|Bytes:1
17:09:32.58 (182238507)|HEAP_ALLOCATE|[31]|Bytes:1
17:09:32.58 (182264888)|HEAP_ALLOCATE|[31]|Bytes:4
17:09:32.58 (182277248)|HEAP_ALLOCATE|[31]|Bytes:8
17:09:32.58 (182286938)|VARIABLE_ASSIGNMENT|[31]|this.Var4|"7/5/2027"|0x2dde57c2
17:09:32.58 (182291828)|STATEMENT_EXECUTE|[32]
17:09:32.58 (182299088)|VARIABLE_ASSIGNMENT|[32]|this.Var5|"http://subt.in/TOICR (8 more) ..."|0x2dde57c2
17:09:32.58 (182303988)|STATEMENT_EXECUTE|[33]
17:09:32.58 (182311679)|VARIABLE_ASSIGNMENT|[33]|this.Var6|"crm.delhi@timesofind (6 more) ..."|0x2dde57c2
17:09:32.58 (182316589)|STATEMENT_EXECUTE|[36]
17:09:32.58 (182421931)|HEAP_ALLOCATE|[36]|Bytes:3
17:09:32.58 (182434832)|HEAP_ALLOCATE|[36]|Bytes:16
17:09:32.58 (182446602)|CONSTRUCTOR_ENTRY|[36]|01p2t000002TDko|<init>()|OrderCofirmationEmailLink.Events
17:09:32.58 (182461932)|VARIABLE_SCOPE_BEGIN|[135]|this|OrderCofirmationEmailLink.Events|true|false
17:09:32.58 (182483653)|VARIABLE_ASSIGNMENT|[135]|this|{}|0x4a72e713
17:09:32.58 (182489773)|STATEMENT_EXECUTE|[131]
17:09:32.58 (182491953)|STATEMENT_EXECUTE|[132]
17:09:32.58 (182494033)|STATEMENT_EXECUTE|[133]
17:09:32.58 (182496013)|STATEMENT_EXECUTE|[134]
17:09:32.58 (182510423)|STATEMENT_EXECUTE|[135]
17:09:32.58 (182512533)|STATEMENT_EXECUTE|[136]
17:09:32.58 (182515484)|HEAP_ALLOCATE|[136]|Bytes:4
17:09:32.58 (182525974)|VARIABLE_ASSIGNMENT|[136]|this.evtid|"4792"|0x4a72e713
17:09:32.58 (182530684)|STATEMENT_EXECUTE|[137]
17:09:32.58 (182533224)|HEAP_ALLOCATE|[137]|Bytes:6
17:09:32.58 (182541114)|VARIABLE_ASSIGNMENT|[137]|this.correlationid|"ABC123"|0x4a72e713
17:09:32.58 (182545744)|STATEMENT_EXECUTE|[138]
17:09:32.58 (182549434)|HEAP_ALLOCATE|[138]|Bytes:36
17:09:32.58 (182555494)|CONSTRUCTOR_ENTRY|[138]|01p2t000002TDko|<init>()|OrderCofirmationEmailLink.Parameters
17:09:32.58 (182573445)|VARIABLE_SCOPE_BEGIN|[111]|this|OrderCofirmationEmailLink.Parameters|true|false
17:09:32.58 (182588835)|VARIABLE_ASSIGNMENT|[111]|this|{}|0x606013f7
17:09:32.58 (182603036)|STATEMENT_EXECUTE|[111]
17:09:32.58 (182605126)|STATEMENT_EXECUTE|[112]
17:09:32.58 (182607126)|STATEMENT_EXECUTE|[113]
17:09:32.58 (182609076)|STATEMENT_EXECUTE|[114]
17:09:32.58 (182611026)|STATEMENT_EXECUTE|[115]
17:09:32.58 (182613046)|STATEMENT_EXECUTE|[116]
17:09:32.58 (182614996)|STATEMENT_EXECUTE|[117]
17:09:32.58 (182616946)|STATEMENT_EXECUTE|[118]
17:09:32.58 (182618896)|STATEMENT_EXECUTE|[119]
17:09:32.58 (182622286)|CONSTRUCTOR_EXIT|[138]|01p2t000002TDko|<init>()|OrderCofirmationEmailLink.Parameters
17:09:32.58 (182631166)|VARIABLE_ASSIGNMENT|[138]|this.parameters|0x606013f7|0x4a72e713
17:09:32.58 (182637096)|CONSTRUCTOR_EXIT|[36]|01p2t000002TDko|<init>()|OrderCofirmationEmailLink.Events
17:09:32.58 (182642387)|VARIABLE_SCOPE_BEGIN|[36]|eve|OrderCofirmationEmailLink.Events|true|false
17:09:32.58 (182660837)|VARIABLE_ASSIGNMENT|[36]|eve|{"correlationid":"ABC123","evtid":"4792","parameters":"0x606013f7"}|0x4a72e713
17:09:32.58 (182666637)|STATEMENT_EXECUTE|[37]
17:09:32.58 (182671417)|VARIABLE_ASSIGNMENT|[37]|this.parameters|0x2dde57c2|0x4a72e713
17:09:32.58 (182676007)|STATEMENT_EXECUTE|[39]
17:09:32.58 (182758069)|HEAP_ALLOCATE|[39]|Bytes:3
17:09:32.58 (182785680)|HEAP_ALLOCATE|[39]|Bytes:12
17:09:32.58 (182796770)|CONSTRUCTOR_ENTRY|[39]|01p2t000002TDko|<init>()|OrderCofirmationEmailLink.ObjectWrapper
17:09:32.58 (182810931)|VARIABLE_SCOPE_BEGIN|[125]|this|OrderCofirmationEmailLink.ObjectWrapper|true|false
17:09:32.58 (182832291)|VARIABLE_ASSIGNMENT|[125]|this|{}|0x696ee6f2
17:09:32.58 (182838471)|STATEMENT_EXECUTE|[121]
17:09:32.58 (182840621)|STATEMENT_EXECUTE|[122]
17:09:32.58 (182842701)|STATEMENT_EXECUTE|[123]
17:09:32.58 (182855352)|STATEMENT_EXECUTE|[125]
17:09:32.58 (182857382)|STATEMENT_EXECUTE|[126]
17:09:32.58 (182867832)|HEAP_ALLOCATE|[126]|Bytes:4
17:09:32.58 (182943304)|HEAP_ALLOCATE|[EXTERNAL]|Bytes:4
17:09:32.58 (182956694)|VARIABLE_ASSIGNMENT|[126]|this.events|[]|0x696ee6f2
17:09:32.58 (182961664)|STATEMENT_EXECUTE|[127]
17:09:32.58 (182969524)|VARIABLE_ASSIGNMENT|[127]|this.notifyurl|""|0x696ee6f2
17:09:32.58 (182977615)|CONSTRUCTOR_EXIT|[39]|01p2t000002TDko|<init>()|OrderCofirmationEmailLink.ObjectWrapper
17:09:32.58 (182983205)|VARIABLE_SCOPE_BEGIN|[39]|objObjectWrapper|OrderCofirmationEmailLink.ObjectWrapper|true|false
17:09:32.58 (183003075)|VARIABLE_ASSIGNMENT|[39]|objObjectWrapper|{"events":"0x34f9ceb3","notifyurl":""}|0x696ee6f2
17:09:32.58 (183008735)|STATEMENT_EXECUTE|[40]
17:09:32.58 (183014685)|HEAP_ALLOCATE|[40]|Bytes:4
17:09:32.58 (183032856)|VARIABLE_SCOPE_BEGIN|[40]|lstAllJSON|List<OrderCofirmationEmailLink.Events>|true|false
17:09:32.58 (183046676)|HEAP_ALLOCATE|[EXTERNAL]|Bytes:4
17:09:32.58 (183053536)|VARIABLE_ASSIGNMENT|[40]|lstAllJSON|[]|0x54e69c70
17:09:32.58 (183058277)|STATEMENT_EXECUTE|[41]
17:09:32.58 (183088547)|HEAP_ALLOCATE|[EXTERNAL]|Bytes:4
17:09:32.58 (183097707)|STATEMENT_EXECUTE|[42]
17:09:32.58 (183106238)|VARIABLE_ASSIGNMENT|[42]|this.notifyurl|""|0x696ee6f2
17:09:32.58 (183111188)|STATEMENT_EXECUTE|[44]
17:09:32.58 (183119128)|METHOD_ENTRY|[44]||System.JSON.serialize(Object)
17:09:32.58 (183475147)|METHOD_EXIT|[44]||System.JSON.serialize(Object)
17:09:32.58 (183482647)|VARIABLE_SCOPE_BEGIN|[44]|strFinalJSON|String|false|false
17:09:32.58 (183494927)|VARIABLE_ASSIGNMENT|[44]|strFinalJSON|"{\"notifyurl\":\"\",\"eve (292 more) ..."
17:09:32.58 (183499187)|STATEMENT_EXECUTE|[46]
17:09:32.58 (183502537)|HEAP_ALLOCATE|[46]|Bytes:18
17:09:32.58 (187988105)|HEAP_ALLOCATE|[46]|Bytes:210
17:09:32.58 (188001265)|HEAP_ALLOCATE|[46]|Bytes:68
17:09:32.58 (188082677)|HEAP_ALLOCATE|[46]|Bytes:33
17:09:32.58 (188095998)|SYSTEM_METHOD_ENTRY|[1]|Type.Type()
17:09:32.58 (188100358)|STATEMENT_EXECUTE|[1]
17:09:32.58 (188109138)|SYSTEM_METHOD_EXIT|[1]|Type
17:09:32.58 (188115418)|HEAP_ALLOCATE|[46]|Bytes:8
17:09:32.58 (188131549)|HEAP_ALLOCATE|[46]|Bytes:8
17:09:32.58 (188137059)|VARIABLE_SCOPE_BEGIN|[4]|this|System.Type|true|false
17:09:32.58 (188157559)|VARIABLE_ASSIGNMENT|[4]|this|{}|0x1e648c2
17:09:32.58 (188162529)|VARIABLE_SCOPE_BEGIN|[4]|apextype|java:common.apex.runtime.ApexObjectType|true|false
17:09:32.58 (188261022)|VARIABLE_ASSIGNMENT|[4]|apextype|"Map<String,String>"|0x47a6ae88
17:09:32.58 (188293292)|HEAP_ALLOCATE|[46]|Bytes:8
17:09:32.58 (188304723)|METHOD_ENTRY|[46]||System.JSON.deserialize(String, System.Type)
17:09:32.58 (188942818)|METHOD_EXIT|[46]||System.JSON.deserialize(String, System.Type)
17:09:32.58 (188952698)|VARIABLE_SCOPE_BEGIN|[46]|mapWhatsAppConfig|Map<String,String>|true|false
17:09:32.58 (188970819)|VARIABLE_ASSIGNMENT|[46]|mapWhatsAppConfig|"Map of size 7 too large to display"|0x4f74cddd
17:09:32.58 (188976479)|STATEMENT_EXECUTE|[47]
17:09:32.58 (189001699)|USER_DEBUG|[47]|DEBUG|{"notifyurl":"","events":[{"parameters":{"Var6":"crm.delhi@timesofindia.com","Var5":"http://subt.in/TOICRM/u45Wrb","Var4":"7/5/2027","Var3":"8/5/2026","Var2":"TOI & NBT","Var1":"Om PRAKASH Singh","templatename":"utemailverificationrenewalorder","MSISDN":"919810398600"},"evtid":"4792","correlationid":"ABC123"}]}
17:09:32.58 (189014350)|STATEMENT_EXECUTE|[49]
17:09:32.58 (189034070)|VARIABLE_SCOPE_BEGIN|[49]|http|System.Http|true|false
17:09:32.58 (189079511)|VARIABLE_ASSIGNMENT|[49]|http|"System.Http[]"|0x4df96edb
17:09:32.58 (189085721)|STATEMENT_EXECUTE|[50]
17:09:32.58 (189095332)|VARIABLE_SCOPE_BEGIN|[50]|req|System.HttpRequest|true|false
17:09:32.58 (189117982)|VARIABLE_ASSIGNMENT|[50]|req|"System.HttpRequest[Endpoint=null, Method=null]"|0x79a7364
17:09:32.58 (189123292)|STATEMENT_EXECUTE|[51]
17:09:32.58 (189126992)|HEAP_ALLOCATE|[51]|Bytes:36
17:09:32.58 (189164363)|STATEMENT_EXECUTE|[52]
17:09:32.58 (189181624)|STATEMENT_EXECUTE|[53]
17:09:32.58 (189203714)|STATEMENT_EXECUTE|[54]
17:09:32.58 (189206994)|HEAP_ALLOCATE|[54]|Bytes:3
17:09:32.58 (189213214)|HEAP_ALLOCATE|[54]|Bytes:36
17:09:32.58 (189229495)|STATEMENT_EXECUTE|[55]
17:09:32.58 (189283416)|STATEMENT_EXECUTE|[56]
17:09:32.58 (189323257)|CALLOUT_REQUEST|[56]|System.HttpRequest[Endpoint=callout:WhatsApp_HSM_Integration_API, Method=POST]
17:09:32.229 (229440380)|NAMED_CREDENTIAL_REQUEST|NamedCallout[Named Credential Id=0XA2t000000blJn, Named Credential Name=WhatsApp_HSM_Integration_API, Endpoint=https://api.imiconnect.in/resources/v1/events/externalevent, Method=POST, External Credential Type=EXTERNAL, HTTP Header Authorization=Method: Not set - Credential: Not set, Content-Type=application/json, Request Size bytes=312, Retry on 401=True]
17:09:32.58 (229672156)|HEAP_ALLOCATE|[EXTERNAL]|Bytes:780
17:09:32.230 (230202229)|NAMED_CREDENTIAL_RESPONSE|NamedCallout[Named Credential Id=0XA2t000000blJn, Named Credential Name=WhatsApp_HSM_Integration_API, Status Code=200, Content-Type=application/json, Response Size bytes=127, Overall Callout Time ms=29, Connect Time ms=1, Interceptor Time ms=0
17:09:32.58 (230682720)|CALLOUT_RESPONSE|[56]|System.HttpResponse[Status=OK, StatusCode=200]
17:09:32.58 (230705481)|HEAP_ALLOCATE|[56]|Bytes:133
17:09:32.58 (230732051)|VARIABLE_SCOPE_BEGIN|[56]|res|System.HttpResponse|true|false
17:09:32.58 (230785413)|VARIABLE_ASSIGNMENT|[56]|res|"System.HttpResponse[Status=OK, StatusCode=200]"|0x5c3f7d5b
17:09:32.58 (230792723)|STATEMENT_EXECUTE|[57]
17:09:32.58 (230798093)|HEAP_ALLOCATE|[57]|Bytes:8
17:09:32.58 (230876965)|HEAP_ALLOCATE|[57]|Bytes:46
17:09:32.58 (230896435)|HEAP_ALLOCATE|[57]|Bytes:54
17:09:32.58 (230915856)|USER_DEBUG|[57]|DEBUG|---res--System.HttpResponse[Status=OK, StatusCode=200]
17:09:32.58 (230925916)|STATEMENT_EXECUTE|[58]
17:09:32.58 (230966047)|HEAP_ALLOCATE|[58]|Bytes:127
17:09:32.58 (230976317)|HEAP_ALLOCATE|[58]|Bytes:135
17:09:32.58 (230987878)|USER_DEBUG|[58]|DEBUG|---res--{"response":[{"code":"1002","description":"Queued","transid":"45310593-bace-4d5f-a75a-f144166a4c22","correlationid":"ABC123"}]}
17:09:32.58 (230996188)|STATEMENT_EXECUTE|[59]
17:09:32.58 (231011168)|HEAP_ALLOCATE|[59]|Bytes:127
17:09:32.58 (231019998)|VARIABLE_SCOPE_BEGIN|[59]|objJSONResponse|String|false|false
17:09:32.58 (231033419)|VARIABLE_ASSIGNMENT|[59]|objJSONResponse|"{\"response\":[{\"code\" (107 more) ..."
17:09:32.58 (231037739)|STATEMENT_EXECUTE|[60]
17:09:32.58 (231041019)|HEAP_ALLOCATE|[60]|Bytes:23
17:09:32.58 (231048569)|HEAP_ALLOCATE|[60]|Bytes:150
17:09:32.58 (231067070)|USER_DEBUG|[60]|DEBUG|WhatsApp HttpResponse::{"response":[{"code":"1002","description":"Queued","transid":"45310593-bace-4d5f-a75a-f144166a4c22","correlationid":"ABC123"}]}
17:09:32.58 (231075660)|STATEMENT_EXECUTE|[62]
17:09:32.58 (231079090)|HEAP_ALLOCATE|[62]|Bytes:42
17:09:32.58 (231325406)|HEAP_ALLOCATE|[62]|Bytes:8
17:09:32.58 (231341166)|HEAP_ALLOCATE|[62]|Bytes:8
17:09:32.58 (231346596)|VARIABLE_SCOPE_BEGIN|[4]|this|System.Type|true|false
17:09:32.58 (231376607)|VARIABLE_ASSIGNMENT|[4]|this|{}|0x7a6ed5b2
17:09:32.58 (231381527)|VARIABLE_SCOPE_BEGIN|[4]|apextype|java:common.apex.runtime.ApexObjectType|true|false
17:09:32.58 (231434098)|VARIABLE_ASSIGNMENT|[4]|apextype|"OrderCofirmationEmailLink.WhatsAppResponse"|0x5d9caa01
17:09:32.58 (231478679)|HEAP_ALLOCATE|[62]|Bytes:8
17:09:32.58 (231490820)|METHOD_ENTRY|[62]||System.JSON.deserialize(String, System.Type)
17:09:32.58 (232442343)|METHOD_EXIT|[62]||System.JSON.deserialize(String, System.Type)
17:09:32.58 (232455783)|VARIABLE_SCOPE_BEGIN|[62]|objWhatsAppResponse|OrderCofirmationEmailLink.WhatsAppResponse|true|false
17:09:32.58 (232485454)|VARIABLE_ASSIGNMENT|[62]|objWhatsAppResponse|{"response":"0x72fd7fbb"}|0x7e32f713
17:09:32.58 (232491864)|STATEMENT_EXECUTE|[63]
17:09:32.58 (232495294)|HEAP_ALLOCATE|[63]|Bytes:14
17:09:32.58 (232609747)|HEAP_ALLOCATE|[63]|Bytes:138
17:09:32.58 (232626747)|HEAP_ALLOCATE|[63]|Bytes:152
17:09:32.58 (232638307)|USER_DEBUG|[63]|DEBUG|heyyy responseWhatsAppResponse:[response=(Response:[code=1002, correlationid=ABC123, description=Queued, transid=45310593-bace-4d5f-a75a-f144166a4c22])]
17:09:32.58 (232650508)|METHOD_EXIT|[9]|01p2t000002TDko|OrderCofirmationEmailLink.sendThroughWhatsAppFuture(String, String, String, String, String, String, String, String, Date, Date)
17:09:32.232 (232694929)|CUMULATIVE_LIMIT_USAGE
17:09:32.232 (232694929)|LIMIT_USAGE_FOR_NS|(default)|
  Number of SOQL queries: 5 out of 200
  Number of query rows: 5 out of 50000
  Number of SOSL queries: 0 out of 20
  Number of DML statements: 0 out of 150
  Number of Publish Immediate DML: 0 out of 150
  Number of DML rows: 0 out of 10000
  Maximum CPU time: 8 out of 60000
  Maximum heap size: 0 out of 12000000
  Number of callouts: 2 out of 100
  Number of Email Invocations: 0 out of 10
  Number of future calls: 0 out of 50
  Number of queueable jobs added to the queue: 0 out of 50
  Number of Mobile Apex push calls: 0 out of 10

17:09:32.232 (232694929)|CUMULATIVE_LIMIT_USAGE_END

17:09:32.58 (232748840)|CODE_UNIT_FINISHED|OrderCofirmationEmailLink.sendEmailLinkConfirmOrder(List<Id>)
17:09:32.4 (239185975)|FLOW_START_INTERVIEWS_END|1
17:09:32.4 (239413450)|FLOW_INTERVIEW_FINISHED|109114c9ba015b3ffae87ffcf6cd19d9b3a7524-72cc|Send Whatsapp Message On Order Confirmed
