65.0 APEX_CODE,FINEST;APEX_PROFILING,INFO;CALLOUT,INFO;DATA_ACCESS,INFO;DB,INFO;NBA,INFO;SYSTEM,DEBUG;VALIDATION,INFO;VISUALFORCE,INFO;WAVE,INFO;WORKFLOW,INFO
16:51:01.0 (306516)|USER_INFO|[EXTERNAL]|0052t000000K4aE|rmdsupport1@timesgroup.com|(GMT+05:30) India Standard Time (Asia/Kolkata)|GMT+05:30
16:51:01.0 (399207)|EXECUTION_STARTED
16:51:01.0 (424338)|CODE_UNIT_STARTED|[EXTERNAL]|01p2t000000KTG6|RMDBatchSubscriptionLeadConvert
16:51:01.0 (3254790)|HEAP_ALLOCATE|[EXTERNAL]|Bytes:4
16:51:01.0 (4075295)|HEAP_ALLOCATE|[95]|Bytes:3
16:51:01.0 (4158257)|HEAP_ALLOCATE|[100]|Bytes:152
16:51:01.0 (4184758)|HEAP_ALLOCATE|[417]|Bytes:408
16:51:01.0 (4208959)|HEAP_ALLOCATE|[430]|Bytes:408
16:51:01.0 (4244329)|HEAP_ALLOCATE|[317]|Bytes:6
16:51:01.0 (4282670)|HEAP_ALLOCATE|[EXTERNAL]|Bytes:11
16:51:01.0 (4296800)|SYSTEM_METHOD_ENTRY|[15]|BatchableContextImpl.BatchableContextImpl()
16:51:01.0 (4301699)|STATEMENT_EXECUTE|[15]
16:51:01.0 (4310170)|SYSTEM_METHOD_EXIT|[15]|BatchableContextImpl
16:51:01.0 (4316330)|HEAP_ALLOCATE|[EXTERNAL]|Bytes:12
16:51:01.0 (4320611)|HEAP_ALLOCATE|[EXTERNAL]|Bytes:4
16:51:01.0 (4325980)|VARIABLE_SCOPE_BEGIN|[31]|this|Database.BatchableContextImpl|true|false
16:51:01.0 (4382101)|VARIABLE_ASSIGNMENT|[31]|this|{}|0x1bdea326
16:51:01.0 (4389002)|VARIABLE_SCOPE_BEGIN|[31]|jobId|Id|false|false
16:51:01.0 (4480123)|VARIABLE_ASSIGNMENT|[31]|jobId|"707e200000ogG5VAAU"
16:51:01.0 (4485934)|VARIABLE_SCOPE_BEGIN|[31]|childJobId|Id|false|false
16:51:01.0 (4495094)|VARIABLE_ASSIGNMENT|[31]|childJobId|null
16:51:01.0 (30941904)|HEAP_ALLOCATE|[EXTERNAL]|Bytes:29
16:51:01.0 (30961964)|HEAP_ALLOCATE|[EXTERNAL]|Bytes:81
16:51:01.0 (30966444)|HEAP_ALLOCATE|[EXTERNAL]|Bytes:10
16:51:01.0 (30970233)|HEAP_ALLOCATE|[EXTERNAL]|Bytes:8
16:51:01.0 (30986745)|METHOD_ENTRY|[1]|01p2t000000KTG6|RMDBatchSubscriptionLeadConvert.RMDBatchSubscriptionLeadConvert()
16:51:01.0 (30994114)|STATEMENT_EXECUTE|[1]
16:51:01.0 (30999865)|STATEMENT_EXECUTE|[1]
16:51:01.0 (31036206)|HEAP_ALLOCATE|[68]|Bytes:5
16:51:01.0 (31076576)|HEAP_ALLOCATE|[74]|Bytes:5
16:51:01.0 (31087466)|HEAP_ALLOCATE|[82]|Bytes:7
16:51:01.0 (31313241)|HEAP_ALLOCATE|[EXTERNAL]|Bytes:5
16:51:01.0 (31321651)|STATEMENT_EXECUTE|[2]
16:51:01.0 (31331871)|METHOD_EXIT|[1]|RMDBatchSubscriptionLeadConvert
16:51:01.0 (31339871)|HEAP_ALLOCATE|[EXTERNAL]|Bytes:4
16:51:01.0 (31344461)|HEAP_ALLOCATE|[EXTERNAL]|Bytes:12
16:51:01.0 (31352281)|VARIABLE_SCOPE_BEGIN|[44]|this|RMDBatchSubscriptionLeadConvert|true|false
16:51:01.0 (31385282)|VARIABLE_ASSIGNMENT|[44]|this|{}|0x48949357
16:51:01.0 (31391602)|VARIABLE_SCOPE_BEGIN|[44]|BC|Database.BatchableContext|true|false
16:51:01.0 (31473273)|VARIABLE_ASSIGNMENT|[44]|BC|{"jobId":"707e200000ogG5VAAU"}|0x1bdea326
16:51:01.0 (31487814)|HEAP_ALLOCATE|[EXTERNAL]|Bytes:5
16:51:01.0 (31526534)|STATEMENT_EXECUTE|[44]
16:51:01.68 (68892246)|CUMULATIVE_LIMIT_USAGE
16:51:01.68 (68892246)|LIMIT_USAGE_FOR_NS|(default)|
  Number of SOQL queries: 0 out of 200
  Number of query rows: 0 out of 50000
  Number of SOSL queries: 0 out of 20
  Number of DML statements: 0 out of 150
  Number of Publish Immediate DML: 0 out of 150
  Number of DML rows: 0 out of 10000
  Maximum CPU time: 0 out of 60000
  Maximum heap size: 0 out of 12000000
  Number of callouts: 0 out of 0
  Number of Email Invocations: 0 out of 10
  Number of future calls: 0 out of 0
  Number of queueable jobs added to the queue: 0 out of 1
  Number of Mobile Apex push calls: 0 out of 10

16:51:01.68 (68892246)|CUMULATIVE_LIMIT_USAGE_END

16:51:01.0 (68938257)|CODE_UNIT_FINISHED|RMDBatchSubscriptionLeadConvert
16:51:01.0 (68965238)|EXECUTION_FINISHED
