65.0 APEX_CODE,FINEST;APEX_PROFILING,INFO;CALLOUT,INFO;DATA_ACCESS,INFO;DB,INFO;NBA,INFO;SYSTEM,DEBUG;VALIDATION,INFO;VISUALFORCE,INFO;WAVE,INFO;WORKFLOW,INFO
17:36:19.0 (332008)|USER_INFO|[EXTERNAL]|0052t000000K4aE|rmdsupport1@timesgroup.com|(GMT+05:30) India Standard Time (Asia/Kolkata)|GMT+05:30
17:36:19.0 (397989)|EXECUTION_STARTED
17:36:19.0 (434971)|CODE_UNIT_STARTED|[EXTERNAL]|01p2t000000KTG6|RMDBatchSubscriptionLeadConvert
17:36:19.0 (2750710)|HEAP_ALLOCATE|[EXTERNAL]|Bytes:4
17:36:19.0 (3755066)|HEAP_ALLOCATE|[95]|Bytes:3
17:36:19.0 (3840988)|HEAP_ALLOCATE|[100]|Bytes:152
17:36:19.0 (3864569)|HEAP_ALLOCATE|[417]|Bytes:408
17:36:19.0 (3883839)|HEAP_ALLOCATE|[430]|Bytes:408
17:36:19.0 (3921180)|HEAP_ALLOCATE|[317]|Bytes:6
17:36:19.0 (3963801)|HEAP_ALLOCATE|[EXTERNAL]|Bytes:11
17:36:19.0 (4001452)|SYSTEM_METHOD_ENTRY|[15]|BatchableContextImpl.BatchableContextImpl()
17:36:19.0 (4022913)|STATEMENT_EXECUTE|[15]
17:36:19.0 (4051313)|SYSTEM_METHOD_EXIT|[15]|BatchableContextImpl
17:36:19.0 (4060834)|HEAP_ALLOCATE|[EXTERNAL]|Bytes:12
17:36:19.0 (4066854)|HEAP_ALLOCATE|[EXTERNAL]|Bytes:4
17:36:19.0 (4099075)|VARIABLE_SCOPE_BEGIN|[31]|this|Database.BatchableContextImpl|true|false
17:36:19.0 (4277869)|VARIABLE_ASSIGNMENT|[31]|this|{}|0x63a227f3
17:36:19.0 (4288129)|VARIABLE_SCOPE_BEGIN|[31]|jobId|Id|false|false
17:36:19.0 (4396892)|VARIABLE_ASSIGNMENT|[31]|jobId|"707e200000ogHGgAAM"
17:36:19.0 (4402362)|VARIABLE_SCOPE_BEGIN|[31]|childJobId|Id|false|false
17:36:19.0 (4411752)|VARIABLE_ASSIGNMENT|[31]|childJobId|null
17:36:19.0 (28774427)|HEAP_ALLOCATE|[EXTERNAL]|Bytes:29
17:36:19.0 (28792557)|HEAP_ALLOCATE|[EXTERNAL]|Bytes:81
17:36:19.0 (28796898)|HEAP_ALLOCATE|[EXTERNAL]|Bytes:10
17:36:19.0 (28800267)|HEAP_ALLOCATE|[EXTERNAL]|Bytes:8
17:36:19.0 (28814518)|METHOD_ENTRY|[1]|01p2t000000KTG6|RMDBatchSubscriptionLeadConvert.RMDBatchSubscriptionLeadConvert()
17:36:19.0 (28820438)|STATEMENT_EXECUTE|[1]
17:36:19.0 (28826108)|STATEMENT_EXECUTE|[1]
17:36:19.0 (28846769)|HEAP_ALLOCATE|[68]|Bytes:5
17:36:19.0 (28871060)|HEAP_ALLOCATE|[74]|Bytes:5
17:36:19.0 (28879999)|HEAP_ALLOCATE|[82]|Bytes:7
17:36:19.0 (29022384)|HEAP_ALLOCATE|[EXTERNAL]|Bytes:5
17:36:19.0 (29029094)|STATEMENT_EXECUTE|[2]
17:36:19.0 (29047764)|METHOD_EXIT|[1]|RMDBatchSubscriptionLeadConvert
17:36:19.0 (29053194)|HEAP_ALLOCATE|[EXTERNAL]|Bytes:4
17:36:19.0 (29057634)|HEAP_ALLOCATE|[EXTERNAL]|Bytes:12
17:36:19.0 (29102405)|VARIABLE_SCOPE_BEGIN|[44]|this|RMDBatchSubscriptionLeadConvert|true|false
17:36:19.0 (29156697)|VARIABLE_ASSIGNMENT|[44]|this|{}|0xb52ef83
17:36:19.0 (29164397)|VARIABLE_SCOPE_BEGIN|[44]|BC|Database.BatchableContext|true|false
17:36:19.0 (29256840)|VARIABLE_ASSIGNMENT|[44]|BC|{"jobId":"707e200000ogHGgAAM"}|0x63a227f3
17:36:19.0 (29270449)|HEAP_ALLOCATE|[EXTERNAL]|Bytes:5
17:36:19.0 (29275360)|STATEMENT_EXECUTE|[44]
17:36:19.66 (66254078)|CUMULATIVE_LIMIT_USAGE
17:36:19.66 (66254078)|LIMIT_USAGE_FOR_NS|(default)|
  Number of SOQL queries: 0 out of 200
  Number of query rows: 0 out of 50000
  Number of SOSL queries: 0 out of 20
  Number of DML statements: 0 out of 150
  Number of Publish Immediate DML: 0 out of 150
  Number of DML rows: 0 out of 10000
  Maximum CPU time: 0 out of 60000
  Maximum heap size: 0 out of 12000000
  Number of callouts: 0 out of 0
  Number of Email Invocations: 0 out of 10
  Number of future calls: 0 out of 0
  Number of queueable jobs added to the queue: 0 out of 1
  Number of Mobile Apex push calls: 0 out of 10

17:36:19.66 (66254078)|CUMULATIVE_LIMIT_USAGE_END

17:36:19.0 (66332771)|CODE_UNIT_FINISHED|RMDBatchSubscriptionLeadConvert
17:36:19.0 (66358181)|EXECUTION_FINISHED
