65.0 APEX_CODE,FINEST;APEX_PROFILING,INFO;CALLOUT,INFO;DATA_ACCESS,INFO;DB,INFO;NBA,INFO;SYSTEM,DEBUG;VALIDATION,INFO;VISUALFORCE,INFO;WAVE,INFO;WORKFLOW,INFO
16:16:33.0 (321088)|USER_INFO|[EXTERNAL]|0052t000000K4aE|rmdsupport1@timesgroup.com|(GMT+05:30) India Standard Time (Asia/Kolkata)|GMT+05:30
16:16:33.0 (430681)|EXECUTION_STARTED
16:16:33.0 (480473)|CODE_UNIT_STARTED|[EXTERNAL]|01p2t000000KTG6|RMDBatchSubscriptionLeadConvert
16:16:33.0 (3921804)|HEAP_ALLOCATE|[EXTERNAL]|Bytes:4
16:16:33.0 (4992212)|HEAP_ALLOCATE|[95]|Bytes:3
16:16:33.0 (5065504)|HEAP_ALLOCATE|[100]|Bytes:152
16:16:33.0 (5085825)|HEAP_ALLOCATE|[417]|Bytes:408
16:16:33.0 (5102485)|HEAP_ALLOCATE|[430]|Bytes:408
16:16:33.0 (5133266)|HEAP_ALLOCATE|[317]|Bytes:6
16:16:33.0 (5177097)|HEAP_ALLOCATE|[EXTERNAL]|Bytes:11
16:16:33.0 (5211468)|SYSTEM_METHOD_ENTRY|[15]|BatchableContextImpl.BatchableContextImpl()
16:16:33.0 (5226349)|STATEMENT_EXECUTE|[15]
16:16:33.0 (5251409)|SYSTEM_METHOD_EXIT|[15]|BatchableContextImpl
16:16:33.0 (5258990)|HEAP_ALLOCATE|[EXTERNAL]|Bytes:12
16:16:33.0 (5263500)|HEAP_ALLOCATE|[EXTERNAL]|Bytes:4
16:16:33.0 (5284660)|VARIABLE_SCOPE_BEGIN|[31]|this|Database.BatchableContextImpl|true|false
16:16:33.0 (5438514)|VARIABLE_ASSIGNMENT|[31]|this|{}|0x7baba071
16:16:33.0 (5445395)|VARIABLE_SCOPE_BEGIN|[31]|jobId|Id|false|false
16:16:33.0 (5578868)|VARIABLE_ASSIGNMENT|[31]|jobId|"707e200000ofkNYAAY"
16:16:33.0 (5585088)|VARIABLE_SCOPE_BEGIN|[31]|childJobId|Id|false|false
16:16:33.0 (5594688)|VARIABLE_ASSIGNMENT|[31]|childJobId|null
16:16:33.0 (24980084)|HEAP_ALLOCATE|[EXTERNAL]|Bytes:29
16:16:33.0 (24998505)|HEAP_ALLOCATE|[EXTERNAL]|Bytes:81
16:16:33.0 (25003695)|HEAP_ALLOCATE|[EXTERNAL]|Bytes:10
16:16:33.0 (25007585)|HEAP_ALLOCATE|[EXTERNAL]|Bytes:8
16:16:33.0 (25023505)|METHOD_ENTRY|[1]|01p2t000000KTG6|RMDBatchSubscriptionLeadConvert.RMDBatchSubscriptionLeadConvert()
16:16:33.0 (25030036)|STATEMENT_EXECUTE|[1]
16:16:33.0 (25036076)|STATEMENT_EXECUTE|[1]
16:16:33.0 (25064197)|HEAP_ALLOCATE|[68]|Bytes:5
16:16:33.0 (25106288)|HEAP_ALLOCATE|[74]|Bytes:5
16:16:33.0 (25118928)|HEAP_ALLOCATE|[82]|Bytes:7
16:16:33.0 (25281392)|HEAP_ALLOCATE|[EXTERNAL]|Bytes:5
16:16:33.0 (25289002)|STATEMENT_EXECUTE|[2]
16:16:33.0 (25299573)|METHOD_EXIT|[1]|RMDBatchSubscriptionLeadConvert
16:16:33.0 (25306813)|HEAP_ALLOCATE|[EXTERNAL]|Bytes:4
16:16:33.0 (25310913)|HEAP_ALLOCATE|[EXTERNAL]|Bytes:12
16:16:33.0 (25328094)|VARIABLE_SCOPE_BEGIN|[44]|this|RMDBatchSubscriptionLeadConvert|true|false
16:16:33.0 (25401285)|VARIABLE_ASSIGNMENT|[44]|this|{}|0x3d163a6d
16:16:33.0 (25407746)|VARIABLE_SCOPE_BEGIN|[44]|BC|Database.BatchableContext|true|false
16:16:33.0 (25483248)|VARIABLE_ASSIGNMENT|[44]|BC|{"jobId":"707e200000ofkNYAAY"}|0x7baba071
16:16:33.0 (25498168)|HEAP_ALLOCATE|[EXTERNAL]|Bytes:5
16:16:33.0 (25502918)|STATEMENT_EXECUTE|[44]
16:16:33.55 (55068035)|CUMULATIVE_LIMIT_USAGE
16:16:33.55 (55068035)|LIMIT_USAGE_FOR_NS|(default)|
  Number of SOQL queries: 0 out of 200
  Number of query rows: 0 out of 50000
  Number of SOSL queries: 0 out of 20
  Number of DML statements: 0 out of 150
  Number of Publish Immediate DML: 0 out of 150
  Number of DML rows: 0 out of 10000
  Maximum CPU time: 0 out of 60000
  Maximum heap size: 0 out of 12000000
  Number of callouts: 0 out of 0
  Number of Email Invocations: 0 out of 10
  Number of future calls: 0 out of 0
  Number of queueable jobs added to the queue: 0 out of 1
  Number of Mobile Apex push calls: 0 out of 10

16:16:33.55 (55068035)|CUMULATIVE_LIMIT_USAGE_END

16:16:33.0 (55140477)|CODE_UNIT_FINISHED|RMDBatchSubscriptionLeadConvert
16:16:33.0 (55173997)|EXECUTION_FINISHED
