66.0 APEX_CODE,FINEST;APEX_PROFILING,INFO;CALLOUT,INFO;DATA_ACCESS,INFO;DB,INFO;NBA,INFO;SYSTEM,DEBUG;VALIDATION,INFO;VISUALFORCE,INFO;WAVE,INFO;WORKFLOW,INFO
16:41:37.0 (307868)|USER_INFO|[EXTERNAL]|0052t000000K4aE|rmdsupport1@timesgroup.com|(GMT+05:30) India Standard Time (Asia/Kolkata)|GMT+05:30
16:41:37.0 (1724374)|FLOW_CREATE_INTERVIEW_BEGIN|00D7F000005Cdii|3002t0000004QPx|301Ie000000gAAo
16:41:37.0 (1818386)|FLOW_CREATE_INTERVIEW_END|49460df3f71ee95a2f0550e2dfec19d9b0de3b2-2539|Send Whatsapp Message On Order Confirmed
16:41:37.2 (2297768)|USER_INFO|[EXTERNAL]|0052t000000K4aE|rmdsupport1@timesgroup.com|(GMT+05:30) India Standard Time (Asia/Kolkata)|GMT+05:30
16:41:37.2 (2326899)|FLOW_START_INTERVIEWS_BEGIN|1
16:41:37.2 (2367840)|FLOW_START_INTERVIEW_BEGIN|49460df3f71ee95a2f0550e2dfec19d9b0de3b2-2539|Send Whatsapp Message On Order Confirmed
16:41:37.2 (2582425)|FLOW_START_INTERVIEW_END|49460df3f71ee95a2f0550e2dfec19d9b0de3b2-2539|Send Whatsapp Message On Order Confirmed
16:41:37.44 (44921581)|CODE_UNIT_STARTED|[EXTERNAL]|01p2t000002TDko|OrderCofirmationEmailLink.sendEmailLinkConfirmOrder(List<Id>)
16:41:37.44 (45005033)|HEAP_ALLOCATE|[EXTERNAL]|Bytes:8
16:41:37.44 (45332761)|HEAP_ALLOCATE|[95]|Bytes:3
16:41:37.44 (45398073)|HEAP_ALLOCATE|[100]|Bytes:152
16:41:37.44 (45415243)|HEAP_ALLOCATE|[417]|Bytes:408
16:41:37.44 (45429194)|HEAP_ALLOCATE|[430]|Bytes:408
16:41:37.44 (45452694)|HEAP_ALLOCATE|[317]|Bytes:6
16:41:37.44 (45466895)|HEAP_ALLOCATE|[EXTERNAL]|Bytes:69
16:41:37.44 (45472495)|HEAP_ALLOCATE|[EXTERNAL]|Bytes:7
16:41:37.44 (45476625)|HEAP_ALLOCATE|[EXTERNAL]|Bytes:24
16:41:37.44 (45511386)|METHOD_ENTRY|[1]|01p2t000002TDko|OrderCofirmationEmailLink.OrderCofirmationEmailLink()
16:41:37.44 (45526706)|STATEMENT_EXECUTE|[1]
16:41:37.44 (45539296)|STATEMENT_EXECUTE|[1]
16:41:37.44 (45541817)|STATEMENT_EXECUTE|[95]
16:41:37.44 (45543817)|STATEMENT_EXECUTE|[99]
16:41:37.44 (45545807)|STATEMENT_EXECUTE|[105]
16:41:37.44 (45548037)|STATEMENT_EXECUTE|[111]
16:41:37.44 (45550057)|STATEMENT_EXECUTE|[121]
16:41:37.44 (45552277)|STATEMENT_EXECUTE|[131]
16:41:37.44 (45565427)|METHOD_EXIT|[1]|OrderCofirmationEmailLink
16:41:37.44 (45606258)|HEAP_ALLOCATE|[EXTERNAL]|Bytes:8
16:41:37.44 (45645199)|VARIABLE_SCOPE_BEGIN|[4]|accIds|List<Id>|true|false
16:41:37.44 (45727741)|VARIABLE_ASSIGNMENT|[4]|accIds|["001Ie000002Rg8kIAC"]|0x56bb551c
16:41:37.44 (45738222)|STATEMENT_EXECUTE|[4]
16:41:37.44 (45740582)|STATEMENT_EXECUTE|[5]
16:41:37.44 (45744372)|HEAP_ALLOCATE|[5]|Bytes:37
16:41:37.44 (45822504)|HEAP_ALLOCATE|[5]|Bytes:20
16:41:37.44 (45847864)|HEAP_ALLOCATE|[5]|Bytes:57
16:41:37.44 (45872015)|HEAP_ALLOCATE|[68]|Bytes:5
16:41:37.44 (45901246)|HEAP_ALLOCATE|[74]|Bytes:5
16:41:37.44 (45910996)|HEAP_ALLOCATE|[82]|Bytes:7
16:41:37.44 (45946857)|USER_DEBUG|[5]|DEBUG|---accIds-Rahul--InvocableMethod-@@@-(001Ie000002Rg8kIAC)
16:41:37.44 (45958867)|STATEMENT_EXECUTE|[6]
16:41:37.44 (45962037)|HEAP_ALLOCATE|[6]|Bytes:182
16:41:37.44 (45978248)|HEAP_ALLOCATE|[6]|Bytes:4
16:41:37.44 (46002748)|HEAP_ALLOCATE|[6]|Bytes:7
16:41:37.44 (47257960)|SOQL_EXECUTE_BEGIN|[6]|Aggregations:0|SELECT id, Name, RMD_Opt_In__c, RMD_SMS_Mobile__c, Email_Verification_Link__c FROM Account WHERE (Id IN :tmpVar1 AND Email_Verification_Link__c != NULL AND Email_Verified__c = FALSE)
16:41:37.44 (57391898)|SOQL_EXECUTE_END|[6]|Rows:0
16:41:37.44 (57433249)|HEAP_ALLOCATE|[6]|Bytes:4
16:41:37.44 (57456290)|HEAP_ALLOCATE|[6]|Bytes:0
16:41:37.44 (57583493)|HEAP_ALLOCATE|[6]|Bytes:4
16:41:37.44 (57616814)|HEAP_ALLOCATE|[6]|Bytes:33
16:41:37.44 (57891941)|HEAP_ALLOCATE|[6]|Bytes:46
16:41:37.44 (58037204)|FATAL_ERROR|System.QueryException: List has no rows for assignment to SObject

Class.OrderCofirmationEmailLink.sendEmailLinkConfirmOrder: line 6, column 1
16:41:37.44 (58057015)|FATAL_ERROR|System.QueryException: List has no rows for assignment to SObject

Class.OrderCofirmationEmailLink.sendEmailLinkConfirmOrder: line 6, column 1
16:41:37.58 (58092946)|CUMULATIVE_LIMIT_USAGE
16:41:37.58 (58092946)|LIMIT_USAGE_FOR_NS|(default)|
  Number of SOQL queries: 1 out of 200
  Number of query rows: 0 out of 50000
  Number of SOSL queries: 0 out of 20
  Number of DML statements: 0 out of 150
  Number of Publish Immediate DML: 0 out of 150
  Number of DML rows: 0 out of 10000
  Maximum CPU time: 10 out of 60000
  Maximum heap size: 0 out of 12000000
  Number of callouts: 0 out of 100
  Number of Email Invocations: 0 out of 10
  Number of future calls: 0 out of 50
  Number of queueable jobs added to the queue: 0 out of 50
  Number of Mobile Apex push calls: 0 out of 10

16:41:37.58 (58092946)|CUMULATIVE_LIMIT_USAGE_END

16:41:37.44 (58180788)|CODE_UNIT_FINISHED|OrderCofirmationEmailLink.sendEmailLinkConfirmOrder(List<Id>)
16:41:37.2 (227170230)|FLOW_ELEMENT_ERROR|An Apex error occurred: System.QueryException: List has no rows for assignment to SObject
|FlowActionCall|Send_Whatsapp_Message_On_Order_Confirm
16:41:37.2 (227493258)|FLOW_START_INTERVIEWS_END|1
