60.0 APEX_CODE,FINEST;APEX_PROFILING,INFO;CALLOUT,INFO;DATA_ACCESS,INFO;DB,INFO;NBA,INFO;SYSTEM,DEBUG;VALIDATION,INFO;VISUALFORCE,INFO;WAVE,INFO;WORKFLOW,INFO
10:31:53.0 (275428)|USER_INFO|[EXTERNAL]|0052t000000K4aE|rmdsupport1@timesgroup.com|(GMT+05:30) India Standard Time (Asia/Kolkata)|GMT+05:30
10:31:53.0 (375620)|EXECUTION_STARTED
10:31:53.0 (408581)|CODE_UNIT_STARTED|[EXTERNAL]|01p2t000002THB9|RMDBatchOrderModifySyncToSAP
10:31:53.0 (4466286)|HEAP_ALLOCATE|[95]|Bytes:3
10:31:53.0 (4568359)|HEAP_ALLOCATE|[100]|Bytes:152
10:31:53.0 (4593630)|HEAP_ALLOCATE|[417]|Bytes:408
10:31:53.0 (4611671)|HEAP_ALLOCATE|[430]|Bytes:408
10:31:53.0 (4637111)|HEAP_ALLOCATE|[317]|Bytes:6
10:31:53.0 (7579367)|HEAP_ALLOCATE|[EXTERNAL]|Bytes:34
10:31:53.0 (14149576)|HEAP_ALLOCATE|[EXTERNAL]|Bytes:11
10:31:53.0 (14193088)|SYSTEM_METHOD_ENTRY|[15]|BatchableContextImpl.BatchableContextImpl()
10:31:53.0 (14211858)|STATEMENT_EXECUTE|[15]
10:31:53.0 (14233440)|SYSTEM_METHOD_EXIT|[15]|BatchableContextImpl
10:31:53.0 (14240179)|HEAP_ALLOCATE|[EXTERNAL]|Bytes:12
10:31:53.0 (14245189)|HEAP_ALLOCATE|[EXTERNAL]|Bytes:4
10:31:53.0 (14248649)|HEAP_ALLOCATE|[EXTERNAL]|Bytes:4
10:31:53.0 (14268801)|VARIABLE_SCOPE_BEGIN|[31]|this|Database.BatchableContextImpl|true|false
10:31:53.0 (14384953)|VARIABLE_ASSIGNMENT|[31]|this|{}|0x1984c5c3
10:31:53.0 (14390564)|VARIABLE_SCOPE_BEGIN|[31]|jobId|Id|false|false
10:31:53.0 (14480435)|VARIABLE_ASSIGNMENT|[31]|jobId|"707e200000pO9SeAAK"
10:31:53.0 (14485855)|VARIABLE_SCOPE_BEGIN|[31]|childJobId|Id|false|false
10:31:53.0 (14500247)|VARIABLE_ASSIGNMENT|[31]|childJobId|"707e200000pO1QZAA0"
10:31:53.0 (70553856)|HEAP_ALLOCATE|[EXTERNAL]|Bytes:8
10:32:00.803 (7803942811)|HEAP_ALLOCATE|[EXTERNAL]|Bytes:8
10:32:08.273 (15273647796)|HEAP_ALLOCATE|[EXTERNAL]|Bytes:8
10:32:15.668 (22668932169)|HEAP_ALLOCATE|[EXTERNAL]|Bytes:8
10:32:23.155 (30155215572)|HEAP_ALLOCATE|[EXTERNAL]|Bytes:8
10:32:30.555 (37555222648)|HEAP_ALLOCATE|[EXTERNAL]|Bytes:8
10:32:37.935 (44935760789)|HEAP_ALLOCATE|[EXTERNAL]|Bytes:8
10:32:45.389 (52389608856)|HEAP_ALLOCATE|[EXTERNAL]|Bytes:8
10:32:52.651 (59651118169)|HEAP_ALLOCATE|[EXTERNAL]|Bytes:8
10:33:00.135 (67135944041)|HEAP_ALLOCATE|[EXTERNAL]|Bytes:8
10:33:07.551 (74551956121)|HEAP_ALLOCATE|[EXTERNAL]|Bytes:8
10:33:14.991 (81991540592)|HEAP_ALLOCATE|[EXTERNAL]|Bytes:8
10:33:22.656 (89656778073)|HEAP_ALLOCATE|[EXTERNAL]|Bytes:8
10:33:29.707 (96707373394)|HEAP_ALLOCATE|[EXTERNAL]|Bytes:8
10:33:36.897 (103897134686)|HEAP_ALLOCATE|[EXTERNAL]|Bytes:8
10:33:43.850 (110850507394)|HEAP_ALLOCATE|[EXTERNAL]|Bytes:8
10:33:50.763 (117763683253)|HEAP_ALLOCATE|[EXTERNAL]|Bytes:8
10:33:57.777 (124777911446)|HEAP_ALLOCATE|[EXTERNAL]|Bytes:8
10:34:04.803 (131803092635)|HEAP_ALLOCATE|[EXTERNAL]|Bytes:8
10:34:11.815 (138815142911)|HEAP_ALLOCATE|[EXTERNAL]|Bytes:8
10:34:18.716 (145716572835)|HEAP_ALLOCATE|[EXTERNAL]|Bytes:8
10:34:25.738 (152738984732)|HEAP_ALLOCATE|[EXTERNAL]|Bytes:8
10:34:32.806 (159806727689)|HEAP_ALLOCATE|[EXTERNAL]|Bytes:8
10:34:39.730 (166730073841)|HEAP_ALLOCATE|[EXTERNAL]|Bytes:8
10:34:46.649 (173649973784)|HEAP_ALLOCATE|[EXTERNAL]|Bytes:8
10:34:53.562 (180562881708)|CUMULATIVE_LIMIT_USAGE
10:34:53.562 (180562881708)|LIMIT_USAGE_FOR_NS|(default)|
  Number of SOQL queries: 0 out of 200
  Number of query rows: 0 out of 50000
  Number of SOSL queries: 0 out of 20
  Number of DML statements: 0 out of 150
  Number of Publish Immediate DML: 0 out of 150
  Number of DML rows: 0 out of 10000
  Maximum CPU time: 0 out of 60000
  Maximum heap size: 0 out of 12000000
  Number of callouts: 0 out of 0
  Number of Email Invocations: 0 out of 10
  Number of future calls: 0 out of 0
  Number of queueable jobs added to the queue: 0 out of 1
  Number of Mobile Apex push calls: 0 out of 10

10:34:53.562 (180562881708)|CUMULATIVE_LIMIT_USAGE_END

10:34:53.563 (180563034072)|CODE_UNIT_FINISHED|RMDBatchOrderModifySyncToSAP
10:34:53.563 (180563095262)|EXECUTION_FINISHED
