66.0 APEX_CODE,FINEST;APEX_PROFILING,INFO;CALLOUT,INFO;DATA_ACCESS,INFO;DB,INFO;NBA,INFO;SYSTEM,DEBUG;VALIDATION,INFO;VISUALFORCE,INFO;WAVE,INFO;WORKFLOW,INFO
12:07:39.0 (174293)|USER_INFO|[EXTERNAL]|0052t000000K4aE|rmdsupport1@timesgroup.com|(GMT+05:30) India Standard Time (Asia/Kolkata)|GMT+05:30
12:07:39.0 (306026)|EXECUTION_STARTED
12:07:39.0 (317556)|CODE_UNIT_STARTED|[EXTERNAL]|apex://ReaderInsightFormController/ACTION$getquestions
12:07:39.0 (1845498)|CODE_UNIT_STARTED|[EXTERNAL]|01p2t000000Ta9s|ReaderInsightFormController.getquestions(String)
12:07:39.0 (2390241)|HEAP_ALLOCATE|[95]|Bytes:3
12:07:39.0 (2470042)|HEAP_ALLOCATE|[100]|Bytes:152
12:07:39.0 (2487433)|HEAP_ALLOCATE|[417]|Bytes:408
12:07:39.0 (2501833)|HEAP_ALLOCATE|[430]|Bytes:408
12:07:39.0 (2527713)|HEAP_ALLOCATE|[317]|Bytes:6
12:07:39.0 (2543454)|HEAP_ALLOCATE|[EXTERNAL]|Bytes:22
12:07:39.0 (2548474)|HEAP_ALLOCATE|[EXTERNAL]|Bytes:6
12:07:39.0 (2551744)|HEAP_ALLOCATE|[EXTERNAL]|Bytes:35
12:07:39.0 (2565314)|METHOD_ENTRY|[1]|01p2t000000Ta9s|ReaderInsightFormController.ReaderInsightFormController()
12:07:39.0 (2570674)|STATEMENT_EXECUTE|[1]
12:07:39.0 (2576534)|STATEMENT_EXECUTE|[1]
12:07:39.0 (2578615)|STATEMENT_EXECUTE|[2]
12:07:39.0 (2580595)|STATEMENT_EXECUTE|[11]
12:07:39.0 (2586395)|METHOD_EXIT|[1]|ReaderInsightFormController
12:07:39.0 (2591275)|HEAP_ALLOCATE|[EXTERNAL]|Bytes:18
12:07:39.0 (2599495)|VARIABLE_SCOPE_BEGIN|[18]|recId|String|false|false
12:07:39.0 (2639296)|VARIABLE_ASSIGNMENT|[18]|recId|"001e200000JwvKqAAJ"
12:07:39.0 (2648766)|STATEMENT_EXECUTE|[18]
12:07:39.0 (2651036)|STATEMENT_EXECUTE|[19]
12:07:39.0 (2665006)|HEAP_ALLOCATE|[19]|Bytes:4
12:07:39.0 (2705367)|VARIABLE_SCOPE_BEGIN|[19]|plValues|List<String>|true|false
12:07:39.0 (2741428)|HEAP_ALLOCATE|[EXTERNAL]|Bytes:4
12:07:39.0 (2756908)|VARIABLE_ASSIGNMENT|[19]|plValues|[]|0x3ab415ea
12:07:39.0 (2761858)|STATEMENT_EXECUTE|[20]
12:07:39.0 (2901811)|HEAP_ALLOCATE|[20]|Bytes:4
12:07:39.0 (2956412)|VARIABLE_SCOPE_BEGIN|[20]|answReaderlist|List<Reader_Insight__c>|true|false
12:07:39.0 (2964353)|HEAP_ALLOCATE|[EXTERNAL]|Bytes:4
12:07:39.0 (2972843)|VARIABLE_ASSIGNMENT|[20]|answReaderlist|[]|0x53d1622d
12:07:39.0 (2977353)|STATEMENT_EXECUTE|[21]
12:07:39.0 (2980553)|HEAP_ALLOCATE|[21]|Bytes:17
12:07:39.0 (3003063)|HEAP_ALLOCATE|[68]|Bytes:5
12:07:39.0 (3030824)|HEAP_ALLOCATE|[74]|Bytes:5
12:07:39.0 (3040534)|HEAP_ALLOCATE|[82]|Bytes:7
12:07:39.0 (3445353)|HEAP_ALLOCATE|[21]|Bytes:4
12:07:39.0 (3661467)|HEAP_ALLOCATE|[21]|Bytes:16
12:07:39.0 (3671747)|HEAP_ALLOCATE|[21]|Bytes:8
12:07:39.0 (3725359)|HEAP_ALLOCATE|[21]|Bytes:4
12:07:39.0 (3731800)|VARIABLE_SCOPE_BEGIN|[21]|devRecordTypeId|Id|false|false
12:07:39.0 (3934613)|VARIABLE_ASSIGNMENT|[21]|devRecordTypeId|"0122t0000004J8FAAU"
12:07:39.0 (3940503)|STATEMENT_EXECUTE|[22]
12:07:39.0 (3995354)|HEAP_ALLOCATE|[22]|Bytes:4
12:07:39.0 (4077516)|HEAP_ALLOCATE|[22]|Bytes:16
12:07:39.0 (4086017)|HEAP_ALLOCATE|[22]|Bytes:6
12:07:39.0 (4108097)|HEAP_ALLOCATE|[22]|Bytes:4
12:07:39.0 (4113618)|VARIABLE_SCOPE_BEGIN|[22]|answTypeId|Id|false|false
12:07:39.0 (4157227)|VARIABLE_ASSIGNMENT|[22]|answTypeId|"0122t0000004J8KAAU"
12:07:39.0 (4163569)|STATEMENT_EXECUTE|[24]
12:07:39.0 (4176748)|HEAP_ALLOCATE|[24]|Bytes:4
12:07:39.0 (4250130)|VARIABLE_SCOPE_BEGIN|[24]|qsids|Set<Id>|true|false
12:07:39.0 (4276411)|VARIABLE_ASSIGNMENT|[24]|qsids|[]|0x3cd68c6c
12:07:39.0 (4281651)|STATEMENT_EXECUTE|[25]
12:07:39.0 (4286011)|VARIABLE_SCOPE_BEGIN|[25]|caseId|Id|false|false
12:07:39.0 (4295741)|VARIABLE_ASSIGNMENT|[25]|caseId|null
12:07:39.0 (4299461)|STATEMENT_EXECUTE|[26]
12:07:39.0 (4301981)|VARIABLE_SCOPE_BEGIN|[26]|LeadId|Id|false|false
12:07:39.0 (4309121)|VARIABLE_ASSIGNMENT|[26]|LeadId|null
12:07:39.0 (4312711)|STATEMENT_EXECUTE|[27]
12:07:39.0 (4315041)|VARIABLE_SCOPE_BEGIN|[27]|oppId|Id|false|false
12:07:39.0 (4321911)|VARIABLE_ASSIGNMENT|[27]|oppId|null
12:07:39.0 (4326382)|STATEMENT_EXECUTE|[28]
12:07:39.0 (4328951)|VARIABLE_SCOPE_BEGIN|[28]|accId|Id|false|false
12:07:39.0 (4335991)|VARIABLE_ASSIGNMENT|[28]|accId|null
12:07:39.0 (4339662)|STATEMENT_EXECUTE|[29]
12:07:39.0 (4342641)|VARIABLE_SCOPE_BEGIN|[29]|Brnachid|Id|false|false
12:07:39.0 (4349311)|VARIABLE_ASSIGNMENT|[29]|Brnachid|null
12:07:39.0 (4352722)|STATEMENT_EXECUTE|[31]
12:07:39.0 (4355703)|HEAP_ALLOCATE|[31]|Bytes:286
12:07:39.0 (4366533)|HEAP_ALLOCATE|[31]|Bytes:4
12:07:39.0 (4376183)|HEAP_ALLOCATE|[31]|Bytes:7
12:07:39.0 (5847914)|SOQL_EXECUTE_BEGIN|[31]|Aggregations:0|SELECT id, Name, RMD_Branch__r.ID, RMD_Branch__r.Reader_Insight_Question_1__c, RMD_Branch__r.Reader_Insight_Question_2__c, RMD_Branch__r.Reader_Insight_Question_3__c, RMD_Branch__r.Reader_Insight_Question_4__c, RMD_Branch__r.Reader_Insight_Question_5__c FROM Account WHERE id = :tmpVar1
12:07:39.0 (13282162)|SOQL_EXECUTE_END|[31]|Rows:1
12:07:39.0 (13308082)|HEAP_ALLOCATE|[31]|Bytes:8
12:07:39.0 (13331713)|HEAP_ALLOCATE|[31]|Bytes:340
12:07:39.0 (13417835)|HEAP_ALLOCATE|[31]|Bytes:8
12:07:39.0 (13437565)|VARIABLE_SCOPE_BEGIN|[31]|acc|List<Account>|true|false
12:07:39.0 (13735581)|VARIABLE_ASSIGNMENT|[31]|acc|[{"Id":"001e200000JwvKqAAJ","RMD_Branch__c":"a0U7F00000BBDuQUAX","RMD_Branch__r":{"Reader_Insight_Question_3__c":"a1J2t000002JSnbEAG","Reader_Insight_Question_2__c":"a1J2t000002JSqKEAW","Id":"a0U7F00000BBDuQUAX","Reader_Insight_Question_4__c":"a1J2t000002JSngEAG","Reader_Insight_Question_1__c":"a1J2t000000nVo6EAE"},"Name":"Pratik Annasaheb Jak (3 more) ..."}]|0x436db454
12:07:39.0 (13746291)|STATEMENT_EXECUTE|[32]
12:07:39.0 (13753662)|HEAP_ALLOCATE|[32]|Bytes:337
12:07:39.0 (13768922)|HEAP_ALLOCATE|[32]|Bytes:4
12:07:39.0 (15025618)|SOQL_EXECUTE_BEGIN|[32]|Aggregations:0|SELECT id, Account.id, Account.RMD_Branch__r.ID, Account.RMD_Branch__r.Reader_Insight_Question_1__c, Account.RMD_Branch__r.Reader_Insight_Question_2__c, Account.RMD_Branch__r.Reader_Insight_Question_3__c, Account.RMD_Branch__r.Reader_Insight_Question_4__c, Account.RMD_Branch__r.Reader_Insight_Question_5__c FROM Case WHERE id = :tmpVar1
12:07:39.0 (18508273)|SOQL_EXECUTE_END|[32]|Rows:0
12:07:39.0 (18529443)|HEAP_ALLOCATE|[32]|Bytes:4
12:07:39.0 (18543834)|HEAP_ALLOCATE|[32]|Bytes:0
12:07:39.0 (18617925)|HEAP_ALLOCATE|[32]|Bytes:4
12:07:39.0 (18633645)|VARIABLE_SCOPE_BEGIN|[32]|casedata|List<Case>|true|false
12:07:39.0 (18654286)|VARIABLE_ASSIGNMENT|[32]|casedata|[]|0x16581142
12:07:39.0 (18660756)|STATEMENT_EXECUTE|[33]
12:07:39.0 (18665576)|HEAP_ALLOCATE|[33]|Bytes:386
12:07:39.0 (18678786)|HEAP_ALLOCATE|[33]|Bytes:4
12:07:39.0 (20043015)|SOQL_EXECUTE_BEGIN|[33]|Aggregations:0|SELECT id, RMD_Account__r.id, RMD_Account__r.RMD_Branch__r.ID, RMD_Account__r.RMD_Branch__r.Reader_Insight_Question_1__c, RMD_Account__r.RMD_Branch__r.Reader_Insight_Question_2__c, RMD_Account__r.RMD_Branch__r.Reader_Insight_Question_3__c, RMD_Account__r.RMD_Branch__r.Reader_Insight_Question_4__c, RMD_Account__r.RMD_Branch__r.Reader_Insight_Question_5__c FROM Lead WHERE id = :tmpVar1
12:07:39.0 (27688637)|SOQL_EXECUTE_END|[33]|Rows:0
12:07:39.0 (27717448)|HEAP_ALLOCATE|[33]|Bytes:4
12:07:39.0 (27737989)|HEAP_ALLOCATE|[33]|Bytes:0
12:07:39.0 (27827140)|HEAP_ALLOCATE|[33]|Bytes:4
12:07:39.0 (27849841)|VARIABLE_SCOPE_BEGIN|[33]|leaddata|List<Lead>|true|false
12:07:39.0 (27872371)|VARIABLE_ASSIGNMENT|[33]|leaddata|[]|0x6c248a76
12:07:39.0 (27878531)|STATEMENT_EXECUTE|[34]
12:07:39.0 (27884482)|HEAP_ALLOCATE|[34]|Bytes:344
12:07:39.0 (27899603)|HEAP_ALLOCATE|[34]|Bytes:4
12:07:39.0 (29373964)|SOQL_EXECUTE_BEGIN|[34]|Aggregations:0|SELECT id, Account.id, Account.RMD_Branch__r.ID, Account.RMD_Branch__r.Reader_Insight_Question_1__c, Account.RMD_Branch__r.Reader_Insight_Question_2__c, Account.RMD_Branch__r.Reader_Insight_Question_3__c, Account.RMD_Branch__r.Reader_Insight_Question_4__c, Account.RMD_Branch__r.Reader_Insight_Question_5__c FROM Opportunity WHERE id = :tmpVar1
12:07:39.0 (33138313)|SOQL_EXECUTE_END|[34]|Rows:0
12:07:39.0 (33159603)|HEAP_ALLOCATE|[34]|Bytes:4
12:07:39.0 (33174914)|HEAP_ALLOCATE|[34]|Bytes:0
12:07:39.0 (33231485)|HEAP_ALLOCATE|[34]|Bytes:4
12:07:39.0 (33248295)|VARIABLE_SCOPE_BEGIN|[34]|opp|List<Opportunity>|true|false
12:07:39.0 (33267576)|VARIABLE_ASSIGNMENT|[34]|opp|[]|0x5362844f
12:07:39.0 (33272766)|STATEMENT_EXECUTE|[35]
12:07:39.0 (33277117)|HEAP_ALLOCATE|[35]|Bytes:3
12:07:39.0 (33395538)|HEAP_ALLOCATE|[35]|Bytes:97
12:07:39.0 (33417560)|HEAP_ALLOCATE|[35]|Bytes:100
12:07:39.0 (33443859)|USER_DEBUG|[35]|DEBUG|acc(Account:{Id=001e200000JwvKqAAJ, Name=Pratik Annasaheb Jakate, RMD_Branch__c=a0U7F00000BBDuQUAX})
12:07:39.0 (33532221)|STATEMENT_EXECUTE|[36]
12:07:39.0 (33561822)|STATEMENT_EXECUTE|[46]
12:07:39.0 (33588252)|STATEMENT_EXECUTE|[56]
12:07:39.0 (33590662)|STATEMENT_EXECUTE|[66]
12:07:39.0 (33594253)|HEAP_ALLOCATE|[66]|Bytes:10
12:07:39.0 (33620754)|HEAP_ALLOCATE|[66]|Bytes:2
12:07:39.0 (33634013)|HEAP_ALLOCATE|[66]|Bytes:12
12:07:39.0 (33643984)|USER_DEBUG|[66]|DEBUG|qsids---->{}
12:07:39.0 (33677934)|STATEMENT_EXECUTE|[67]
12:07:39.0 (33680344)|STATEMENT_EXECUTE|[68]
12:07:39.0 (33703396)|HEAP_ALLOCATE|[68]|Bytes:20
12:07:39.0 (33806698)|HEAP_ALLOCATE|[EXTERNAL]|Bytes:4
12:07:39.0 (33817578)|STATEMENT_EXECUTE|[69]
12:07:39.0 (33823968)|HEAP_ALLOCATE|[69]|Bytes:20
12:07:39.0 (33861708)|HEAP_ALLOCATE|[EXTERNAL]|Bytes:4
12:07:39.0 (33869759)|STATEMENT_EXECUTE|[70]
12:07:39.0 (33875769)|HEAP_ALLOCATE|[70]|Bytes:20
12:07:39.0 (33907700)|HEAP_ALLOCATE|[EXTERNAL]|Bytes:4
12:07:39.0 (33915660)|STATEMENT_EXECUTE|[71]
12:07:39.0 (33921840)|HEAP_ALLOCATE|[71]|Bytes:20
12:07:39.0 (33951501)|HEAP_ALLOCATE|[EXTERNAL]|Bytes:4
12:07:39.0 (33960201)|STATEMENT_EXECUTE|[72]
12:07:39.0 (33965701)|HEAP_ALLOCATE|[72]|Bytes:20
12:07:39.0 (33985402)|HEAP_ALLOCATE|[EXTERNAL]|Bytes:4
12:07:39.0 (33993982)|STATEMENT_EXECUTE|[73]
12:07:39.0 (33998822)|HEAP_ALLOCATE|[73]|Bytes:20
12:07:39.0 (34077704)|VARIABLE_ASSIGNMENT|[73]|accId|"001e200000JwvKqAAJ"
12:07:39.0 (34083814)|STATEMENT_EXECUTE|[74]
12:07:39.0 (34090044)|HEAP_ALLOCATE|[74]|Bytes:20
12:07:39.0 (34137714)|VARIABLE_ASSIGNMENT|[74]|Brnachid|"a0U7F00000BBDuQUAX"
12:07:39.0 (34142594)|STATEMENT_EXECUTE|[75]
12:07:39.0 (34149554)|HEAP_ALLOCATE|[75]|Bytes:20
12:07:39.0 (34179306)|HEAP_ALLOCATE|[75]|Bytes:18
12:07:39.0 (34192756)|HEAP_ALLOCATE|[75]|Bytes:21
12:07:39.0 (34204636)|USER_DEBUG|[75]|DEBUG|acca1J2t000002JSngEAG
12:07:39.0 (34213556)|STATEMENT_EXECUTE|[77]
12:07:39.0 (34222787)|HEAP_ALLOCATE|[77]|Bytes:4
12:07:39.0 (34251127)|VARIABLE_SCOPE_BEGIN|[77]|notqsid|Set<Id>|true|false
12:07:39.0 (34276788)|VARIABLE_ASSIGNMENT|[77]|notqsid|[]|0x3994375b
12:07:39.0 (34282308)|STATEMENT_EXECUTE|[79]
12:07:39.0 (34285228)|STATEMENT_EXECUTE|[80]
12:07:39.0 (34288248)|HEAP_ALLOCATE|[80]|Bytes:180
12:07:39.0 (34298658)|HEAP_ALLOCATE|[80]|Bytes:4
12:07:39.0 (34313439)|HEAP_ALLOCATE|[80]|Bytes:7
12:07:39.0 (34878990)|SOQL_EXECUTE_BEGIN|[80]|Aggregations:0|SELECT ID, Options__c, Reader_Insight_Question__c, Question__c, Answer_Type__c FROM Reader_Insight__c WHERE (RecordTypeId = :tmpVar1 AND Account__c = :tmpVar2 AND Active__c = TRUE)
12:07:39.0 (45465395)|SOQL_EXECUTE_END|[80]|Rows:0
12:07:39.0 (45515786)|HEAP_ALLOCATE|[80]|Bytes:4
12:07:39.0 (45532367)|HEAP_ALLOCATE|[80]|Bytes:0
12:07:39.0 (45580648)|HEAP_ALLOCATE|[80]|Bytes:4
12:07:39.0 (45619088)|VARIABLE_ASSIGNMENT|[80]|answReaderlist|[]|0x6c8846bb
12:07:39.0 (45824983)|HEAP_ALLOCATE|[92]|Bytes:5
12:07:39.0 (45853183)|VARIABLE_ASSIGNMENT|[92]|rinc|null|
12:07:39.0 (45860143)|STATEMENT_EXECUTE|[92]
12:07:39.0 (45863003)|STATEMENT_EXECUTE|[95]
12:07:39.0 (45867464)|HEAP_ALLOCATE|[95]|Bytes:12
12:07:39.0 (45914705)|HEAP_ALLOCATE|[95]|Bytes:2
12:07:39.0 (45931805)|HEAP_ALLOCATE|[95]|Bytes:14
12:07:39.0 (45951795)|USER_DEBUG|[95]|DEBUG|notqsid---->{}
12:07:39.0 (45959646)|STATEMENT_EXECUTE|[96]
12:07:39.0 (45962657)|HEAP_ALLOCATE|[96]|Bytes:142
12:07:39.0 (45977506)|HEAP_ALLOCATE|[96]|Bytes:4
12:07:39.0 (45999756)|HEAP_ALLOCATE|[96]|Bytes:7
12:07:39.0 (46482206)|SOQL_EXECUTE_BEGIN|[96]|Aggregations:0|SELECT ID, Options__c, Question__c, Answer_Type__c FROM Reader_Insight__c WHERE (RecordTypeId = :tmpVar1 AND Id = :tmpVar2 AND Id != :tmpVar3)
12:07:39.0 (53202790)|SOQL_EXECUTE_END|[96]|Rows:4
12:07:39.0 (53232360)|HEAP_ALLOCATE|[96]|Bytes:20
12:07:39.0 (53258971)|HEAP_ALLOCATE|[96]|Bytes:700
12:07:39.0 (53307662)|HEAP_ALLOCATE|[96]|Bytes:20
12:07:39.0 (53328402)|VARIABLE_SCOPE_BEGIN|[96]|Readerlist|List<Reader_Insight__c>|true|false
12:07:39.0 (53470545)|VARIABLE_ASSIGNMENT|[96]|Readerlist|[{"Id":"a1J2t000000nVo6EAE","Options__c":"Yes ; No","Answer_Type__c":"Single","Question__c":"Do you Think your Ne (44 more) ..."},{"Id":"a1J2t000002JSnbEAG","Options__c":"1. 25 years;2. 25-35 (58 more) ...","Answer_Type__c":"Single","Question__c":"Age Group"},{"Id":"a1J2t000002JSngEAG","Options__c":"Male;Female","Answer_Type__c":"Single","Question__c":"Gender"},{"Id":"a1J2t000002JSqKEAW","Options__c":"National;Global/Inte (110 more) ...","Answer_Type__c":"Multi Select","Question__c":"Which Section of The (40 more) ..."}]|0x56eb859
12:07:39.0 (53496746)|STATEMENT_EXECUTE|[99]
12:07:39.0 (53502816)|HEAP_ALLOCATE|[99]|Bytes:204
12:07:39.0 (53519376)|HEAP_ALLOCATE|[99]|Bytes:4
12:07:39.0 (53971846)|SOQL_EXECUTE_BEGIN|[99]|Aggregations:0|SELECT Reader_Insight_Question_1__c, Reader_Insight_Question_2__c, Reader_Insight_Question_3__c, Reader_Insight_Question_4__c, Reader_Insight_Question_5__c FROM RMD_Territory_Master__c WHERE ID = :tmpVar1
12:07:39.0 (57070382)|SOQL_EXECUTE_END|[99]|Rows:1
12:07:39.0 (57097733)|HEAP_ALLOCATE|[99]|Bytes:8
12:07:39.0 (57118042)|HEAP_ALLOCATE|[99]|Bytes:229
12:07:39.0 (57196175)|HEAP_ALLOCATE|[99]|Bytes:8
12:07:39.0 (57216015)|HEAP_ALLOCATE|[99]|Bytes:49
12:07:39.0 (57272306)|HEAP_ALLOCATE|[99]|Bytes:24
12:07:39.0 (57285686)|VARIABLE_SCOPE_BEGIN|[99]|Bccl|RMD_Territory_Master__c|true|false
12:07:39.0 (57400728)|VARIABLE_ASSIGNMENT|[99]|Bccl|{"Reader_Insight_Question_3__c":"a1J2t000002JSnbEAG","Reader_Insight_Question_2__c":"a1J2t000002JSqKEAW","Reader_Insight_Question_4__c":"a1J2t000002JSngEAG","Id":"a0U7F00000BBDuQUAX","Reader_Insight_Question_1__c":"a1J2t000000nVo6EAE"}|0x28a29560
12:07:39.0 (57410048)|STATEMENT_EXECUTE|[100]
12:07:39.0 (57422639)|HEAP_ALLOCATE|[100]|Bytes:4
12:07:39.0 (57463409)|VARIABLE_SCOPE_BEGIN|[100]|RI|List<Reader_Insight__c>|true|false
12:07:39.0 (57472080)|HEAP_ALLOCATE|[EXTERNAL]|Bytes:4
12:07:39.0 (57502901)|VARIABLE_ASSIGNMENT|[100]|RI|[]|0x3c4fbc8a
12:07:39.0 (57548142)|STATEMENT_EXECUTE|[103]
12:07:39.0 (57591543)|HEAP_ALLOCATE|[104]|Bytes:5
12:07:39.0 (57616994)|HEAP_ALLOCATE|[104]|Bytes:20
12:07:39.0 (57626704)|VARIABLE_SCOPE_BEGIN|[104]|Checklist|Reader_Insight__c|true|false
12:07:39.0 (57681395)|VARIABLE_ASSIGNMENT|[104]|Checklist|{"Id":"a1J2t000000nVo6EAE","Options__c":"Yes ; No","Answer_Type__c":"Single","Question__c":"Do you Think your Ne (44 more) ..."}|0x7071793b
12:07:39.0 (57688765)|STATEMENT_EXECUTE|[104]
12:07:39.0 (57785187)|STATEMENT_EXECUTE|[105]
12:07:39.0 (57789687)|STATEMENT_EXECUTE|[106]
12:07:39.0 (57821158)|HEAP_ALLOCATE|[EXTERNAL]|Bytes:4
12:07:39.0 (57834217)|STATEMENT_EXECUTE|[107]
12:07:39.0 (57846388)|VARIABLE_ASSIGNMENT|[104]|Checklist|null|
12:07:39.0 (57892609)|HEAP_ALLOCATE|[110]|Bytes:5
12:07:39.0 (57911270)|HEAP_ALLOCATE|[110]|Bytes:20
12:07:39.0 (57920330)|VARIABLE_SCOPE_BEGIN|[110]|Checklist|Reader_Insight__c|true|false
12:07:39.0 (57970041)|VARIABLE_ASSIGNMENT|[110]|Checklist|{"Id":"a1J2t000000nVo6EAE","Options__c":"Yes ; No","Answer_Type__c":"Single","Question__c":"Do you Think your Ne (44 more) ..."}|0x7071793b
12:07:39.0 (57980611)|STATEMENT_EXECUTE|[110]
12:07:39.0 (58030162)|STATEMENT_EXECUTE|[111]
12:07:39.0 (58044733)|HEAP_ALLOCATE|[110]|Bytes:5
12:07:39.0 (58062243)|HEAP_ALLOCATE|[110]|Bytes:20
12:07:39.0 (58072593)|VARIABLE_SCOPE_BEGIN|[110]|Checklist|Reader_Insight__c|true|false
12:07:39.0 (58138645)|VARIABLE_ASSIGNMENT|[110]|Checklist|{"Id":"a1J2t000002JSnbEAG","Options__c":"1. 25 years;2. 25-35 (58 more) ...","Answer_Type__c":"Single","Question__c":"Age Group"}|0x1c48fce0
12:07:39.0 (58148625)|STATEMENT_EXECUTE|[110]
12:07:39.0 (58182075)|STATEMENT_EXECUTE|[111]
12:07:39.0 (58194786)|HEAP_ALLOCATE|[110]|Bytes:5
12:07:39.0 (58210676)|HEAP_ALLOCATE|[110]|Bytes:20
12:07:39.0 (58219866)|VARIABLE_SCOPE_BEGIN|[110]|Checklist|Reader_Insight__c|true|false
12:07:39.0 (58255767)|VARIABLE_ASSIGNMENT|[110]|Checklist|{"Id":"a1J2t000002JSngEAG","Options__c":"Male;Female","Answer_Type__c":"Single","Question__c":"Gender"}|0x42232aec
12:07:39.0 (58262787)|STATEMENT_EXECUTE|[110]
12:07:39.0 (58285578)|STATEMENT_EXECUTE|[111]
12:07:39.0 (58294978)|HEAP_ALLOCATE|[110]|Bytes:5
12:07:39.0 (58306138)|HEAP_ALLOCATE|[110]|Bytes:20
12:07:39.0 (58312808)|VARIABLE_SCOPE_BEGIN|[110]|Checklist|Reader_Insight__c|true|false
12:07:39.0 (58349589)|VARIABLE_ASSIGNMENT|[110]|Checklist|{"Id":"a1J2t000002JSqKEAW","Options__c":"National;Global/Inte (110 more) ...","Answer_Type__c":"Multi Select","Question__c":"Which Section of The (40 more) ..."}|0x5162b693
12:07:39.0 (58356989)|STATEMENT_EXECUTE|[110]
12:07:39.0 (58377380)|STATEMENT_EXECUTE|[111]
12:07:39.0 (58379680)|STATEMENT_EXECUTE|[112]
12:07:39.0 (58402770)|HEAP_ALLOCATE|[EXTERNAL]|Bytes:4
12:07:39.0 (58411480)|STATEMENT_EXECUTE|[113]
12:07:39.0 (58419690)|VARIABLE_ASSIGNMENT|[110]|Checklist|null|
12:07:39.0 (58447521)|HEAP_ALLOCATE|[116]|Bytes:5
12:07:39.0 (58459401)|HEAP_ALLOCATE|[116]|Bytes:20
12:07:39.0 (58466751)|VARIABLE_SCOPE_BEGIN|[116]|Checklist|Reader_Insight__c|true|false
12:07:39.0 (58502572)|VARIABLE_ASSIGNMENT|[116]|Checklist|{"Id":"a1J2t000000nVo6EAE","Options__c":"Yes ; No","Answer_Type__c":"Single","Question__c":"Do you Think your Ne (44 more) ..."}|0x7071793b
12:07:39.0 (58510072)|STATEMENT_EXECUTE|[116]
12:07:39.0 (58544083)|STATEMENT_EXECUTE|[117]
12:07:39.0 (58554993)|HEAP_ALLOCATE|[116]|Bytes:5
12:07:39.0 (58567464)|HEAP_ALLOCATE|[116]|Bytes:20
12:07:39.0 (58574064)|VARIABLE_SCOPE_BEGIN|[116]|Checklist|Reader_Insight__c|true|false
12:07:39.0 (58609174)|VARIABLE_ASSIGNMENT|[116]|Checklist|{"Id":"a1J2t000002JSnbEAG","Options__c":"1. 25 years;2. 25-35 (58 more) ...","Answer_Type__c":"Single","Question__c":"Age Group"}|0x1c48fce0
12:07:39.0 (58615475)|STATEMENT_EXECUTE|[116]
12:07:39.0 (58636405)|STATEMENT_EXECUTE|[117]
12:07:39.0 (58638575)|STATEMENT_EXECUTE|[118]
12:07:39.0 (58656915)|HEAP_ALLOCATE|[EXTERNAL]|Bytes:4
12:07:39.0 (58665916)|STATEMENT_EXECUTE|[119]
12:07:39.0 (58673366)|VARIABLE_ASSIGNMENT|[116]|Checklist|null|
12:07:39.0 (58701876)|HEAP_ALLOCATE|[122]|Bytes:5
12:07:39.0 (58714417)|HEAP_ALLOCATE|[122]|Bytes:20
12:07:39.0 (58721607)|VARIABLE_SCOPE_BEGIN|[122]|Checklist|Reader_Insight__c|true|false
12:07:39.0 (58754767)|VARIABLE_ASSIGNMENT|[122]|Checklist|{"Id":"a1J2t000000nVo6EAE","Options__c":"Yes ; No","Answer_Type__c":"Single","Question__c":"Do you Think your Ne (44 more) ..."}|0x7071793b
12:07:39.0 (58760738)|STATEMENT_EXECUTE|[122]
12:07:39.0 (58792548)|STATEMENT_EXECUTE|[123]
12:07:39.0 (58801968)|HEAP_ALLOCATE|[122]|Bytes:5
12:07:39.0 (58812979)|HEAP_ALLOCATE|[122]|Bytes:20
12:07:39.0 (58820279)|VARIABLE_SCOPE_BEGIN|[122]|Checklist|Reader_Insight__c|true|false
12:07:39.0 (58854280)|VARIABLE_ASSIGNMENT|[122]|Checklist|{"Id":"a1J2t000002JSnbEAG","Options__c":"1. 25 years;2. 25-35 (58 more) ...","Answer_Type__c":"Single","Question__c":"Age Group"}|0x1c48fce0
12:07:39.0 (58861220)|STATEMENT_EXECUTE|[122]
12:07:39.0 (58880470)|STATEMENT_EXECUTE|[123]
12:07:39.0 (58889860)|HEAP_ALLOCATE|[122]|Bytes:5
12:07:39.0 (58900670)|HEAP_ALLOCATE|[122]|Bytes:20
12:07:39.0 (58906791)|VARIABLE_SCOPE_BEGIN|[122]|Checklist|Reader_Insight__c|true|false
12:07:39.0 (58935921)|VARIABLE_ASSIGNMENT|[122]|Checklist|{"Id":"a1J2t000002JSngEAG","Options__c":"Male;Female","Answer_Type__c":"Single","Question__c":"Gender"}|0x42232aec
12:07:39.0 (58941291)|STATEMENT_EXECUTE|[122]
12:07:39.0 (58961332)|STATEMENT_EXECUTE|[123]
12:07:39.0 (58964322)|STATEMENT_EXECUTE|[124]
12:07:39.0 (58985182)|HEAP_ALLOCATE|[EXTERNAL]|Bytes:4
12:07:39.0 (58995042)|STATEMENT_EXECUTE|[125]
12:07:39.0 (59003933)|VARIABLE_ASSIGNMENT|[122]|Checklist|null|
12:07:39.0 (59040593)|HEAP_ALLOCATE|[128]|Bytes:5
12:07:39.0 (59058424)|HEAP_ALLOCATE|[128]|Bytes:20
12:07:39.0 (59067124)|VARIABLE_SCOPE_BEGIN|[128]|Checklist|Reader_Insight__c|true|false
12:07:39.0 (59112745)|VARIABLE_ASSIGNMENT|[128]|Checklist|{"Id":"a1J2t000000nVo6EAE","Options__c":"Yes ; No","Answer_Type__c":"Single","Question__c":"Do you Think your Ne (44 more) ..."}|0x7071793b
12:07:39.0 (59120045)|STATEMENT_EXECUTE|[128]
12:07:39.0 (59126875)|STATEMENT_EXECUTE|[129]
12:07:39.0 (59137155)|HEAP_ALLOCATE|[128]|Bytes:5
12:07:39.0 (59149326)|HEAP_ALLOCATE|[128]|Bytes:20
12:07:39.0 (59155916)|VARIABLE_SCOPE_BEGIN|[128]|Checklist|Reader_Insight__c|true|false
12:07:39.0 (59186806)|VARIABLE_ASSIGNMENT|[128]|Checklist|{"Id":"a1J2t000002JSnbEAG","Options__c":"1. 25 years;2. 25-35 (58 more) ...","Answer_Type__c":"Single","Question__c":"Age Group"}|0x1c48fce0
12:07:39.0 (59193907)|STATEMENT_EXECUTE|[128]
12:07:39.0 (59198527)|STATEMENT_EXECUTE|[129]
12:07:39.0 (59207757)|HEAP_ALLOCATE|[128]|Bytes:5
12:07:39.0 (59219317)|HEAP_ALLOCATE|[128]|Bytes:20
12:07:39.0 (59225298)|VARIABLE_SCOPE_BEGIN|[128]|Checklist|Reader_Insight__c|true|false
12:07:39.0 (59254219)|VARIABLE_ASSIGNMENT|[128]|Checklist|{"Id":"a1J2t000002JSngEAG","Options__c":"Male;Female","Answer_Type__c":"Single","Question__c":"Gender"}|0x42232aec
12:07:39.0 (59260508)|STATEMENT_EXECUTE|[128]
12:07:39.0 (59264848)|STATEMENT_EXECUTE|[129]
12:07:39.0 (59273488)|HEAP_ALLOCATE|[128]|Bytes:5
12:07:39.0 (59284908)|HEAP_ALLOCATE|[128]|Bytes:20
12:07:39.0 (59291119)|VARIABLE_SCOPE_BEGIN|[128]|Checklist|Reader_Insight__c|true|false
12:07:39.0 (59322639)|VARIABLE_ASSIGNMENT|[128]|Checklist|{"Id":"a1J2t000002JSqKEAW","Options__c":"National;Global/Inte (110 more) ...","Answer_Type__c":"Multi Select","Question__c":"Which Section of The (40 more) ..."}|0x5162b693
12:07:39.0 (59329749)|STATEMENT_EXECUTE|[128]
12:07:39.0 (59334021)|STATEMENT_EXECUTE|[129]
12:07:39.0 (59343830)|HEAP_ALLOCATE|[128]|Bytes:5
12:07:39.0 (59356261)|VARIABLE_ASSIGNMENT|[128]|Checklist|null|
12:07:39.0 (59360880)|STATEMENT_EXECUTE|[136]
12:07:39.0 (59364490)|HEAP_ALLOCATE|[136]|Bytes:10
12:07:39.0 (59500064)|HEAP_ALLOCATE|[136]|Bytes:744
12:07:39.0 (59517664)|HEAP_ALLOCATE|[136]|Bytes:754
12:07:39.0 (59537825)|USER_DEBUG|[136]|DEBUG|Readerlist(Reader_Insight__c:{Id=a1J2t000000nVo6EAE, Options__c=Yes ; No, Question__c=Do you Think your Newspaper is giving you all the required news?, Answer_Type__c=Single}, Reader_Insight__c:{Id=a1J2t000002JSnbEAG, Options__c=1. 25 years;2. 25-35 years;3. 35-45 years;4. 45+ years;5. Do not want to share, Question__c=Age Group, Answer_Type__c=Single}, Reader_Insight__c:{Id=a1J2t000002JSngEAG, Options__c=Male;Female, Question__c=Gender, Answer_Type__c=Single}, Reader_Insight__c:{Id=a1J2t000002JSqKEAW, Options__c=National;Global/International;Local/City News;Business;Sports;Entertainment/TIMS;Technology;Editorial/Opinion;No Favourite Section, Question__c=Which Section of The Times Group Publication you like most ?, Answer_Type__c=Multi Select})
12:07:39.0 (59551094)|STATEMENT_EXECUTE|[137]
12:07:39.0 (59662566)|HEAP_ALLOCATE|[137]|Bytes:744
12:07:39.0 (59678337)|HEAP_ALLOCATE|[137]|Bytes:754
12:07:39.0 (59688847)|USER_DEBUG|[137]|DEBUG|Readerlist(Reader_Insight__c:{Id=a1J2t000000nVo6EAE, Options__c=Yes ; No, Question__c=Do you Think your Newspaper is giving you all the required news?, Answer_Type__c=Single}, Reader_Insight__c:{Id=a1J2t000002JSqKEAW, Options__c=National;Global/International;Local/City News;Business;Sports;Entertainment/TIMS;Technology;Editorial/Opinion;No Favourite Section, Question__c=Which Section of The Times Group Publication you like most ?, Answer_Type__c=Multi Select}, Reader_Insight__c:{Id=a1J2t000002JSnbEAG, Options__c=1. 25 years;2. 25-35 years;3. 35-45 years;4. 45+ years;5. Do not want to share, Question__c=Age Group, Answer_Type__c=Single}, Reader_Insight__c:{Id=a1J2t000002JSngEAG, Options__c=Male;Female, Question__c=Gender, Answer_Type__c=Single})
12:07:39.0 (59700377)|STATEMENT_EXECUTE|[138]
12:07:39.0 (59713607)|HEAP_ALLOCATE|[138]|Bytes:4
12:07:39.0 (59768569)|VARIABLE_SCOPE_BEGIN|[138]|wrplist|List<ReaderInsightFormController.qstionwrapperx>|true|false
12:07:39.0 (59792000)|HEAP_ALLOCATE|[EXTERNAL]|Bytes:4
12:07:39.0 (59805080)|VARIABLE_ASSIGNMENT|[138]|wrplist|[]|0x7e34dc1e
12:07:39.0 (59834930)|HEAP_ALLOCATE|[139]|Bytes:5
12:07:39.0 (59847921)|HEAP_ALLOCATE|[139]|Bytes:20
12:07:39.0 (59855321)|VARIABLE_SCOPE_BEGIN|[139]|rIc|Reader_Insight__c|true|false
12:07:39.0 (59893632)|VARIABLE_ASSIGNMENT|[139]|rIc|{"Id":"a1J2t000000nVo6EAE","Options__c":"Yes ; No","Answer_Type__c":"Single","Question__c":"Do you Think your Ne (44 more) ..."}|0x7071793b
12:07:39.0 (59900941)|STATEMENT_EXECUTE|[139]
12:07:39.0 (59903162)|STATEMENT_EXECUTE|[140]
12:07:39.0 (59918862)|HEAP_ALLOCATE|[140]|Bytes:188
12:07:39.0 (59926083)|HEAP_ALLOCATE|[140]|Bytes:11
12:07:39.0 (59933443)|HEAP_ALLOCATE|[140]|Bytes:28
12:07:39.0 (59944822)|CONSTRUCTOR_ENTRY|[140]|01p2t000000Ta9s|<init>()|ReaderInsightFormController.qstionwrapperx
12:07:39.0 (59968373)|VARIABLE_SCOPE_BEGIN|[2]|this|ReaderInsightFormController.qstionwrapperx|true|false
12:07:39.0 (60100877)|VARIABLE_ASSIGNMENT|[2]|this|{}|0x42815f2d
12:07:39.0 (60112887)|HEAP_ALLOCATE|[EXTERNAL]|Bytes:6
12:07:39.0 (62240771)|STATEMENT_EXECUTE|[2]
12:07:39.0 (62244251)|STATEMENT_EXECUTE|[3]
12:07:39.0 (62246602)|STATEMENT_EXECUTE|[4]
12:07:39.0 (62248631)|STATEMENT_EXECUTE|[5]
12:07:39.0 (62250631)|STATEMENT_EXECUTE|[6]
12:07:39.0 (62252621)|STATEMENT_EXECUTE|[7]
12:07:39.0 (62254471)|STATEMENT_EXECUTE|[8]
12:07:39.0 (62259612)|CONSTRUCTOR_EXIT|[140]|01p2t000000Ta9s|<init>()|ReaderInsightFormController.qstionwrapperx
12:07:39.0 (62273403)|VARIABLE_SCOPE_BEGIN|[140]|qwrp|ReaderInsightFormController.qstionwrapperx|true|false
12:07:39.0 (62303772)|VARIABLE_ASSIGNMENT|[140]|qwrp|{}|0x42815f2d
12:07:39.0 (62309223)|STATEMENT_EXECUTE|[141]
12:07:39.0 (62322703)|HEAP_ALLOCATE|[141]|Bytes:4
12:07:39.0 (62397984)|VARIABLE_SCOPE_BEGIN|[141]|optlist|List<ReaderInsightFormController.options>|true|false
12:07:39.0 (62422555)|HEAP_ALLOCATE|[EXTERNAL]|Bytes:4
12:07:39.0 (62436835)|VARIABLE_ASSIGNMENT|[141]|optlist|[]|0x183cff46
12:07:39.0 (62441675)|STATEMENT_EXECUTE|[142]
12:07:39.0 (62476426)|HEAP_ALLOCATE|[142]|Bytes:1
12:07:39.0 (62528117)|HEAP_ALLOCATE|[142]|Bytes:4
12:07:39.0 (62533058)|HEAP_ALLOCATE|[142]|Bytes:3
12:07:39.0 (62536888)|HEAP_ALLOCATE|[142]|Bytes:12
12:07:39.0 (62566988)|HEAP_ALLOCATE|[EXTERNAL]|Bytes:12
12:07:39.0 (62581148)|VARIABLE_ASSIGNMENT|[142]|plValues|["Yes "," No"]|0x40b00473
12:07:39.0 (62627789)|HEAP_ALLOCATE|[143]|Bytes:5
12:07:39.0 (62642771)|HEAP_ALLOCATE|[143]|Bytes:4
12:07:39.0 (62651381)|VARIABLE_SCOPE_BEGIN|[143]|str|String|false|false
12:07:39.0 (62660571)|VARIABLE_ASSIGNMENT|[143]|str|"Yes "
12:07:39.0 (62664851)|STATEMENT_EXECUTE|[143]
12:07:39.0 (62667280)|STATEMENT_EXECUTE|[144]
12:07:39.0 (62677461)|HEAP_ALLOCATE|[144]|Bytes:104
12:07:39.0 (62682661)|HEAP_ALLOCATE|[144]|Bytes:5
12:07:39.0 (62689011)|HEAP_ALLOCATE|[144]|Bytes:12
12:07:39.0 (62697382)|CONSTRUCTOR_ENTRY|[144]|01p2t000000Ta9s|<init>()|ReaderInsightFormController.options
12:07:39.0 (62716751)|VARIABLE_SCOPE_BEGIN|[11]|this|ReaderInsightFormController.options|true|false
12:07:39.0 (62751493)|VARIABLE_ASSIGNMENT|[11]|this|{}|0x880437f
12:07:39.0 (62771733)|STATEMENT_EXECUTE|[11]
12:07:39.0 (62773943)|STATEMENT_EXECUTE|[12]
12:07:39.0 (62776133)|STATEMENT_EXECUTE|[13]
12:07:39.0 (62779552)|CONSTRUCTOR_EXIT|[144]|01p2t000000Ta9s|<init>()|ReaderInsightFormController.options
12:07:39.0 (62786283)|VARIABLE_SCOPE_BEGIN|[144]|opt|ReaderInsightFormController.options|true|false
12:07:39.0 (62798214)|VARIABLE_ASSIGNMENT|[144]|opt|{}|0x880437f
12:07:39.0 (62802974)|STATEMENT_EXECUTE|[145]
12:07:39.0 (62844484)|VARIABLE_ASSIGNMENT|[EXTERNAL]|this|{}|0x880437f
12:07:39.0 (62856135)|VARIABLE_ASSIGNMENT|[EXTERNAL]|value|"Yes "
12:07:39.0 (62868385)|VARIABLE_ASSIGNMENT|[12]|this.label|"Yes "|0x880437f
12:07:39.0 (62878124)|STATEMENT_EXECUTE|[146]
12:07:39.0 (62912026)|VARIABLE_ASSIGNMENT|[EXTERNAL]|this|{"label":"Yes "}|0x880437f
12:07:39.0 (62922706)|VARIABLE_ASSIGNMENT|[EXTERNAL]|value|"Yes "
12:07:39.0 (62931366)|VARIABLE_ASSIGNMENT|[13]|this.value|"Yes "|0x880437f
12:07:39.0 (62941166)|STATEMENT_EXECUTE|[147]
12:07:39.0 (62962937)|HEAP_ALLOCATE|[EXTERNAL]|Bytes:4
12:07:39.0 (62980678)|HEAP_ALLOCATE|[143]|Bytes:5
12:07:39.0 (62991498)|HEAP_ALLOCATE|[143]|Bytes:3
12:07:39.0 (62998108)|VARIABLE_SCOPE_BEGIN|[143]|str|String|false|false
12:07:39.0 (63006468)|VARIABLE_ASSIGNMENT|[143]|str|" No"
12:07:39.0 (63010908)|STATEMENT_EXECUTE|[143]
12:07:39.0 (63013087)|STATEMENT_EXECUTE|[144]
12:07:39.0 (63016887)|HEAP_ALLOCATE|[144]|Bytes:12
12:07:39.0 (63022068)|CONSTRUCTOR_ENTRY|[144]|01p2t000000Ta9s|<init>()|ReaderInsightFormController.options
12:07:39.0 (63027979)|VARIABLE_SCOPE_BEGIN|[11]|this|ReaderInsightFormController.options|true|false
12:07:39.0 (63040608)|VARIABLE_ASSIGNMENT|[11]|this|{}|0x6c5a783d
12:07:39.0 (63055579)|STATEMENT_EXECUTE|[11]
12:07:39.0 (63058048)|STATEMENT_EXECUTE|[12]
12:07:39.0 (63060189)|STATEMENT_EXECUTE|[13]
12:07:39.0 (63063149)|CONSTRUCTOR_EXIT|[144]|01p2t000000Ta9s|<init>()|ReaderInsightFormController.options
12:07:39.0 (63068688)|VARIABLE_SCOPE_BEGIN|[144]|opt|ReaderInsightFormController.options|true|false
12:07:39.0 (63080790)|VARIABLE_ASSIGNMENT|[144]|opt|{}|0x6c5a783d
12:07:39.0 (63085420)|STATEMENT_EXECUTE|[145]
12:07:39.0 (63099270)|VARIABLE_ASSIGNMENT|[EXTERNAL]|this|{}|0x6c5a783d
12:07:39.0 (63109049)|VARIABLE_ASSIGNMENT|[EXTERNAL]|value|" No"
12:07:39.0 (63116529)|VARIABLE_ASSIGNMENT|[12]|this.label|" No"|0x6c5a783d
12:07:39.0 (63124701)|STATEMENT_EXECUTE|[146]
12:07:39.0 (63139701)|VARIABLE_ASSIGNMENT|[EXTERNAL]|this|{"label":" No"}|0x6c5a783d
12:07:39.0 (63148441)|VARIABLE_ASSIGNMENT|[EXTERNAL]|value|" No"
12:07:39.0 (63155341)|VARIABLE_ASSIGNMENT|[13]|this.value|" No"|0x6c5a783d
12:07:39.0 (63164490)|STATEMENT_EXECUTE|[147]
12:07:39.0 (63172042)|HEAP_ALLOCATE|[EXTERNAL]|Bytes:4
12:07:39.0 (63187011)|HEAP_ALLOCATE|[143]|Bytes:5
12:07:39.0 (63200242)|VARIABLE_ASSIGNMENT|[143]|str|null
12:07:39.0 (63205232)|STATEMENT_EXECUTE|[149]
12:07:39.0 (63243583)|VARIABLE_ASSIGNMENT|[EXTERNAL]|this|{}|0x42815f2d
12:07:39.0 (63264424)|VARIABLE_ASSIGNMENT|[EXTERNAL]|value|[{"label":"Yes ","value":"Yes "},{"label":" No","value":" No"}]|0x183cff46
12:07:39.0 (63281034)|VARIABLE_ASSIGNMENT|[8]|this.option|[{"label":"Yes ","value":"Yes "},{"label":" No","value":" No"}]|0x42815f2d
12:07:39.0 (63291324)|STATEMENT_EXECUTE|[150]
12:07:39.0 (63352875)|VARIABLE_ASSIGNMENT|[EXTERNAL]|this|{"option":"0x183cff46"}|0x42815f2d
12:07:39.0 (63365306)|VARIABLE_ASSIGNMENT|[EXTERNAL]|value|"Do you Think your Ne (44 more) ..."
12:07:39.0 (63373876)|VARIABLE_ASSIGNMENT|[3]|this.qstion|"Do you Think your Ne (44 more) ..."|0x42815f2d
12:07:39.0 (63383366)|STATEMENT_EXECUTE|[151]
12:07:39.0 (63398456)|HEAP_ALLOCATE|[151]|Bytes:18
12:07:39.0 (63439227)|VARIABLE_ASSIGNMENT|[EXTERNAL]|this|{"option":"0x183cff46","qstion":"Do you Think your Ne (44 more) ..."}|0x42815f2d
12:07:39.0 (63450207)|VARIABLE_ASSIGNMENT|[EXTERNAL]|value|"a1J2t000000nVo6EAE"
12:07:39.0 (63458878)|VARIABLE_ASSIGNMENT|[4]|this.qsId|"a1J2t000000nVo6EAE"|0x42815f2d
12:07:39.0 (63467328)|STATEMENT_EXECUTE|[152]
12:07:39.0 (63519469)|VARIABLE_ASSIGNMENT|[EXTERNAL]|this|{"option":"0x183cff46","qsId":"a1J2t000000nVo6EAE","qstion":"Do you Think your Ne (44 more) ..."}|0x42815f2d
12:07:39.0 (63530279)|VARIABLE_ASSIGNMENT|[EXTERNAL]|value|"Single"
12:07:39.0 (63538009)|VARIABLE_ASSIGNMENT|[5]|this.type|"Single"|0x42815f2d
12:07:39.0 (63547359)|STATEMENT_EXECUTE|[153]
12:07:39.0 (63554600)|HEAP_ALLOCATE|[153]|Bytes:4
12:07:39.0 (63600441)|VARIABLE_ASSIGNMENT|[EXTERNAL]|this|{"option":"0x183cff46","qsId":"a1J2t000000nVo6EAE","qstion":"Do you Think your Ne (44 more) ...","type":"Single"}|0x42815f2d
12:07:39.0 (63623641)|HEAP_ALLOCATE|[EXTERNAL]|Bytes:4
12:07:39.0 (63630981)|VARIABLE_ASSIGNMENT|[EXTERNAL]|value|[]|0x3626e596
12:07:39.0 (63641861)|VARIABLE_ASSIGNMENT|[7]|this.multianswrs|[]|0x42815f2d
12:07:39.0 (63650222)|STATEMENT_EXECUTE|[154]
12:07:39.0 (63689502)|VARIABLE_ASSIGNMENT|[EXTERNAL]|this|{"multianswrs":"0x3626e596","option":"0x183cff46","qsId":"a1J2t000000nVo6EAE","qstion":"Do you Think your Ne (44 more) ...","type":"Single"}|0x42815f2d
12:07:39.0 (63700213)|VARIABLE_ASSIGNMENT|[EXTERNAL]|value|""
12:07:39.0 (63709393)|VARIABLE_ASSIGNMENT|[6]|this.singleanswrs|""|0x42815f2d
12:07:39.0 (63717893)|STATEMENT_EXECUTE|[155]
12:07:39.0 (63737693)|HEAP_ALLOCATE|[EXTERNAL]|Bytes:4
12:07:39.0 (63754484)|HEAP_ALLOCATE|[139]|Bytes:5
12:07:39.0 (63770134)|HEAP_ALLOCATE|[139]|Bytes:20
12:07:39.0 (63779264)|VARIABLE_SCOPE_BEGIN|[139]|rIc|Reader_Insight__c|true|false
12:07:39.0 (63842926)|VARIABLE_ASSIGNMENT|[139]|rIc|{"Id":"a1J2t000002JSqKEAW","Options__c":"National;Global/Inte (110 more) ...","Answer_Type__c":"Multi Select","Question__c":"Which Section of The (40 more) ..."}|0x5162b693
12:07:39.0 (63850326)|STATEMENT_EXECUTE|[139]
12:07:39.0 (63852606)|STATEMENT_EXECUTE|[140]
12:07:39.0 (63856546)|HEAP_ALLOCATE|[140]|Bytes:28
12:07:39.0 (63862896)|CONSTRUCTOR_ENTRY|[140]|01p2t000000Ta9s|<init>()|ReaderInsightFormController.qstionwrapperx
12:07:39.0 (63869106)|VARIABLE_SCOPE_BEGIN|[2]|this|ReaderInsightFormController.qstionwrapperx|true|false
12:07:39.0 (63883006)|VARIABLE_ASSIGNMENT|[2]|this|{}|0x6efe136d
12:07:39.0 (63899527)|STATEMENT_EXECUTE|[2]
12:07:39.0 (63901757)|STATEMENT_EXECUTE|[3]
12:07:39.0 (63904897)|STATEMENT_EXECUTE|[4]
12:07:39.0 (63906837)|STATEMENT_EXECUTE|[5]
12:07:39.0 (63909017)|STATEMENT_EXECUTE|[6]
12:07:39.0 (63911177)|STATEMENT_EXECUTE|[7]
12:07:39.0 (63913047)|STATEMENT_EXECUTE|[8]
12:07:39.0 (63916397)|CONSTRUCTOR_EXIT|[140]|01p2t000000Ta9s|<init>()|ReaderInsightFormController.qstionwrapperx
12:07:39.0 (63922647)|VARIABLE_SCOPE_BEGIN|[140]|qwrp|ReaderInsightFormController.qstionwrapperx|true|false
12:07:39.0 (63934787)|VARIABLE_ASSIGNMENT|[140]|qwrp|{}|0x6efe136d
12:07:39.0 (63939468)|STATEMENT_EXECUTE|[141]
12:07:39.0 (63945728)|HEAP_ALLOCATE|[141]|Bytes:4
12:07:39.0 (63958418)|VARIABLE_SCOPE_BEGIN|[141]|optlist|List<ReaderInsightFormController.options>|true|false
12:07:39.0 (63974368)|HEAP_ALLOCATE|[EXTERNAL]|Bytes:4
12:07:39.0 (63982408)|VARIABLE_ASSIGNMENT|[141]|optlist|[]|0x52a2ab05
12:07:39.0 (63986909)|STATEMENT_EXECUTE|[142]
12:07:39.0 (64011949)|HEAP_ALLOCATE|[142]|Bytes:8
12:07:39.0 (64016819)|HEAP_ALLOCATE|[142]|Bytes:20
12:07:39.0 (64020079)|HEAP_ALLOCATE|[142]|Bytes:15
12:07:39.0 (64023149)|HEAP_ALLOCATE|[142]|Bytes:8
12:07:39.0 (64026089)|HEAP_ALLOCATE|[142]|Bytes:6
12:07:39.0 (64028989)|HEAP_ALLOCATE|[142]|Bytes:18
12:07:39.0 (64031980)|HEAP_ALLOCATE|[142]|Bytes:10
12:07:39.0 (64034900)|HEAP_ALLOCATE|[142]|Bytes:17
12:07:39.0 (64037770)|HEAP_ALLOCATE|[142]|Bytes:20
12:07:39.0 (64041070)|HEAP_ALLOCATE|[142]|Bytes:40
12:07:39.0 (64062050)|HEAP_ALLOCATE|[EXTERNAL]|Bytes:40
12:07:39.0 (64070200)|VARIABLE_ASSIGNMENT|[142]|plValues|"List of size 9 too large to display"|0x5329ee92
12:07:39.0 (64092361)|HEAP_ALLOCATE|[143]|Bytes:5
12:07:39.0 (64103891)|HEAP_ALLOCATE|[143]|Bytes:8
12:07:39.0 (64110181)|VARIABLE_SCOPE_BEGIN|[143]|str|String|false|false
12:07:39.0 (64118491)|VARIABLE_ASSIGNMENT|[143]|str|"National"
12:07:39.0 (64122251)|STATEMENT_EXECUTE|[143]
12:07:39.0 (64124531)|STATEMENT_EXECUTE|[144]
12:07:39.0 (64127772)|HEAP_ALLOCATE|[144]|Bytes:12
12:07:39.0 (64133152)|CONSTRUCTOR_ENTRY|[144]|01p2t000000Ta9s|<init>()|ReaderInsightFormController.options
12:07:39.0 (64139312)|VARIABLE_SCOPE_BEGIN|[11]|this|ReaderInsightFormController.options|true|false
12:07:39.0 (64152252)|VARIABLE_ASSIGNMENT|[11]|this|{}|0x52e563c6
12:07:39.0 (64165982)|STATEMENT_EXECUTE|[11]
12:07:39.0 (64168282)|STATEMENT_EXECUTE|[12]
12:07:39.0 (64170402)|STATEMENT_EXECUTE|[13]
12:07:39.0 (64173502)|CONSTRUCTOR_EXIT|[144]|01p2t000000Ta9s|<init>()|ReaderInsightFormController.options
12:07:39.0 (64179173)|VARIABLE_SCOPE_BEGIN|[144]|opt|ReaderInsightFormController.options|true|false
12:07:39.0 (64190223)|VARIABLE_ASSIGNMENT|[144]|opt|{}|0x52e563c6
12:07:39.0 (64194703)|STATEMENT_EXECUTE|[145]
12:07:39.0 (64248704)|VARIABLE_ASSIGNMENT|[EXTERNAL]|this|{}|0x52e563c6
12:07:39.0 (64258764)|VARIABLE_ASSIGNMENT|[EXTERNAL]|value|"National"
12:07:39.0 (64267594)|VARIABLE_ASSIGNMENT|[12]|this.label|"National"|0x52e563c6
12:07:39.0 (64276365)|STATEMENT_EXECUTE|[146]
12:07:39.0 (64291625)|VARIABLE_ASSIGNMENT|[EXTERNAL]|this|{"label":"National"}|0x52e563c6
12:07:39.0 (64300505)|VARIABLE_ASSIGNMENT|[EXTERNAL]|value|"National"
12:07:39.0 (64307695)|VARIABLE_ASSIGNMENT|[13]|this.value|"National"|0x52e563c6
12:07:39.0 (64316485)|STATEMENT_EXECUTE|[147]
12:07:39.0 (64324496)|HEAP_ALLOCATE|[EXTERNAL]|Bytes:4
12:07:39.0 (64338956)|HEAP_ALLOCATE|[143]|Bytes:5
12:07:39.0 (64350096)|HEAP_ALLOCATE|[143]|Bytes:20
12:07:39.0 (64356326)|VARIABLE_SCOPE_BEGIN|[143]|str|String|false|false
12:07:39.0 (64365466)|VARIABLE_ASSIGNMENT|[143]|str|"Global/International"
12:07:39.0 (64369617)|STATEMENT_EXECUTE|[143]
12:07:39.0 (64371977)|STATEMENT_EXECUTE|[144]
12:07:39.0 (64375347)|HEAP_ALLOCATE|[144]|Bytes:12
12:07:39.0 (64381347)|CONSTRUCTOR_ENTRY|[144]|01p2t000000Ta9s|<init>()|ReaderInsightFormController.options
12:07:39.0 (64386587)|VARIABLE_SCOPE_BEGIN|[11]|this|ReaderInsightFormController.options|true|false
12:07:39.0 (64397427)|VARIABLE_ASSIGNMENT|[11]|this|{}|0x4c9e678c
12:07:39.0 (64411187)|STATEMENT_EXECUTE|[11]
12:07:39.0 (64413447)|STATEMENT_EXECUTE|[12]
12:07:39.0 (64415587)|STATEMENT_EXECUTE|[13]
12:07:39.0 (64418628)|CONSTRUCTOR_EXIT|[144]|01p2t000000Ta9s|<init>()|ReaderInsightFormController.options
12:07:39.0 (64423888)|VARIABLE_SCOPE_BEGIN|[144]|opt|ReaderInsightFormController.options|true|false
12:07:39.0 (64434938)|VARIABLE_ASSIGNMENT|[144]|opt|{}|0x4c9e678c
12:07:39.0 (64439478)|STATEMENT_EXECUTE|[145]
12:07:39.0 (64452128)|VARIABLE_ASSIGNMENT|[EXTERNAL]|this|{}|0x4c9e678c
12:07:39.0 (64460658)|VARIABLE_ASSIGNMENT|[EXTERNAL]|value|"Global/International"
12:07:39.0 (64468519)|VARIABLE_ASSIGNMENT|[12]|this.label|"Global/International"|0x4c9e678c
12:07:39.0 (64476599)|STATEMENT_EXECUTE|[146]
12:07:39.0 (64490899)|VARIABLE_ASSIGNMENT|[EXTERNAL]|this|{"label":"Global/International"}|0x4c9e678c
12:07:39.0 (64499479)|VARIABLE_ASSIGNMENT|[EXTERNAL]|value|"Global/International"
12:07:39.0 (64506739)|VARIABLE_ASSIGNMENT|[13]|this.value|"Global/International"|0x4c9e678c
12:07:39.0 (64515340)|STATEMENT_EXECUTE|[147]
12:07:39.0 (64521971)|HEAP_ALLOCATE|[EXTERNAL]|Bytes:4
12:07:39.0 (64534540)|HEAP_ALLOCATE|[143]|Bytes:5
12:07:39.0 (64545030)|HEAP_ALLOCATE|[143]|Bytes:15
12:07:39.0 (64551180)|VARIABLE_SCOPE_BEGIN|[143]|str|String|false|false
12:07:39.0 (64559300)|VARIABLE_ASSIGNMENT|[143]|str|"Local/City News"
12:07:39.0 (64563041)|STATEMENT_EXECUTE|[143]
12:07:39.0 (64565841)|STATEMENT_EXECUTE|[144]
12:07:39.0 (64569281)|HEAP_ALLOCATE|[144]|Bytes:12
12:07:39.0 (64573892)|CONSTRUCTOR_ENTRY|[144]|01p2t000000Ta9s|<init>()|ReaderInsightFormController.options
12:07:39.0 (64578812)|VARIABLE_SCOPE_BEGIN|[11]|this|ReaderInsightFormController.options|true|false
12:07:39.0 (64589761)|VARIABLE_ASSIGNMENT|[11]|this|{}|0xba30799
12:07:39.0 (64603001)|STATEMENT_EXECUTE|[11]
12:07:39.0 (64605111)|STATEMENT_EXECUTE|[12]
12:07:39.0 (64607332)|STATEMENT_EXECUTE|[13]
12:07:39.0 (64610453)|CONSTRUCTOR_EXIT|[144]|01p2t000000Ta9s|<init>()|ReaderInsightFormController.options
12:07:39.0 (64615832)|VARIABLE_SCOPE_BEGIN|[144]|opt|ReaderInsightFormController.options|true|false
12:07:39.0 (64625622)|VARIABLE_ASSIGNMENT|[144]|opt|{}|0xba30799
12:07:39.0 (64630152)|STATEMENT_EXECUTE|[145]
12:07:39.0 (64644082)|VARIABLE_ASSIGNMENT|[EXTERNAL]|this|{}|0xba30799
12:07:39.0 (64652952)|VARIABLE_ASSIGNMENT|[EXTERNAL]|value|"Local/City News"
12:07:39.0 (64660743)|VARIABLE_ASSIGNMENT|[12]|this.label|"Local/City News"|0xba30799
12:07:39.0 (64668473)|STATEMENT_EXECUTE|[146]
12:07:39.0 (64681703)|VARIABLE_ASSIGNMENT|[EXTERNAL]|this|{"label":"Local/City News"}|0xba30799
12:07:39.0 (64690393)|VARIABLE_ASSIGNMENT|[EXTERNAL]|value|"Local/City News"
12:07:39.0 (64698153)|VARIABLE_ASSIGNMENT|[13]|this.value|"Local/City News"|0xba30799
12:07:39.0 (64706274)|STATEMENT_EXECUTE|[147]
12:07:39.0 (64713274)|HEAP_ALLOCATE|[EXTERNAL]|Bytes:4
12:07:39.0 (64726714)|HEAP_ALLOCATE|[143]|Bytes:5
12:07:39.0 (64737314)|HEAP_ALLOCATE|[143]|Bytes:8
12:07:39.0 (64743154)|VARIABLE_SCOPE_BEGIN|[143]|str|String|false|false
12:07:39.0 (64751384)|VARIABLE_ASSIGNMENT|[143]|str|"Business"
12:07:39.0 (64755275)|STATEMENT_EXECUTE|[143]
12:07:39.0 (64757525)|STATEMENT_EXECUTE|[144]
12:07:39.0 (64760765)|HEAP_ALLOCATE|[144]|Bytes:12
12:07:39.0 (64765536)|CONSTRUCTOR_ENTRY|[144]|01p2t000000Ta9s|<init>()|ReaderInsightFormController.options
12:07:39.0 (64770585)|VARIABLE_SCOPE_BEGIN|[11]|this|ReaderInsightFormController.options|true|false
12:07:39.0 (64782425)|VARIABLE_ASSIGNMENT|[11]|this|{}|0x17e22501
12:07:39.0 (64795435)|STATEMENT_EXECUTE|[11]
12:07:39.0 (64797656)|STATEMENT_EXECUTE|[12]
12:07:39.0 (64799705)|STATEMENT_EXECUTE|[13]
12:07:39.0 (64802457)|CONSTRUCTOR_EXIT|[144]|01p2t000000Ta9s|<init>()|ReaderInsightFormController.options
12:07:39.0 (64807737)|VARIABLE_SCOPE_BEGIN|[144]|opt|ReaderInsightFormController.options|true|false
12:07:39.0 (64817876)|VARIABLE_ASSIGNMENT|[144]|opt|{}|0x17e22501
12:07:39.0 (64823166)|STATEMENT_EXECUTE|[145]
12:07:39.0 (64836076)|VARIABLE_ASSIGNMENT|[EXTERNAL]|this|{}|0x17e22501
12:07:39.0 (64844406)|VARIABLE_ASSIGNMENT|[EXTERNAL]|value|"Business"
12:07:39.0 (64852107)|VARIABLE_ASSIGNMENT|[12]|this.label|"Business"|0x17e22501
12:07:39.0 (64859797)|STATEMENT_EXECUTE|[146]
12:07:39.0 (64873927)|VARIABLE_ASSIGNMENT|[EXTERNAL]|this|{"label":"Business"}|0x17e22501
12:07:39.0 (64883047)|VARIABLE_ASSIGNMENT|[EXTERNAL]|value|"Business"
12:07:39.0 (64889947)|VARIABLE_ASSIGNMENT|[13]|this.value|"Business"|0x17e22501
12:07:39.0 (64897858)|STATEMENT_EXECUTE|[147]
12:07:39.0 (64904168)|HEAP_ALLOCATE|[EXTERNAL]|Bytes:4
12:07:39.0 (64917219)|HEAP_ALLOCATE|[143]|Bytes:5
12:07:39.0 (64926798)|HEAP_ALLOCATE|[143]|Bytes:6
12:07:39.0 (64932619)|VARIABLE_SCOPE_BEGIN|[143]|str|String|false|false
12:07:39.0 (64942059)|VARIABLE_ASSIGNMENT|[143]|str|"Sports"
12:07:39.0 (64945928)|STATEMENT_EXECUTE|[143]
12:07:39.0 (64948069)|STATEMENT_EXECUTE|[144]
12:07:39.0 (64951180)|HEAP_ALLOCATE|[144]|Bytes:12
12:07:39.0 (64956669)|CONSTRUCTOR_ENTRY|[144]|01p2t000000Ta9s|<init>()|ReaderInsightFormController.options
12:07:39.0 (64961820)|VARIABLE_SCOPE_BEGIN|[11]|this|ReaderInsightFormController.options|true|false
12:07:39.0 (64972869)|VARIABLE_ASSIGNMENT|[11]|this|{}|0x6ee08f68
12:07:39.0 (64985289)|STATEMENT_EXECUTE|[11]
12:07:39.0 (64987599)|STATEMENT_EXECUTE|[12]
12:07:39.0 (64989679)|STATEMENT_EXECUTE|[13]
12:07:39.0 (64993479)|CONSTRUCTOR_EXIT|[144]|01p2t000000Ta9s|<init>()|ReaderInsightFormController.options
12:07:39.0 (64999110)|VARIABLE_SCOPE_BEGIN|[144]|opt|ReaderInsightFormController.options|true|false
12:07:39.0 (65010101)|VARIABLE_ASSIGNMENT|[144]|opt|{}|0x6ee08f68
12:07:39.0 (65014661)|STATEMENT_EXECUTE|[145]
12:07:39.0 (65028170)|VARIABLE_ASSIGNMENT|[EXTERNAL]|this|{}|0x6ee08f68
12:07:39.0 (65037120)|VARIABLE_ASSIGNMENT|[EXTERNAL]|value|"Sports"
12:07:39.0 (65044142)|VARIABLE_ASSIGNMENT|[12]|this.label|"Sports"|0x6ee08f68
12:07:39.0 (65051982)|STATEMENT_EXECUTE|[146]
12:07:39.0 (65065992)|VARIABLE_ASSIGNMENT|[EXTERNAL]|this|{"label":"Sports"}|0x6ee08f68
12:07:39.0 (65074481)|VARIABLE_ASSIGNMENT|[EXTERNAL]|value|"Sports"
12:07:39.0 (65082182)|VARIABLE_ASSIGNMENT|[13]|this.value|"Sports"|0x6ee08f68
12:07:39.0 (65090731)|STATEMENT_EXECUTE|[147]
12:07:39.0 (65097983)|HEAP_ALLOCATE|[EXTERNAL]|Bytes:4
12:07:39.0 (65110633)|HEAP_ALLOCATE|[143]|Bytes:5
12:07:39.0 (65120303)|HEAP_ALLOCATE|[143]|Bytes:18
12:07:39.0 (65126623)|VARIABLE_SCOPE_BEGIN|[143]|str|String|false|false
12:07:39.0 (65134922)|VARIABLE_ASSIGNMENT|[143]|str|"Entertainment/TIMS"
12:07:39.0 (65138682)|STATEMENT_EXECUTE|[143]
12:07:39.0 (65140683)|STATEMENT_EXECUTE|[144]
12:07:39.0 (65144363)|HEAP_ALLOCATE|[144]|Bytes:12
12:07:39.0 (65148973)|CONSTRUCTOR_ENTRY|[144]|01p2t000000Ta9s|<init>()|ReaderInsightFormController.options
12:07:39.0 (65153784)|VARIABLE_SCOPE_BEGIN|[11]|this|ReaderInsightFormController.options|true|false
12:07:39.0 (65164333)|VARIABLE_ASSIGNMENT|[11]|this|{}|0x517d373f
12:07:39.0 (65176963)|STATEMENT_EXECUTE|[11]
12:07:39.0 (65179283)|STATEMENT_EXECUTE|[12]
12:07:39.0 (65181403)|STATEMENT_EXECUTE|[13]
12:07:39.0 (65184333)|CONSTRUCTOR_EXIT|[144]|01p2t000000Ta9s|<init>()|ReaderInsightFormController.options
12:07:39.0 (65190324)|VARIABLE_SCOPE_BEGIN|[144]|opt|ReaderInsightFormController.options|true|false
12:07:39.0 (65200385)|VARIABLE_ASSIGNMENT|[144]|opt|{}|0x517d373f
12:07:39.0 (65205924)|STATEMENT_EXECUTE|[145]
12:07:39.0 (65218385)|VARIABLE_ASSIGNMENT|[EXTERNAL]|this|{}|0x517d373f
12:07:39.0 (65228254)|VARIABLE_ASSIGNMENT|[EXTERNAL]|value|"Entertainment/TIMS"
12:07:39.0 (65235484)|VARIABLE_ASSIGNMENT|[12]|this.label|"Entertainment/TIMS"|0x517d373f
12:07:39.0 (65243156)|STATEMENT_EXECUTE|[146]
12:07:39.0 (65256426)|VARIABLE_ASSIGNMENT|[EXTERNAL]|this|{"label":"Entertainment/TIMS"}|0x517d373f
12:07:39.0 (65265066)|VARIABLE_ASSIGNMENT|[EXTERNAL]|value|"Entertainment/TIMS"
12:07:39.0 (65271735)|VARIABLE_ASSIGNMENT|[13]|this.value|"Entertainment/TIMS"|0x517d373f
12:07:39.0 (65279245)|STATEMENT_EXECUTE|[147]
12:07:39.0 (65286016)|HEAP_ALLOCATE|[EXTERNAL]|Bytes:4
12:07:39.0 (65300016)|HEAP_ALLOCATE|[143]|Bytes:5
12:07:39.0 (65310136)|HEAP_ALLOCATE|[143]|Bytes:10
12:07:39.0 (65315896)|VARIABLE_SCOPE_BEGIN|[143]|str|String|false|false
12:07:39.0 (65323856)|VARIABLE_ASSIGNMENT|[143]|str|"Technology"
12:07:39.0 (65327547)|STATEMENT_EXECUTE|[143]
12:07:39.0 (65329557)|STATEMENT_EXECUTE|[144]
12:07:39.0 (65332548)|HEAP_ALLOCATE|[144]|Bytes:12
12:07:39.0 (65337118)|CONSTRUCTOR_ENTRY|[144]|01p2t000000Ta9s|<init>()|ReaderInsightFormController.options
12:07:39.0 (65342017)|VARIABLE_SCOPE_BEGIN|[11]|this|ReaderInsightFormController.options|true|false
12:07:39.0 (65352558)|VARIABLE_ASSIGNMENT|[11]|this|{}|0x42f17d46
12:07:39.0 (65366087)|STATEMENT_EXECUTE|[11]
12:07:39.0 (65368217)|STATEMENT_EXECUTE|[12]
12:07:39.0 (65370308)|STATEMENT_EXECUTE|[13]
12:07:39.0 (65373367)|CONSTRUCTOR_EXIT|[144]|01p2t000000Ta9s|<init>()|ReaderInsightFormController.options
12:07:39.0 (65378828)|VARIABLE_SCOPE_BEGIN|[144]|opt|ReaderInsightFormController.options|true|false
12:07:39.0 (65388519)|VARIABLE_ASSIGNMENT|[144]|opt|{}|0x42f17d46
12:07:39.0 (65392749)|STATEMENT_EXECUTE|[145]
12:07:39.0 (65405439)|VARIABLE_ASSIGNMENT|[EXTERNAL]|this|{}|0x42f17d46
12:07:39.0 (65413789)|VARIABLE_ASSIGNMENT|[EXTERNAL]|value|"Technology"
12:07:39.0 (65421058)|VARIABLE_ASSIGNMENT|[12]|this.label|"Technology"|0x42f17d46
12:07:39.0 (65429729)|STATEMENT_EXECUTE|[146]
12:07:39.0 (65442579)|VARIABLE_ASSIGNMENT|[EXTERNAL]|this|{"label":"Technology"}|0x42f17d46
12:07:39.0 (65450910)|VARIABLE_ASSIGNMENT|[EXTERNAL]|value|"Technology"
12:07:39.0 (65457889)|VARIABLE_ASSIGNMENT|[13]|this.value|"Technology"|0x42f17d46
12:07:39.0 (65465339)|STATEMENT_EXECUTE|[147]
12:07:39.0 (65472689)|HEAP_ALLOCATE|[EXTERNAL]|Bytes:4
12:07:39.0 (65502610)|HEAP_ALLOCATE|[143]|Bytes:5
12:07:39.0 (65512340)|HEAP_ALLOCATE|[143]|Bytes:17
12:07:39.0 (65518391)|VARIABLE_SCOPE_BEGIN|[143]|str|String|false|false
12:07:39.0 (65526892)|VARIABLE_ASSIGNMENT|[143]|str|"Editorial/Opinion"
12:07:39.0 (65530741)|STATEMENT_EXECUTE|[143]
12:07:39.0 (65532882)|STATEMENT_EXECUTE|[144]
12:07:39.0 (65535852)|HEAP_ALLOCATE|[144]|Bytes:12
12:07:39.0 (65541672)|CONSTRUCTOR_ENTRY|[144]|01p2t000000Ta9s|<init>()|ReaderInsightFormController.options
12:07:39.0 (65546482)|VARIABLE_SCOPE_BEGIN|[11]|this|ReaderInsightFormController.options|true|false
12:07:39.0 (65557642)|VARIABLE_ASSIGNMENT|[11]|this|{}|0x443d8234
12:07:39.0 (65571412)|STATEMENT_EXECUTE|[11]
12:07:39.0 (65573553)|STATEMENT_EXECUTE|[12]
12:07:39.0 (65575742)|STATEMENT_EXECUTE|[13]
12:07:39.0 (65578653)|CONSTRUCTOR_EXIT|[144]|01p2t000000Ta9s|<init>()|ReaderInsightFormController.options
12:07:39.0 (65583862)|VARIABLE_SCOPE_BEGIN|[144]|opt|ReaderInsightFormController.options|true|false
12:07:39.0 (65594403)|VARIABLE_ASSIGNMENT|[144]|opt|{}|0x443d8234
12:07:39.0 (65598763)|STATEMENT_EXECUTE|[145]
12:07:39.0 (65611393)|VARIABLE_ASSIGNMENT|[EXTERNAL]|this|{}|0x443d8234
12:07:39.0 (65620013)|VARIABLE_ASSIGNMENT|[EXTERNAL]|value|"Editorial/Opinion"
12:07:39.0 (65627494)|VARIABLE_ASSIGNMENT|[12]|this.label|"Editorial/Opinion"|0x443d8234
12:07:39.0 (65636354)|STATEMENT_EXECUTE|[146]
12:07:39.0 (65650164)|VARIABLE_ASSIGNMENT|[EXTERNAL]|this|{"label":"Editorial/Opinion"}|0x443d8234
12:07:39.0 (65659364)|VARIABLE_ASSIGNMENT|[EXTERNAL]|value|"Editorial/Opinion"
12:07:39.0 (65666524)|VARIABLE_ASSIGNMENT|[13]|this.value|"Editorial/Opinion"|0x443d8234
12:07:39.0 (65675175)|STATEMENT_EXECUTE|[147]
12:07:39.0 (65682335)|HEAP_ALLOCATE|[EXTERNAL]|Bytes:4
12:07:39.0 (65695575)|HEAP_ALLOCATE|[143]|Bytes:5
12:07:39.0 (65705965)|HEAP_ALLOCATE|[143]|Bytes:20
12:07:39.0 (65712235)|VARIABLE_SCOPE_BEGIN|[143]|str|String|false|false
12:07:39.0 (65721076)|VARIABLE_ASSIGNMENT|[143]|str|"No Favourite Section"
12:07:39.0 (65725006)|STATEMENT_EXECUTE|[143]
12:07:39.0 (65727036)|STATEMENT_EXECUTE|[144]
12:07:39.0 (65730816)|HEAP_ALLOCATE|[144]|Bytes:12
12:07:39.0 (65736136)|CONSTRUCTOR_ENTRY|[144]|01p2t000000Ta9s|<init>()|ReaderInsightFormController.options
12:07:39.0 (65741016)|VARIABLE_SCOPE_BEGIN|[11]|this|ReaderInsightFormController.options|true|false
12:07:39.0 (65752705)|VARIABLE_ASSIGNMENT|[11]|this|{}|0x2e4cce14
12:07:39.0 (65766706)|STATEMENT_EXECUTE|[11]
12:07:39.0 (65768977)|STATEMENT_EXECUTE|[12]
12:07:39.0 (65771047)|STATEMENT_EXECUTE|[13]
12:07:39.0 (65774137)|CONSTRUCTOR_EXIT|[144]|01p2t000000Ta9s|<init>()|ReaderInsightFormController.options
12:07:39.0 (65779537)|VARIABLE_SCOPE_BEGIN|[144]|opt|ReaderInsightFormController.options|true|false
12:07:39.0 (65790337)|VARIABLE_ASSIGNMENT|[144]|opt|{}|0x2e4cce14
12:07:39.0 (65794577)|STATEMENT_EXECUTE|[145]
12:07:39.0 (65807277)|VARIABLE_ASSIGNMENT|[EXTERNAL]|this|{}|0x2e4cce14
12:07:39.0 (65816968)|VARIABLE_ASSIGNMENT|[EXTERNAL]|value|"No Favourite Section"
12:07:39.0 (65824178)|VARIABLE_ASSIGNMENT|[12]|this.label|"No Favourite Section"|0x2e4cce14
12:07:39.0 (65832118)|STATEMENT_EXECUTE|[146]
12:07:39.0 (65846318)|VARIABLE_ASSIGNMENT|[EXTERNAL]|this|{"label":"No Favourite Section"}|0x2e4cce14
12:07:39.0 (65855038)|VARIABLE_ASSIGNMENT|[EXTERNAL]|value|"No Favourite Section"
12:07:39.0 (65862107)|VARIABLE_ASSIGNMENT|[13]|this.value|"No Favourite Section"|0x2e4cce14
12:07:39.0 (65869819)|STATEMENT_EXECUTE|[147]
12:07:39.0 (65877979)|HEAP_ALLOCATE|[EXTERNAL]|Bytes:4
12:07:39.0 (65891059)|HEAP_ALLOCATE|[143]|Bytes:5
12:07:39.0 (65903849)|VARIABLE_ASSIGNMENT|[143]|str|null
12:07:39.0 (65908609)|STATEMENT_EXECUTE|[149]
12:07:39.0 (65924690)|VARIABLE_ASSIGNMENT|[EXTERNAL]|this|{}|0x6efe136d
12:07:39.0 (65936500)|VARIABLE_ASSIGNMENT|[EXTERNAL]|value|"List of size 9 too large to display"|0x52a2ab05
12:07:39.0 (65944570)|VARIABLE_ASSIGNMENT|[8]|this.option|"List of size 9 too large to display"|0x6efe136d
12:07:39.0 (65952660)|STATEMENT_EXECUTE|[150]
12:07:39.0 (65975901)|VARIABLE_ASSIGNMENT|[EXTERNAL]|this|{"option":"0x52a2ab05"}|0x6efe136d
12:07:39.0 (65985841)|VARIABLE_ASSIGNMENT|[EXTERNAL]|value|"Which Section of The (40 more) ..."
12:07:39.0 (65993371)|VARIABLE_ASSIGNMENT|[3]|this.qstion|"Which Section of The (40 more) ..."|0x6efe136d
12:07:39.0 (66001141)|STATEMENT_EXECUTE|[151]
12:07:39.0 (66010552)|HEAP_ALLOCATE|[151]|Bytes:18
12:07:39.0 (66031022)|VARIABLE_ASSIGNMENT|[EXTERNAL]|this|{"option":"0x52a2ab05","qstion":"Which Section of The (40 more) ..."}|0x6efe136d
12:07:39.0 (66040052)|VARIABLE_ASSIGNMENT|[EXTERNAL]|value|"a1J2t000002JSqKEAW"
12:07:39.0 (66047312)|VARIABLE_ASSIGNMENT|[4]|this.qsId|"a1J2t000002JSqKEAW"|0x6efe136d
12:07:39.0 (66056423)|STATEMENT_EXECUTE|[152]
12:07:39.0 (66077973)|VARIABLE_ASSIGNMENT|[EXTERNAL]|this|{"option":"0x52a2ab05","qsId":"a1J2t000002JSqKEAW","qstion":"Which Section of The (40 more) ..."}|0x6efe136d
12:07:39.0 (66088143)|VARIABLE_ASSIGNMENT|[EXTERNAL]|value|"Multi Select"
12:07:39.0 (66095413)|VARIABLE_ASSIGNMENT|[5]|this.type|"Multi Select"|0x6efe136d
12:07:39.0 (66103954)|STATEMENT_EXECUTE|[153]
12:07:39.0 (66110624)|HEAP_ALLOCATE|[153]|Bytes:4
12:07:39.0 (66138674)|VARIABLE_ASSIGNMENT|[EXTERNAL]|this|{"option":"0x52a2ab05","qsId":"a1J2t000002JSqKEAW","qstion":"Which Section of The (40 more) ...","type":"Multi Select"}|0x6efe136d
12:07:39.0 (66158415)|HEAP_ALLOCATE|[EXTERNAL]|Bytes:4
12:07:39.0 (66166205)|VARIABLE_ASSIGNMENT|[EXTERNAL]|value|[]|0x16b0c02d
12:07:39.0 (66174535)|VARIABLE_ASSIGNMENT|[7]|this.multianswrs|[]|0x6efe136d
12:07:39.0 (66182835)|STATEMENT_EXECUTE|[154]
12:07:39.0 (66204076)|VARIABLE_ASSIGNMENT|[EXTERNAL]|this|{"multianswrs":"0x16b0c02d","option":"0x52a2ab05","qsId":"a1J2t000002JSqKEAW","qstion":"Which Section of The (40 more) ...","type":"Multi Select"}|0x6efe136d
12:07:39.0 (66214206)|VARIABLE_ASSIGNMENT|[EXTERNAL]|value|""
12:07:39.0 (66221326)|VARIABLE_ASSIGNMENT|[6]|this.singleanswrs|""|0x6efe136d
12:07:39.0 (66229266)|STATEMENT_EXECUTE|[155]
12:07:39.0 (66237366)|HEAP_ALLOCATE|[EXTERNAL]|Bytes:4
12:07:39.0 (66251887)|HEAP_ALLOCATE|[139]|Bytes:5
12:07:39.0 (66264457)|HEAP_ALLOCATE|[139]|Bytes:20
12:07:39.0 (66271907)|VARIABLE_SCOPE_BEGIN|[139]|rIc|Reader_Insight__c|true|false
12:07:39.0 (66330538)|VARIABLE_ASSIGNMENT|[139]|rIc|{"Id":"a1J2t000002JSnbEAG","Options__c":"1. 25 years;2. 25-35 (58 more) ...","Answer_Type__c":"Single","Question__c":"Age Group"}|0x1c48fce0
12:07:39.0 (66336798)|STATEMENT_EXECUTE|[139]
12:07:39.0 (66339098)|STATEMENT_EXECUTE|[140]
12:07:39.0 (66343328)|HEAP_ALLOCATE|[140]|Bytes:28
12:07:39.0 (66349329)|CONSTRUCTOR_ENTRY|[140]|01p2t000000Ta9s|<init>()|ReaderInsightFormController.qstionwrapperx
12:07:39.0 (66354919)|VARIABLE_SCOPE_BEGIN|[2]|this|ReaderInsightFormController.qstionwrapperx|true|false
12:07:39.0 (66368819)|VARIABLE_ASSIGNMENT|[2]|this|{}|0x5fe294f0
12:07:39.0 (66384109)|STATEMENT_EXECUTE|[2]
12:07:39.0 (66386489)|STATEMENT_EXECUTE|[3]
12:07:39.0 (66389399)|STATEMENT_EXECUTE|[4]
12:07:39.0 (66391289)|STATEMENT_EXECUTE|[5]
12:07:39.0 (66393440)|STATEMENT_EXECUTE|[6]
12:07:39.0 (66395460)|STATEMENT_EXECUTE|[7]
12:07:39.0 (66397340)|STATEMENT_EXECUTE|[8]
12:07:39.0 (66400480)|CONSTRUCTOR_EXIT|[140]|01p2t000000Ta9s|<init>()|ReaderInsightFormController.qstionwrapperx
12:07:39.0 (66405920)|VARIABLE_SCOPE_BEGIN|[140]|qwrp|ReaderInsightFormController.qstionwrapperx|true|false
12:07:39.0 (66417430)|VARIABLE_ASSIGNMENT|[140]|qwrp|{}|0x5fe294f0
12:07:39.0 (66423000)|STATEMENT_EXECUTE|[141]
12:07:39.0 (66428520)|HEAP_ALLOCATE|[141]|Bytes:4
12:07:39.0 (66440210)|VARIABLE_SCOPE_BEGIN|[141]|optlist|List<ReaderInsightFormController.options>|true|false
12:07:39.0 (66452981)|HEAP_ALLOCATE|[EXTERNAL]|Bytes:4
12:07:39.0 (66459741)|VARIABLE_ASSIGNMENT|[141]|optlist|[]|0x77e6911a
12:07:39.0 (66464011)|STATEMENT_EXECUTE|[142]
12:07:39.0 (66490332)|HEAP_ALLOCATE|[142]|Bytes:11
12:07:39.0 (66494732)|HEAP_ALLOCATE|[142]|Bytes:14
12:07:39.0 (66497862)|HEAP_ALLOCATE|[142]|Bytes:14
12:07:39.0 (66500722)|HEAP_ALLOCATE|[142]|Bytes:12
12:07:39.0 (66503542)|HEAP_ALLOCATE|[142]|Bytes:23
12:07:39.0 (66507562)|HEAP_ALLOCATE|[142]|Bytes:24
12:07:39.0 (66525252)|HEAP_ALLOCATE|[EXTERNAL]|Bytes:24
12:07:39.0 (66537142)|VARIABLE_ASSIGNMENT|[142]|plValues|["1. 25 years","2. 25-35 years","3. 35-45 years","4. 45+ years","5. Do not want to sh (3 more) ..."]|0x3f92cd9c
12:07:39.0 (66556753)|HEAP_ALLOCATE|[143]|Bytes:5
12:07:39.0 (66568193)|HEAP_ALLOCATE|[143]|Bytes:11
12:07:39.0 (66574303)|VARIABLE_SCOPE_BEGIN|[143]|str|String|false|false
12:07:39.0 (66582773)|VARIABLE_ASSIGNMENT|[143]|str|"1. 25 years"
12:07:39.0 (66586564)|STATEMENT_EXECUTE|[143]
12:07:39.0 (66588774)|STATEMENT_EXECUTE|[144]
12:07:39.0 (66592024)|HEAP_ALLOCATE|[144]|Bytes:12
12:07:39.0 (66597294)|CONSTRUCTOR_ENTRY|[144]|01p2t000000Ta9s|<init>()|ReaderInsightFormController.options
12:07:39.0 (66603014)|VARIABLE_SCOPE_BEGIN|[11]|this|ReaderInsightFormController.options|true|false
12:07:39.0 (66614764)|VARIABLE_ASSIGNMENT|[11]|this|{}|0x2fb3d3eb
12:07:39.0 (66628144)|STATEMENT_EXECUTE|[11]
12:07:39.0 (66630264)|STATEMENT_EXECUTE|[12]
12:07:39.0 (66632314)|STATEMENT_EXECUTE|[13]
12:07:39.0 (66635185)|CONSTRUCTOR_EXIT|[144]|01p2t000000Ta9s|<init>()|ReaderInsightFormController.options
12:07:39.0 (66640745)|VARIABLE_SCOPE_BEGIN|[144]|opt|ReaderInsightFormController.options|true|false
12:07:39.0 (66651315)|VARIABLE_ASSIGNMENT|[144]|opt|{}|0x2fb3d3eb
12:07:39.0 (66655775)|STATEMENT_EXECUTE|[145]
12:07:39.0 (66670205)|VARIABLE_ASSIGNMENT|[EXTERNAL]|this|{}|0x2fb3d3eb
12:07:39.0 (66678865)|VARIABLE_ASSIGNMENT|[EXTERNAL]|value|"1. 25 years"
12:07:39.0 (66686986)|VARIABLE_ASSIGNMENT|[12]|this.label|"1. 25 years"|0x2fb3d3eb
12:07:39.0 (66695046)|STATEMENT_EXECUTE|[146]
12:07:39.0 (66710256)|VARIABLE_ASSIGNMENT|[EXTERNAL]|this|{"label":"1. 25 years"}|0x2fb3d3eb
12:07:39.0 (66718656)|VARIABLE_ASSIGNMENT|[EXTERNAL]|value|"1. 25 years"
12:07:39.0 (66726566)|VARIABLE_ASSIGNMENT|[13]|this.value|"1. 25 years"|0x2fb3d3eb
12:07:39.0 (66734117)|STATEMENT_EXECUTE|[147]
12:07:39.0 (66741557)|HEAP_ALLOCATE|[EXTERNAL]|Bytes:4
12:07:39.0 (66756607)|HEAP_ALLOCATE|[143]|Bytes:5
12:07:39.0 (66766277)|HEAP_ALLOCATE|[143]|Bytes:14
12:07:39.0 (66772537)|VARIABLE_SCOPE_BEGIN|[143]|str|String|false|false
12:07:39.0 (66780388)|VARIABLE_ASSIGNMENT|[143]|str|"2. 25-35 years"
12:07:39.0 (66784108)|STATEMENT_EXECUTE|[143]
12:07:39.0 (66786168)|STATEMENT_EXECUTE|[144]
12:07:39.0 (66789318)|HEAP_ALLOCATE|[144]|Bytes:12
12:07:39.0 (66794648)|CONSTRUCTOR_ENTRY|[144]|01p2t000000Ta9s|<init>()|ReaderInsightFormController.options
12:07:39.0 (66799638)|VARIABLE_SCOPE_BEGIN|[11]|this|ReaderInsightFormController.options|true|false
12:07:39.0 (66810798)|VARIABLE_ASSIGNMENT|[11]|this|{}|0x64bd97f9
12:07:39.0 (66824318)|STATEMENT_EXECUTE|[11]
12:07:39.0 (66826659)|STATEMENT_EXECUTE|[12]
12:07:39.0 (66828869)|STATEMENT_EXECUTE|[13]
12:07:39.0 (66831639)|CONSTRUCTOR_EXIT|[144]|01p2t000000Ta9s|<init>()|ReaderInsightFormController.options
12:07:39.0 (66836809)|VARIABLE_SCOPE_BEGIN|[144]|opt|ReaderInsightFormController.options|true|false
12:07:39.0 (66847309)|VARIABLE_ASSIGNMENT|[144]|opt|{}|0x64bd97f9
12:07:39.0 (66851629)|STATEMENT_EXECUTE|[145]
12:07:39.0 (66864639)|VARIABLE_ASSIGNMENT|[EXTERNAL]|this|{}|0x64bd97f9
12:07:39.0 (66873289)|VARIABLE_ASSIGNMENT|[EXTERNAL]|value|"2. 25-35 years"
12:07:39.0 (66880470)|VARIABLE_ASSIGNMENT|[12]|this.label|"2. 25-35 years"|0x64bd97f9
12:07:39.0 (66889200)|STATEMENT_EXECUTE|[146]
12:07:39.0 (66902510)|VARIABLE_ASSIGNMENT|[EXTERNAL]|this|{"label":"2. 25-35 years"}|0x64bd97f9
12:07:39.0 (66911700)|VARIABLE_ASSIGNMENT|[EXTERNAL]|value|"2. 25-35 years"
12:07:39.0 (66918620)|VARIABLE_ASSIGNMENT|[13]|this.value|"2. 25-35 years"|0x64bd97f9
12:07:39.0 (66927001)|STATEMENT_EXECUTE|[147]
12:07:39.0 (66933501)|HEAP_ALLOCATE|[EXTERNAL]|Bytes:4
12:07:39.0 (66946061)|HEAP_ALLOCATE|[143]|Bytes:5
12:07:39.0 (66955271)|HEAP_ALLOCATE|[143]|Bytes:14
12:07:39.0 (66960991)|VARIABLE_SCOPE_BEGIN|[143]|str|String|false|false
12:07:39.0 (66968921)|VARIABLE_ASSIGNMENT|[143]|str|"3. 35-45 years"
12:07:39.0 (66973512)|STATEMENT_EXECUTE|[143]
12:07:39.0 (66975722)|STATEMENT_EXECUTE|[144]
12:07:39.0 (66978622)|HEAP_ALLOCATE|[144]|Bytes:12
12:07:39.0 (66983162)|CONSTRUCTOR_ENTRY|[144]|01p2t000000Ta9s|<init>()|ReaderInsightFormController.options
12:07:39.0 (66988052)|VARIABLE_SCOPE_BEGIN|[11]|this|ReaderInsightFormController.options|true|false
12:07:39.0 (66998892)|VARIABLE_ASSIGNMENT|[11]|this|{}|0x2790a435
12:07:39.0 (67011892)|STATEMENT_EXECUTE|[11]
12:07:39.0 (67014362)|STATEMENT_EXECUTE|[12]
12:07:39.0 (67016402)|STATEMENT_EXECUTE|[13]
12:07:39.0 (67019322)|CONSTRUCTOR_EXIT|[144]|01p2t000000Ta9s|<init>()|ReaderInsightFormController.options
12:07:39.0 (67024303)|VARIABLE_SCOPE_BEGIN|[144]|opt|ReaderInsightFormController.options|true|false
12:07:39.0 (67035333)|VARIABLE_ASSIGNMENT|[144]|opt|{}|0x2790a435
12:07:39.0 (67039743)|STATEMENT_EXECUTE|[145]
12:07:39.0 (67052243)|VARIABLE_ASSIGNMENT|[EXTERNAL]|this|{}|0x2790a435
12:07:39.0 (67060663)|VARIABLE_ASSIGNMENT|[EXTERNAL]|value|"3. 35-45 years"
12:07:39.0 (67068524)|VARIABLE_ASSIGNMENT|[12]|this.label|"3. 35-45 years"|0x2790a435
12:07:39.0 (67076604)|STATEMENT_EXECUTE|[146]
12:07:39.0 (67089544)|VARIABLE_ASSIGNMENT|[EXTERNAL]|this|{"label":"3. 35-45 years"}|0x2790a435
12:07:39.0 (67097884)|VARIABLE_ASSIGNMENT|[EXTERNAL]|value|"3. 35-45 years"
12:07:39.0 (67105724)|VARIABLE_ASSIGNMENT|[13]|this.value|"3. 35-45 years"|0x2790a435
12:07:39.0 (67113884)|STATEMENT_EXECUTE|[147]
12:07:39.0 (67120765)|HEAP_ALLOCATE|[EXTERNAL]|Bytes:4
12:07:39.0 (67133425)|HEAP_ALLOCATE|[143]|Bytes:5
12:07:39.0 (67142285)|HEAP_ALLOCATE|[143]|Bytes:12
12:07:39.0 (67148055)|VARIABLE_SCOPE_BEGIN|[143]|str|String|false|false
12:07:39.0 (67156105)|VARIABLE_ASSIGNMENT|[143]|str|"4. 45+ years"
12:07:39.0 (67159955)|STATEMENT_EXECUTE|[143]
12:07:39.0 (67162045)|STATEMENT_EXECUTE|[144]
12:07:39.0 (67165206)|HEAP_ALLOCATE|[144]|Bytes:12
12:07:39.0 (67170707)|CONSTRUCTOR_ENTRY|[144]|01p2t000000Ta9s|<init>()|ReaderInsightFormController.options
12:07:39.0 (67176187)|VARIABLE_SCOPE_BEGIN|[11]|this|ReaderInsightFormController.options|true|false
12:07:39.0 (67187147)|VARIABLE_ASSIGNMENT|[11]|this|{}|0xec76376
12:07:39.0 (67200316)|STATEMENT_EXECUTE|[11]
12:07:39.0 (67202656)|STATEMENT_EXECUTE|[12]
12:07:39.0 (67204846)|STATEMENT_EXECUTE|[13]
12:07:39.0 (67208456)|CONSTRUCTOR_EXIT|[144]|01p2t000000Ta9s|<init>()|ReaderInsightFormController.options
12:07:39.0 (67213967)|VARIABLE_SCOPE_BEGIN|[144]|opt|ReaderInsightFormController.options|true|false
12:07:39.0 (67223817)|VARIABLE_ASSIGNMENT|[144]|opt|{}|0xec76376
12:07:39.0 (67228117)|STATEMENT_EXECUTE|[145]
12:07:39.0 (67240588)|VARIABLE_ASSIGNMENT|[EXTERNAL]|this|{}|0xec76376
12:07:39.0 (67250047)|VARIABLE_ASSIGNMENT|[EXTERNAL]|value|"4. 45+ years"
12:07:39.0 (67257577)|VARIABLE_ASSIGNMENT|[12]|this.label|"4. 45+ years"|0xec76376
12:07:39.0 (67265368)|STATEMENT_EXECUTE|[146]
12:07:39.0 (67278968)|VARIABLE_ASSIGNMENT|[EXTERNAL]|this|{"label":"4. 45+ years"}|0xec76376
12:07:39.0 (67287269)|VARIABLE_ASSIGNMENT|[EXTERNAL]|value|"4. 45+ years"
12:07:39.0 (67295318)|VARIABLE_ASSIGNMENT|[13]|this.value|"4. 45+ years"|0xec76376
12:07:39.0 (67303789)|STATEMENT_EXECUTE|[147]
12:07:39.0 (67311249)|HEAP_ALLOCATE|[EXTERNAL]|Bytes:4
12:07:39.0 (67323659)|HEAP_ALLOCATE|[143]|Bytes:5
12:07:39.0 (67333529)|HEAP_ALLOCATE|[143]|Bytes:23
12:07:39.0 (67339409)|VARIABLE_SCOPE_BEGIN|[143]|str|String|false|false
12:07:39.0 (67347649)|VARIABLE_ASSIGNMENT|[143]|str|"5. Do not want to sh (3 more) ..."
12:07:39.0 (67351499)|STATEMENT_EXECUTE|[143]
12:07:39.0 (67353699)|STATEMENT_EXECUTE|[144]
12:07:39.0 (67356679)|HEAP_ALLOCATE|[144]|Bytes:12
12:07:39.0 (67361391)|CONSTRUCTOR_ENTRY|[144]|01p2t000000Ta9s|<init>()|ReaderInsightFormController.options
12:07:39.0 (67366210)|VARIABLE_SCOPE_BEGIN|[11]|this|ReaderInsightFormController.options|true|false
12:07:39.0 (67377671)|VARIABLE_ASSIGNMENT|[11]|this|{}|0x3fdac5ce
12:07:39.0 (67390060)|STATEMENT_EXECUTE|[11]
12:07:39.0 (67392220)|STATEMENT_EXECUTE|[12]
12:07:39.0 (67394400)|STATEMENT_EXECUTE|[13]
12:07:39.0 (67397400)|CONSTRUCTOR_EXIT|[144]|01p2t000000Ta9s|<init>()|ReaderInsightFormController.options
12:07:39.0 (67402720)|VARIABLE_SCOPE_BEGIN|[144]|opt|ReaderInsightFormController.options|true|false
12:07:39.0 (67413291)|VARIABLE_ASSIGNMENT|[144]|opt|{}|0x3fdac5ce
12:07:39.0 (67417891)|STATEMENT_EXECUTE|[145]
12:07:39.0 (67430952)|VARIABLE_ASSIGNMENT|[EXTERNAL]|this|{}|0x3fdac5ce
12:07:39.0 (67440161)|VARIABLE_ASSIGNMENT|[EXTERNAL]|value|"5. Do not want to sh (3 more) ..."
12:07:39.0 (67447601)|VARIABLE_ASSIGNMENT|[12]|this.label|"5. Do not want to sh (3 more) ..."|0x3fdac5ce
12:07:39.0 (67456342)|STATEMENT_EXECUTE|[146]
12:07:39.0 (67470953)|VARIABLE_ASSIGNMENT|[EXTERNAL]|this|{"label":"5. Do not want to sh (3 more) ..."}|0x3fdac5ce
12:07:39.0 (67479713)|VARIABLE_ASSIGNMENT|[EXTERNAL]|value|"5. Do not want to sh (3 more) ..."
12:07:39.0 (67487633)|VARIABLE_ASSIGNMENT|[13]|this.value|"5. Do not want to sh (3 more) ..."|0x3fdac5ce
12:07:39.0 (67495993)|STATEMENT_EXECUTE|[147]
12:07:39.0 (67502613)|HEAP_ALLOCATE|[EXTERNAL]|Bytes:4
12:07:39.0 (67515634)|HEAP_ALLOCATE|[143]|Bytes:5
12:07:39.0 (67527523)|VARIABLE_ASSIGNMENT|[143]|str|null
12:07:39.0 (67532954)|STATEMENT_EXECUTE|[149]
12:07:39.0 (67547773)|VARIABLE_ASSIGNMENT|[EXTERNAL]|this|{}|0x5fe294f0
12:07:39.0 (67570875)|VARIABLE_ASSIGNMENT|[EXTERNAL]|value|[{"label":"1. 25 years","value":"1. 25 years"},{"label":"2. 25-35 years","value":"2. 25-35 years"},{"label":"3. 35-45 years","value":"3. 35-45 years"},{"label":"4. 45+ years","value":"4. 45+ years"},{"label":"5. Do not want to sh (3 more) ...","value":"5. Do not want to sh (3 more) ..."}]|0x77e6911a
12:07:39.0 (67592995)|VARIABLE_ASSIGNMENT|[8]|this.option|[{"label":"1. 25 years","value":"1. 25 years"},{"label":"2. 25-35 years","value":"2. 25-35 years"},{"label":"3. 35-45 years","value":"3. 35-45 years"},{"label":"4. 45+ years","value":"4. 45+ years"},{"label":"5. Do not want to sh (3 more) ...","value":"5. Do not want to sh (3 more) ..."}]|0x5fe294f0
12:07:39.0 (67603836)|STATEMENT_EXECUTE|[150]
12:07:39.0 (67623455)|VARIABLE_ASSIGNMENT|[EXTERNAL]|this|{"option":"0x77e6911a"}|0x5fe294f0
12:07:39.0 (67633596)|VARIABLE_ASSIGNMENT|[EXTERNAL]|value|"Age Group"
12:07:39.0 (67640845)|VARIABLE_ASSIGNMENT|[3]|this.qstion|"Age Group"|0x5fe294f0
12:07:39.0 (67648766)|STATEMENT_EXECUTE|[151]
12:07:39.0 (67656506)|HEAP_ALLOCATE|[151]|Bytes:18
12:07:39.0 (67676207)|VARIABLE_ASSIGNMENT|[EXTERNAL]|this|{"option":"0x77e6911a","qstion":"Age Group"}|0x5fe294f0
12:07:39.0 (67685087)|VARIABLE_ASSIGNMENT|[EXTERNAL]|value|"a1J2t000002JSnbEAG"
12:07:39.0 (67693637)|VARIABLE_ASSIGNMENT|[4]|this.qsId|"a1J2t000002JSnbEAG"|0x5fe294f0
12:07:39.0 (67701697)|STATEMENT_EXECUTE|[152]
12:07:39.0 (67723337)|VARIABLE_ASSIGNMENT|[EXTERNAL]|this|{"option":"0x77e6911a","qsId":"a1J2t000002JSnbEAG","qstion":"Age Group"}|0x5fe294f0
12:07:39.0 (67733568)|VARIABLE_ASSIGNMENT|[EXTERNAL]|value|"Single"
12:07:39.0 (67741888)|VARIABLE_ASSIGNMENT|[5]|this.type|"Single"|0x5fe294f0
12:07:39.0 (67750458)|STATEMENT_EXECUTE|[153]
12:07:39.0 (67755919)|HEAP_ALLOCATE|[153]|Bytes:4
12:07:39.0 (67782089)|VARIABLE_ASSIGNMENT|[EXTERNAL]|this|{"option":"0x77e6911a","qsId":"a1J2t000002JSnbEAG","qstion":"Age Group","type":"Single"}|0x5fe294f0
12:07:39.0 (67798050)|HEAP_ALLOCATE|[EXTERNAL]|Bytes:4
12:07:39.0 (67804259)|VARIABLE_ASSIGNMENT|[EXTERNAL]|value|[]|0x37d09f93
12:07:39.0 (67812650)|VARIABLE_ASSIGNMENT|[7]|this.multianswrs|[]|0x5fe294f0
12:07:39.0 (67821419)|STATEMENT_EXECUTE|[154]
12:07:39.0 (67841820)|VARIABLE_ASSIGNMENT|[EXTERNAL]|this|{"multianswrs":"0x37d09f93","option":"0x77e6911a","qsId":"a1J2t000002JSnbEAG","qstion":"Age Group","type":"Single"}|0x5fe294f0
12:07:39.0 (67850710)|VARIABLE_ASSIGNMENT|[EXTERNAL]|value|""
12:07:39.0 (67858310)|VARIABLE_ASSIGNMENT|[6]|this.singleanswrs|""|0x5fe294f0
12:07:39.0 (67865870)|STATEMENT_EXECUTE|[155]
12:07:39.0 (67873771)|HEAP_ALLOCATE|[EXTERNAL]|Bytes:4
12:07:39.0 (67887060)|HEAP_ALLOCATE|[139]|Bytes:5
12:07:39.0 (67899461)|HEAP_ALLOCATE|[139]|Bytes:20
12:07:39.0 (67906562)|VARIABLE_SCOPE_BEGIN|[139]|rIc|Reader_Insight__c|true|false
12:07:39.0 (67958643)|VARIABLE_ASSIGNMENT|[139]|rIc|{"Id":"a1J2t000002JSngEAG","Options__c":"Male;Female","Answer_Type__c":"Single","Question__c":"Gender"}|0x42232aec
12:07:39.0 (67964693)|STATEMENT_EXECUTE|[139]
12:07:39.0 (67966712)|STATEMENT_EXECUTE|[140]
12:07:39.0 (67970413)|HEAP_ALLOCATE|[140]|Bytes:28
12:07:39.0 (67976982)|CONSTRUCTOR_ENTRY|[140]|01p2t000000Ta9s|<init>()|ReaderInsightFormController.qstionwrapperx
12:07:39.0 (67983262)|VARIABLE_SCOPE_BEGIN|[2]|this|ReaderInsightFormController.qstionwrapperx|true|false
12:07:39.0 (67996254)|VARIABLE_ASSIGNMENT|[2]|this|{}|0x15432450
12:07:39.0 (68011273)|STATEMENT_EXECUTE|[2]
12:07:39.0 (68014764)|STATEMENT_EXECUTE|[3]
12:07:39.0 (68017143)|STATEMENT_EXECUTE|[4]
12:07:39.0 (68019054)|STATEMENT_EXECUTE|[5]
12:07:39.0 (68021113)|STATEMENT_EXECUTE|[6]
12:07:39.0 (68023124)|STATEMENT_EXECUTE|[7]
12:07:39.0 (68025014)|STATEMENT_EXECUTE|[8]
12:07:39.0 (68028014)|CONSTRUCTOR_EXIT|[140]|01p2t000000Ta9s|<init>()|ReaderInsightFormController.qstionwrapperx
12:07:39.0 (68033935)|VARIABLE_SCOPE_BEGIN|[140]|qwrp|ReaderInsightFormController.qstionwrapperx|true|false
12:07:39.0 (68046514)|VARIABLE_ASSIGNMENT|[140]|qwrp|{}|0x15432450
12:07:39.0 (68051695)|STATEMENT_EXECUTE|[141]
12:07:39.0 (68057095)|HEAP_ALLOCATE|[141]|Bytes:4
12:07:39.0 (68068845)|VARIABLE_SCOPE_BEGIN|[141]|optlist|List<ReaderInsightFormController.options>|true|false
12:07:39.0 (68081606)|HEAP_ALLOCATE|[EXTERNAL]|Bytes:4
12:07:39.0 (68088926)|VARIABLE_ASSIGNMENT|[141]|optlist|[]|0x20aa295d
12:07:39.0 (68093406)|STATEMENT_EXECUTE|[142]
12:07:39.0 (68114846)|HEAP_ALLOCATE|[142]|Bytes:4
12:07:39.0 (68119046)|HEAP_ALLOCATE|[142]|Bytes:6
12:07:39.0 (68122435)|HEAP_ALLOCATE|[142]|Bytes:12
12:07:39.0 (68140116)|HEAP_ALLOCATE|[EXTERNAL]|Bytes:12
12:07:39.0 (68149036)|VARIABLE_ASSIGNMENT|[142]|plValues|["Male","Female"]|0x49b76c33
12:07:39.0 (68169217)|HEAP_ALLOCATE|[143]|Bytes:5
12:07:39.0 (68179668)|HEAP_ALLOCATE|[143]|Bytes:4
12:07:39.0 (68186538)|VARIABLE_SCOPE_BEGIN|[143]|str|String|false|false
12:07:39.0 (68194708)|VARIABLE_ASSIGNMENT|[143]|str|"Male"
12:07:39.0 (68198458)|STATEMENT_EXECUTE|[143]
12:07:39.0 (68228019)|STATEMENT_EXECUTE|[144]
12:07:39.0 (68232998)|HEAP_ALLOCATE|[144]|Bytes:12
12:07:39.0 (68240429)|CONSTRUCTOR_ENTRY|[144]|01p2t000000Ta9s|<init>()|ReaderInsightFormController.options
12:07:39.0 (68247379)|VARIABLE_SCOPE_BEGIN|[11]|this|ReaderInsightFormController.options|true|false
12:07:39.0 (68261219)|VARIABLE_ASSIGNMENT|[11]|this|{}|0x7a285e91
12:07:39.0 (68274919)|STATEMENT_EXECUTE|[11]
12:07:39.0 (68277140)|STATEMENT_EXECUTE|[12]
12:07:39.0 (68279290)|STATEMENT_EXECUTE|[13]
12:07:39.0 (68282319)|CONSTRUCTOR_EXIT|[144]|01p2t000000Ta9s|<init>()|ReaderInsightFormController.options
12:07:39.0 (68287950)|VARIABLE_SCOPE_BEGIN|[144]|opt|ReaderInsightFormController.options|true|false
12:07:39.0 (68299470)|VARIABLE_ASSIGNMENT|[144]|opt|{}|0x7a285e91
12:07:39.0 (68303710)|STATEMENT_EXECUTE|[145]
12:07:39.0 (68316570)|VARIABLE_ASSIGNMENT|[EXTERNAL]|this|{}|0x7a285e91
12:07:39.0 (68325011)|VARIABLE_ASSIGNMENT|[EXTERNAL]|value|"Male"
12:07:39.0 (68332211)|VARIABLE_ASSIGNMENT|[12]|this.label|"Male"|0x7a285e91
12:07:39.0 (68341280)|STATEMENT_EXECUTE|[146]
12:07:39.0 (68355320)|VARIABLE_ASSIGNMENT|[EXTERNAL]|this|{"label":"Male"}|0x7a285e91
12:07:39.0 (68363931)|VARIABLE_ASSIGNMENT|[EXTERNAL]|value|"Male"
12:07:39.0 (68370692)|VARIABLE_ASSIGNMENT|[13]|this.value|"Male"|0x7a285e91
12:07:39.0 (68379182)|STATEMENT_EXECUTE|[147]
12:07:39.0 (68386192)|HEAP_ALLOCATE|[EXTERNAL]|Bytes:4
12:07:39.0 (68398961)|HEAP_ALLOCATE|[143]|Bytes:5
12:07:39.0 (68408192)|HEAP_ALLOCATE|[143]|Bytes:6
12:07:39.0 (68414441)|VARIABLE_SCOPE_BEGIN|[143]|str|String|false|false
12:07:39.0 (68422433)|VARIABLE_ASSIGNMENT|[143]|str|"Female"
12:07:39.0 (68426202)|STATEMENT_EXECUTE|[143]
12:07:39.0 (68428173)|STATEMENT_EXECUTE|[144]
12:07:39.0 (68431583)|HEAP_ALLOCATE|[144]|Bytes:12
12:07:39.0 (68436042)|CONSTRUCTOR_ENTRY|[144]|01p2t000000Ta9s|<init>()|ReaderInsightFormController.options
12:07:39.0 (68440983)|VARIABLE_SCOPE_BEGIN|[11]|this|ReaderInsightFormController.options|true|false
12:07:39.0 (68451202)|VARIABLE_ASSIGNMENT|[11]|this|{}|0x76459420
12:07:39.0 (68463583)|STATEMENT_EXECUTE|[11]
12:07:39.0 (68465824)|STATEMENT_EXECUTE|[12]
12:07:39.0 (68467994)|STATEMENT_EXECUTE|[13]
12:07:39.0 (68470744)|CONSTRUCTOR_EXIT|[144]|01p2t000000Ta9s|<init>()|ReaderInsightFormController.options
12:07:39.0 (68475854)|VARIABLE_SCOPE_BEGIN|[144]|opt|ReaderInsightFormController.options|true|false
12:07:39.0 (68485494)|VARIABLE_ASSIGNMENT|[144]|opt|{}|0x76459420
12:07:39.0 (68490203)|STATEMENT_EXECUTE|[145]
12:07:39.0 (68503784)|VARIABLE_ASSIGNMENT|[EXTERNAL]|this|{}|0x76459420
12:07:39.0 (68512625)|VARIABLE_ASSIGNMENT|[EXTERNAL]|value|"Female"
12:07:39.0 (68519545)|VARIABLE_ASSIGNMENT|[12]|this.label|"Female"|0x76459420
12:07:39.0 (68527195)|STATEMENT_EXECUTE|[146]
12:07:39.0 (68540324)|VARIABLE_ASSIGNMENT|[EXTERNAL]|this|{"label":"Female"}|0x76459420
12:07:39.0 (68548505)|VARIABLE_ASSIGNMENT|[EXTERNAL]|value|"Female"
12:07:39.0 (68555495)|VARIABLE_ASSIGNMENT|[13]|this.value|"Female"|0x76459420
12:07:39.0 (68563066)|STATEMENT_EXECUTE|[147]
12:07:39.0 (68570485)|HEAP_ALLOCATE|[EXTERNAL]|Bytes:4
12:07:39.0 (68583386)|HEAP_ALLOCATE|[143]|Bytes:5
12:07:39.0 (68594605)|VARIABLE_ASSIGNMENT|[143]|str|null
12:07:39.0 (68599005)|STATEMENT_EXECUTE|[149]
12:07:39.0 (68614617)|VARIABLE_ASSIGNMENT|[EXTERNAL]|this|{}|0x15432450
12:07:39.0 (68632086)|VARIABLE_ASSIGNMENT|[EXTERNAL]|value|[{"label":"Male","value":"Male"},{"label":"Female","value":"Female"}]|0x20aa295d
12:07:39.0 (68647027)|VARIABLE_ASSIGNMENT|[8]|this.option|[{"label":"Male","value":"Male"},{"label":"Female","value":"Female"}]|0x15432450
12:07:39.0 (68655286)|STATEMENT_EXECUTE|[150]
12:07:39.0 (68675598)|VARIABLE_ASSIGNMENT|[EXTERNAL]|this|{"option":"0x20aa295d"}|0x15432450
12:07:39.0 (68684668)|VARIABLE_ASSIGNMENT|[EXTERNAL]|value|"Gender"
12:07:39.0 (68691598)|VARIABLE_ASSIGNMENT|[3]|this.qstion|"Gender"|0x15432450
12:07:39.0 (68700098)|STATEMENT_EXECUTE|[151]
12:07:39.0 (68707009)|HEAP_ALLOCATE|[151]|Bytes:18
12:07:39.0 (68726499)|VARIABLE_ASSIGNMENT|[EXTERNAL]|this|{"option":"0x20aa295d","qstion":"Gender"}|0x15432450
12:07:39.0 (68736299)|VARIABLE_ASSIGNMENT|[EXTERNAL]|value|"a1J2t000002JSngEAG"
12:07:39.0 (68745079)|VARIABLE_ASSIGNMENT|[4]|this.qsId|"a1J2t000002JSngEAG"|0x15432450
12:07:39.0 (68753070)|STATEMENT_EXECUTE|[152]
12:07:39.0 (68772570)|VARIABLE_ASSIGNMENT|[EXTERNAL]|this|{"option":"0x20aa295d","qsId":"a1J2t000002JSngEAG","qstion":"Gender"}|0x15432450
12:07:39.0 (68781250)|VARIABLE_ASSIGNMENT|[EXTERNAL]|value|"Single"
12:07:39.0 (68788480)|VARIABLE_ASSIGNMENT|[5]|this.type|"Single"|0x15432450
12:07:39.0 (68797190)|STATEMENT_EXECUTE|[153]
12:07:39.0 (68803151)|HEAP_ALLOCATE|[153]|Bytes:4
12:07:39.0 (68830411)|VARIABLE_ASSIGNMENT|[EXTERNAL]|this|{"option":"0x20aa295d","qsId":"a1J2t000002JSngEAG","qstion":"Gender","type":"Single"}|0x15432450
12:07:39.0 (68847051)|HEAP_ALLOCATE|[EXTERNAL]|Bytes:4
12:07:39.0 (68853422)|VARIABLE_ASSIGNMENT|[EXTERNAL]|value|[]|0x7d4bb74
12:07:39.0 (68861522)|VARIABLE_ASSIGNMENT|[7]|this.multianswrs|[]|0x15432450
12:07:39.0 (68870632)|STATEMENT_EXECUTE|[154]
12:07:39.0 (68889312)|VARIABLE_ASSIGNMENT|[EXTERNAL]|this|{"multianswrs":"0x7d4bb74","option":"0x20aa295d","qsId":"a1J2t000002JSngEAG","qstion":"Gender","type":"Single"}|0x15432450
12:07:39.0 (68899103)|VARIABLE_ASSIGNMENT|[EXTERNAL]|value|""
12:07:39.0 (68906103)|VARIABLE_ASSIGNMENT|[6]|this.singleanswrs|""|0x15432450
12:07:39.0 (68913763)|STATEMENT_EXECUTE|[155]
12:07:39.0 (68921993)|HEAP_ALLOCATE|[EXTERNAL]|Bytes:4
12:07:39.0 (68935833)|HEAP_ALLOCATE|[139]|Bytes:5
12:07:39.0 (68947884)|VARIABLE_ASSIGNMENT|[139]|rIc|null|
12:07:39.0 (68952314)|STATEMENT_EXECUTE|[157]
12:07:39.0 (68955474)|HEAP_ALLOCATE|[157]|Bytes:7
12:07:39.0 (69052276)|HEAP_ALLOCATE|[157]|Bytes:1455
12:07:39.0 (69069186)|HEAP_ALLOCATE|[157]|Bytes:1462
12:07:39.0 (69088597)|USER_DEBUG|[157]|DEBUG|wrplist(qstionwrapperx:[multianswrs=(), option=(options:[label=Yes , value=Yes ], options:[label= No, value= No]), qsId=a1J2t000000nVo6EAE, qstion=Do you Think your Newspaper is giving you all the required news?, singleanswrs=, type=Single], qstionwrapperx:[multianswrs=(), option=(options:[label=National, value=National], options:[label=Global/International, value=Global/International], options:[label=Local/City News, value=Local/City News], options:[label=Business, value=Business], options:[label=Sports, value=Sports], options:[label=Entertainment/TIMS, value=Entertainment/TIMS], options:[label=Technology, value=Technology], options:[label=Editorial/Opinion, value=Editorial/Opinion], options:[label=No Favourite Section, value=No Favourite Section]), qsId=a1J2t000002JSqKEAW, qstion=Which Section of The Times Group Publication you like most ?, singleanswrs=, type=Multi Select], qstionwrapperx:[multianswrs=(), option=(options:[label=1. 25 years, value=1. 25 years], options:[label=2. 25-35 years, value=2. 25-35 years], options:[label=3. 35-45 years, value=3. 35-45 years], options:[label=4. 45+ years, value=4. 45+ years], options:[label=5. Do not want to share, value=5. Do not want to share]), qsId=a1J2t000002JSnbEAG, qstion=Age Group, singleanswrs=, type=Single], qstionwrapperx:[multianswrs=(), option=(options:[label=Male, value=Male], options:[label=Female, value=Female]), qsId=a1J2t000002JSngEAG, qstion=Gender, singleanswrs=, type=Single])
12:07:39.0 (69105697)|STATEMENT_EXECUTE|[158]
12:07:39.69 (69168528)|CUMULATIVE_LIMIT_USAGE
12:07:39.69 (69168528)|LIMIT_USAGE_FOR_NS|(default)|
  Number of SOQL queries: 7 out of 100
  Number of query rows: 6 out of 50000
  Number of SOSL queries: 0 out of 20
  Number of DML statements: 0 out of 150
  Number of Publish Immediate DML: 0 out of 150
  Number of DML rows: 0 out of 10000
  Maximum CPU time: 0 out of 10000
  Maximum heap size: 0 out of 6000000
  Number of callouts: 0 out of 100
  Number of Email Invocations: 0 out of 10
  Number of future calls: 0 out of 50
  Number of queueable jobs added to the queue: 0 out of 50
  Number of Mobile Apex push calls: 0 out of 10

12:07:39.69 (69168528)|CUMULATIVE_LIMIT_USAGE_END

12:07:39.0 (69198939)|CODE_UNIT_FINISHED|ReaderInsightFormController.getquestions(String)
12:07:39.0 (69632898)|CODE_UNIT_FINISHED|apex://ReaderInsightFormController/ACTION$getquestions
12:07:39.0 (69641318)|EXECUTION_FINISHED
