65.0 APEX_CODE,FINEST;APEX_PROFILING,INFO;CALLOUT,INFO;DATA_ACCESS,INFO;DB,INFO;NBA,INFO;SYSTEM,DEBUG;VALIDATION,INFO;VISUALFORCE,INFO;WAVE,INFO;WORKFLOW,INFO
16:21:01.0 (336489)|USER_INFO|[EXTERNAL]|0052t000000K4aE|rmdsupport1@timesgroup.com|(GMT+05:30) India Standard Time (Asia/Kolkata)|GMT+05:30
16:21:01.0 (427171)|EXECUTION_STARTED
16:21:01.0 (468422)|CODE_UNIT_STARTED|[EXTERNAL]|01p2t000000KTG6|RMDBatchSubscriptionLeadConvert
16:21:01.0 (1958162)|HEAP_ALLOCATE|[EXTERNAL]|Bytes:4
16:21:01.0 (2707992)|HEAP_ALLOCATE|[95]|Bytes:3
16:21:01.0 (2773254)|HEAP_ALLOCATE|[100]|Bytes:152
16:21:01.0 (2790954)|HEAP_ALLOCATE|[417]|Bytes:408
16:21:01.0 (2807725)|HEAP_ALLOCATE|[430]|Bytes:408
16:21:01.0 (2834865)|HEAP_ALLOCATE|[317]|Bytes:6
16:21:01.0 (2866586)|HEAP_ALLOCATE|[EXTERNAL]|Bytes:11
16:21:01.0 (2899147)|SYSTEM_METHOD_ENTRY|[15]|BatchableContextImpl.BatchableContextImpl()
16:21:01.0 (2913388)|STATEMENT_EXECUTE|[15]
16:21:01.0 (2934928)|SYSTEM_METHOD_EXIT|[15]|BatchableContextImpl
16:21:01.0 (2940978)|HEAP_ALLOCATE|[EXTERNAL]|Bytes:12
16:21:01.0 (2945758)|HEAP_ALLOCATE|[EXTERNAL]|Bytes:4
16:21:01.0 (2966999)|VARIABLE_SCOPE_BEGIN|[31]|this|Database.BatchableContextImpl|true|false
16:21:01.0 (3077872)|VARIABLE_ASSIGNMENT|[31]|this|{}|0x8fc8832
16:21:01.0 (3085452)|VARIABLE_SCOPE_BEGIN|[31]|jobId|Id|false|false
16:21:01.0 (3177785)|VARIABLE_ASSIGNMENT|[31]|jobId|"707e200000og0ABAAY"
16:21:01.0 (3183995)|VARIABLE_SCOPE_BEGIN|[31]|childJobId|Id|false|false
16:21:01.0 (3192415)|VARIABLE_ASSIGNMENT|[31]|childJobId|null
16:21:01.0 (21736780)|HEAP_ALLOCATE|[EXTERNAL]|Bytes:29
16:21:01.0 (21756960)|HEAP_ALLOCATE|[EXTERNAL]|Bytes:81
16:21:01.0 (21761400)|HEAP_ALLOCATE|[EXTERNAL]|Bytes:10
16:21:01.0 (21764890)|HEAP_ALLOCATE|[EXTERNAL]|Bytes:8
16:21:01.0 (21780221)|METHOD_ENTRY|[1]|01p2t000000KTG6|RMDBatchSubscriptionLeadConvert.RMDBatchSubscriptionLeadConvert()
16:21:01.0 (21787561)|STATEMENT_EXECUTE|[1]
16:21:01.0 (21795201)|STATEMENT_EXECUTE|[1]
16:21:01.0 (21823762)|HEAP_ALLOCATE|[68]|Bytes:5
16:21:01.0 (21896864)|HEAP_ALLOCATE|[74]|Bytes:5
16:21:01.0 (21910824)|HEAP_ALLOCATE|[82]|Bytes:7
16:21:01.0 (22096399)|HEAP_ALLOCATE|[EXTERNAL]|Bytes:5
16:21:01.0 (22102569)|STATEMENT_EXECUTE|[2]
16:21:01.0 (22115580)|METHOD_EXIT|[1]|RMDBatchSubscriptionLeadConvert
16:21:01.0 (22121480)|HEAP_ALLOCATE|[EXTERNAL]|Bytes:4
16:21:01.0 (22125830)|HEAP_ALLOCATE|[EXTERNAL]|Bytes:12
16:21:01.0 (22130840)|VARIABLE_SCOPE_BEGIN|[44]|this|RMDBatchSubscriptionLeadConvert|true|false
16:21:01.0 (22178481)|VARIABLE_ASSIGNMENT|[44]|this|{}|0x6bb77a2
16:21:01.0 (22184382)|VARIABLE_SCOPE_BEGIN|[44]|BC|Database.BatchableContext|true|false
16:21:01.0 (22295245)|VARIABLE_ASSIGNMENT|[44]|BC|{"jobId":"707e200000og0ABAAY"}|0x8fc8832
16:21:01.0 (22311235)|HEAP_ALLOCATE|[EXTERNAL]|Bytes:5
16:21:01.0 (22315855)|STATEMENT_EXECUTE|[44]
16:21:01.49 (49270834)|CUMULATIVE_LIMIT_USAGE
16:21:01.49 (49270834)|LIMIT_USAGE_FOR_NS|(default)|
  Number of SOQL queries: 0 out of 200
  Number of query rows: 0 out of 50000
  Number of SOSL queries: 0 out of 20
  Number of DML statements: 0 out of 150
  Number of Publish Immediate DML: 0 out of 150
  Number of DML rows: 0 out of 10000
  Maximum CPU time: 0 out of 60000
  Maximum heap size: 0 out of 12000000
  Number of callouts: 0 out of 0
  Number of Email Invocations: 0 out of 10
  Number of future calls: 0 out of 0
  Number of queueable jobs added to the queue: 0 out of 1
  Number of Mobile Apex push calls: 0 out of 10

16:21:01.49 (49270834)|CUMULATIVE_LIMIT_USAGE_END

16:21:01.0 (49373077)|CODE_UNIT_FINISHED|RMDBatchSubscriptionLeadConvert
16:21:01.0 (49411258)|EXECUTION_FINISHED
