55.0 APEX_CODE,FINEST;APEX_PROFILING,INFO;CALLOUT,INFO;DATA_ACCESS,INFO;DB,INFO;NBA,INFO;SYSTEM,DEBUG;VALIDATION,INFO;VISUALFORCE,INFO;WAVE,INFO;WORKFLOW,INFO
12:07:06.0 (189418)|USER_INFO|[EXTERNAL]|0052t000000K4aE|rmdsupport1@timesgroup.com|(GMT+05:30) India Standard Time (Asia/Kolkata)|GMT+05:30
12:07:06.0 (256112)|EXECUTION_STARTED
12:07:06.0 (269582)|CODE_UNIT_STARTED|[EXTERNAL]|01p2t000000kCuX|RMDBatchUpdateOrderRenewalLeadCreation
12:07:06.0 (1752981)|HEAP_ALLOCATE|[95]|Bytes:3
12:07:06.0 (1874947)|HEAP_ALLOCATE|[100]|Bytes:152
12:07:06.0 (1892628)|HEAP_ALLOCATE|[417]|Bytes:408
12:07:06.0 (1906738)|HEAP_ALLOCATE|[430]|Bytes:408
12:07:06.0 (1930869)|HEAP_ALLOCATE|[317]|Bytes:6
12:07:06.0 (2000293)|VARIABLE_SCOPE_BEGIN|[3]|RMDBatchUpdateOrderRenewalLeadCreation.oEndDate|Date|false|true
12:07:06.0 (3287612)|HEAP_ALLOCATE|[EXTERNAL]|Bytes:20
12:07:06.0 (4056998)|HEAP_ALLOCATE|[EXTERNAL]|Bytes:11
12:07:06.0 (4093359)|SYSTEM_METHOD_ENTRY|[15]|BatchableContextImpl.BatchableContextImpl()
12:07:06.0 (4102560)|STATEMENT_EXECUTE|[15]
12:07:06.0 (4118491)|SYSTEM_METHOD_EXIT|[15]|BatchableContextImpl
12:07:06.0 (4126782)|HEAP_ALLOCATE|[EXTERNAL]|Bytes:12
12:07:06.0 (4132801)|HEAP_ALLOCATE|[EXTERNAL]|Bytes:4
12:07:06.0 (4138472)|VARIABLE_SCOPE_BEGIN|[31]|this|Database.BatchableContextImpl|true|false
12:07:06.0 (4199125)|VARIABLE_ASSIGNMENT|[31]|this|{}|0x2ca3717e
12:07:06.0 (4205615)|VARIABLE_SCOPE_BEGIN|[31]|jobId|Id|false|false
12:07:06.0 (4305790)|VARIABLE_ASSIGNMENT|[31]|jobId|"707e200000p3gsLAAQ"
12:07:06.0 (4312150)|VARIABLE_SCOPE_BEGIN|[31]|childJobId|Id|false|false
12:07:06.0 (4320461)|VARIABLE_ASSIGNMENT|[31]|childJobId|null
12:07:06.0 (16016494)|HEAP_ALLOCATE|[EXTERNAL]|Bytes:57
12:07:06.0 (16038065)|HEAP_ALLOCATE|[EXTERNAL]|Bytes:21
12:07:06.0 (16043705)|HEAP_ALLOCATE|[EXTERNAL]|Bytes:9
12:07:06.0 (16078887)|METHOD_ENTRY|[1]|01p2t000000kCuX|RMDBatchUpdateOrderRenewalLeadCreation.RMDBatchUpdateOrderRenewalLeadCreation()
12:07:06.0 (16087257)|STATEMENT_EXECUTE|[1]
12:07:06.0 (16093547)|STATEMENT_EXECUTE|[1]
12:07:06.0 (16114838)|HEAP_ALLOCATE|[68]|Bytes:5
12:07:06.0 (16155580)|HEAP_ALLOCATE|[74]|Bytes:5
12:07:06.0 (16166731)|HEAP_ALLOCATE|[82]|Bytes:7
12:07:06.0 (16330278)|HEAP_ALLOCATE|[3]|Bytes:5
12:07:06.0 (16337079)|STATEMENT_EXECUTE|[3]
12:07:06.0 (16341129)|HEAP_ALLOCATE|[3]|Bytes:12
12:07:06.0 (19885453)|HEAP_ALLOCATE|[3]|Bytes:10
12:07:06.0 (19997098)|HEAP_ALLOCATE|[3]|Bytes:4
12:07:06.0 (20042420)|VARIABLE_ASSIGNMENT|[3]|RMDBatchUpdateOrderRenewalLeadCreation.oEndDate|"2022-12-31T00:00:00.000Z"
12:07:06.0 (20066072)|METHOD_EXIT|[1]|RMDBatchUpdateOrderRenewalLeadCreation
12:07:06.0 (20075592)|HEAP_ALLOCATE|[EXTERNAL]|Bytes:12
12:07:06.0 (20080822)|HEAP_ALLOCATE|[EXTERNAL]|Bytes:12
12:07:06.0 (20099333)|VARIABLE_SCOPE_BEGIN|[104]|this|RMDBatchUpdateOrderRenewalLeadCreation|true|false
12:07:06.0 (20151866)|VARIABLE_ASSIGNMENT|[104]|this|{"k":0}|0x5d851e2
12:07:06.0 (20161256)|VARIABLE_SCOPE_BEGIN|[104]|bc|Database.BatchableContext|true|false
12:07:06.0 (20262821)|VARIABLE_ASSIGNMENT|[104]|bc|{"jobId":"707e200000p3gsLAAQ"}|0x2ca3717e
12:07:06.0 (20346515)|HEAP_ALLOCATE|[105]|Bytes:5
12:07:06.0 (20353145)|STATEMENT_EXECUTE|[104]
12:07:06.0 (20406207)|HEAP_ALLOCATE|[105]|Bytes:118
12:07:06.0 (20422968)|SYSTEM_METHOD_ENTRY|[1]|Test.Test()
12:07:06.0 (20429269)|STATEMENT_EXECUTE|[1]
12:07:06.0 (20439779)|SYSTEM_METHOD_EXIT|[1]|Test
12:07:06.0 (20454430)|METHOD_ENTRY|[105]||System.Test.isRunningTest()
12:07:06.0 (20496712)|METHOD_EXIT|[105]||System.Test.isRunningTest()
12:07:06.0 (20508022)|STATEMENT_EXECUTE|[105]
12:07:06.0 (20510612)|STATEMENT_EXECUTE|[106]
12:07:06.0 (20517673)|VARIABLE_SCOPE_BEGIN|[106]|f|Integer|false|false
12:07:06.0 (20523643)|HEAP_ALLOCATE|[106]|Bytes:4
12:07:06.0 (20531793)|VARIABLE_ASSIGNMENT|[106]|f|1
12:07:06.0 (20535973)|STATEMENT_EXECUTE|[107]
12:07:06.0 (20540234)|HEAP_ALLOCATE|[107]|Bytes:3
12:07:06.0 (20586766)|HEAP_ALLOCATE|[107]|Bytes:19
12:07:06.0 (20606387)|HEAP_ALLOCATE|[107]|Bytes:22
12:07:06.0 (20625637)|USER_DEBUG|[107]|DEBUG|+++2022-12-31 00:00:00
12:07:06.44 (44811232)|CUMULATIVE_LIMIT_USAGE
12:07:06.44 (44811232)|LIMIT_USAGE_FOR_NS|(default)|
  Number of SOQL queries: 0 out of 200
  Number of query rows: 0 out of 50000
  Number of SOSL queries: 0 out of 20
  Number of DML statements: 0 out of 150
  Number of Publish Immediate DML: 0 out of 150
  Number of DML rows: 0 out of 10000
  Maximum CPU time: 0 out of 60000
  Maximum heap size: 0 out of 12000000
  Number of callouts: 0 out of 0
  Number of Email Invocations: 0 out of 10
  Number of future calls: 0 out of 0
  Number of queueable jobs added to the queue: 0 out of 1
  Number of Mobile Apex push calls: 0 out of 10

12:07:06.44 (44811232)|CUMULATIVE_LIMIT_USAGE_END

12:07:06.0 (44874524)|CODE_UNIT_FINISHED|RMDBatchUpdateOrderRenewalLeadCreation
12:07:06.0 (44908516)|EXECUTION_FINISHED
