66.0 APEX_CODE,FINEST;APEX_PROFILING,INFO;CALLOUT,INFO;DATA_ACCESS,INFO;DB,INFO;NBA,INFO;SYSTEM,DEBUG;VALIDATION,INFO;VISUALFORCE,INFO;WAVE,INFO;WORKFLOW,INFO
17:09:25.0 (256327)|USER_INFO|[EXTERNAL]|0052t000000K4aE|rmdsupport1@timesgroup.com|(GMT+05:30) India Standard Time (Asia/Kolkata)|GMT+05:30
17:09:25.0 (2002261)|FLOW_CREATE_INTERVIEW_BEGIN|00D7F000005Cdii|3002t0000004QPx|301Ie000000gAAo
17:09:25.0 (2082973)|FLOW_CREATE_INTERVIEW_END|62540df3f71ee95a2f0550e2dfec19d9b0de3b2-6932|Send Whatsapp Message On Order Confirmed
17:09:25.2 (2591485)|USER_INFO|[EXTERNAL]|0052t000000K4aE|rmdsupport1@timesgroup.com|(GMT+05:30) India Standard Time (Asia/Kolkata)|GMT+05:30
17:09:25.2 (2622076)|FLOW_START_INTERVIEWS_BEGIN|1
17:09:25.2 (2654527)|FLOW_START_INTERVIEW_BEGIN|62540df3f71ee95a2f0550e2dfec19d9b0de3b2-6932|Send Whatsapp Message On Order Confirmed
17:09:25.2 (2855432)|FLOW_START_INTERVIEW_END|62540df3f71ee95a2f0550e2dfec19d9b0de3b2-6932|Send Whatsapp Message On Order Confirmed
17:09:25.37 (37766738)|CODE_UNIT_STARTED|[EXTERNAL]|01p2t000002TDko|OrderCofirmationEmailLink.sendEmailLinkConfirmOrder(List<Id>)
17:09:25.37 (37899931)|HEAP_ALLOCATE|[EXTERNAL]|Bytes:8
17:09:25.37 (38197558)|HEAP_ALLOCATE|[95]|Bytes:3
17:09:25.37 (38263540)|HEAP_ALLOCATE|[100]|Bytes:152
17:09:25.37 (38281600)|HEAP_ALLOCATE|[417]|Bytes:408
17:09:25.37 (38295901)|HEAP_ALLOCATE|[430]|Bytes:408
17:09:25.37 (38321771)|HEAP_ALLOCATE|[317]|Bytes:6
17:09:25.37 (38338052)|HEAP_ALLOCATE|[EXTERNAL]|Bytes:69
17:09:25.37 (38343572)|HEAP_ALLOCATE|[EXTERNAL]|Bytes:7
17:09:25.37 (38347072)|HEAP_ALLOCATE|[EXTERNAL]|Bytes:24
17:09:25.37 (38379213)|METHOD_ENTRY|[1]|01p2t000002TDko|OrderCofirmationEmailLink.OrderCofirmationEmailLink()
17:09:25.37 (38394443)|STATEMENT_EXECUTE|[1]
17:09:25.37 (38405984)|STATEMENT_EXECUTE|[1]
17:09:25.37 (38409274)|STATEMENT_EXECUTE|[95]
17:09:25.37 (38411994)|STATEMENT_EXECUTE|[99]
17:09:25.37 (38414034)|STATEMENT_EXECUTE|[105]
17:09:25.37 (38416374)|STATEMENT_EXECUTE|[111]
17:09:25.37 (38418684)|STATEMENT_EXECUTE|[121]
17:09:25.37 (38420754)|STATEMENT_EXECUTE|[131]
17:09:25.37 (38434094)|METHOD_EXIT|[1]|OrderCofirmationEmailLink
17:09:25.37 (38473195)|HEAP_ALLOCATE|[EXTERNAL]|Bytes:8
17:09:25.37 (38504466)|VARIABLE_SCOPE_BEGIN|[4]|accIds|List<Id>|true|false
17:09:25.37 (38582568)|VARIABLE_ASSIGNMENT|[4]|accIds|["0012t00000EsTZuAAN"]|0x1e4445a5
17:09:25.37 (38592908)|STATEMENT_EXECUTE|[4]
17:09:25.37 (38595148)|STATEMENT_EXECUTE|[5]
17:09:25.37 (38598688)|HEAP_ALLOCATE|[5]|Bytes:37
17:09:25.37 (38677210)|HEAP_ALLOCATE|[5]|Bytes:20
17:09:25.37 (38701991)|HEAP_ALLOCATE|[5]|Bytes:57
17:09:25.37 (38728142)|HEAP_ALLOCATE|[68]|Bytes:5
17:09:25.37 (38757672)|HEAP_ALLOCATE|[74]|Bytes:5
17:09:25.37 (38768783)|HEAP_ALLOCATE|[82]|Bytes:7
17:09:25.37 (38803924)|USER_DEBUG|[5]|DEBUG|---accIds-Rahul--InvocableMethod-@@@-(0012t00000EsTZuAAN)
17:09:25.37 (38814364)|STATEMENT_EXECUTE|[6]
17:09:25.37 (38817614)|HEAP_ALLOCATE|[6]|Bytes:182
17:09:25.37 (38833844)|HEAP_ALLOCATE|[6]|Bytes:4
17:09:25.37 (38848365)|HEAP_ALLOCATE|[6]|Bytes:7
17:09:25.37 (39890451)|SOQL_EXECUTE_BEGIN|[6]|Aggregations:0|SELECT id, Name, RMD_Opt_In__c, RMD_SMS_Mobile__c, Email_Verification_Link__c FROM Account WHERE (Id IN :tmpVar1 AND Email_Verification_Link__c != NULL AND Email_Verified__c = FALSE)
17:09:25.37 (46190429)|SOQL_EXECUTE_END|[6]|Rows:0
17:09:25.37 (46236000)|HEAP_ALLOCATE|[6]|Bytes:4
17:09:25.37 (46264921)|HEAP_ALLOCATE|[6]|Bytes:0
17:09:25.37 (46422045)|HEAP_ALLOCATE|[6]|Bytes:4
17:09:25.37 (46445905)|HEAP_ALLOCATE|[6]|Bytes:33
17:09:25.37 (46752793)|HEAP_ALLOCATE|[6]|Bytes:46
17:09:25.37 (46905367)|FATAL_ERROR|System.QueryException: List has no rows for assignment to SObject

Class.OrderCofirmationEmailLink.sendEmailLinkConfirmOrder: line 6, column 1
17:09:25.37 (46921267)|FATAL_ERROR|System.QueryException: List has no rows for assignment to SObject

Class.OrderCofirmationEmailLink.sendEmailLinkConfirmOrder: line 6, column 1
17:09:25.46 (46947028)|CUMULATIVE_LIMIT_USAGE
17:09:25.46 (46947028)|LIMIT_USAGE_FOR_NS|(default)|
  Number of SOQL queries: 1 out of 200
  Number of query rows: 0 out of 50000
  Number of SOSL queries: 0 out of 20
  Number of DML statements: 0 out of 150
  Number of Publish Immediate DML: 0 out of 150
  Number of DML rows: 0 out of 10000
  Maximum CPU time: 8 out of 60000
  Maximum heap size: 0 out of 12000000
  Number of callouts: 0 out of 100
  Number of Email Invocations: 0 out of 10
  Number of future calls: 0 out of 50
  Number of queueable jobs added to the queue: 0 out of 50
  Number of Mobile Apex push calls: 0 out of 10

17:09:25.46 (46947028)|CUMULATIVE_LIMIT_USAGE_END

17:09:25.37 (47019860)|CODE_UNIT_FINISHED|OrderCofirmationEmailLink.sendEmailLinkConfirmOrder(List<Id>)
17:09:25.2 (198022897)|FLOW_ELEMENT_ERROR|An Apex error occurred: System.QueryException: List has no rows for assignment to SObject
|FlowActionCall|Send_Whatsapp_Message_On_Order_Confirm
17:09:25.2 (198255453)|FLOW_START_INTERVIEWS_END|1
