66.0 APEX_CODE,FINEST;APEX_PROFILING,INFO;CALLOUT,INFO;DATA_ACCESS,INFO;DB,INFO;NBA,INFO;SYSTEM,DEBUG;VALIDATION,INFO;VISUALFORCE,INFO;WAVE,INFO;WORKFLOW,INFO
17:09:25.0 (302147)|USER_INFO|[EXTERNAL]|0052t000000K4aE|rmdsupport1@timesgroup.com|(GMT+05:30) India Standard Time (Asia/Kolkata)|GMT+05:30
17:09:25.0 (2702227)|FLOW_CREATE_INTERVIEW_BEGIN|00D7F000005Cdii|3002t0000004QPx|301Ie000000gAAo
17:09:25.0 (2795050)|FLOW_CREATE_INTERVIEW_END|3572ded7b8cb9210f9aa1566f86519d9b22611b-3816|Send Whatsapp Message On Order Confirmed
17:09:25.3 (3311332)|USER_INFO|[EXTERNAL]|0052t000000K4aE|rmdsupport1@timesgroup.com|(GMT+05:30) India Standard Time (Asia/Kolkata)|GMT+05:30
17:09:25.3 (3341143)|FLOW_START_INTERVIEWS_BEGIN|1
17:09:25.3 (3377284)|FLOW_START_INTERVIEW_BEGIN|3572ded7b8cb9210f9aa1566f86519d9b22611b-3816|Send Whatsapp Message On Order Confirmed
17:09:25.3 (3597629)|FLOW_START_INTERVIEW_END|3572ded7b8cb9210f9aa1566f86519d9b22611b-3816|Send Whatsapp Message On Order Confirmed
17:09:25.37 (37234204)|CODE_UNIT_STARTED|[EXTERNAL]|01p2t000002TDko|OrderCofirmationEmailLink.sendEmailLinkConfirmOrder(List<Id>)
17:09:25.37 (37303536)|HEAP_ALLOCATE|[EXTERNAL]|Bytes:8
17:09:25.37 (37566772)|HEAP_ALLOCATE|[95]|Bytes:3
17:09:25.37 (37651624)|HEAP_ALLOCATE|[100]|Bytes:152
17:09:25.37 (37667075)|HEAP_ALLOCATE|[417]|Bytes:408
17:09:25.37 (37680445)|HEAP_ALLOCATE|[430]|Bytes:408
17:09:25.37 (37702626)|HEAP_ALLOCATE|[317]|Bytes:6
17:09:25.37 (37715796)|HEAP_ALLOCATE|[EXTERNAL]|Bytes:69
17:09:25.37 (37720856)|HEAP_ALLOCATE|[EXTERNAL]|Bytes:7
17:09:25.37 (37724466)|HEAP_ALLOCATE|[EXTERNAL]|Bytes:24
17:09:25.37 (37754947)|METHOD_ENTRY|[1]|01p2t000002TDko|OrderCofirmationEmailLink.OrderCofirmationEmailLink()
17:09:25.37 (37772767)|STATEMENT_EXECUTE|[1]
17:09:25.37 (37786718)|STATEMENT_EXECUTE|[1]
17:09:25.37 (37789178)|STATEMENT_EXECUTE|[95]
17:09:25.37 (37791298)|STATEMENT_EXECUTE|[99]
17:09:25.37 (37793548)|STATEMENT_EXECUTE|[105]
17:09:25.37 (37795778)|STATEMENT_EXECUTE|[111]
17:09:25.37 (37797778)|STATEMENT_EXECUTE|[121]
17:09:25.37 (37799778)|STATEMENT_EXECUTE|[131]
17:09:25.37 (37808258)|METHOD_EXIT|[1]|OrderCofirmationEmailLink
17:09:25.37 (37834789)|HEAP_ALLOCATE|[EXTERNAL]|Bytes:8
17:09:25.37 (37871210)|VARIABLE_SCOPE_BEGIN|[4]|accIds|List<Id>|true|false
17:09:25.37 (37934171)|VARIABLE_ASSIGNMENT|[4]|accIds|["001Ie000002NYiMIAW"]|0x12612354
17:09:25.37 (37944742)|STATEMENT_EXECUTE|[4]
17:09:25.37 (37947112)|STATEMENT_EXECUTE|[5]
17:09:25.37 (37950502)|HEAP_ALLOCATE|[5]|Bytes:37
17:09:25.37 (38031024)|HEAP_ALLOCATE|[5]|Bytes:20
17:09:25.37 (38055194)|HEAP_ALLOCATE|[5]|Bytes:57
17:09:25.37 (38079495)|HEAP_ALLOCATE|[68]|Bytes:5
17:09:25.37 (38105496)|HEAP_ALLOCATE|[74]|Bytes:5
17:09:25.37 (38115136)|HEAP_ALLOCATE|[82]|Bytes:7
17:09:25.37 (38152968)|USER_DEBUG|[5]|DEBUG|---accIds-Rahul--InvocableMethod-@@@-(001Ie000002NYiMIAW)
17:09:25.37 (38163227)|STATEMENT_EXECUTE|[6]
17:09:25.37 (38166297)|HEAP_ALLOCATE|[6]|Bytes:182
17:09:25.37 (38182858)|HEAP_ALLOCATE|[6]|Bytes:4
17:09:25.37 (38196158)|HEAP_ALLOCATE|[6]|Bytes:7
17:09:25.37 (39122661)|SOQL_EXECUTE_BEGIN|[6]|Aggregations:0|SELECT id, Name, RMD_Opt_In__c, RMD_SMS_Mobile__c, Email_Verification_Link__c FROM Account WHERE (Id IN :tmpVar1 AND Email_Verification_Link__c != NULL AND Email_Verified__c = FALSE)
17:09:25.37 (50434736)|SOQL_EXECUTE_END|[6]|Rows:0
17:09:25.37 (50480007)|HEAP_ALLOCATE|[6]|Bytes:4
17:09:25.37 (50497917)|HEAP_ALLOCATE|[6]|Bytes:0
17:09:25.37 (50645731)|HEAP_ALLOCATE|[6]|Bytes:4
17:09:25.37 (50675052)|HEAP_ALLOCATE|[6]|Bytes:33
17:09:25.37 (50970839)|HEAP_ALLOCATE|[6]|Bytes:46
17:09:25.37 (51060121)|FATAL_ERROR|System.QueryException: List has no rows for assignment to SObject

Class.OrderCofirmationEmailLink.sendEmailLinkConfirmOrder: line 6, column 1
17:09:25.37 (51074101)|FATAL_ERROR|System.QueryException: List has no rows for assignment to SObject

Class.OrderCofirmationEmailLink.sendEmailLinkConfirmOrder: line 6, column 1
17:09:25.51 (51106352)|CUMULATIVE_LIMIT_USAGE
17:09:25.51 (51106352)|LIMIT_USAGE_FOR_NS|(default)|
  Number of SOQL queries: 1 out of 200
  Number of query rows: 0 out of 50000
  Number of SOSL queries: 0 out of 20
  Number of DML statements: 0 out of 150
  Number of Publish Immediate DML: 0 out of 150
  Number of DML rows: 0 out of 10000
  Maximum CPU time: 10 out of 60000
  Maximum heap size: 0 out of 12000000
  Number of callouts: 0 out of 100
  Number of Email Invocations: 0 out of 10
  Number of future calls: 0 out of 50
  Number of queueable jobs added to the queue: 0 out of 50
  Number of Mobile Apex push calls: 0 out of 10

17:09:25.51 (51106352)|CUMULATIVE_LIMIT_USAGE_END

17:09:25.37 (51190084)|CODE_UNIT_FINISHED|OrderCofirmationEmailLink.sendEmailLinkConfirmOrder(List<Id>)
17:09:25.3 (226513056)|FLOW_ELEMENT_ERROR|An Apex error occurred: System.QueryException: List has no rows for assignment to SObject
|FlowActionCall|Send_Whatsapp_Message_On_Order_Confirm
17:09:25.3 (226742451)|FLOW_START_INTERVIEWS_END|1
