66.0 APEX_CODE,FINEST;APEX_PROFILING,INFO;CALLOUT,INFO;DATA_ACCESS,INFO;DB,INFO;NBA,INFO;SYSTEM,DEBUG;VALIDATION,INFO;VISUALFORCE,INFO;WAVE,INFO;WORKFLOW,INFO
17:09:41.0 (174194)|USER_INFO|[EXTERNAL]|0052t000000K4aE|rmdsupport1@timesgroup.com|(GMT+05:30) India Standard Time (Asia/Kolkata)|GMT+05:30
17:09:41.0 (1318869)|FLOW_CREATE_INTERVIEW_BEGIN|00D7F000005Cdii|3002t0000004QPx|301Ie000000gAAo
17:09:41.0 (1379160)|FLOW_CREATE_INTERVIEW_END|1902f53539dd5f855d443d772b7119d9b3bf679-7c00|Send Whatsapp Message On Order Confirmed
17:09:41.1 (1770558)|USER_INFO|[EXTERNAL]|0052t000000K4aE|rmdsupport1@timesgroup.com|(GMT+05:30) India Standard Time (Asia/Kolkata)|GMT+05:30
17:09:41.1 (1797039)|FLOW_START_INTERVIEWS_BEGIN|1
17:09:41.1 (1826699)|FLOW_START_INTERVIEW_BEGIN|1902f53539dd5f855d443d772b7119d9b3bf679-7c00|Send Whatsapp Message On Order Confirmed
17:09:41.1 (1956692)|FLOW_START_INTERVIEW_END|1902f53539dd5f855d443d772b7119d9b3bf679-7c00|Send Whatsapp Message On Order Confirmed
17:09:41.30 (30313836)|CODE_UNIT_STARTED|[EXTERNAL]|01p2t000002TDko|OrderCofirmationEmailLink.sendEmailLinkConfirmOrder(List<Id>)
17:09:41.30 (30384968)|HEAP_ALLOCATE|[EXTERNAL]|Bytes:8
17:09:41.30 (30668324)|HEAP_ALLOCATE|[95]|Bytes:3
17:09:41.30 (30740194)|HEAP_ALLOCATE|[100]|Bytes:152
17:09:41.30 (30755445)|HEAP_ALLOCATE|[417]|Bytes:408
17:09:41.30 (30768995)|HEAP_ALLOCATE|[430]|Bytes:408
17:09:41.30 (30793026)|HEAP_ALLOCATE|[317]|Bytes:6
17:09:41.30 (30806926)|HEAP_ALLOCATE|[EXTERNAL]|Bytes:69
17:09:41.30 (30812276)|HEAP_ALLOCATE|[EXTERNAL]|Bytes:7
17:09:41.30 (30815867)|HEAP_ALLOCATE|[EXTERNAL]|Bytes:24
17:09:41.30 (30836097)|METHOD_ENTRY|[1]|01p2t000002TDko|OrderCofirmationEmailLink.OrderCofirmationEmailLink()
17:09:41.30 (30846836)|STATEMENT_EXECUTE|[1]
17:09:41.30 (30855667)|STATEMENT_EXECUTE|[1]
17:09:41.30 (30858088)|STATEMENT_EXECUTE|[95]
17:09:41.30 (30860258)|STATEMENT_EXECUTE|[99]
17:09:41.30 (30862218)|STATEMENT_EXECUTE|[105]
17:09:41.30 (30864178)|STATEMENT_EXECUTE|[111]
17:09:41.30 (30866248)|STATEMENT_EXECUTE|[121]
17:09:41.30 (30868197)|STATEMENT_EXECUTE|[131]
17:09:41.30 (30876348)|METHOD_EXIT|[1]|OrderCofirmationEmailLink
17:09:41.30 (30914619)|HEAP_ALLOCATE|[EXTERNAL]|Bytes:8
17:09:41.30 (30938099)|VARIABLE_SCOPE_BEGIN|[4]|accIds|List<Id>|true|false
17:09:41.30 (31005721)|VARIABLE_ASSIGNMENT|[4]|accIds|["0012t000009HIpHAAW"]|0x56275534
17:09:41.30 (31017661)|STATEMENT_EXECUTE|[4]
17:09:41.30 (31020071)|STATEMENT_EXECUTE|[5]
17:09:41.30 (31023531)|HEAP_ALLOCATE|[5]|Bytes:37
17:09:41.30 (31103193)|HEAP_ALLOCATE|[5]|Bytes:20
17:09:41.30 (31123623)|HEAP_ALLOCATE|[5]|Bytes:57
17:09:41.30 (31146994)|HEAP_ALLOCATE|[68]|Bytes:5
17:09:41.30 (31179514)|HEAP_ALLOCATE|[74]|Bytes:5
17:09:41.30 (31188664)|HEAP_ALLOCATE|[82]|Bytes:7
17:09:41.30 (31223505)|USER_DEBUG|[5]|DEBUG|---accIds-Rahul--InvocableMethod-@@@-(0012t000009HIpHAAW)
17:09:41.30 (31234815)|STATEMENT_EXECUTE|[6]
17:09:41.30 (31238105)|HEAP_ALLOCATE|[6]|Bytes:182
17:09:41.30 (31256396)|HEAP_ALLOCATE|[6]|Bytes:4
17:09:41.30 (31269306)|HEAP_ALLOCATE|[6]|Bytes:7
17:09:41.30 (32184105)|SOQL_EXECUTE_BEGIN|[6]|Aggregations:0|SELECT id, Name, RMD_Opt_In__c, RMD_SMS_Mobile__c, Email_Verification_Link__c FROM Account WHERE (Id IN :tmpVar1 AND Email_Verification_Link__c != NULL AND Email_Verified__c = FALSE)
17:09:41.30 (40200456)|SOQL_EXECUTE_END|[6]|Rows:0
17:09:41.30 (40239707)|HEAP_ALLOCATE|[6]|Bytes:4
17:09:41.30 (40255877)|HEAP_ALLOCATE|[6]|Bytes:0
17:09:41.30 (40356290)|HEAP_ALLOCATE|[6]|Bytes:4
17:09:41.30 (40380230)|HEAP_ALLOCATE|[6]|Bytes:33
17:09:41.30 (40674166)|HEAP_ALLOCATE|[6]|Bytes:46
17:09:41.30 (40804558)|FATAL_ERROR|System.QueryException: List has no rows for assignment to SObject

Class.OrderCofirmationEmailLink.sendEmailLinkConfirmOrder: line 6, column 1
17:09:41.30 (40818020)|FATAL_ERROR|System.QueryException: List has no rows for assignment to SObject

Class.OrderCofirmationEmailLink.sendEmailLinkConfirmOrder: line 6, column 1
17:09:41.40 (40888040)|CUMULATIVE_LIMIT_USAGE
17:09:41.40 (40888040)|LIMIT_USAGE_FOR_NS|(default)|
  Number of SOQL queries: 1 out of 200
  Number of query rows: 0 out of 50000
  Number of SOSL queries: 0 out of 20
  Number of DML statements: 0 out of 150
  Number of Publish Immediate DML: 0 out of 150
  Number of DML rows: 0 out of 10000
  Maximum CPU time: 7 out of 60000
  Maximum heap size: 0 out of 12000000
  Number of callouts: 0 out of 100
  Number of Email Invocations: 0 out of 10
  Number of future calls: 0 out of 50
  Number of queueable jobs added to the queue: 0 out of 50
  Number of Mobile Apex push calls: 0 out of 10

17:09:41.40 (40888040)|CUMULATIVE_LIMIT_USAGE_END

17:09:41.30 (40982412)|CODE_UNIT_FINISHED|OrderCofirmationEmailLink.sendEmailLinkConfirmOrder(List<Id>)
17:09:41.1 (211754390)|FLOW_ELEMENT_ERROR|An Apex error occurred: System.QueryException: List has no rows for assignment to SObject
|FlowActionCall|Send_Whatsapp_Message_On_Order_Confirm
17:09:41.1 (212041346)|FLOW_START_INTERVIEWS_END|1
