66.0 APEX_CODE,FINEST;APEX_PROFILING,INFO;CALLOUT,INFO;DATA_ACCESS,INFO;DB,INFO;NBA,INFO;SYSTEM,DEBUG;VALIDATION,INFO;VISUALFORCE,INFO;WAVE,INFO;WORKFLOW,INFO
16:16:32.0 (208855)|USER_INFO|[EXTERNAL]|0052t000000K4aE|rmdsupport1@timesgroup.com|(GMT+05:30) India Standard Time (Asia/Kolkata)|GMT+05:30
16:16:32.0 (275726)|EXECUTION_STARTED
16:16:32.0 (289007)|CODE_UNIT_STARTED|[EXTERNAL]|apex://ReaderInsightFormController/ACTION$getquestions
16:16:32.0 (1744242)|CODE_UNIT_STARTED|[EXTERNAL]|01p2t000000Ta9s|ReaderInsightFormController.getquestions(String)
16:16:32.0 (2054219)|HEAP_ALLOCATE|[95]|Bytes:3
16:16:32.0 (2156502)|HEAP_ALLOCATE|[100]|Bytes:152
16:16:32.0 (2173612)|HEAP_ALLOCATE|[417]|Bytes:408
16:16:32.0 (2187202)|HEAP_ALLOCATE|[430]|Bytes:408
16:16:32.0 (2210863)|HEAP_ALLOCATE|[317]|Bytes:6
16:16:32.0 (2224482)|HEAP_ALLOCATE|[EXTERNAL]|Bytes:22
16:16:32.0 (2229264)|HEAP_ALLOCATE|[EXTERNAL]|Bytes:6
16:16:32.0 (2232504)|HEAP_ALLOCATE|[EXTERNAL]|Bytes:35
16:16:32.0 (2243384)|METHOD_ENTRY|[1]|01p2t000000Ta9s|ReaderInsightFormController.ReaderInsightFormController()
16:16:32.0 (2247934)|STATEMENT_EXECUTE|[1]
16:16:32.0 (2253614)|STATEMENT_EXECUTE|[1]
16:16:32.0 (2256054)|STATEMENT_EXECUTE|[2]
16:16:32.0 (2258094)|STATEMENT_EXECUTE|[11]
16:16:32.0 (2262224)|METHOD_EXIT|[1]|ReaderInsightFormController
16:16:32.0 (2266755)|HEAP_ALLOCATE|[EXTERNAL]|Bytes:18
16:16:32.0 (2274625)|VARIABLE_SCOPE_BEGIN|[18]|recId|String|false|false
16:16:32.0 (2314466)|VARIABLE_ASSIGNMENT|[18]|recId|"001e200000Omx3EAAR"
16:16:32.0 (2323346)|STATEMENT_EXECUTE|[18]
16:16:32.0 (2325536)|STATEMENT_EXECUTE|[19]
16:16:32.0 (2338516)|HEAP_ALLOCATE|[19]|Bytes:4
16:16:32.0 (2417468)|VARIABLE_SCOPE_BEGIN|[19]|plValues|List<String>|true|false
16:16:32.0 (2447848)|HEAP_ALLOCATE|[EXTERNAL]|Bytes:4
16:16:32.0 (2462848)|VARIABLE_ASSIGNMENT|[19]|plValues|[]|0x7c15a7b4
16:16:32.0 (2467919)|STATEMENT_EXECUTE|[20]
16:16:32.0 (2629743)|HEAP_ALLOCATE|[20]|Bytes:4
16:16:32.0 (2676864)|VARIABLE_SCOPE_BEGIN|[20]|answReaderlist|List<Reader_Insight__c>|true|false
16:16:32.0 (2684505)|HEAP_ALLOCATE|[EXTERNAL]|Bytes:4
16:16:32.0 (2693315)|VARIABLE_ASSIGNMENT|[20]|answReaderlist|[]|0x1b45870b
16:16:32.0 (2698675)|STATEMENT_EXECUTE|[21]
16:16:32.0 (2702155)|HEAP_ALLOCATE|[21]|Bytes:17
16:16:32.0 (2723916)|HEAP_ALLOCATE|[68]|Bytes:5
16:16:32.0 (2748215)|HEAP_ALLOCATE|[74]|Bytes:5
16:16:32.0 (2757886)|HEAP_ALLOCATE|[82]|Bytes:7
16:16:32.0 (3406402)|HEAP_ALLOCATE|[21]|Bytes:4
16:16:32.0 (3655437)|HEAP_ALLOCATE|[21]|Bytes:16
16:16:32.0 (3665277)|HEAP_ALLOCATE|[21]|Bytes:8
16:16:32.0 (3716290)|HEAP_ALLOCATE|[21]|Bytes:4
16:16:32.0 (3723490)|VARIABLE_SCOPE_BEGIN|[21]|devRecordTypeId|Id|false|false
16:16:32.0 (3909184)|VARIABLE_ASSIGNMENT|[21]|devRecordTypeId|"0122t0000004J8FAAU"
16:16:32.0 (3918634)|STATEMENT_EXECUTE|[22]
16:16:32.0 (3984466)|HEAP_ALLOCATE|[22]|Bytes:4
16:16:32.0 (4077598)|HEAP_ALLOCATE|[22]|Bytes:16
16:16:32.0 (4086158)|HEAP_ALLOCATE|[22]|Bytes:6
16:16:32.0 (4124429)|HEAP_ALLOCATE|[22]|Bytes:4
16:16:32.0 (4130419)|VARIABLE_SCOPE_BEGIN|[22]|answTypeId|Id|false|false
16:16:32.0 (4183261)|VARIABLE_ASSIGNMENT|[22]|answTypeId|"0122t0000004J8KAAU"
16:16:32.0 (4188730)|STATEMENT_EXECUTE|[24]
16:16:32.0 (4204951)|HEAP_ALLOCATE|[24]|Bytes:4
16:16:32.0 (4243502)|VARIABLE_SCOPE_BEGIN|[24]|qsids|Set<Id>|true|false
16:16:32.0 (4271572)|VARIABLE_ASSIGNMENT|[24]|qsids|[]|0x1660cb01
16:16:32.0 (4276873)|STATEMENT_EXECUTE|[25]
16:16:32.0 (4281313)|VARIABLE_SCOPE_BEGIN|[25]|caseId|Id|false|false
16:16:32.0 (4290043)|VARIABLE_ASSIGNMENT|[25]|caseId|null
16:16:32.0 (4294652)|STATEMENT_EXECUTE|[26]
16:16:32.0 (4297184)|VARIABLE_SCOPE_BEGIN|[26]|LeadId|Id|false|false
16:16:32.0 (4304024)|VARIABLE_ASSIGNMENT|[26]|LeadId|null
16:16:32.0 (4307714)|STATEMENT_EXECUTE|[27]
16:16:32.0 (4310044)|VARIABLE_SCOPE_BEGIN|[27]|oppId|Id|false|false
16:16:32.0 (4317104)|VARIABLE_ASSIGNMENT|[27]|oppId|null
16:16:32.0 (4320504)|STATEMENT_EXECUTE|[28]
16:16:32.0 (4322804)|VARIABLE_SCOPE_BEGIN|[28]|accId|Id|false|false
16:16:32.0 (4329424)|VARIABLE_ASSIGNMENT|[28]|accId|null
16:16:32.0 (4333093)|STATEMENT_EXECUTE|[29]
16:16:32.0 (4335484)|VARIABLE_SCOPE_BEGIN|[29]|Brnachid|Id|false|false
16:16:32.0 (4341915)|VARIABLE_ASSIGNMENT|[29]|Brnachid|null
16:16:32.0 (4345475)|STATEMENT_EXECUTE|[31]
16:16:32.0 (4348515)|HEAP_ALLOCATE|[31]|Bytes:286
16:16:32.0 (4361585)|HEAP_ALLOCATE|[31]|Bytes:4
16:16:32.0 (4370765)|HEAP_ALLOCATE|[31]|Bytes:7
16:16:32.0 (6019185)|SOQL_EXECUTE_BEGIN|[31]|Aggregations:0|SELECT id, Name, RMD_Branch__r.ID, RMD_Branch__r.Reader_Insight_Question_1__c, RMD_Branch__r.Reader_Insight_Question_2__c, RMD_Branch__r.Reader_Insight_Question_3__c, RMD_Branch__r.Reader_Insight_Question_4__c, RMD_Branch__r.Reader_Insight_Question_5__c FROM Account WHERE id = :tmpVar1
16:16:32.0 (19483510)|SOQL_EXECUTE_END|[31]|Rows:1
16:16:32.0 (19517790)|HEAP_ALLOCATE|[31]|Bytes:8
16:16:32.0 (19546121)|HEAP_ALLOCATE|[31]|Bytes:336
16:16:32.0 (19652754)|HEAP_ALLOCATE|[31]|Bytes:8
16:16:32.0 (19676063)|VARIABLE_SCOPE_BEGIN|[31]|acc|List<Account>|true|false
16:16:32.0 (20075593)|VARIABLE_ASSIGNMENT|[31]|acc|[{"Id":"001e200000Omx3EAAR","RMD_Branch__c":"a0U7F00000BBDuLUAX","RMD_Branch__r":{"Reader_Insight_Question_3__c":"a1J2t000002JSnbEAG","Reader_Insight_Question_2__c":"a1J2t000002JSqKEAW","Id":"a0U7F00000BBDuLUAX","Reader_Insight_Question_4__c":"a1J2t000002JSngEAG","Reader_Insight_Question_1__c":"a1J2t000000nVo6EAE"},"Name":"BHAGYASHREE H PAWAR"}]|0x1b7f1cfd
16:16:32.0 (20088494)|STATEMENT_EXECUTE|[32]
16:16:32.0 (20095454)|HEAP_ALLOCATE|[32]|Bytes:337
16:16:32.0 (20127874)|HEAP_ALLOCATE|[32]|Bytes:4
16:16:32.0 (21339444)|SOQL_EXECUTE_BEGIN|[32]|Aggregations:0|SELECT id, Account.id, Account.RMD_Branch__r.ID, Account.RMD_Branch__r.Reader_Insight_Question_1__c, Account.RMD_Branch__r.Reader_Insight_Question_2__c, Account.RMD_Branch__r.Reader_Insight_Question_3__c, Account.RMD_Branch__r.Reader_Insight_Question_4__c, Account.RMD_Branch__r.Reader_Insight_Question_5__c FROM Case WHERE id = :tmpVar1
16:16:32.0 (28688031)|SOQL_EXECUTE_END|[32]|Rows:0
16:16:32.0 (28729601)|HEAP_ALLOCATE|[32]|Bytes:4
16:16:32.0 (28760993)|HEAP_ALLOCATE|[32]|Bytes:0
16:16:32.0 (28877565)|HEAP_ALLOCATE|[32]|Bytes:4
16:16:32.0 (28899796)|VARIABLE_SCOPE_BEGIN|[32]|casedata|List<Case>|true|false
16:16:32.0 (28926597)|VARIABLE_ASSIGNMENT|[32]|casedata|[]|0x234fdaed
16:16:32.0 (28933726)|STATEMENT_EXECUTE|[33]
16:16:32.0 (28940606)|HEAP_ALLOCATE|[33]|Bytes:386
16:16:32.0 (28958898)|HEAP_ALLOCATE|[33]|Bytes:4
16:16:32.0 (30787971)|SOQL_EXECUTE_BEGIN|[33]|Aggregations:0|SELECT id, RMD_Account__r.id, RMD_Account__r.RMD_Branch__r.ID, RMD_Account__r.RMD_Branch__r.Reader_Insight_Question_1__c, RMD_Account__r.RMD_Branch__r.Reader_Insight_Question_2__c, RMD_Account__r.RMD_Branch__r.Reader_Insight_Question_3__c, RMD_Account__r.RMD_Branch__r.Reader_Insight_Question_4__c, RMD_Account__r.RMD_Branch__r.Reader_Insight_Question_5__c FROM Lead WHERE id = :tmpVar1
16:16:32.0 (39896591)|SOQL_EXECUTE_END|[33]|Rows:0
16:16:32.0 (39946712)|HEAP_ALLOCATE|[33]|Bytes:4
16:16:32.0 (39986374)|HEAP_ALLOCATE|[33]|Bytes:0
16:16:32.0 (40131476)|HEAP_ALLOCATE|[33]|Bytes:4
16:16:32.0 (40155898)|VARIABLE_SCOPE_BEGIN|[33]|leaddata|List<Lead>|true|false
16:16:32.0 (40192278)|VARIABLE_ASSIGNMENT|[33]|leaddata|[]|0x73578170
16:16:32.0 (40200779)|STATEMENT_EXECUTE|[34]
16:16:32.0 (40208489)|HEAP_ALLOCATE|[34]|Bytes:344
16:16:32.0 (40232370)|HEAP_ALLOCATE|[34]|Bytes:4
16:16:32.0 (42211677)|SOQL_EXECUTE_BEGIN|[34]|Aggregations:0|SELECT id, Account.id, Account.RMD_Branch__r.ID, Account.RMD_Branch__r.Reader_Insight_Question_1__c, Account.RMD_Branch__r.Reader_Insight_Question_2__c, Account.RMD_Branch__r.Reader_Insight_Question_3__c, Account.RMD_Branch__r.Reader_Insight_Question_4__c, Account.RMD_Branch__r.Reader_Insight_Question_5__c FROM Opportunity WHERE id = :tmpVar1
16:16:32.0 (49611936)|SOQL_EXECUTE_END|[34]|Rows:0
16:16:32.0 (49660487)|HEAP_ALLOCATE|[34]|Bytes:4
16:16:32.0 (49708258)|HEAP_ALLOCATE|[34]|Bytes:0
16:16:32.0 (49823621)|HEAP_ALLOCATE|[34]|Bytes:4
16:16:32.0 (49847581)|VARIABLE_SCOPE_BEGIN|[34]|opp|List<Opportunity>|true|false
16:16:32.0 (49873862)|VARIABLE_ASSIGNMENT|[34]|opp|[]|0x79098c13
16:16:32.0 (49880142)|STATEMENT_EXECUTE|[35]
16:16:32.0 (49886892)|HEAP_ALLOCATE|[35]|Bytes:3
16:16:32.0 (50117388)|HEAP_ALLOCATE|[35]|Bytes:93
16:16:32.0 (50160459)|HEAP_ALLOCATE|[35]|Bytes:96
16:16:32.0 (50213670)|USER_DEBUG|[35]|DEBUG|acc(Account:{Id=001e200000Omx3EAAR, Name=BHAGYASHREE H PAWAR, RMD_Branch__c=a0U7F00000BBDuLUAX})
16:16:32.0 (50297532)|STATEMENT_EXECUTE|[36]
16:16:32.0 (50337263)|STATEMENT_EXECUTE|[46]
16:16:32.0 (50360014)|STATEMENT_EXECUTE|[56]
16:16:32.0 (50362384)|STATEMENT_EXECUTE|[66]
16:16:32.0 (50366274)|HEAP_ALLOCATE|[66]|Bytes:10
16:16:32.0 (50399315)|HEAP_ALLOCATE|[66]|Bytes:2
16:16:32.0 (50412444)|HEAP_ALLOCATE|[66]|Bytes:12
16:16:32.0 (50422675)|USER_DEBUG|[66]|DEBUG|qsids---->{}
16:16:32.0 (50457616)|STATEMENT_EXECUTE|[67]
16:16:32.0 (50459896)|STATEMENT_EXECUTE|[68]
16:16:32.0 (50493846)|HEAP_ALLOCATE|[68]|Bytes:20
16:16:32.0 (50643329)|HEAP_ALLOCATE|[EXTERNAL]|Bytes:4
16:16:32.0 (50654741)|STATEMENT_EXECUTE|[69]
16:16:32.0 (50661730)|HEAP_ALLOCATE|[69]|Bytes:20
16:16:32.0 (50698352)|HEAP_ALLOCATE|[EXTERNAL]|Bytes:4
16:16:32.0 (50707022)|STATEMENT_EXECUTE|[70]
16:16:32.0 (50712622)|HEAP_ALLOCATE|[70]|Bytes:20
16:16:32.0 (50745503)|HEAP_ALLOCATE|[EXTERNAL]|Bytes:4
16:16:32.0 (50754363)|STATEMENT_EXECUTE|[71]
16:16:32.0 (50760063)|HEAP_ALLOCATE|[71]|Bytes:20
16:16:32.0 (50827774)|HEAP_ALLOCATE|[EXTERNAL]|Bytes:4
16:16:32.0 (50838085)|STATEMENT_EXECUTE|[72]
16:16:32.0 (50946088)|HEAP_ALLOCATE|[72]|Bytes:20
16:16:32.0 (50977297)|HEAP_ALLOCATE|[EXTERNAL]|Bytes:4
16:16:32.0 (50985749)|STATEMENT_EXECUTE|[73]
16:16:32.0 (50991629)|HEAP_ALLOCATE|[73]|Bytes:20
16:16:32.0 (51117402)|VARIABLE_ASSIGNMENT|[73]|accId|"001e200000Omx3EAAR"
16:16:32.0 (51124872)|STATEMENT_EXECUTE|[74]
16:16:32.0 (51131962)|HEAP_ALLOCATE|[74]|Bytes:20
16:16:32.0 (51239295)|VARIABLE_ASSIGNMENT|[74]|Brnachid|"a0U7F00000BBDuLUAX"
16:16:32.0 (51245165)|STATEMENT_EXECUTE|[75]
16:16:32.0 (51253944)|HEAP_ALLOCATE|[75]|Bytes:20
16:16:32.0 (51287516)|HEAP_ALLOCATE|[75]|Bytes:18
16:16:32.0 (51301385)|HEAP_ALLOCATE|[75]|Bytes:21
16:16:32.0 (51312977)|USER_DEBUG|[75]|DEBUG|acca1J2t000002JSngEAG
16:16:32.0 (51321097)|STATEMENT_EXECUTE|[77]
16:16:32.0 (51335497)|HEAP_ALLOCATE|[77]|Bytes:4
16:16:32.0 (51365758)|VARIABLE_SCOPE_BEGIN|[77]|notqsid|Set<Id>|true|false
16:16:32.0 (51398599)|VARIABLE_ASSIGNMENT|[77]|notqsid|[]|0x443819da
16:16:32.0 (51407319)|STATEMENT_EXECUTE|[79]
16:16:32.0 (51410639)|STATEMENT_EXECUTE|[80]
16:16:32.0 (51415108)|HEAP_ALLOCATE|[80]|Bytes:180
16:16:32.0 (51434760)|HEAP_ALLOCATE|[80]|Bytes:4
16:16:32.0 (51470349)|HEAP_ALLOCATE|[80]|Bytes:7
16:16:32.0 (52296889)|SOQL_EXECUTE_BEGIN|[80]|Aggregations:0|SELECT ID, Options__c, Reader_Insight_Question__c, Question__c, Answer_Type__c FROM Reader_Insight__c WHERE (RecordTypeId = :tmpVar1 AND Account__c = :tmpVar2 AND Active__c = TRUE)
16:16:32.0 (63413468)|SOQL_EXECUTE_END|[80]|Rows:0
16:16:32.0 (63458340)|HEAP_ALLOCATE|[80]|Bytes:4
16:16:32.0 (63481759)|HEAP_ALLOCATE|[80]|Bytes:0
16:16:32.0 (63541392)|HEAP_ALLOCATE|[80]|Bytes:4
16:16:32.0 (63581612)|VARIABLE_ASSIGNMENT|[80]|answReaderlist|[]|0x57cca07b
16:16:32.0 (63815398)|HEAP_ALLOCATE|[92]|Bytes:5
16:16:32.0 (63844629)|VARIABLE_ASSIGNMENT|[92]|rinc|null|
16:16:32.0 (63852179)|STATEMENT_EXECUTE|[92]
16:16:32.0 (63854879)|STATEMENT_EXECUTE|[95]
16:16:32.0 (63860368)|HEAP_ALLOCATE|[95]|Bytes:12
16:16:32.0 (63915551)|HEAP_ALLOCATE|[95]|Bytes:2
16:16:32.0 (63932641)|HEAP_ALLOCATE|[95]|Bytes:14
16:16:32.0 (63968552)|USER_DEBUG|[95]|DEBUG|notqsid---->{}
16:16:32.0 (63979362)|STATEMENT_EXECUTE|[96]
16:16:32.0 (63982872)|HEAP_ALLOCATE|[96]|Bytes:142
16:16:32.0 (64002233)|HEAP_ALLOCATE|[96]|Bytes:4
16:16:32.0 (64024193)|HEAP_ALLOCATE|[96]|Bytes:7
16:16:32.0 (64619447)|SOQL_EXECUTE_BEGIN|[96]|Aggregations:0|SELECT ID, Options__c, Question__c, Answer_Type__c FROM Reader_Insight__c WHERE (RecordTypeId = :tmpVar1 AND Id = :tmpVar2 AND Id != :tmpVar3)
16:16:32.0 (72885157)|SOQL_EXECUTE_END|[96]|Rows:4
16:16:32.0 (72917667)|HEAP_ALLOCATE|[96]|Bytes:20
16:16:32.0 (72949188)|HEAP_ALLOCATE|[96]|Bytes:700
16:16:32.0 (73000629)|HEAP_ALLOCATE|[96]|Bytes:20
16:16:32.0 (73020779)|VARIABLE_SCOPE_BEGIN|[96]|Readerlist|List<Reader_Insight__c>|true|false
16:16:32.0 (73171694)|VARIABLE_ASSIGNMENT|[96]|Readerlist|[{"Id":"a1J2t000000nVo6EAE","Options__c":"Yes ; No","Answer_Type__c":"Single","Question__c":"Do you Think your Ne (44 more) ..."},{"Id":"a1J2t000002JSnbEAG","Options__c":"1. 25 years;2. 25-35 (58 more) ...","Answer_Type__c":"Single","Question__c":"Age Group"},{"Id":"a1J2t000002JSngEAG","Options__c":"Male;Female","Answer_Type__c":"Single","Question__c":"Gender"},{"Id":"a1J2t000002JSqKEAW","Options__c":"National;Global/Inte (110 more) ...","Answer_Type__c":"Multi Select","Question__c":"Which Section of The (40 more) ..."}]|0x70cdaa24
16:16:32.0 (73183124)|STATEMENT_EXECUTE|[99]
16:16:32.0 (73190183)|HEAP_ALLOCATE|[99]|Bytes:204
16:16:32.0 (73209274)|HEAP_ALLOCATE|[99]|Bytes:4
16:16:32.0 (73689736)|SOQL_EXECUTE_BEGIN|[99]|Aggregations:0|SELECT Reader_Insight_Question_1__c, Reader_Insight_Question_2__c, Reader_Insight_Question_3__c, Reader_Insight_Question_4__c, Reader_Insight_Question_5__c FROM RMD_Territory_Master__c WHERE ID = :tmpVar1
16:16:32.0 (77408615)|SOQL_EXECUTE_END|[99]|Rows:1
16:16:32.0 (77429335)|HEAP_ALLOCATE|[99]|Bytes:8
16:16:32.0 (77448576)|HEAP_ALLOCATE|[99]|Bytes:229
16:16:32.0 (77518469)|HEAP_ALLOCATE|[99]|Bytes:8
16:16:32.0 (77534818)|HEAP_ALLOCATE|[99]|Bytes:49
16:16:32.0 (77599961)|HEAP_ALLOCATE|[99]|Bytes:24
16:16:32.0 (77609330)|VARIABLE_SCOPE_BEGIN|[99]|Bccl|RMD_Territory_Master__c|true|false
16:16:32.0 (77692243)|VARIABLE_ASSIGNMENT|[99]|Bccl|{"Reader_Insight_Question_3__c":"a1J2t000002JSnbEAG","Reader_Insight_Question_2__c":"a1J2t000002JSqKEAW","Reader_Insight_Question_4__c":"a1J2t000002JSngEAG","Id":"a0U7F00000BBDuLUAX","Reader_Insight_Question_1__c":"a1J2t000000nVo6EAE"}|0x5c9e99f8
16:16:32.0 (77701782)|STATEMENT_EXECUTE|[100]
16:16:32.0 (77714172)|HEAP_ALLOCATE|[100]|Bytes:4
16:16:32.0 (77749834)|VARIABLE_SCOPE_BEGIN|[100]|RI|List<Reader_Insight__c>|true|false
16:16:32.0 (77758954)|HEAP_ALLOCATE|[EXTERNAL]|Bytes:4
16:16:32.0 (77769045)|VARIABLE_ASSIGNMENT|[100]|RI|[]|0x62c958f2
16:16:32.0 (77806445)|STATEMENT_EXECUTE|[103]
16:16:32.0 (77851176)|HEAP_ALLOCATE|[104]|Bytes:5
16:16:32.0 (77872597)|HEAP_ALLOCATE|[104]|Bytes:20
16:16:32.0 (77883247)|VARIABLE_SCOPE_BEGIN|[104]|Checklist|Reader_Insight__c|true|false
16:16:32.0 (77928227)|VARIABLE_ASSIGNMENT|[104]|Checklist|{"Id":"a1J2t000000nVo6EAE","Options__c":"Yes ; No","Answer_Type__c":"Single","Question__c":"Do you Think your Ne (44 more) ..."}|0x59096066
16:16:32.0 (77935948)|STATEMENT_EXECUTE|[104]
16:16:32.0 (78031651)|STATEMENT_EXECUTE|[105]
16:16:32.0 (78034611)|STATEMENT_EXECUTE|[106]
16:16:32.0 (78067911)|HEAP_ALLOCATE|[EXTERNAL]|Bytes:4
16:16:32.0 (78076581)|STATEMENT_EXECUTE|[107]
16:16:32.0 (78085861)|VARIABLE_ASSIGNMENT|[104]|Checklist|null|
16:16:32.0 (78112293)|HEAP_ALLOCATE|[110]|Bytes:5
16:16:32.0 (78125053)|HEAP_ALLOCATE|[110]|Bytes:20
16:16:32.0 (78132763)|VARIABLE_SCOPE_BEGIN|[110]|Checklist|Reader_Insight__c|true|false
16:16:32.0 (78171823)|VARIABLE_ASSIGNMENT|[110]|Checklist|{"Id":"a1J2t000000nVo6EAE","Options__c":"Yes ; No","Answer_Type__c":"Single","Question__c":"Do you Think your Ne (44 more) ..."}|0x59096066
16:16:32.0 (78178143)|STATEMENT_EXECUTE|[110]
16:16:32.0 (78210984)|STATEMENT_EXECUTE|[111]
16:16:32.0 (78219965)|HEAP_ALLOCATE|[110]|Bytes:5
16:16:32.0 (78231006)|HEAP_ALLOCATE|[110]|Bytes:20
16:16:32.0 (78238585)|VARIABLE_SCOPE_BEGIN|[110]|Checklist|Reader_Insight__c|true|false
16:16:32.0 (78275247)|VARIABLE_ASSIGNMENT|[110]|Checklist|{"Id":"a1J2t000002JSnbEAG","Options__c":"1. 25 years;2. 25-35 (58 more) ...","Answer_Type__c":"Single","Question__c":"Age Group"}|0x62ca8aed
16:16:32.0 (78282457)|STATEMENT_EXECUTE|[110]
16:16:32.0 (78302396)|STATEMENT_EXECUTE|[111]
16:16:32.0 (78311538)|HEAP_ALLOCATE|[110]|Bytes:5
16:16:32.0 (78322387)|HEAP_ALLOCATE|[110]|Bytes:20
16:16:32.0 (78329707)|VARIABLE_SCOPE_BEGIN|[110]|Checklist|Reader_Insight__c|true|false
16:16:32.0 (78361689)|VARIABLE_ASSIGNMENT|[110]|Checklist|{"Id":"a1J2t000002JSngEAG","Options__c":"Male;Female","Answer_Type__c":"Single","Question__c":"Gender"}|0x751b9ff4
16:16:32.0 (78368548)|STATEMENT_EXECUTE|[110]
16:16:32.0 (78390239)|STATEMENT_EXECUTE|[111]
16:16:32.0 (78399540)|HEAP_ALLOCATE|[110]|Bytes:5
16:16:32.0 (78409989)|HEAP_ALLOCATE|[110]|Bytes:20
16:16:32.0 (78417180)|VARIABLE_SCOPE_BEGIN|[110]|Checklist|Reader_Insight__c|true|false
16:16:32.0 (78451131)|VARIABLE_ASSIGNMENT|[110]|Checklist|{"Id":"a1J2t000002JSqKEAW","Options__c":"National;Global/Inte (110 more) ...","Answer_Type__c":"Multi Select","Question__c":"Which Section of The (40 more) ..."}|0x259af1e4
16:16:32.0 (78458861)|STATEMENT_EXECUTE|[110]
16:16:32.0 (78479942)|STATEMENT_EXECUTE|[111]
16:16:32.0 (78482071)|STATEMENT_EXECUTE|[112]
16:16:32.0 (78500102)|HEAP_ALLOCATE|[EXTERNAL]|Bytes:4
16:16:32.0 (78508671)|STATEMENT_EXECUTE|[113]
16:16:32.0 (78515202)|VARIABLE_ASSIGNMENT|[110]|Checklist|null|
16:16:32.0 (78541112)|HEAP_ALLOCATE|[116]|Bytes:5
16:16:32.0 (78552413)|HEAP_ALLOCATE|[116]|Bytes:20
16:16:32.0 (78559683)|VARIABLE_SCOPE_BEGIN|[116]|Checklist|Reader_Insight__c|true|false
16:16:32.0 (78606594)|VARIABLE_ASSIGNMENT|[116]|Checklist|{"Id":"a1J2t000000nVo6EAE","Options__c":"Yes ; No","Answer_Type__c":"Single","Question__c":"Do you Think your Ne (44 more) ..."}|0x59096066
16:16:32.0 (78615785)|STATEMENT_EXECUTE|[116]
16:16:32.0 (78658275)|STATEMENT_EXECUTE|[117]
16:16:32.0 (78668426)|HEAP_ALLOCATE|[116]|Bytes:5
16:16:32.0 (78681836)|HEAP_ALLOCATE|[116]|Bytes:20
16:16:32.0 (78688686)|VARIABLE_SCOPE_BEGIN|[116]|Checklist|Reader_Insight__c|true|false
16:16:32.0 (78729157)|VARIABLE_ASSIGNMENT|[116]|Checklist|{"Id":"a1J2t000002JSnbEAG","Options__c":"1. 25 years;2. 25-35 (58 more) ...","Answer_Type__c":"Single","Question__c":"Age Group"}|0x62ca8aed
16:16:32.0 (78735338)|STATEMENT_EXECUTE|[116]
16:16:32.0 (78755948)|STATEMENT_EXECUTE|[117]
16:16:32.0 (78758258)|STATEMENT_EXECUTE|[118]
16:16:32.0 (78774728)|HEAP_ALLOCATE|[EXTERNAL]|Bytes:4
16:16:32.0 (78783109)|STATEMENT_EXECUTE|[119]
16:16:32.0 (78789579)|VARIABLE_ASSIGNMENT|[116]|Checklist|null|
16:16:32.0 (78813620)|HEAP_ALLOCATE|[122]|Bytes:5
16:16:32.0 (78824649)|HEAP_ALLOCATE|[122]|Bytes:20
16:16:32.0 (78831820)|VARIABLE_SCOPE_BEGIN|[122]|Checklist|Reader_Insight__c|true|false
16:16:32.0 (78868930)|VARIABLE_ASSIGNMENT|[122]|Checklist|{"Id":"a1J2t000000nVo6EAE","Options__c":"Yes ; No","Answer_Type__c":"Single","Question__c":"Do you Think your Ne (44 more) ..."}|0x59096066
16:16:32.0 (78876341)|STATEMENT_EXECUTE|[122]
16:16:32.0 (78906032)|STATEMENT_EXECUTE|[123]
16:16:32.0 (78915841)|HEAP_ALLOCATE|[122]|Bytes:5
16:16:32.0 (78926792)|HEAP_ALLOCATE|[122]|Bytes:20
16:16:32.0 (78933753)|VARIABLE_SCOPE_BEGIN|[122]|Checklist|Reader_Insight__c|true|false
16:16:32.0 (78969732)|VARIABLE_ASSIGNMENT|[122]|Checklist|{"Id":"a1J2t000002JSnbEAG","Options__c":"1. 25 years;2. 25-35 (58 more) ...","Answer_Type__c":"Single","Question__c":"Age Group"}|0x62ca8aed
16:16:32.0 (78975674)|STATEMENT_EXECUTE|[122]
16:16:32.0 (78994283)|STATEMENT_EXECUTE|[123]
16:16:32.0 (79002973)|HEAP_ALLOCATE|[122]|Bytes:5
16:16:32.0 (79013675)|HEAP_ALLOCATE|[122]|Bytes:20
16:16:32.0 (79020854)|VARIABLE_SCOPE_BEGIN|[122]|Checklist|Reader_Insight__c|true|false
16:16:32.0 (79053215)|VARIABLE_ASSIGNMENT|[122]|Checklist|{"Id":"a1J2t000002JSngEAG","Options__c":"Male;Female","Answer_Type__c":"Single","Question__c":"Gender"}|0x751b9ff4
16:16:32.0 (79060186)|STATEMENT_EXECUTE|[122]
16:16:32.0 (79080596)|STATEMENT_EXECUTE|[123]
16:16:32.0 (79082815)|STATEMENT_EXECUTE|[124]
16:16:32.0 (79100717)|HEAP_ALLOCATE|[EXTERNAL]|Bytes:4
16:16:32.0 (79108296)|STATEMENT_EXECUTE|[125]
16:16:32.0 (79115296)|VARIABLE_ASSIGNMENT|[122]|Checklist|null|
16:16:32.0 (79176678)|HEAP_ALLOCATE|[128]|Bytes:5
16:16:32.0 (79190469)|HEAP_ALLOCATE|[128]|Bytes:20
16:16:32.0 (79197839)|VARIABLE_SCOPE_BEGIN|[128]|Checklist|Reader_Insight__c|true|false
16:16:32.0 (79243059)|VARIABLE_ASSIGNMENT|[128]|Checklist|{"Id":"a1J2t000000nVo6EAE","Options__c":"Yes ; No","Answer_Type__c":"Single","Question__c":"Do you Think your Ne (44 more) ..."}|0x59096066
16:16:32.0 (79251120)|STATEMENT_EXECUTE|[128]
16:16:32.0 (79257249)|STATEMENT_EXECUTE|[129]
16:16:32.0 (79267220)|HEAP_ALLOCATE|[128]|Bytes:5
16:16:32.0 (79277740)|HEAP_ALLOCATE|[128]|Bytes:20
16:16:32.0 (79284460)|VARIABLE_SCOPE_BEGIN|[128]|Checklist|Reader_Insight__c|true|false
16:16:32.0 (79317432)|VARIABLE_ASSIGNMENT|[128]|Checklist|{"Id":"a1J2t000002JSnbEAG","Options__c":"1. 25 years;2. 25-35 (58 more) ...","Answer_Type__c":"Single","Question__c":"Age Group"}|0x62ca8aed
16:16:32.0 (79323562)|STATEMENT_EXECUTE|[128]
16:16:32.0 (79327962)|STATEMENT_EXECUTE|[129]
16:16:32.0 (79337331)|HEAP_ALLOCATE|[128]|Bytes:5
16:16:32.0 (79347313)|HEAP_ALLOCATE|[128]|Bytes:20
16:16:32.0 (79353252)|VARIABLE_SCOPE_BEGIN|[128]|Checklist|Reader_Insight__c|true|false
16:16:32.0 (79384262)|VARIABLE_ASSIGNMENT|[128]|Checklist|{"Id":"a1J2t000002JSngEAG","Options__c":"Male;Female","Answer_Type__c":"Single","Question__c":"Gender"}|0x751b9ff4
16:16:32.0 (79391354)|STATEMENT_EXECUTE|[128]
16:16:32.0 (79395474)|STATEMENT_EXECUTE|[129]
16:16:32.0 (79404863)|HEAP_ALLOCATE|[128]|Bytes:5
16:16:32.0 (79415604)|HEAP_ALLOCATE|[128]|Bytes:20
16:16:32.0 (79422284)|VARIABLE_SCOPE_BEGIN|[128]|Checklist|Reader_Insight__c|true|false
16:16:32.0 (79454235)|VARIABLE_ASSIGNMENT|[128]|Checklist|{"Id":"a1J2t000002JSqKEAW","Options__c":"National;Global/Inte (110 more) ...","Answer_Type__c":"Multi Select","Question__c":"Which Section of The (40 more) ..."}|0x259af1e4
16:16:32.0 (79460664)|STATEMENT_EXECUTE|[128]
16:16:32.0 (79464845)|STATEMENT_EXECUTE|[129]
16:16:32.0 (79474025)|HEAP_ALLOCATE|[128]|Bytes:5
16:16:32.0 (79486695)|VARIABLE_ASSIGNMENT|[128]|Checklist|null|
16:16:32.0 (79491305)|STATEMENT_EXECUTE|[136]
16:16:32.0 (79494185)|HEAP_ALLOCATE|[136]|Bytes:10
16:16:32.0 (79647619)|HEAP_ALLOCATE|[136]|Bytes:744
16:16:32.0 (79672810)|HEAP_ALLOCATE|[136]|Bytes:754
16:16:32.0 (79694681)|USER_DEBUG|[136]|DEBUG|Readerlist(Reader_Insight__c:{Id=a1J2t000000nVo6EAE, Options__c=Yes ; No, Question__c=Do you Think your Newspaper is giving you all the required news?, Answer_Type__c=Single}, Reader_Insight__c:{Id=a1J2t000002JSnbEAG, Options__c=1. 25 years;2. 25-35 years;3. 35-45 years;4. 45+ years;5. Do not want to share, Question__c=Age Group, Answer_Type__c=Single}, Reader_Insight__c:{Id=a1J2t000002JSngEAG, Options__c=Male;Female, Question__c=Gender, Answer_Type__c=Single}, Reader_Insight__c:{Id=a1J2t000002JSqKEAW, Options__c=National;Global/International;Local/City News;Business;Sports;Entertainment/TIMS;Technology;Editorial/Opinion;No Favourite Section, Question__c=Which Section of The Times Group Publication you like most ?, Answer_Type__c=Multi Select})
16:16:32.0 (79710870)|STATEMENT_EXECUTE|[137]
16:16:32.0 (79841904)|HEAP_ALLOCATE|[137]|Bytes:744
16:16:32.0 (79857135)|HEAP_ALLOCATE|[137]|Bytes:754
16:16:32.0 (79867234)|USER_DEBUG|[137]|DEBUG|Readerlist(Reader_Insight__c:{Id=a1J2t000000nVo6EAE, Options__c=Yes ; No, Question__c=Do you Think your Newspaper is giving you all the required news?, Answer_Type__c=Single}, Reader_Insight__c:{Id=a1J2t000002JSqKEAW, Options__c=National;Global/International;Local/City News;Business;Sports;Entertainment/TIMS;Technology;Editorial/Opinion;No Favourite Section, Question__c=Which Section of The Times Group Publication you like most ?, Answer_Type__c=Multi Select}, Reader_Insight__c:{Id=a1J2t000002JSnbEAG, Options__c=1. 25 years;2. 25-35 years;3. 35-45 years;4. 45+ years;5. Do not want to share, Question__c=Age Group, Answer_Type__c=Single}, Reader_Insight__c:{Id=a1J2t000002JSngEAG, Options__c=Male;Female, Question__c=Gender, Answer_Type__c=Single})
16:16:32.0 (79879855)|STATEMENT_EXECUTE|[138]
16:16:32.0 (79892526)|HEAP_ALLOCATE|[138]|Bytes:4
16:16:32.0 (79943106)|VARIABLE_SCOPE_BEGIN|[138]|wrplist|List<ReaderInsightFormController.qstionwrapperx>|true|false
16:16:32.0 (79963636)|HEAP_ALLOCATE|[EXTERNAL]|Bytes:4
16:16:32.0 (79976098)|VARIABLE_ASSIGNMENT|[138]|wrplist|[]|0x15a4b75f
16:16:32.0 (80012308)|HEAP_ALLOCATE|[139]|Bytes:5
16:16:32.0 (80025358)|HEAP_ALLOCATE|[139]|Bytes:20
16:16:32.0 (80034099)|VARIABLE_SCOPE_BEGIN|[139]|rIc|Reader_Insight__c|true|false
16:16:32.0 (80080149)|VARIABLE_ASSIGNMENT|[139]|rIc|{"Id":"a1J2t000000nVo6EAE","Options__c":"Yes ; No","Answer_Type__c":"Single","Question__c":"Do you Think your Ne (44 more) ..."}|0x59096066
16:16:32.0 (80087820)|STATEMENT_EXECUTE|[139]
16:16:32.0 (80090149)|STATEMENT_EXECUTE|[140]
16:16:32.0 (80106211)|HEAP_ALLOCATE|[140]|Bytes:188
16:16:32.0 (80132520)|HEAP_ALLOCATE|[140]|Bytes:11
16:16:32.0 (80140542)|HEAP_ALLOCATE|[140]|Bytes:28
16:16:32.0 (80161951)|CONSTRUCTOR_ENTRY|[140]|01p2t000000Ta9s|<init>()|ReaderInsightFormController.qstionwrapperx
16:16:32.0 (80190183)|VARIABLE_SCOPE_BEGIN|[2]|this|ReaderInsightFormController.qstionwrapperx|true|false
16:16:32.0 (80324576)|VARIABLE_ASSIGNMENT|[2]|this|{}|0x3dddad4a
16:16:32.0 (80337845)|HEAP_ALLOCATE|[EXTERNAL]|Bytes:6
16:16:32.0 (82626602)|STATEMENT_EXECUTE|[2]
16:16:32.0 (82631312)|STATEMENT_EXECUTE|[3]
16:16:32.0 (82633962)|STATEMENT_EXECUTE|[4]
16:16:32.0 (82635922)|STATEMENT_EXECUTE|[5]
16:16:32.0 (82638171)|STATEMENT_EXECUTE|[6]
16:16:32.0 (82640232)|STATEMENT_EXECUTE|[7]
16:16:32.0 (82642242)|STATEMENT_EXECUTE|[8]
16:16:32.0 (82648242)|CONSTRUCTOR_EXIT|[140]|01p2t000000Ta9s|<init>()|ReaderInsightFormController.qstionwrapperx
16:16:32.0 (82661141)|VARIABLE_SCOPE_BEGIN|[140]|qwrp|ReaderInsightFormController.qstionwrapperx|true|false
16:16:32.0 (82690782)|VARIABLE_ASSIGNMENT|[140]|qwrp|{}|0x3dddad4a
16:16:32.0 (82695803)|STATEMENT_EXECUTE|[141]
16:16:32.0 (82708213)|HEAP_ALLOCATE|[141]|Bytes:4
16:16:32.0 (82773694)|VARIABLE_SCOPE_BEGIN|[141]|optlist|List<ReaderInsightFormController.options>|true|false
16:16:32.0 (82797425)|HEAP_ALLOCATE|[EXTERNAL]|Bytes:4
16:16:32.0 (82809446)|VARIABLE_ASSIGNMENT|[141]|optlist|[]|0xc57c34
16:16:32.0 (82814166)|STATEMENT_EXECUTE|[142]
16:16:32.0 (82857927)|HEAP_ALLOCATE|[142]|Bytes:1
16:16:32.0 (82910857)|HEAP_ALLOCATE|[142]|Bytes:4
16:16:32.0 (82915649)|HEAP_ALLOCATE|[142]|Bytes:3
16:16:32.0 (82919868)|HEAP_ALLOCATE|[142]|Bytes:12
16:16:32.0 (82946759)|HEAP_ALLOCATE|[EXTERNAL]|Bytes:12
16:16:32.0 (82958130)|VARIABLE_ASSIGNMENT|[142]|plValues|["Yes "," No"]|0x306b2d3c
16:16:32.0 (83007030)|HEAP_ALLOCATE|[143]|Bytes:5
16:16:32.0 (83024300)|HEAP_ALLOCATE|[143]|Bytes:4
16:16:32.0 (83032700)|VARIABLE_SCOPE_BEGIN|[143]|str|String|false|false
16:16:32.0 (83042482)|VARIABLE_ASSIGNMENT|[143]|str|"Yes "
16:16:32.0 (83046842)|STATEMENT_EXECUTE|[143]
16:16:32.0 (83048972)|STATEMENT_EXECUTE|[144]
16:16:32.0 (83059892)|HEAP_ALLOCATE|[144]|Bytes:104
16:16:32.0 (83065501)|HEAP_ALLOCATE|[144]|Bytes:5
16:16:32.0 (83072911)|HEAP_ALLOCATE|[144]|Bytes:12
16:16:32.0 (83081672)|CONSTRUCTOR_ENTRY|[144]|01p2t000000Ta9s|<init>()|ReaderInsightFormController.options
16:16:32.0 (83100373)|VARIABLE_SCOPE_BEGIN|[11]|this|ReaderInsightFormController.options|true|false
16:16:32.0 (83130913)|VARIABLE_ASSIGNMENT|[11]|this|{}|0x608c7186
16:16:32.0 (83198704)|STATEMENT_EXECUTE|[11]
16:16:32.0 (83201415)|STATEMENT_EXECUTE|[12]
16:16:32.0 (83203615)|STATEMENT_EXECUTE|[13]
16:16:32.0 (83207145)|CONSTRUCTOR_EXIT|[144]|01p2t000000Ta9s|<init>()|ReaderInsightFormController.options
16:16:32.0 (83213835)|VARIABLE_SCOPE_BEGIN|[144]|opt|ReaderInsightFormController.options|true|false
16:16:32.0 (83226355)|VARIABLE_ASSIGNMENT|[144]|opt|{}|0x608c7186
16:16:32.0 (83231305)|STATEMENT_EXECUTE|[145]
16:16:32.0 (83272396)|VARIABLE_ASSIGNMENT|[EXTERNAL]|this|{}|0x608c7186
16:16:32.0 (83282516)|VARIABLE_ASSIGNMENT|[EXTERNAL]|value|"Yes "
16:16:32.0 (83295957)|VARIABLE_ASSIGNMENT|[12]|this.label|"Yes "|0x608c7186
16:16:32.0 (83305437)|STATEMENT_EXECUTE|[146]
16:16:32.0 (83337718)|VARIABLE_ASSIGNMENT|[EXTERNAL]|this|{"label":"Yes "}|0x608c7186
16:16:32.0 (83347089)|VARIABLE_ASSIGNMENT|[EXTERNAL]|value|"Yes "
16:16:32.0 (83356329)|VARIABLE_ASSIGNMENT|[13]|this.value|"Yes "|0x608c7186
16:16:32.0 (83366308)|STATEMENT_EXECUTE|[147]
16:16:32.0 (83386500)|HEAP_ALLOCATE|[EXTERNAL]|Bytes:4
16:16:32.0 (83403260)|HEAP_ALLOCATE|[143]|Bytes:5
16:16:32.0 (83413891)|HEAP_ALLOCATE|[143]|Bytes:3
16:16:32.0 (83420731)|VARIABLE_SCOPE_BEGIN|[143]|str|String|false|false
16:16:32.0 (83429501)|VARIABLE_ASSIGNMENT|[143]|str|" No"
16:16:32.0 (83433341)|STATEMENT_EXECUTE|[143]
16:16:32.0 (83435411)|STATEMENT_EXECUTE|[144]
16:16:32.0 (83439301)|HEAP_ALLOCATE|[144]|Bytes:12
16:16:32.0 (83444541)|CONSTRUCTOR_ENTRY|[144]|01p2t000000Ta9s|<init>()|ReaderInsightFormController.options
16:16:32.0 (83450181)|VARIABLE_SCOPE_BEGIN|[11]|this|ReaderInsightFormController.options|true|false
16:16:32.0 (83462342)|VARIABLE_ASSIGNMENT|[11]|this|{}|0x6c3be600
16:16:32.0 (83475601)|STATEMENT_EXECUTE|[11]
16:16:32.0 (83477831)|STATEMENT_EXECUTE|[12]
16:16:32.0 (83479841)|STATEMENT_EXECUTE|[13]
16:16:32.0 (83482982)|CONSTRUCTOR_EXIT|[144]|01p2t000000Ta9s|<init>()|ReaderInsightFormController.options
16:16:32.0 (83489161)|VARIABLE_SCOPE_BEGIN|[144]|opt|ReaderInsightFormController.options|true|false
16:16:32.0 (83500602)|VARIABLE_ASSIGNMENT|[144]|opt|{}|0x6c3be600
16:16:32.0 (83504962)|STATEMENT_EXECUTE|[145]
16:16:32.0 (83518752)|VARIABLE_ASSIGNMENT|[EXTERNAL]|this|{}|0x6c3be600
16:16:32.0 (83527903)|VARIABLE_ASSIGNMENT|[EXTERNAL]|value|" No"
16:16:32.0 (83536673)|VARIABLE_ASSIGNMENT|[12]|this.label|" No"|0x6c3be600
16:16:32.0 (83544494)|STATEMENT_EXECUTE|[146]
16:16:32.0 (83558123)|VARIABLE_ASSIGNMENT|[EXTERNAL]|this|{"label":" No"}|0x6c3be600
16:16:32.0 (83567534)|VARIABLE_ASSIGNMENT|[EXTERNAL]|value|" No"
16:16:32.0 (83579055)|VARIABLE_ASSIGNMENT|[13]|this.value|" No"|0x6c3be600
16:16:32.0 (83591124)|STATEMENT_EXECUTE|[147]
16:16:32.0 (83601065)|HEAP_ALLOCATE|[EXTERNAL]|Bytes:4
16:16:32.0 (83620496)|HEAP_ALLOCATE|[143]|Bytes:5
16:16:32.0 (83639176)|VARIABLE_ASSIGNMENT|[143]|str|null
16:16:32.0 (83648045)|STATEMENT_EXECUTE|[149]
16:16:32.0 (83693956)|VARIABLE_ASSIGNMENT|[EXTERNAL]|this|{}|0x3dddad4a
16:16:32.0 (83715298)|VARIABLE_ASSIGNMENT|[EXTERNAL]|value|[{"label":"Yes ","value":"Yes "},{"label":" No","value":" No"}]|0xc57c34
16:16:32.0 (83731978)|VARIABLE_ASSIGNMENT|[8]|this.option|[{"label":"Yes ","value":"Yes "},{"label":" No","value":" No"}]|0x3dddad4a
16:16:32.0 (83740677)|STATEMENT_EXECUTE|[150]
16:16:32.0 (83805359)|VARIABLE_ASSIGNMENT|[EXTERNAL]|this|{"option":"0xc57c34"}|0x3dddad4a
16:16:32.0 (83818839)|VARIABLE_ASSIGNMENT|[EXTERNAL]|value|"Do you Think your Ne (44 more) ..."
16:16:32.0 (83828951)|VARIABLE_ASSIGNMENT|[3]|this.qstion|"Do you Think your Ne (44 more) ..."|0x3dddad4a
16:16:32.0 (83837261)|STATEMENT_EXECUTE|[151]
16:16:32.0 (83853301)|HEAP_ALLOCATE|[151]|Bytes:18
16:16:32.0 (83896582)|VARIABLE_ASSIGNMENT|[EXTERNAL]|this|{"option":"0xc57c34","qstion":"Do you Think your Ne (44 more) ..."}|0x3dddad4a
16:16:32.0 (83906971)|VARIABLE_ASSIGNMENT|[EXTERNAL]|value|"a1J2t000000nVo6EAE"
16:16:32.0 (83916042)|VARIABLE_ASSIGNMENT|[4]|this.qsId|"a1J2t000000nVo6EAE"|0x3dddad4a
16:16:32.0 (83924743)|STATEMENT_EXECUTE|[152]
16:16:32.0 (83978773)|VARIABLE_ASSIGNMENT|[EXTERNAL]|this|{"option":"0xc57c34","qsId":"a1J2t000000nVo6EAE","qstion":"Do you Think your Ne (44 more) ..."}|0x3dddad4a
16:16:32.0 (83989674)|VARIABLE_ASSIGNMENT|[EXTERNAL]|value|"Single"
16:16:32.0 (83998065)|VARIABLE_ASSIGNMENT|[5]|this.type|"Single"|0x3dddad4a
16:16:32.0 (84006105)|STATEMENT_EXECUTE|[153]
16:16:32.0 (84015825)|HEAP_ALLOCATE|[153]|Bytes:4
16:16:32.0 (84062146)|VARIABLE_ASSIGNMENT|[EXTERNAL]|this|{"option":"0xc57c34","qsId":"a1J2t000000nVo6EAE","qstion":"Do you Think your Ne (44 more) ...","type":"Single"}|0x3dddad4a
16:16:32.0 (84092096)|HEAP_ALLOCATE|[EXTERNAL]|Bytes:4
16:16:32.0 (84103366)|VARIABLE_ASSIGNMENT|[EXTERNAL]|value|[]|0x3f14dfdb
16:16:32.0 (84135497)|VARIABLE_ASSIGNMENT|[7]|this.multianswrs|[]|0x3dddad4a
16:16:32.0 (84149678)|STATEMENT_EXECUTE|[154]
16:16:32.0 (84203910)|VARIABLE_ASSIGNMENT|[EXTERNAL]|this|{"multianswrs":"0x3f14dfdb","option":"0xc57c34","qsId":"a1J2t000000nVo6EAE","qstion":"Do you Think your Ne (44 more) ...","type":"Single"}|0x3dddad4a
16:16:32.0 (84215499)|VARIABLE_ASSIGNMENT|[EXTERNAL]|value|""
16:16:32.0 (84225080)|VARIABLE_ASSIGNMENT|[6]|this.singleanswrs|""|0x3dddad4a
16:16:32.0 (84233129)|STATEMENT_EXECUTE|[155]
16:16:32.0 (84255540)|HEAP_ALLOCATE|[EXTERNAL]|Bytes:4
16:16:32.0 (84275340)|HEAP_ALLOCATE|[139]|Bytes:5
16:16:32.0 (84293482)|HEAP_ALLOCATE|[139]|Bytes:20
16:16:32.0 (84303472)|VARIABLE_SCOPE_BEGIN|[139]|rIc|Reader_Insight__c|true|false
16:16:32.0 (84388053)|VARIABLE_ASSIGNMENT|[139]|rIc|{"Id":"a1J2t000002JSqKEAW","Options__c":"National;Global/Inte (110 more) ...","Answer_Type__c":"Multi Select","Question__c":"Which Section of The (40 more) ..."}|0x259af1e4
16:16:32.0 (84396444)|STATEMENT_EXECUTE|[139]
16:16:32.0 (84398564)|STATEMENT_EXECUTE|[140]
16:16:32.0 (84402423)|HEAP_ALLOCATE|[140]|Bytes:28
16:16:32.0 (84409264)|CONSTRUCTOR_ENTRY|[140]|01p2t000000Ta9s|<init>()|ReaderInsightFormController.qstionwrapperx
16:16:32.0 (84416715)|VARIABLE_SCOPE_BEGIN|[2]|this|ReaderInsightFormController.qstionwrapperx|true|false
16:16:32.0 (84430984)|VARIABLE_ASSIGNMENT|[2]|this|{}|0x832c984
16:16:32.0 (84447196)|STATEMENT_EXECUTE|[2]
16:16:32.0 (84449526)|STATEMENT_EXECUTE|[3]
16:16:32.0 (84451585)|STATEMENT_EXECUTE|[4]
16:16:32.0 (84453535)|STATEMENT_EXECUTE|[5]
16:16:32.0 (84455596)|STATEMENT_EXECUTE|[6]
16:16:32.0 (84457665)|STATEMENT_EXECUTE|[7]
16:16:32.0 (84459676)|STATEMENT_EXECUTE|[8]
16:16:32.0 (84462585)|CONSTRUCTOR_EXIT|[140]|01p2t000000Ta9s|<init>()|ReaderInsightFormController.qstionwrapperx
16:16:32.0 (84468916)|VARIABLE_SCOPE_BEGIN|[140]|qwrp|ReaderInsightFormController.qstionwrapperx|true|false
16:16:32.0 (84482335)|VARIABLE_ASSIGNMENT|[140]|qwrp|{}|0x832c984
16:16:32.0 (84487936)|STATEMENT_EXECUTE|[141]
16:16:32.0 (84495397)|HEAP_ALLOCATE|[141]|Bytes:4
16:16:32.0 (84508226)|VARIABLE_SCOPE_BEGIN|[141]|optlist|List<ReaderInsightFormController.options>|true|false
16:16:32.0 (84521786)|HEAP_ALLOCATE|[EXTERNAL]|Bytes:4
16:16:32.0 (84530038)|VARIABLE_ASSIGNMENT|[141]|optlist|[]|0x22f21878
16:16:32.0 (84534467)|STATEMENT_EXECUTE|[142]
16:16:32.0 (84559507)|HEAP_ALLOCATE|[142]|Bytes:8
16:16:32.0 (84565128)|HEAP_ALLOCATE|[142]|Bytes:20
16:16:32.0 (84568328)|HEAP_ALLOCATE|[142]|Bytes:15
16:16:32.0 (84571319)|HEAP_ALLOCATE|[142]|Bytes:8
16:16:32.0 (84576388)|HEAP_ALLOCATE|[142]|Bytes:6
16:16:32.0 (84581218)|HEAP_ALLOCATE|[142]|Bytes:18
16:16:32.0 (84585759)|HEAP_ALLOCATE|[142]|Bytes:10
16:16:32.0 (84590249)|HEAP_ALLOCATE|[142]|Bytes:17
16:16:32.0 (84594439)|HEAP_ALLOCATE|[142]|Bytes:20
16:16:32.0 (84599439)|HEAP_ALLOCATE|[142]|Bytes:40
16:16:32.0 (84633520)|HEAP_ALLOCATE|[EXTERNAL]|Bytes:40
16:16:32.0 (84661500)|VARIABLE_ASSIGNMENT|[142]|plValues|"List of size 9 too large to display"|0x3b01e1fa
16:16:32.0 (84693082)|HEAP_ALLOCATE|[143]|Bytes:5
16:16:32.0 (84708831)|HEAP_ALLOCATE|[143]|Bytes:8
16:16:32.0 (84718111)|VARIABLE_SCOPE_BEGIN|[143]|str|String|false|false
16:16:32.0 (84731092)|VARIABLE_ASSIGNMENT|[143]|str|"National"
16:16:32.0 (84737763)|STATEMENT_EXECUTE|[143]
16:16:32.0 (84740952)|STATEMENT_EXECUTE|[144]
16:16:32.0 (84744893)|HEAP_ALLOCATE|[144]|Bytes:12
16:16:32.0 (84751213)|CONSTRUCTOR_ENTRY|[144]|01p2t000000Ta9s|<init>()|ReaderInsightFormController.options
16:16:32.0 (84757853)|VARIABLE_SCOPE_BEGIN|[11]|this|ReaderInsightFormController.options|true|false
16:16:32.0 (84772072)|VARIABLE_ASSIGNMENT|[11]|this|{}|0x5179dfa2
16:16:32.0 (84787623)|STATEMENT_EXECUTE|[11]
16:16:32.0 (84789884)|STATEMENT_EXECUTE|[12]
16:16:32.0 (84792094)|STATEMENT_EXECUTE|[13]
16:16:32.0 (84795054)|CONSTRUCTOR_EXIT|[144]|01p2t000000Ta9s|<init>()|ReaderInsightFormController.options
16:16:32.0 (84801524)|VARIABLE_SCOPE_BEGIN|[144]|opt|ReaderInsightFormController.options|true|false
16:16:32.0 (84811334)|VARIABLE_ASSIGNMENT|[144]|opt|{}|0x5179dfa2
16:16:32.0 (84816364)|STATEMENT_EXECUTE|[145]
16:16:32.0 (84829264)|VARIABLE_ASSIGNMENT|[EXTERNAL]|this|{}|0x5179dfa2
16:16:32.0 (84839365)|VARIABLE_ASSIGNMENT|[EXTERNAL]|value|"National"
16:16:32.0 (84847725)|VARIABLE_ASSIGNMENT|[12]|this.label|"National"|0x5179dfa2
16:16:32.0 (84856384)|STATEMENT_EXECUTE|[146]
16:16:32.0 (84870545)|VARIABLE_ASSIGNMENT|[EXTERNAL]|this|{"label":"National"}|0x5179dfa2
16:16:32.0 (84878806)|VARIABLE_ASSIGNMENT|[EXTERNAL]|value|"National"
16:16:32.0 (84886136)|VARIABLE_ASSIGNMENT|[13]|this.value|"National"|0x5179dfa2
16:16:32.0 (84894576)|STATEMENT_EXECUTE|[147]
16:16:32.0 (84902047)|HEAP_ALLOCATE|[EXTERNAL]|Bytes:4
16:16:32.0 (84915346)|HEAP_ALLOCATE|[143]|Bytes:5
16:16:32.0 (84926506)|HEAP_ALLOCATE|[143]|Bytes:20
16:16:32.0 (84933017)|VARIABLE_SCOPE_BEGIN|[143]|str|String|false|false
16:16:32.0 (84941368)|VARIABLE_ASSIGNMENT|[143]|str|"Global/International"
16:16:32.0 (84945117)|STATEMENT_EXECUTE|[143]
16:16:32.0 (84947168)|STATEMENT_EXECUTE|[144]
16:16:32.0 (84950488)|HEAP_ALLOCATE|[144]|Bytes:12
16:16:32.0 (84955717)|CONSTRUCTOR_ENTRY|[144]|01p2t000000Ta9s|<init>()|ReaderInsightFormController.options
16:16:32.0 (84961448)|VARIABLE_SCOPE_BEGIN|[11]|this|ReaderInsightFormController.options|true|false
16:16:32.0 (84971488)|VARIABLE_ASSIGNMENT|[11]|this|{}|0x4f9952e0
16:16:32.0 (84984188)|STATEMENT_EXECUTE|[11]
16:16:32.0 (84986438)|STATEMENT_EXECUTE|[12]
16:16:32.0 (84988558)|STATEMENT_EXECUTE|[13]
16:16:32.0 (84991699)|CONSTRUCTOR_EXIT|[144]|01p2t000000Ta9s|<init>()|ReaderInsightFormController.options
16:16:32.0 (84997609)|VARIABLE_SCOPE_BEGIN|[144]|opt|ReaderInsightFormController.options|true|false
16:16:32.0 (85008259)|VARIABLE_ASSIGNMENT|[144]|opt|{}|0x4f9952e0
16:16:32.0 (85013139)|STATEMENT_EXECUTE|[145]
16:16:32.0 (85026109)|VARIABLE_ASSIGNMENT|[EXTERNAL]|this|{}|0x4f9952e0
16:16:32.0 (85034860)|VARIABLE_ASSIGNMENT|[EXTERNAL]|value|"Global/International"
16:16:32.0 (85044100)|VARIABLE_ASSIGNMENT|[12]|this.label|"Global/International"|0x4f9952e0
16:16:32.0 (85051900)|STATEMENT_EXECUTE|[146]
16:16:32.0 (85066000)|VARIABLE_ASSIGNMENT|[EXTERNAL]|this|{"label":"Global/International"}|0x4f9952e0
16:16:32.0 (85074291)|VARIABLE_ASSIGNMENT|[EXTERNAL]|value|"Global/International"
16:16:32.0 (85082051)|VARIABLE_ASSIGNMENT|[13]|this.value|"Global/International"|0x4f9952e0
16:16:32.0 (85089350)|STATEMENT_EXECUTE|[147]
16:16:32.0 (85096821)|HEAP_ALLOCATE|[EXTERNAL]|Bytes:4
16:16:32.0 (85109502)|HEAP_ALLOCATE|[143]|Bytes:5
16:16:32.0 (85118702)|HEAP_ALLOCATE|[143]|Bytes:15
16:16:32.0 (85125441)|VARIABLE_SCOPE_BEGIN|[143]|str|String|false|false
16:16:32.0 (85133662)|VARIABLE_ASSIGNMENT|[143]|str|"Local/City News"
16:16:32.0 (85137351)|STATEMENT_EXECUTE|[143]
16:16:32.0 (85139351)|STATEMENT_EXECUTE|[144]
16:16:32.0 (85142532)|HEAP_ALLOCATE|[144]|Bytes:12
16:16:32.0 (85148242)|CONSTRUCTOR_ENTRY|[144]|01p2t000000Ta9s|<init>()|ReaderInsightFormController.options
16:16:32.0 (85153192)|VARIABLE_SCOPE_BEGIN|[11]|this|ReaderInsightFormController.options|true|false
16:16:32.0 (85163503)|VARIABLE_ASSIGNMENT|[11]|this|{}|0x7d9ab2b3
16:16:32.0 (85176373)|STATEMENT_EXECUTE|[11]
16:16:32.0 (85178482)|STATEMENT_EXECUTE|[12]
16:16:32.0 (85180432)|STATEMENT_EXECUTE|[13]
16:16:32.0 (85183202)|CONSTRUCTOR_EXIT|[144]|01p2t000000Ta9s|<init>()|ReaderInsightFormController.options
16:16:32.0 (85188023)|VARIABLE_SCOPE_BEGIN|[144]|opt|ReaderInsightFormController.options|true|false
16:16:32.0 (85198384)|VARIABLE_ASSIGNMENT|[144]|opt|{}|0x7d9ab2b3
16:16:32.0 (85202694)|STATEMENT_EXECUTE|[145]
16:16:32.0 (85215854)|VARIABLE_ASSIGNMENT|[EXTERNAL]|this|{}|0x7d9ab2b3
16:16:32.0 (85224424)|VARIABLE_ASSIGNMENT|[EXTERNAL]|value|"Local/City News"
16:16:32.0 (85231815)|VARIABLE_ASSIGNMENT|[12]|this.label|"Local/City News"|0x7d9ab2b3
16:16:32.0 (85240194)|STATEMENT_EXECUTE|[146]
16:16:32.0 (85253985)|VARIABLE_ASSIGNMENT|[EXTERNAL]|this|{"label":"Local/City News"}|0x7d9ab2b3
16:16:32.0 (85262305)|VARIABLE_ASSIGNMENT|[EXTERNAL]|value|"Local/City News"
16:16:32.0 (85269545)|VARIABLE_ASSIGNMENT|[13]|this.value|"Local/City News"|0x7d9ab2b3
16:16:32.0 (85277906)|STATEMENT_EXECUTE|[147]
16:16:32.0 (85284146)|HEAP_ALLOCATE|[EXTERNAL]|Bytes:4
16:16:32.0 (85297085)|HEAP_ALLOCATE|[143]|Bytes:5
16:16:32.0 (85306426)|HEAP_ALLOCATE|[143]|Bytes:8
16:16:32.0 (85312656)|VARIABLE_SCOPE_BEGIN|[143]|str|String|false|false
16:16:32.0 (85320486)|VARIABLE_ASSIGNMENT|[143]|str|"Business"
16:16:32.0 (85324147)|STATEMENT_EXECUTE|[143]
16:16:32.0 (85326217)|STATEMENT_EXECUTE|[144]
16:16:32.0 (85329377)|HEAP_ALLOCATE|[144]|Bytes:12
16:16:32.0 (85334286)|CONSTRUCTOR_ENTRY|[144]|01p2t000000Ta9s|<init>()|ReaderInsightFormController.options
16:16:32.0 (85340297)|VARIABLE_SCOPE_BEGIN|[11]|this|ReaderInsightFormController.options|true|false
16:16:32.0 (85350347)|VARIABLE_ASSIGNMENT|[11]|this|{}|0x492082cb
16:16:32.0 (85362327)|STATEMENT_EXECUTE|[11]
16:16:32.0 (85364508)|STATEMENT_EXECUTE|[12]
16:16:32.0 (85366487)|STATEMENT_EXECUTE|[13]
16:16:32.0 (85369367)|CONSTRUCTOR_EXIT|[144]|01p2t000000Ta9s|<init>()|ReaderInsightFormController.options
16:16:32.0 (85375698)|VARIABLE_SCOPE_BEGIN|[144]|opt|ReaderInsightFormController.options|true|false
16:16:32.0 (85387367)|VARIABLE_ASSIGNMENT|[144]|opt|{}|0x492082cb
16:16:32.0 (85391647)|STATEMENT_EXECUTE|[145]
16:16:32.0 (85404339)|VARIABLE_ASSIGNMENT|[EXTERNAL]|this|{}|0x492082cb
16:16:32.0 (85412728)|VARIABLE_ASSIGNMENT|[EXTERNAL]|value|"Business"
16:16:32.0 (85420918)|VARIABLE_ASSIGNMENT|[12]|this.label|"Business"|0x492082cb
16:16:32.0 (85427998)|STATEMENT_EXECUTE|[146]
16:16:32.0 (85441199)|VARIABLE_ASSIGNMENT|[EXTERNAL]|this|{"label":"Business"}|0x492082cb
16:16:32.0 (85449569)|VARIABLE_ASSIGNMENT|[EXTERNAL]|value|"Business"
16:16:32.0 (85456689)|VARIABLE_ASSIGNMENT|[13]|this.value|"Business"|0x492082cb
16:16:32.0 (85465590)|STATEMENT_EXECUTE|[147]
16:16:32.0 (85474449)|HEAP_ALLOCATE|[EXTERNAL]|Bytes:4
16:16:32.0 (85491000)|HEAP_ALLOCATE|[143]|Bytes:5
16:16:32.0 (85503991)|HEAP_ALLOCATE|[143]|Bytes:6
16:16:32.0 (85510951)|VARIABLE_SCOPE_BEGIN|[143]|str|String|false|false
16:16:32.0 (85519181)|VARIABLE_ASSIGNMENT|[143]|str|"Sports"
16:16:32.0 (85522992)|STATEMENT_EXECUTE|[143]
16:16:32.0 (85525001)|STATEMENT_EXECUTE|[144]
16:16:32.0 (85528081)|HEAP_ALLOCATE|[144]|Bytes:12
16:16:32.0 (85533211)|CONSTRUCTOR_ENTRY|[144]|01p2t000000Ta9s|<init>()|ReaderInsightFormController.options
16:16:32.0 (85538742)|VARIABLE_SCOPE_BEGIN|[11]|this|ReaderInsightFormController.options|true|false
16:16:32.0 (85550382)|VARIABLE_ASSIGNMENT|[11]|this|{}|0x56bbd082
16:16:32.0 (85563212)|STATEMENT_EXECUTE|[11]
16:16:32.0 (85565353)|STATEMENT_EXECUTE|[12]
16:16:32.0 (85567322)|STATEMENT_EXECUTE|[13]
16:16:32.0 (85570332)|CONSTRUCTOR_EXIT|[144]|01p2t000000Ta9s|<init>()|ReaderInsightFormController.options
16:16:32.0 (85576322)|VARIABLE_SCOPE_BEGIN|[144]|opt|ReaderInsightFormController.options|true|false
16:16:32.0 (85587143)|VARIABLE_ASSIGNMENT|[144]|opt|{}|0x56bbd082
16:16:32.0 (85591332)|STATEMENT_EXECUTE|[145]
16:16:32.0 (85624963)|VARIABLE_ASSIGNMENT|[EXTERNAL]|this|{}|0x56bbd082
16:16:32.0 (85634074)|VARIABLE_ASSIGNMENT|[EXTERNAL]|value|"Sports"
16:16:32.0 (85641613)|VARIABLE_ASSIGNMENT|[12]|this.label|"Sports"|0x56bbd082
16:16:32.0 (85650204)|STATEMENT_EXECUTE|[146]
16:16:32.0 (85664385)|VARIABLE_ASSIGNMENT|[EXTERNAL]|this|{"label":"Sports"}|0x56bbd082
16:16:32.0 (85672705)|VARIABLE_ASSIGNMENT|[EXTERNAL]|value|"Sports"
16:16:32.0 (85680524)|VARIABLE_ASSIGNMENT|[13]|this.value|"Sports"|0x56bbd082
16:16:32.0 (85687386)|STATEMENT_EXECUTE|[147]
16:16:32.0 (85694015)|HEAP_ALLOCATE|[EXTERNAL]|Bytes:4
16:16:32.0 (85707236)|HEAP_ALLOCATE|[143]|Bytes:5
16:16:32.0 (85716476)|HEAP_ALLOCATE|[143]|Bytes:18
16:16:32.0 (85723205)|VARIABLE_SCOPE_BEGIN|[143]|str|String|false|false
16:16:32.0 (85731336)|VARIABLE_ASSIGNMENT|[143]|str|"Entertainment/TIMS"
16:16:32.0 (85735086)|STATEMENT_EXECUTE|[143]
16:16:32.0 (85737166)|STATEMENT_EXECUTE|[144]
16:16:32.0 (85740387)|HEAP_ALLOCATE|[144]|Bytes:12
16:16:32.0 (85745237)|CONSTRUCTOR_ENTRY|[144]|01p2t000000Ta9s|<init>()|ReaderInsightFormController.options
16:16:32.0 (85750947)|VARIABLE_SCOPE_BEGIN|[11]|this|ReaderInsightFormController.options|true|false
16:16:32.0 (85761267)|VARIABLE_ASSIGNMENT|[11]|this|{}|0x533096e7
16:16:32.0 (85773497)|STATEMENT_EXECUTE|[11]
16:16:32.0 (85775657)|STATEMENT_EXECUTE|[12]
16:16:32.0 (85777708)|STATEMENT_EXECUTE|[13]
16:16:32.0 (85780548)|CONSTRUCTOR_EXIT|[144]|01p2t000000Ta9s|<init>()|ReaderInsightFormController.options
16:16:32.0 (85785657)|VARIABLE_SCOPE_BEGIN|[144]|opt|ReaderInsightFormController.options|true|false
16:16:32.0 (85796438)|VARIABLE_ASSIGNMENT|[144]|opt|{}|0x533096e7
16:16:32.0 (85800788)|STATEMENT_EXECUTE|[145]
16:16:32.0 (85813968)|VARIABLE_ASSIGNMENT|[EXTERNAL]|this|{}|0x533096e7
16:16:32.0 (85823909)|VARIABLE_ASSIGNMENT|[EXTERNAL]|value|"Entertainment/TIMS"
16:16:32.0 (85831949)|VARIABLE_ASSIGNMENT|[12]|this.label|"Entertainment/TIMS"|0x533096e7
16:16:32.0 (85839319)|STATEMENT_EXECUTE|[146]
16:16:32.0 (85853470)|VARIABLE_ASSIGNMENT|[EXTERNAL]|this|{"label":"Entertainment/TIMS"}|0x533096e7
16:16:32.0 (85861880)|VARIABLE_ASSIGNMENT|[EXTERNAL]|value|"Entertainment/TIMS"
16:16:32.0 (85869910)|VARIABLE_ASSIGNMENT|[13]|this.value|"Entertainment/TIMS"|0x533096e7
16:16:32.0 (85877110)|STATEMENT_EXECUTE|[147]
16:16:32.0 (85883139)|HEAP_ALLOCATE|[EXTERNAL]|Bytes:4
16:16:32.0 (85895850)|HEAP_ALLOCATE|[143]|Bytes:5
16:16:32.0 (85905161)|HEAP_ALLOCATE|[143]|Bytes:10
16:16:32.0 (85911580)|VARIABLE_SCOPE_BEGIN|[143]|str|String|false|false
16:16:32.0 (85919610)|VARIABLE_ASSIGNMENT|[143]|str|"Technology"
16:16:32.0 (85923490)|STATEMENT_EXECUTE|[143]
16:16:32.0 (85925601)|STATEMENT_EXECUTE|[144]
16:16:32.0 (85929391)|HEAP_ALLOCATE|[144]|Bytes:12
16:16:32.0 (85934011)|CONSTRUCTOR_ENTRY|[144]|01p2t000000Ta9s|<init>()|ReaderInsightFormController.options
16:16:32.0 (85938821)|VARIABLE_SCOPE_BEGIN|[11]|this|ReaderInsightFormController.options|true|false
16:16:32.0 (85950181)|VARIABLE_ASSIGNMENT|[11]|this|{}|0x7b97b918
16:16:32.0 (85962811)|STATEMENT_EXECUTE|[11]
16:16:32.0 (85964971)|STATEMENT_EXECUTE|[12]
16:16:32.0 (85967011)|STATEMENT_EXECUTE|[13]
16:16:32.0 (85969682)|CONSTRUCTOR_EXIT|[144]|01p2t000000Ta9s|<init>()|ReaderInsightFormController.options
16:16:32.0 (85974892)|VARIABLE_SCOPE_BEGIN|[144]|opt|ReaderInsightFormController.options|true|false
16:16:32.0 (85985612)|VARIABLE_ASSIGNMENT|[144]|opt|{}|0x7b97b918
16:16:32.0 (85989793)|STATEMENT_EXECUTE|[145]
16:16:32.0 (86002593)|VARIABLE_ASSIGNMENT|[EXTERNAL]|this|{}|0x7b97b918
16:16:32.0 (86011273)|VARIABLE_ASSIGNMENT|[EXTERNAL]|value|"Technology"
16:16:32.0 (86018484)|VARIABLE_ASSIGNMENT|[12]|this.label|"Technology"|0x7b97b918
16:16:32.0 (86028404)|STATEMENT_EXECUTE|[146]
16:16:32.0 (86042133)|VARIABLE_ASSIGNMENT|[EXTERNAL]|this|{"label":"Technology"}|0x7b97b918
16:16:32.0 (86050573)|VARIABLE_ASSIGNMENT|[EXTERNAL]|value|"Technology"
16:16:32.0 (86058294)|VARIABLE_ASSIGNMENT|[13]|this.value|"Technology"|0x7b97b918
16:16:32.0 (86065334)|STATEMENT_EXECUTE|[147]
16:16:32.0 (86071715)|HEAP_ALLOCATE|[EXTERNAL]|Bytes:4
16:16:32.0 (86084485)|HEAP_ALLOCATE|[143]|Bytes:5
16:16:32.0 (86093664)|HEAP_ALLOCATE|[143]|Bytes:17
16:16:32.0 (86099126)|VARIABLE_SCOPE_BEGIN|[143]|str|String|false|false
16:16:32.0 (86107246)|VARIABLE_ASSIGNMENT|[143]|str|"Editorial/Opinion"
16:16:32.0 (86110975)|STATEMENT_EXECUTE|[143]
16:16:32.0 (86113025)|STATEMENT_EXECUTE|[144]
16:16:32.0 (86116775)|HEAP_ALLOCATE|[144]|Bytes:12
16:16:32.0 (86121455)|CONSTRUCTOR_ENTRY|[144]|01p2t000000Ta9s|<init>()|ReaderInsightFormController.options
16:16:32.0 (86126305)|VARIABLE_SCOPE_BEGIN|[11]|this|ReaderInsightFormController.options|true|false
16:16:32.0 (86137606)|VARIABLE_ASSIGNMENT|[11]|this|{}|0x366c4a7b
16:16:32.0 (86150936)|STATEMENT_EXECUTE|[11]
16:16:32.0 (86153106)|STATEMENT_EXECUTE|[12]
16:16:32.0 (86155807)|STATEMENT_EXECUTE|[13]
16:16:32.0 (86160146)|CONSTRUCTOR_EXIT|[144]|01p2t000000Ta9s|<init>()|ReaderInsightFormController.options
16:16:32.0 (86168146)|VARIABLE_SCOPE_BEGIN|[144]|opt|ReaderInsightFormController.options|true|false
16:16:32.0 (86183998)|VARIABLE_ASSIGNMENT|[144]|opt|{}|0x366c4a7b
16:16:32.0 (86189958)|STATEMENT_EXECUTE|[145]
16:16:32.0 (86207048)|VARIABLE_ASSIGNMENT|[EXTERNAL]|this|{}|0x366c4a7b
16:16:32.0 (86219678)|VARIABLE_ASSIGNMENT|[EXTERNAL]|value|"Editorial/Opinion"
16:16:32.0 (86230988)|VARIABLE_ASSIGNMENT|[12]|this.label|"Editorial/Opinion"|0x366c4a7b
16:16:32.0 (86242298)|STATEMENT_EXECUTE|[146]
16:16:32.0 (86260778)|VARIABLE_ASSIGNMENT|[EXTERNAL]|this|{"label":"Editorial/Opinion"}|0x366c4a7b
16:16:32.0 (86272499)|VARIABLE_ASSIGNMENT|[EXTERNAL]|value|"Editorial/Opinion"
16:16:32.0 (86282669)|VARIABLE_ASSIGNMENT|[13]|this.value|"Editorial/Opinion"|0x366c4a7b
16:16:32.0 (86293149)|STATEMENT_EXECUTE|[147]
16:16:32.0 (86302050)|HEAP_ALLOCATE|[EXTERNAL]|Bytes:4
16:16:32.0 (86318881)|HEAP_ALLOCATE|[143]|Bytes:5
16:16:32.0 (86330820)|HEAP_ALLOCATE|[143]|Bytes:20
16:16:32.0 (86338251)|VARIABLE_SCOPE_BEGIN|[143]|str|String|false|false
16:16:32.0 (86349381)|VARIABLE_ASSIGNMENT|[143]|str|"No Favourite Section"
16:16:32.0 (86354762)|STATEMENT_EXECUTE|[143]
16:16:32.0 (86357381)|STATEMENT_EXECUTE|[144]
16:16:32.0 (86361802)|HEAP_ALLOCATE|[144]|Bytes:12
16:16:32.0 (86368452)|CONSTRUCTOR_ENTRY|[144]|01p2t000000Ta9s|<init>()|ReaderInsightFormController.options
16:16:32.0 (86375772)|VARIABLE_SCOPE_BEGIN|[11]|this|ReaderInsightFormController.options|true|false
16:16:32.0 (86391342)|VARIABLE_ASSIGNMENT|[11]|this|{}|0x3e5bb3f4
16:16:32.0 (86405813)|STATEMENT_EXECUTE|[11]
16:16:32.0 (86407912)|STATEMENT_EXECUTE|[12]
16:16:32.0 (86410592)|STATEMENT_EXECUTE|[13]
16:16:32.0 (86413883)|CONSTRUCTOR_EXIT|[144]|01p2t000000Ta9s|<init>()|ReaderInsightFormController.options
16:16:32.0 (86420523)|VARIABLE_SCOPE_BEGIN|[144]|opt|ReaderInsightFormController.options|true|false
16:16:32.0 (86430633)|VARIABLE_ASSIGNMENT|[144]|opt|{}|0x3e5bb3f4
16:16:32.0 (86434873)|STATEMENT_EXECUTE|[145]
16:16:32.0 (86448204)|VARIABLE_ASSIGNMENT|[EXTERNAL]|this|{}|0x3e5bb3f4
16:16:32.0 (86457103)|VARIABLE_ASSIGNMENT|[EXTERNAL]|value|"No Favourite Section"
16:16:32.0 (86465143)|VARIABLE_ASSIGNMENT|[12]|this.label|"No Favourite Section"|0x3e5bb3f4
16:16:32.0 (86473725)|STATEMENT_EXECUTE|[146]
16:16:32.0 (86487775)|VARIABLE_ASSIGNMENT|[EXTERNAL]|this|{"label":"No Favourite Section"}|0x3e5bb3f4
16:16:32.0 (86496114)|VARIABLE_ASSIGNMENT|[EXTERNAL]|value|"No Favourite Section"
16:16:32.0 (86503935)|VARIABLE_ASSIGNMENT|[13]|this.value|"No Favourite Section"|0x3e5bb3f4
16:16:32.0 (86512185)|STATEMENT_EXECUTE|[147]
16:16:32.0 (86518715)|HEAP_ALLOCATE|[EXTERNAL]|Bytes:4
16:16:32.0 (86531616)|HEAP_ALLOCATE|[143]|Bytes:5
16:16:32.0 (86544336)|VARIABLE_ASSIGNMENT|[143]|str|null
16:16:32.0 (86549155)|STATEMENT_EXECUTE|[149]
16:16:32.0 (86565676)|VARIABLE_ASSIGNMENT|[EXTERNAL]|this|{}|0x832c984
16:16:32.0 (86577786)|VARIABLE_ASSIGNMENT|[EXTERNAL]|value|"List of size 9 too large to display"|0x22f21878
16:16:32.0 (86586657)|VARIABLE_ASSIGNMENT|[8]|this.option|"List of size 9 too large to display"|0x832c984
16:16:32.0 (86594338)|STATEMENT_EXECUTE|[150]
16:16:32.0 (86617818)|VARIABLE_ASSIGNMENT|[EXTERNAL]|this|{"option":"0x22f21878"}|0x832c984
16:16:32.0 (86628227)|VARIABLE_ASSIGNMENT|[EXTERNAL]|value|"Which Section of The (40 more) ..."
16:16:32.0 (86635958)|VARIABLE_ASSIGNMENT|[3]|this.qstion|"Which Section of The (40 more) ..."|0x832c984
16:16:32.0 (86644478)|STATEMENT_EXECUTE|[151]
16:16:32.0 (86653579)|HEAP_ALLOCATE|[151]|Bytes:18
16:16:32.0 (86674598)|VARIABLE_ASSIGNMENT|[EXTERNAL]|this|{"option":"0x22f21878","qstion":"Which Section of The (40 more) ..."}|0x832c984
16:16:32.0 (86684690)|VARIABLE_ASSIGNMENT|[EXTERNAL]|value|"a1J2t000002JSqKEAW"
16:16:32.0 (86693109)|VARIABLE_ASSIGNMENT|[4]|this.qsId|"a1J2t000002JSqKEAW"|0x832c984
16:16:32.0 (86700780)|STATEMENT_EXECUTE|[152]
16:16:32.0 (86721691)|VARIABLE_ASSIGNMENT|[EXTERNAL]|this|{"option":"0x22f21878","qsId":"a1J2t000002JSqKEAW","qstion":"Which Section of The (40 more) ..."}|0x832c984
16:16:32.0 (86731870)|VARIABLE_ASSIGNMENT|[EXTERNAL]|value|"Multi Select"
16:16:32.0 (86739571)|VARIABLE_ASSIGNMENT|[5]|this.type|"Multi Select"|0x832c984
16:16:32.0 (86747870)|STATEMENT_EXECUTE|[153]
16:16:32.0 (86755160)|HEAP_ALLOCATE|[153]|Bytes:4
16:16:32.0 (86783031)|VARIABLE_ASSIGNMENT|[EXTERNAL]|this|{"option":"0x22f21878","qsId":"a1J2t000002JSqKEAW","qstion":"Which Section of The (40 more) ...","type":"Multi Select"}|0x832c984
16:16:32.0 (86803752)|HEAP_ALLOCATE|[EXTERNAL]|Bytes:4
16:16:32.0 (86811312)|VARIABLE_ASSIGNMENT|[EXTERNAL]|value|[]|0x690b9d76
16:16:32.0 (86819802)|VARIABLE_ASSIGNMENT|[7]|this.multianswrs|[]|0x832c984
16:16:32.0 (86827503)|STATEMENT_EXECUTE|[154]
16:16:32.0 (86848014)|VARIABLE_ASSIGNMENT|[EXTERNAL]|this|{"multianswrs":"0x690b9d76","option":"0x22f21878","qsId":"a1J2t000002JSqKEAW","qstion":"Which Section of The (40 more) ...","type":"Multi Select"}|0x832c984
16:16:32.0 (86858683)|VARIABLE_ASSIGNMENT|[EXTERNAL]|value|""
16:16:32.0 (86867003)|VARIABLE_ASSIGNMENT|[6]|this.singleanswrs|""|0x832c984
16:16:32.0 (86874843)|STATEMENT_EXECUTE|[155]
16:16:32.0 (86882913)|HEAP_ALLOCATE|[EXTERNAL]|Bytes:4
16:16:32.0 (86896954)|HEAP_ALLOCATE|[139]|Bytes:5
16:16:32.0 (86911415)|HEAP_ALLOCATE|[139]|Bytes:20
16:16:32.0 (86920234)|VARIABLE_SCOPE_BEGIN|[139]|rIc|Reader_Insight__c|true|false
16:16:32.0 (87002286)|VARIABLE_ASSIGNMENT|[139]|rIc|{"Id":"a1J2t000002JSnbEAG","Options__c":"1. 25 years;2. 25-35 (58 more) ...","Answer_Type__c":"Single","Question__c":"Age Group"}|0x62ca8aed
16:16:32.0 (87009218)|STATEMENT_EXECUTE|[139]
16:16:32.0 (87011228)|STATEMENT_EXECUTE|[140]
16:16:32.0 (87015508)|HEAP_ALLOCATE|[140]|Bytes:28
16:16:32.0 (87021938)|CONSTRUCTOR_ENTRY|[140]|01p2t000000Ta9s|<init>()|ReaderInsightFormController.qstionwrapperx
16:16:32.0 (87028287)|VARIABLE_SCOPE_BEGIN|[2]|this|ReaderInsightFormController.qstionwrapperx|true|false
16:16:32.0 (87043087)|VARIABLE_ASSIGNMENT|[2]|this|{}|0x2f12a636
16:16:32.0 (87058099)|STATEMENT_EXECUTE|[2]
16:16:32.0 (87060318)|STATEMENT_EXECUTE|[3]
16:16:32.0 (87062389)|STATEMENT_EXECUTE|[4]
16:16:32.0 (87064349)|STATEMENT_EXECUTE|[5]
16:16:32.0 (87066318)|STATEMENT_EXECUTE|[6]
16:16:32.0 (87068518)|STATEMENT_EXECUTE|[7]
16:16:32.0 (87070438)|STATEMENT_EXECUTE|[8]
16:16:32.0 (87073349)|CONSTRUCTOR_EXIT|[140]|01p2t000000Ta9s|<init>()|ReaderInsightFormController.qstionwrapperx
16:16:32.0 (87079779)|VARIABLE_SCOPE_BEGIN|[140]|qwrp|ReaderInsightFormController.qstionwrapperx|true|false
16:16:32.0 (87092550)|VARIABLE_ASSIGNMENT|[140]|qwrp|{}|0x2f12a636
16:16:32.0 (87096919)|STATEMENT_EXECUTE|[141]
16:16:32.0 (87103700)|HEAP_ALLOCATE|[141]|Bytes:4
16:16:32.0 (87114750)|VARIABLE_SCOPE_BEGIN|[141]|optlist|List<ReaderInsightFormController.options>|true|false
16:16:32.0 (87127390)|HEAP_ALLOCATE|[EXTERNAL]|Bytes:4
16:16:32.0 (87169080)|VARIABLE_ASSIGNMENT|[141]|optlist|[]|0x7b791e3d
16:16:32.0 (87176411)|STATEMENT_EXECUTE|[142]
16:16:32.0 (87209952)|HEAP_ALLOCATE|[142]|Bytes:11
16:16:32.0 (87214513)|HEAP_ALLOCATE|[142]|Bytes:14
16:16:32.0 (87217673)|HEAP_ALLOCATE|[142]|Bytes:14
16:16:32.0 (87220612)|HEAP_ALLOCATE|[142]|Bytes:12
16:16:32.0 (87223572)|HEAP_ALLOCATE|[142]|Bytes:23
16:16:32.0 (87226772)|HEAP_ALLOCATE|[142]|Bytes:24
16:16:32.0 (87245812)|HEAP_ALLOCATE|[EXTERNAL]|Bytes:24
16:16:32.0 (87258874)|VARIABLE_ASSIGNMENT|[142]|plValues|["1. 25 years","2. 25-35 years","3. 35-45 years","4. 45+ years","5. Do not want to sh (3 more) ..."]|0x185ed6b5
16:16:32.0 (87280224)|HEAP_ALLOCATE|[143]|Bytes:5
16:16:32.0 (87290354)|HEAP_ALLOCATE|[143]|Bytes:11
16:16:32.0 (87296904)|VARIABLE_SCOPE_BEGIN|[143]|str|String|false|false
16:16:32.0 (87305204)|VARIABLE_ASSIGNMENT|[143]|str|"1. 25 years"
16:16:32.0 (87308945)|STATEMENT_EXECUTE|[143]
16:16:32.0 (87311044)|STATEMENT_EXECUTE|[144]
16:16:32.0 (87314635)|HEAP_ALLOCATE|[144]|Bytes:12
16:16:32.0 (87319844)|CONSTRUCTOR_ENTRY|[144]|01p2t000000Ta9s|<init>()|ReaderInsightFormController.options
16:16:32.0 (87325124)|VARIABLE_SCOPE_BEGIN|[11]|this|ReaderInsightFormController.options|true|false
16:16:32.0 (87339245)|VARIABLE_ASSIGNMENT|[11]|this|{}|0x2d0b18e5
16:16:32.0 (87353186)|STATEMENT_EXECUTE|[11]
16:16:32.0 (87355386)|STATEMENT_EXECUTE|[12]
16:16:32.0 (87357485)|STATEMENT_EXECUTE|[13]
16:16:32.0 (87360546)|CONSTRUCTOR_EXIT|[144]|01p2t000000Ta9s|<init>()|ReaderInsightFormController.options
16:16:32.0 (87366186)|VARIABLE_SCOPE_BEGIN|[144]|opt|ReaderInsightFormController.options|true|false
16:16:32.0 (87377146)|VARIABLE_ASSIGNMENT|[144]|opt|{}|0x2d0b18e5
16:16:32.0 (87382736)|STATEMENT_EXECUTE|[145]
16:16:32.0 (87397846)|VARIABLE_ASSIGNMENT|[EXTERNAL]|this|{}|0x2d0b18e5
16:16:32.0 (87406797)|VARIABLE_ASSIGNMENT|[EXTERNAL]|value|"1. 25 years"
16:16:32.0 (87414667)|VARIABLE_ASSIGNMENT|[12]|this.label|"1. 25 years"|0x2d0b18e5
16:16:32.0 (87423718)|STATEMENT_EXECUTE|[146]
16:16:32.0 (87438588)|VARIABLE_ASSIGNMENT|[EXTERNAL]|this|{"label":"1. 25 years"}|0x2d0b18e5
16:16:32.0 (87446977)|VARIABLE_ASSIGNMENT|[EXTERNAL]|value|"1. 25 years"
16:16:32.0 (87455097)|VARIABLE_ASSIGNMENT|[13]|this.value|"1. 25 years"|0x2d0b18e5
16:16:32.0 (87462217)|STATEMENT_EXECUTE|[147]
16:16:32.0 (87468909)|HEAP_ALLOCATE|[EXTERNAL]|Bytes:4
16:16:32.0 (87482218)|HEAP_ALLOCATE|[143]|Bytes:5
16:16:32.0 (87491509)|HEAP_ALLOCATE|[143]|Bytes:14
16:16:32.0 (87497869)|VARIABLE_SCOPE_BEGIN|[143]|str|String|false|false
16:16:32.0 (87505830)|VARIABLE_ASSIGNMENT|[143]|str|"2. 25-35 years"
16:16:32.0 (87509480)|STATEMENT_EXECUTE|[143]
16:16:32.0 (87511550)|STATEMENT_EXECUTE|[144]
16:16:32.0 (87514840)|HEAP_ALLOCATE|[144]|Bytes:12
16:16:32.0 (87520480)|CONSTRUCTOR_ENTRY|[144]|01p2t000000Ta9s|<init>()|ReaderInsightFormController.options
16:16:32.0 (87525230)|VARIABLE_SCOPE_BEGIN|[11]|this|ReaderInsightFormController.options|true|false
16:16:32.0 (87536840)|VARIABLE_ASSIGNMENT|[11]|this|{}|0x17123864
16:16:32.0 (87549191)|STATEMENT_EXECUTE|[11]
16:16:32.0 (87551260)|STATEMENT_EXECUTE|[12]
16:16:32.0 (87553351)|STATEMENT_EXECUTE|[13]
16:16:32.0 (87556340)|CONSTRUCTOR_EXIT|[144]|01p2t000000Ta9s|<init>()|ReaderInsightFormController.options
16:16:32.0 (87562250)|VARIABLE_SCOPE_BEGIN|[144]|opt|ReaderInsightFormController.options|true|false
16:16:32.0 (87571740)|VARIABLE_ASSIGNMENT|[144]|opt|{}|0x17123864
16:16:32.0 (87575860)|STATEMENT_EXECUTE|[145]
16:16:32.0 (87589952)|VARIABLE_ASSIGNMENT|[EXTERNAL]|this|{}|0x17123864
16:16:32.0 (87598602)|VARIABLE_ASSIGNMENT|[EXTERNAL]|value|"2. 25-35 years"
16:16:32.0 (87606432)|VARIABLE_ASSIGNMENT|[12]|this.label|"2. 25-35 years"|0x17123864
16:16:32.0 (87613941)|STATEMENT_EXECUTE|[146]
16:16:32.0 (87627781)|VARIABLE_ASSIGNMENT|[EXTERNAL]|this|{"label":"2. 25-35 years"}|0x17123864
16:16:32.0 (87636022)|VARIABLE_ASSIGNMENT|[EXTERNAL]|value|"2. 25-35 years"
16:16:32.0 (87644083)|VARIABLE_ASSIGNMENT|[13]|this.value|"2. 25-35 years"|0x17123864
16:16:32.0 (87651812)|STATEMENT_EXECUTE|[147]
16:16:32.0 (87659142)|HEAP_ALLOCATE|[EXTERNAL]|Bytes:4
16:16:32.0 (87672213)|HEAP_ALLOCATE|[143]|Bytes:5
16:16:32.0 (87681514)|HEAP_ALLOCATE|[143]|Bytes:14
16:16:32.0 (87688124)|VARIABLE_SCOPE_BEGIN|[143]|str|String|false|false
16:16:32.0 (87695773)|VARIABLE_ASSIGNMENT|[143]|str|"3. 35-45 years"
16:16:32.0 (87699543)|STATEMENT_EXECUTE|[143]
16:16:32.0 (87701564)|STATEMENT_EXECUTE|[144]
16:16:32.0 (87705204)|HEAP_ALLOCATE|[144]|Bytes:12
16:16:32.0 (87710154)|CONSTRUCTOR_ENTRY|[144]|01p2t000000Ta9s|<init>()|ReaderInsightFormController.options
16:16:32.0 (87715875)|VARIABLE_SCOPE_BEGIN|[11]|this|ReaderInsightFormController.options|true|false
16:16:32.0 (87725904)|VARIABLE_ASSIGNMENT|[11]|this|{}|0x24a9544d
16:16:32.0 (87738395)|STATEMENT_EXECUTE|[11]
16:16:32.0 (87741155)|STATEMENT_EXECUTE|[12]
16:16:32.0 (87743395)|STATEMENT_EXECUTE|[13]
16:16:32.0 (87746155)|CONSTRUCTOR_EXIT|[144]|01p2t000000Ta9s|<init>()|ReaderInsightFormController.options
16:16:32.0 (87751355)|VARIABLE_SCOPE_BEGIN|[144]|opt|ReaderInsightFormController.options|true|false
16:16:32.0 (87762276)|VARIABLE_ASSIGNMENT|[144]|opt|{}|0x24a9544d
16:16:32.0 (87766465)|STATEMENT_EXECUTE|[145]
16:16:32.0 (87780135)|VARIABLE_ASSIGNMENT|[EXTERNAL]|this|{}|0x24a9544d
16:16:32.0 (87788766)|VARIABLE_ASSIGNMENT|[EXTERNAL]|value|"3. 35-45 years"
16:16:32.0 (87796237)|VARIABLE_ASSIGNMENT|[12]|this.label|"3. 35-45 years"|0x24a9544d
16:16:32.0 (87804327)|STATEMENT_EXECUTE|[146]
16:16:32.0 (87817047)|VARIABLE_ASSIGNMENT|[EXTERNAL]|this|{"label":"3. 35-45 years"}|0x24a9544d
16:16:32.0 (87825407)|VARIABLE_ASSIGNMENT|[EXTERNAL]|value|"3. 35-45 years"
16:16:32.0 (87833976)|VARIABLE_ASSIGNMENT|[13]|this.value|"3. 35-45 years"|0x24a9544d
16:16:32.0 (87841707)|STATEMENT_EXECUTE|[147]
16:16:32.0 (87848928)|HEAP_ALLOCATE|[EXTERNAL]|Bytes:4
16:16:32.0 (87862387)|HEAP_ALLOCATE|[143]|Bytes:5
16:16:32.0 (87871808)|HEAP_ALLOCATE|[143]|Bytes:12
16:16:32.0 (87878698)|VARIABLE_SCOPE_BEGIN|[143]|str|String|false|false
16:16:32.0 (87887159)|VARIABLE_ASSIGNMENT|[143]|str|"4. 45+ years"
16:16:32.0 (87890938)|STATEMENT_EXECUTE|[143]
16:16:32.0 (87892988)|STATEMENT_EXECUTE|[144]
16:16:32.0 (87896748)|HEAP_ALLOCATE|[144]|Bytes:12
16:16:32.0 (87902178)|CONSTRUCTOR_ENTRY|[144]|01p2t000000Ta9s|<init>()|ReaderInsightFormController.options
16:16:32.0 (87907308)|VARIABLE_SCOPE_BEGIN|[11]|this|ReaderInsightFormController.options|true|false
16:16:32.0 (87918359)|VARIABLE_ASSIGNMENT|[11]|this|{}|0x4aacd513
16:16:32.0 (87930789)|STATEMENT_EXECUTE|[11]
16:16:32.0 (87932930)|STATEMENT_EXECUTE|[12]
16:16:32.0 (87935059)|STATEMENT_EXECUTE|[13]
16:16:32.0 (87938749)|CONSTRUCTOR_EXIT|[144]|01p2t000000Ta9s|<init>()|ReaderInsightFormController.options
16:16:32.0 (87945170)|VARIABLE_SCOPE_BEGIN|[144]|opt|ReaderInsightFormController.options|true|false
16:16:32.0 (87956859)|VARIABLE_ASSIGNMENT|[144]|opt|{}|0x4aacd513
16:16:32.0 (87961219)|STATEMENT_EXECUTE|[145]
16:16:32.0 (87974211)|VARIABLE_ASSIGNMENT|[EXTERNAL]|this|{}|0x4aacd513
16:16:32.0 (87983100)|VARIABLE_ASSIGNMENT|[EXTERNAL]|value|"4. 45+ years"
16:16:32.0 (87991500)|VARIABLE_ASSIGNMENT|[12]|this.label|"4. 45+ years"|0x4aacd513
16:16:32.0 (87998860)|STATEMENT_EXECUTE|[146]
16:16:32.0 (88013181)|VARIABLE_ASSIGNMENT|[EXTERNAL]|this|{"label":"4. 45+ years"}|0x4aacd513
16:16:32.0 (88023212)|VARIABLE_ASSIGNMENT|[EXTERNAL]|value|"4. 45+ years"
16:16:32.0 (88031511)|VARIABLE_ASSIGNMENT|[13]|this.value|"4. 45+ years"|0x4aacd513
16:16:32.0 (88038842)|STATEMENT_EXECUTE|[147]
16:16:32.0 (88045213)|HEAP_ALLOCATE|[EXTERNAL]|Bytes:4
16:16:32.0 (88057142)|HEAP_ALLOCATE|[143]|Bytes:5
16:16:32.0 (88066053)|HEAP_ALLOCATE|[143]|Bytes:23
16:16:32.0 (88072352)|VARIABLE_SCOPE_BEGIN|[143]|str|String|false|false
16:16:32.0 (88080893)|VARIABLE_ASSIGNMENT|[143]|str|"5. Do not want to sh (3 more) ..."
16:16:32.0 (88084512)|STATEMENT_EXECUTE|[143]
16:16:32.0 (88086574)|STATEMENT_EXECUTE|[144]
16:16:32.0 (88089414)|HEAP_ALLOCATE|[144]|Bytes:12
16:16:32.0 (88094943)|CONSTRUCTOR_ENTRY|[144]|01p2t000000Ta9s|<init>()|ReaderInsightFormController.options
16:16:32.0 (88099543)|VARIABLE_SCOPE_BEGIN|[11]|this|ReaderInsightFormController.options|true|false
16:16:32.0 (88128184)|VARIABLE_ASSIGNMENT|[11]|this|{}|0x3f952093
16:16:32.0 (88140994)|STATEMENT_EXECUTE|[11]
16:16:32.0 (88143165)|STATEMENT_EXECUTE|[12]
16:16:32.0 (88145245)|STATEMENT_EXECUTE|[13]
16:16:32.0 (88148365)|CONSTRUCTOR_EXIT|[144]|01p2t000000Ta9s|<init>()|ReaderInsightFormController.options
16:16:32.0 (88154365)|VARIABLE_SCOPE_BEGIN|[144]|opt|ReaderInsightFormController.options|true|false
16:16:32.0 (88166384)|VARIABLE_ASSIGNMENT|[144]|opt|{}|0x3f952093
16:16:32.0 (88170696)|STATEMENT_EXECUTE|[145]
16:16:32.0 (88184065)|VARIABLE_ASSIGNMENT|[EXTERNAL]|this|{}|0x3f952093
16:16:32.0 (88194176)|VARIABLE_ASSIGNMENT|[EXTERNAL]|value|"5. Do not want to sh (3 more) ..."
16:16:32.0 (88202096)|VARIABLE_ASSIGNMENT|[12]|this.label|"5. Do not want to sh (3 more) ..."|0x3f952093
16:16:32.0 (88209595)|STATEMENT_EXECUTE|[146]
16:16:32.0 (88224866)|VARIABLE_ASSIGNMENT|[EXTERNAL]|this|{"label":"5. Do not want to sh (3 more) ..."}|0x3f952093
16:16:32.0 (88233466)|VARIABLE_ASSIGNMENT|[EXTERNAL]|value|"5. Do not want to sh (3 more) ..."
16:16:32.0 (88241746)|VARIABLE_ASSIGNMENT|[13]|this.value|"5. Do not want to sh (3 more) ..."|0x3f952093
16:16:32.0 (88249066)|STATEMENT_EXECUTE|[147]
16:16:32.0 (88255707)|HEAP_ALLOCATE|[EXTERNAL]|Bytes:4
16:16:32.0 (88268098)|HEAP_ALLOCATE|[143]|Bytes:5
16:16:32.0 (88279698)|VARIABLE_ASSIGNMENT|[143]|str|null
16:16:32.0 (88283787)|STATEMENT_EXECUTE|[149]
16:16:32.0 (88299609)|VARIABLE_ASSIGNMENT|[EXTERNAL]|this|{}|0x2f12a636
16:16:32.0 (88322388)|VARIABLE_ASSIGNMENT|[EXTERNAL]|value|[{"label":"1. 25 years","value":"1. 25 years"},{"label":"2. 25-35 years","value":"2. 25-35 years"},{"label":"3. 35-45 years","value":"3. 35-45 years"},{"label":"4. 45+ years","value":"4. 45+ years"},{"label":"5. Do not want to sh (3 more) ...","value":"5. Do not want to sh (3 more) ..."}]|0x7b791e3d
16:16:32.0 (88346930)|VARIABLE_ASSIGNMENT|[8]|this.option|[{"label":"1. 25 years","value":"1. 25 years"},{"label":"2. 25-35 years","value":"2. 25-35 years"},{"label":"3. 35-45 years","value":"3. 35-45 years"},{"label":"4. 45+ years","value":"4. 45+ years"},{"label":"5. Do not want to sh (3 more) ...","value":"5. Do not want to sh (3 more) ..."}]|0x2f12a636
16:16:32.0 (88357380)|STATEMENT_EXECUTE|[150]
16:16:32.0 (88378760)|VARIABLE_ASSIGNMENT|[EXTERNAL]|this|{"option":"0x7b791e3d"}|0x2f12a636
16:16:32.0 (88388000)|VARIABLE_ASSIGNMENT|[EXTERNAL]|value|"Age Group"
16:16:32.0 (88396630)|VARIABLE_ASSIGNMENT|[3]|this.qstion|"Age Group"|0x2f12a636
16:16:32.0 (88403720)|STATEMENT_EXECUTE|[151]
16:16:32.0 (88410931)|HEAP_ALLOCATE|[151]|Bytes:18
16:16:32.0 (88430262)|VARIABLE_ASSIGNMENT|[EXTERNAL]|this|{"option":"0x7b791e3d","qstion":"Age Group"}|0x2f12a636
16:16:32.0 (88440361)|VARIABLE_ASSIGNMENT|[EXTERNAL]|value|"a1J2t000002JSnbEAG"
16:16:32.0 (88447652)|VARIABLE_ASSIGNMENT|[4]|this.qsId|"a1J2t000002JSnbEAG"|0x2f12a636
16:16:32.0 (88454902)|STATEMENT_EXECUTE|[152]
16:16:32.0 (88475192)|VARIABLE_ASSIGNMENT|[EXTERNAL]|this|{"option":"0x7b791e3d","qsId":"a1J2t000002JSnbEAG","qstion":"Age Group"}|0x2f12a636
16:16:32.0 (88484002)|VARIABLE_ASSIGNMENT|[EXTERNAL]|value|"Single"
16:16:32.0 (88492463)|VARIABLE_ASSIGNMENT|[5]|this.type|"Single"|0x2f12a636
16:16:32.0 (88499583)|STATEMENT_EXECUTE|[153]
16:16:32.0 (88505934)|HEAP_ALLOCATE|[153]|Bytes:4
16:16:32.0 (88610146)|VARIABLE_ASSIGNMENT|[EXTERNAL]|this|{"option":"0x7b791e3d","qsId":"a1J2t000002JSnbEAG","qstion":"Age Group","type":"Single"}|0x2f12a636
16:16:32.0 (88627417)|HEAP_ALLOCATE|[EXTERNAL]|Bytes:4
16:16:32.0 (88634227)|VARIABLE_ASSIGNMENT|[EXTERNAL]|value|[]|0x3942fe1d
16:16:32.0 (88643796)|VARIABLE_ASSIGNMENT|[7]|this.multianswrs|[]|0x2f12a636
16:16:32.0 (88652766)|STATEMENT_EXECUTE|[154]
16:16:32.0 (88673098)|VARIABLE_ASSIGNMENT|[EXTERNAL]|this|{"multianswrs":"0x3942fe1d","option":"0x7b791e3d","qsId":"a1J2t000002JSnbEAG","qstion":"Age Group","type":"Single"}|0x2f12a636
16:16:32.0 (88682178)|VARIABLE_ASSIGNMENT|[EXTERNAL]|value|""
16:16:32.0 (88690108)|VARIABLE_ASSIGNMENT|[6]|this.singleanswrs|""|0x2f12a636
16:16:32.0 (88698837)|STATEMENT_EXECUTE|[155]
16:16:32.0 (88706588)|HEAP_ALLOCATE|[EXTERNAL]|Bytes:4
16:16:32.0 (88720648)|HEAP_ALLOCATE|[139]|Bytes:5
16:16:32.0 (88734139)|HEAP_ALLOCATE|[139]|Bytes:20
16:16:32.0 (88741899)|VARIABLE_SCOPE_BEGIN|[139]|rIc|Reader_Insight__c|true|false
16:16:32.0 (88798151)|VARIABLE_ASSIGNMENT|[139]|rIc|{"Id":"a1J2t000002JSngEAG","Options__c":"Male;Female","Answer_Type__c":"Single","Question__c":"Gender"}|0x751b9ff4
16:16:32.0 (88805791)|STATEMENT_EXECUTE|[139]
16:16:32.0 (88807791)|STATEMENT_EXECUTE|[140]
16:16:32.0 (88811501)|HEAP_ALLOCATE|[140]|Bytes:28
16:16:32.0 (88817541)|CONSTRUCTOR_ENTRY|[140]|01p2t000000Ta9s|<init>()|ReaderInsightFormController.qstionwrapperx
16:16:32.0 (88823461)|VARIABLE_SCOPE_BEGIN|[2]|this|ReaderInsightFormController.qstionwrapperx|true|false
16:16:32.0 (88836611)|VARIABLE_ASSIGNMENT|[2]|this|{}|0x57a7de44
16:16:32.0 (88850982)|STATEMENT_EXECUTE|[2]
16:16:32.0 (88853342)|STATEMENT_EXECUTE|[3]
16:16:32.0 (88855382)|STATEMENT_EXECUTE|[4]
16:16:32.0 (88857281)|STATEMENT_EXECUTE|[5]
16:16:32.0 (88859201)|STATEMENT_EXECUTE|[6]
16:16:32.0 (88861112)|STATEMENT_EXECUTE|[7]
16:16:32.0 (88863131)|STATEMENT_EXECUTE|[8]
16:16:32.0 (88866491)|CONSTRUCTOR_EXIT|[140]|01p2t000000Ta9s|<init>()|ReaderInsightFormController.qstionwrapperx
16:16:32.0 (88873361)|VARIABLE_SCOPE_BEGIN|[140]|qwrp|ReaderInsightFormController.qstionwrapperx|true|false
16:16:32.0 (88885322)|VARIABLE_ASSIGNMENT|[140]|qwrp|{}|0x57a7de44
16:16:32.0 (88889673)|STATEMENT_EXECUTE|[141]
16:16:32.0 (88896162)|HEAP_ALLOCATE|[141]|Bytes:4
16:16:32.0 (88907692)|VARIABLE_SCOPE_BEGIN|[141]|optlist|List<ReaderInsightFormController.options>|true|false
16:16:32.0 (88919403)|HEAP_ALLOCATE|[EXTERNAL]|Bytes:4
16:16:32.0 (88926624)|VARIABLE_ASSIGNMENT|[141]|optlist|[]|0x7b8f9dee
16:16:32.0 (88930984)|STATEMENT_EXECUTE|[142]
16:16:32.0 (88951554)|HEAP_ALLOCATE|[142]|Bytes:4
16:16:32.0 (88956003)|HEAP_ALLOCATE|[142]|Bytes:6
16:16:32.0 (88959214)|HEAP_ALLOCATE|[142]|Bytes:12
16:16:32.0 (88976854)|HEAP_ALLOCATE|[EXTERNAL]|Bytes:12
16:16:32.0 (88984555)|VARIABLE_ASSIGNMENT|[142]|plValues|["Male","Female"]|0x6d08bbb4
16:16:32.0 (89004146)|HEAP_ALLOCATE|[143]|Bytes:5
16:16:32.0 (89013655)|HEAP_ALLOCATE|[143]|Bytes:4
16:16:32.0 (89020236)|VARIABLE_SCOPE_BEGIN|[143]|str|String|false|false
16:16:32.0 (89028055)|VARIABLE_ASSIGNMENT|[143]|str|"Male"
16:16:32.0 (89031756)|STATEMENT_EXECUTE|[143]
16:16:32.0 (89033836)|STATEMENT_EXECUTE|[144]
16:16:32.0 (89037005)|HEAP_ALLOCATE|[144]|Bytes:12
16:16:32.0 (89043166)|CONSTRUCTOR_ENTRY|[144]|01p2t000000Ta9s|<init>()|ReaderInsightFormController.options
16:16:32.0 (89048376)|VARIABLE_SCOPE_BEGIN|[11]|this|ReaderInsightFormController.options|true|false
16:16:32.0 (89060357)|VARIABLE_ASSIGNMENT|[11]|this|{}|0x4314121e
16:16:32.0 (89073696)|STATEMENT_EXECUTE|[11]
16:16:32.0 (89075896)|STATEMENT_EXECUTE|[12]
16:16:32.0 (89078067)|STATEMENT_EXECUTE|[13]
16:16:32.0 (89080827)|CONSTRUCTOR_EXIT|[144]|01p2t000000Ta9s|<init>()|ReaderInsightFormController.options
16:16:32.0 (89087207)|VARIABLE_SCOPE_BEGIN|[144]|opt|ReaderInsightFormController.options|true|false
16:16:32.0 (89098017)|VARIABLE_ASSIGNMENT|[144]|opt|{}|0x4314121e
16:16:32.0 (89102268)|STATEMENT_EXECUTE|[145]
16:16:32.0 (89115897)|VARIABLE_ASSIGNMENT|[EXTERNAL]|this|{}|0x4314121e
16:16:32.0 (89124308)|VARIABLE_ASSIGNMENT|[EXTERNAL]|value|"Male"
16:16:32.0 (89132719)|VARIABLE_ASSIGNMENT|[12]|this.label|"Male"|0x4314121e
16:16:32.0 (89140178)|STATEMENT_EXECUTE|[146]
16:16:32.0 (89153978)|VARIABLE_ASSIGNMENT|[EXTERNAL]|this|{"label":"Male"}|0x4314121e
16:16:32.0 (89162039)|VARIABLE_ASSIGNMENT|[EXTERNAL]|value|"Male"
16:16:32.0 (89169459)|VARIABLE_ASSIGNMENT|[13]|this.value|"Male"|0x4314121e
16:16:32.0 (89176670)|STATEMENT_EXECUTE|[147]
16:16:32.0 (89183459)|HEAP_ALLOCATE|[EXTERNAL]|Bytes:4
16:16:32.0 (89196190)|HEAP_ALLOCATE|[143]|Bytes:5
16:16:32.0 (89205280)|HEAP_ALLOCATE|[143]|Bytes:6
16:16:32.0 (89211641)|VARIABLE_SCOPE_BEGIN|[143]|str|String|false|false
16:16:32.0 (89219441)|VARIABLE_ASSIGNMENT|[143]|str|"Female"
16:16:32.0 (89223170)|STATEMENT_EXECUTE|[143]
16:16:32.0 (89225191)|STATEMENT_EXECUTE|[144]
16:16:32.0 (89228650)|HEAP_ALLOCATE|[144]|Bytes:12
16:16:32.0 (89233951)|CONSTRUCTOR_ENTRY|[144]|01p2t000000Ta9s|<init>()|ReaderInsightFormController.options
16:16:32.0 (89239500)|VARIABLE_SCOPE_BEGIN|[11]|this|ReaderInsightFormController.options|true|false
16:16:32.0 (89249461)|VARIABLE_ASSIGNMENT|[11]|this|{}|0x2a28a1c6
16:16:32.0 (89262661)|STATEMENT_EXECUTE|[11]
16:16:32.0 (89264802)|STATEMENT_EXECUTE|[12]
16:16:32.0 (89266832)|STATEMENT_EXECUTE|[13]
16:16:32.0 (89270002)|CONSTRUCTOR_EXIT|[144]|01p2t000000Ta9s|<init>()|ReaderInsightFormController.options
16:16:32.0 (89275952)|VARIABLE_SCOPE_BEGIN|[144]|opt|ReaderInsightFormController.options|true|false
16:16:32.0 (89286442)|VARIABLE_ASSIGNMENT|[144]|opt|{}|0x2a28a1c6
16:16:32.0 (89290713)|STATEMENT_EXECUTE|[145]
16:16:32.0 (89304022)|VARIABLE_ASSIGNMENT|[EXTERNAL]|this|{}|0x2a28a1c6
16:16:32.0 (89312412)|VARIABLE_ASSIGNMENT|[EXTERNAL]|value|"Female"
16:16:32.0 (89319843)|VARIABLE_ASSIGNMENT|[12]|this.label|"Female"|0x2a28a1c6
16:16:32.0 (89327012)|STATEMENT_EXECUTE|[146]
16:16:32.0 (89341413)|VARIABLE_ASSIGNMENT|[EXTERNAL]|this|{"label":"Female"}|0x2a28a1c6
16:16:32.0 (89349613)|VARIABLE_ASSIGNMENT|[EXTERNAL]|value|"Female"
16:16:32.0 (89356823)|VARIABLE_ASSIGNMENT|[13]|this.value|"Female"|0x2a28a1c6
16:16:32.0 (89365324)|STATEMENT_EXECUTE|[147]
16:16:32.0 (89371714)|HEAP_ALLOCATE|[EXTERNAL]|Bytes:4
16:16:32.0 (89384184)|HEAP_ALLOCATE|[143]|Bytes:5
16:16:32.0 (89396035)|VARIABLE_ASSIGNMENT|[143]|str|null
16:16:32.0 (89400214)|STATEMENT_EXECUTE|[149]
16:16:32.0 (89415436)|VARIABLE_ASSIGNMENT|[EXTERNAL]|this|{}|0x57a7de44
16:16:32.0 (89431246)|VARIABLE_ASSIGNMENT|[EXTERNAL]|value|[{"label":"Male","value":"Male"},{"label":"Female","value":"Female"}]|0x7b8f9dee
16:16:32.0 (89446945)|VARIABLE_ASSIGNMENT|[8]|this.option|[{"label":"Male","value":"Male"},{"label":"Female","value":"Female"}]|0x57a7de44
16:16:32.0 (89455735)|STATEMENT_EXECUTE|[150]
16:16:32.0 (89473637)|VARIABLE_ASSIGNMENT|[EXTERNAL]|this|{"option":"0x7b8f9dee"}|0x57a7de44
16:16:32.0 (89483296)|VARIABLE_ASSIGNMENT|[EXTERNAL]|value|"Gender"
16:16:32.0 (89490546)|VARIABLE_ASSIGNMENT|[3]|this.qstion|"Gender"|0x57a7de44
16:16:32.0 (89499057)|STATEMENT_EXECUTE|[151]
16:16:32.0 (89505078)|HEAP_ALLOCATE|[151]|Bytes:18
16:16:32.0 (89523968)|VARIABLE_ASSIGNMENT|[EXTERNAL]|this|{"option":"0x7b8f9dee","qstion":"Gender"}|0x57a7de44
16:16:32.0 (89532608)|VARIABLE_ASSIGNMENT|[EXTERNAL]|value|"a1J2t000002JSngEAG"
16:16:32.0 (89540129)|VARIABLE_ASSIGNMENT|[4]|this.qsId|"a1J2t000002JSngEAG"|0x57a7de44
16:16:32.0 (89547788)|STATEMENT_EXECUTE|[152]
16:16:32.0 (89567418)|VARIABLE_ASSIGNMENT|[EXTERNAL]|this|{"option":"0x7b8f9dee","qsId":"a1J2t000002JSngEAG","qstion":"Gender"}|0x57a7de44
16:16:32.0 (89575708)|VARIABLE_ASSIGNMENT|[EXTERNAL]|value|"Single"
16:16:32.0 (89584069)|VARIABLE_ASSIGNMENT|[5]|this.type|"Single"|0x57a7de44
16:16:32.0 (89591949)|STATEMENT_EXECUTE|[153]
16:16:32.0 (89597760)|HEAP_ALLOCATE|[153]|Bytes:4
16:16:32.0 (89624060)|VARIABLE_ASSIGNMENT|[EXTERNAL]|this|{"option":"0x7b8f9dee","qsId":"a1J2t000002JSngEAG","qstion":"Gender","type":"Single"}|0x57a7de44
16:16:32.0 (89639321)|HEAP_ALLOCATE|[EXTERNAL]|Bytes:4
16:16:32.0 (89645860)|VARIABLE_ASSIGNMENT|[EXTERNAL]|value|[]|0x2d4f3980
16:16:32.0 (89654790)|VARIABLE_ASSIGNMENT|[7]|this.multianswrs|[]|0x57a7de44
16:16:32.0 (89662470)|STATEMENT_EXECUTE|[154]
16:16:32.0 (89681732)|VARIABLE_ASSIGNMENT|[EXTERNAL]|this|{"multianswrs":"0x2d4f3980","option":"0x7b8f9dee","qsId":"a1J2t000002JSngEAG","qstion":"Gender","type":"Single"}|0x57a7de44
16:16:32.0 (89690812)|VARIABLE_ASSIGNMENT|[EXTERNAL]|value|""
16:16:32.0 (89699162)|VARIABLE_ASSIGNMENT|[6]|this.singleanswrs|""|0x57a7de44
16:16:32.0 (89706462)|STATEMENT_EXECUTE|[155]
16:16:32.0 (89713782)|HEAP_ALLOCATE|[EXTERNAL]|Bytes:4
16:16:32.0 (89726813)|HEAP_ALLOCATE|[139]|Bytes:5
16:16:32.0 (89738563)|VARIABLE_ASSIGNMENT|[139]|rIc|null|
16:16:32.0 (89742872)|STATEMENT_EXECUTE|[157]
16:16:32.0 (89746323)|HEAP_ALLOCATE|[157]|Bytes:7
16:16:32.0 (89847816)|HEAP_ALLOCATE|[157]|Bytes:1455
16:16:32.0 (89864376)|HEAP_ALLOCATE|[157]|Bytes:1462
16:16:32.0 (89883076)|USER_DEBUG|[157]|DEBUG|wrplist(qstionwrapperx:[multianswrs=(), option=(options:[label=Yes , value=Yes ], options:[label= No, value= No]), qsId=a1J2t000000nVo6EAE, qstion=Do you Think your Newspaper is giving you all the required news?, singleanswrs=, type=Single], qstionwrapperx:[multianswrs=(), option=(options:[label=National, value=National], options:[label=Global/International, value=Global/International], options:[label=Local/City News, value=Local/City News], options:[label=Business, value=Business], options:[label=Sports, value=Sports], options:[label=Entertainment/TIMS, value=Entertainment/TIMS], options:[label=Technology, value=Technology], options:[label=Editorial/Opinion, value=Editorial/Opinion], options:[label=No Favourite Section, value=No Favourite Section]), qsId=a1J2t000002JSqKEAW, qstion=Which Section of The Times Group Publication you like most ?, singleanswrs=, type=Multi Select], qstionwrapperx:[multianswrs=(), option=(options:[label=1. 25 years, value=1. 25 years], options:[label=2. 25-35 years, value=2. 25-35 years], options:[label=3. 35-45 years, value=3. 35-45 years], options:[label=4. 45+ years, value=4. 45+ years], options:[label=5. Do not want to share, value=5. Do not want to share]), qsId=a1J2t000002JSnbEAG, qstion=Age Group, singleanswrs=, type=Single], qstionwrapperx:[multianswrs=(), option=(options:[label=Male, value=Male], options:[label=Female, value=Female]), qsId=a1J2t000002JSngEAG, qstion=Gender, singleanswrs=, type=Single])
16:16:32.0 (89901676)|STATEMENT_EXECUTE|[158]
16:16:32.89 (89978598)|CUMULATIVE_LIMIT_USAGE
16:16:32.89 (89978598)|LIMIT_USAGE_FOR_NS|(default)|
  Number of SOQL queries: 7 out of 100
  Number of query rows: 6 out of 50000
  Number of SOSL queries: 0 out of 20
  Number of DML statements: 0 out of 150
  Number of Publish Immediate DML: 0 out of 150
  Number of DML rows: 0 out of 10000
  Maximum CPU time: 0 out of 10000
  Maximum heap size: 0 out of 6000000
  Number of callouts: 0 out of 100
  Number of Email Invocations: 0 out of 10
  Number of future calls: 0 out of 50
  Number of queueable jobs added to the queue: 0 out of 50
  Number of Mobile Apex push calls: 0 out of 10

16:16:32.89 (89978598)|CUMULATIVE_LIMIT_USAGE_END

16:16:32.0 (90017669)|CODE_UNIT_FINISHED|ReaderInsightFormController.getquestions(String)
16:16:32.0 (90693546)|CODE_UNIT_FINISHED|apex://ReaderInsightFormController/ACTION$getquestions
16:16:32.0 (90712446)|EXECUTION_FINISHED
