65.0 APEX_CODE,FINEST;APEX_PROFILING,INFO;CALLOUT,INFO;DATA_ACCESS,INFO;DB,INFO;NBA,INFO;SYSTEM,DEBUG;VALIDATION,INFO;VISUALFORCE,INFO;WAVE,INFO;WORKFLOW,INFO
17:10:23.0 (298348)|USER_INFO|[EXTERNAL]|0052t000000K4aE|rmdsupport1@timesgroup.com|(GMT+05:30) India Standard Time (Asia/Kolkata)|GMT+05:30
17:10:23.0 (368040)|EXECUTION_STARTED
17:10:23.0 (404861)|CODE_UNIT_STARTED|[EXTERNAL]|01p2t000000KTG6|RMDBatchSubscriptionLeadConvert
17:10:23.0 (8513121)|HEAP_ALLOCATE|[EXTERNAL]|Bytes:4
17:10:23.0 (15006651)|HEAP_ALLOCATE|[95]|Bytes:3
17:10:23.0 (15085613)|HEAP_ALLOCATE|[100]|Bytes:152
17:10:23.0 (15104983)|HEAP_ALLOCATE|[417]|Bytes:408
17:10:23.0 (15118234)|HEAP_ALLOCATE|[430]|Bytes:408
17:10:23.0 (15144765)|HEAP_ALLOCATE|[317]|Bytes:6
17:10:23.0 (15184556)|HEAP_ALLOCATE|[EXTERNAL]|Bytes:11
17:10:23.0 (15222197)|SYSTEM_METHOD_ENTRY|[15]|BatchableContextImpl.BatchableContextImpl()
17:10:23.0 (15257347)|STATEMENT_EXECUTE|[15]
17:10:23.0 (15278879)|SYSTEM_METHOD_EXIT|[15]|BatchableContextImpl
17:10:23.0 (15287639)|HEAP_ALLOCATE|[EXTERNAL]|Bytes:12
17:10:23.0 (15292469)|HEAP_ALLOCATE|[EXTERNAL]|Bytes:4
17:10:23.0 (15295699)|HEAP_ALLOCATE|[EXTERNAL]|Bytes:4
17:10:23.0 (15311440)|VARIABLE_SCOPE_BEGIN|[31]|this|Database.BatchableContextImpl|true|false
17:10:23.0 (15564037)|VARIABLE_ASSIGNMENT|[31]|this|{}|0x2c36069
17:10:23.0 (15570267)|VARIABLE_SCOPE_BEGIN|[31]|jobId|Id|false|false
17:10:23.0 (15692391)|VARIABLE_ASSIGNMENT|[31]|jobId|"707e200000ofF2wAAE"
17:10:23.0 (15698381)|VARIABLE_SCOPE_BEGIN|[31]|childJobId|Id|false|false
17:10:23.0 (15716301)|VARIABLE_ASSIGNMENT|[31]|childJobId|"707e200000ofiz2AAA"
17:10:23.0 (44081685)|HEAP_ALLOCATE|[EXTERNAL]|Bytes:8
17:10:45.347 (22347615736)|HEAP_ALLOCATE|[EXTERNAL]|Bytes:8
17:11:04.971 (41971690532)|CUMULATIVE_LIMIT_USAGE
17:11:04.971 (41971690532)|LIMIT_USAGE_FOR_NS|(default)|
  Number of SOQL queries: 0 out of 200
  Number of query rows: 0 out of 50000
  Number of SOSL queries: 0 out of 20
  Number of DML statements: 0 out of 150
  Number of Publish Immediate DML: 0 out of 150
  Number of DML rows: 0 out of 10000
  Maximum CPU time: 0 out of 60000
  Maximum heap size: 0 out of 12000000
  Number of callouts: 0 out of 0
  Number of Email Invocations: 0 out of 10
  Number of future calls: 0 out of 0
  Number of queueable jobs added to the queue: 0 out of 1
  Number of Mobile Apex push calls: 0 out of 10

17:11:04.971 (41971690532)|CUMULATIVE_LIMIT_USAGE_END

17:11:04.971 (41971750042)|CODE_UNIT_FINISHED|RMDBatchSubscriptionLeadConvert
17:11:04.971 (41971765943)|EXECUTION_FINISHED
