59.0 APEX_CODE,FINEST;APEX_PROFILING,INFO;CALLOUT,INFO;DATA_ACCESS,INFO;DB,INFO;NBA,INFO;SYSTEM,DEBUG;VALIDATION,INFO;VISUALFORCE,INFO;WAVE,INFO;WORKFLOW,INFO
16:36:00.0 (333970)|USER_INFO|[EXTERNAL]|0052t000000K4aE|rmdsupport1@timesgroup.com|(GMT+05:30) India Standard Time (Asia/Kolkata)|GMT+05:30
16:36:00.0 (448804)|EXECUTION_STARTED
16:36:00.0 (522086)|CODE_UNIT_STARTED|[EXTERNAL]|01p2t000000KTHK|SubscriptionLeadConvert
16:36:00.0 (518164706)|HEAP_ALLOCATE|[95]|Bytes:3
16:36:00.0 (518481166)|HEAP_ALLOCATE|[100]|Bytes:152
16:36:00.0 (518524167)|HEAP_ALLOCATE|[417]|Bytes:408
16:36:00.0 (518542747)|HEAP_ALLOCATE|[430]|Bytes:408
16:36:00.0 (518578809)|HEAP_ALLOCATE|[317]|Bytes:6
16:36:00.0 (518648491)|HEAP_ALLOCATE|[EXTERNAL]|Bytes:3
16:36:00.0 (518713233)|SYSTEM_METHOD_ENTRY|[1]|SchedulableContextImpl.SchedulableContextImpl()
16:36:00.0 (518741803)|STATEMENT_EXECUTE|[1]
16:36:00.0 (518782515)|SYSTEM_METHOD_EXIT|[1]|SchedulableContextImpl
16:36:00.0 (518806026)|HEAP_ALLOCATE|[EXTERNAL]|Bytes:8
16:36:00.0 (518810376)|HEAP_ALLOCATE|[EXTERNAL]|Bytes:4
16:36:00.0 (518836886)|VARIABLE_SCOPE_BEGIN|[4]|this|System.SchedulableContextImpl|true|false
16:36:00.0 (519117125)|VARIABLE_ASSIGNMENT|[4]|this|{}|0x6d25e8dd
16:36:00.0 (519131115)|VARIABLE_SCOPE_BEGIN|[4]|triggerId|Id|false|false
16:36:00.0 (519396203)|VARIABLE_ASSIGNMENT|[4]|triggerId|"08ee200000NdYREAA3"
16:36:00.0 (524024613)|HEAP_ALLOCATE|[EXTERNAL]|Bytes:1
16:36:00.0 (524052562)|HEAP_ALLOCATE|[EXTERNAL]|Bytes:2
16:36:00.0 (524088283)|METHOD_ENTRY|[1]|01p2t000000KTHK|RMDSubscriptionLeadConvetSchedulable.RMDSubscriptionLeadConvetSchedulable()
16:36:00.0 (524110625)|STATEMENT_EXECUTE|[1]
16:36:00.0 (524125765)|STATEMENT_EXECUTE|[1]
16:36:00.0 (524136845)|METHOD_EXIT|[1]|RMDSubscriptionLeadConvetSchedulable
16:36:00.0 (524174006)|HEAP_ALLOCATE|[EXTERNAL]|Bytes:4
16:36:00.0 (524182697)|HEAP_ALLOCATE|[EXTERNAL]|Bytes:8
16:36:00.0 (524215167)|VARIABLE_SCOPE_BEGIN|[2]|this|RMDSubscriptionLeadConvetSchedulable|true|false
16:36:00.0 (524319321)|VARIABLE_ASSIGNMENT|[2]|this|{}|0x304e726b
16:36:00.0 (524328072)|VARIABLE_SCOPE_BEGIN|[2]|sc|System.SchedulableContext|true|false
16:36:00.0 (524418244)|VARIABLE_ASSIGNMENT|[2]|sc|{"triggerId":"08ee200000NdYREAA3"}|0x6d25e8dd
16:36:00.0 (524447395)|STATEMENT_EXECUTE|[2]
16:36:00.0 (524449825)|STATEMENT_EXECUTE|[3]
16:36:00.0 (524485116)|VARIABLE_SCOPE_BEGIN|[3]|batchSize|Integer|false|false
16:36:00.0 (524508817)|HEAP_ALLOCATE|[3]|Bytes:4
16:36:00.0 (524532728)|VARIABLE_ASSIGNMENT|[3]|batchSize|1
16:36:00.0 (524537358)|STATEMENT_EXECUTE|[5]
16:36:00.0 (524542888)|HEAP_ALLOCATE|[5]|Bytes:211
16:36:00.0 (524624810)|HEAP_ALLOCATE|[5]|Bytes:4
16:36:00.0 (524698412)|HEAP_ALLOCATE|[68]|Bytes:5
16:36:00.0 (524740754)|HEAP_ALLOCATE|[74]|Bytes:5
16:36:00.0 (524753044)|HEAP_ALLOCATE|[82]|Bytes:7
16:36:00.0 (527474016)|SOQL_EXECUTE_BEGIN|[5]|Aggregations:0|SELECT Id, Status, NumberOfErrors, JobItemsProcessed, TotalJobItems, CreatedBy.Email FROM AsyncApexJob WHERE (ApexClass.Name = 'RMDBatchSubscriptionLeadConvert' AND Status != 'Aborted' AND Status != 'Completed')
16:36:01.516 (1516291171)|SOQL_EXECUTE_END|[5]|Rows:0
16:36:01.516 (1516419835)|HEAP_ALLOCATE|[5]|Bytes:4
16:36:01.516 (1516443936)|HEAP_ALLOCATE|[5]|Bytes:0
16:36:01.516 (1516590320)|HEAP_ALLOCATE|[5]|Bytes:4
16:36:01.516 (1516618841)|VARIABLE_SCOPE_BEGIN|[5]|asyncJobAbort|List<AsyncApexJob>|true|false
16:36:01.516 (1516651052)|VARIABLE_ASSIGNMENT|[5]|asyncJobAbort|[]|0x774c2775
16:36:01.516 (1516886679)|HEAP_ALLOCATE|[6]|Bytes:5
16:36:01.516 (1516951351)|VARIABLE_ASSIGNMENT|[6]|eachaJob|null|
16:36:01.516 (1516959721)|STATEMENT_EXECUTE|[6]
16:36:01.516 (1516962591)|STATEMENT_EXECUTE|[10]
16:36:01.516 (1521064014)|HEAP_ALLOCATE|[10]|Bytes:29
16:36:01.516 (1521079654)|HEAP_ALLOCATE|[10]|Bytes:81
16:36:01.516 (1521085465)|HEAP_ALLOCATE|[10]|Bytes:10
16:36:01.516 (1521089315)|HEAP_ALLOCATE|[10]|Bytes:8
16:36:01.516 (1521117215)|METHOD_ENTRY|[1]|01p2t000000KTG6|RMDBatchSubscriptionLeadConvert.RMDBatchSubscriptionLeadConvert()
16:36:01.516 (1521124085)|STATEMENT_EXECUTE|[1]
16:36:01.516 (1521131016)|STATEMENT_EXECUTE|[1]
16:36:01.516 (1521146966)|HEAP_ALLOCATE|[10]|Bytes:5
16:36:01.516 (1521151736)|STATEMENT_EXECUTE|[2]
16:36:01.516 (1521163148)|METHOD_EXIT|[1]|RMDBatchSubscriptionLeadConvert
16:36:01.516 (1521181897)|HEAP_ALLOCATE|[10]|Bytes:4
16:36:01.516 (1521210239)|CONSTRUCTOR_ENTRY|[10]|01p2t000000KTG6|<init>()|RMDBatchSubscriptionLeadConvert
16:36:01.516 (1521267961)|VARIABLE_SCOPE_BEGIN|[1]|this|RMDBatchSubscriptionLeadConvert|true|false
16:36:01.516 (1521307242)|VARIABLE_ASSIGNMENT|[1]|this|{}|0x7d37cb14
16:36:01.516 (1521317472)|HEAP_ALLOCATE|[EXTERNAL]|Bytes:5
16:36:01.516 (1521344473)|STATEMENT_EXECUTE|[1]
16:36:01.516 (1521359293)|HEAP_ALLOCATE|[EXTERNAL]|Bytes:5
16:36:01.516 (1521373334)|CONSTRUCTOR_EXIT|[10]|01p2t000000KTG6|<init>()|RMDBatchSubscriptionLeadConvert
16:36:01.516 (1521379474)|VARIABLE_SCOPE_BEGIN|[10]|objRMDBatchLeadConvert|RMDBatchSubscriptionLeadConvert|true|false
16:36:01.516 (1521394983)|VARIABLE_ASSIGNMENT|[10]|objRMDBatchLeadConvert|{}|0x7d37cb14
16:36:01.516 (1521400135)|STATEMENT_EXECUTE|[11]
16:36:01.516 (1629948793)|HEAP_ALLOCATE|[14]|Bytes:118
16:36:01.516 (1629989364)|SYSTEM_METHOD_ENTRY|[1]|Test.Test()
16:36:01.516 (1629997495)|STATEMENT_EXECUTE|[1]
16:36:01.516 (1630013775)|SYSTEM_METHOD_EXIT|[1]|Test
16:36:01.516 (1630058877)|METHOD_ENTRY|[14]||System.Test.isRunningTest()
16:36:01.516 (1630117158)|METHOD_EXIT|[14]||System.Test.isRunningTest()
16:36:01.516 (1630128728)|STATEMENT_EXECUTE|[14]
16:36:01.516 (1630131509)|STATEMENT_EXECUTE|[15]
16:36:01.516 (1630137639)|HEAP_ALLOCATE|[15]|Bytes:121
16:36:01.516 (1630158420)|HEAP_ALLOCATE|[15]|Bytes:4
16:36:01.516 (1630821969)|SOQL_EXECUTE_BEGIN|[15]|Aggregations:0|SELECT Id, NextFireTime, CronJobDetail.Name FROM CronTrigger WHERE CronJobDetail.Name = 'SubscriptionLeadConvert' LIMIT 1
16:36:01.516 (1645682696)|SOQL_EXECUTE_END|[15]|Rows:1
16:36:01.516 (1645726556)|HEAP_ALLOCATE|[15]|Bytes:8
16:36:01.516 (1645754877)|HEAP_ALLOCATE|[15]|Bytes:162
16:36:01.516 (1645867701)|HEAP_ALLOCATE|[15]|Bytes:8
16:36:01.516 (1645893072)|HEAP_ALLOCATE|[15]|Bytes:37
16:36:01.516 (1645965763)|HEAP_ALLOCATE|[15]|Bytes:20
16:36:01.516 (1645977334)|VARIABLE_SCOPE_BEGIN|[15]|asyncJob|CronTrigger|true|false
16:36:01.516 (1646212210)|VARIABLE_ASSIGNMENT|[15]|asyncJob|{"CronJobDetailId":"08ae200000NdsbEAAR","CronJobDetail":{"Name":"SubscriptionLeadConv (3 more) ...","Id":"08ae200000NdsbEAAR"},"Id":"08ee200000NdYREAA3","NextFireTime":"2026-04-18T11:06:00.000Z"}|0x9f0927c
16:36:01.516 (1646225992)|STATEMENT_EXECUTE|[16]
16:36:01.516 (1646276823)|HEAP_ALLOCATE|[16]|Bytes:18
16:36:01.516 (1730704438)|STATEMENT_EXECUTE|[20]
16:36:01.516 (1730785830)|HEAP_ALLOCATE|[20]|Bytes:56
16:36:01.516 (1730844442)|HEAP_ALLOCATE|[20]|Bytes:56
16:36:01.516 (1730873112)|VARIABLE_SCOPE_BEGIN|[20]|dt|Datetime|false|false
16:36:01.516 (1730911433)|VARIABLE_ASSIGNMENT|[20]|dt|"2026-04-17T11:11:01.846Z"
16:36:01.516 (1730917725)|STATEMENT_EXECUTE|[21]
16:36:01.516 (1730993137)|HEAP_ALLOCATE|[21]|Bytes:2
16:36:01.516 (1731005756)|VARIABLE_SCOPE_BEGIN|[21]|hr|String|false|false
16:36:01.516 (1731018317)|VARIABLE_ASSIGNMENT|[21]|hr|"16"
16:36:01.516 (1731022837)|STATEMENT_EXECUTE|[22]
16:36:01.516 (1731054699)|HEAP_ALLOCATE|[22]|Bytes:2
16:36:01.516 (1731064229)|VARIABLE_SCOPE_BEGIN|[22]|min|String|false|false
16:36:01.516 (1731073609)|VARIABLE_ASSIGNMENT|[22]|min|"41"
16:36:01.516 (1731077339)|STATEMENT_EXECUTE|[23]
16:36:01.516 (1731113839)|HEAP_ALLOCATE|[23]|Bytes:4
16:36:01.516 (1731150091)|HEAP_ALLOCATE|[23]|Bytes:2
16:36:01.516 (1731160721)|VARIABLE_SCOPE_BEGIN|[23]|currDate|String|false|false
16:36:01.516 (1731171312)|VARIABLE_ASSIGNMENT|[23]|currDate|"17"
16:36:01.516 (1731175352)|STATEMENT_EXECUTE|[24]
16:36:01.516 (1731179192)|HEAP_ALLOCATE|[24]|Bytes:2
16:36:01.516 (1731185703)|HEAP_ALLOCATE|[24]|Bytes:1
16:36:01.516 (1731189743)|HEAP_ALLOCATE|[24]|Bytes:7
16:36:01.516 (1731200463)|HEAP_ALLOCATE|[24]|Bytes:14
16:36:01.516 (1731204943)|VARIABLE_SCOPE_BEGIN|[24]|sch|String|false|false
16:36:01.516 (1731213473)|VARIABLE_ASSIGNMENT|[24]|sch|"0 41 16 * *  ?"
16:36:01.516 (1731217283)|STATEMENT_EXECUTE|[25]
16:36:01.516 (1731219814)|HEAP_ALLOCATE|[25]|Bytes:7
16:36:01.516 (1731228724)|HEAP_ALLOCATE|[25]|Bytes:21
16:36:01.516 (1731268905)|USER_DEBUG|[25]|DEBUG|sch====0 41 16 * *  ?
16:36:01.516 (1731278555)|STATEMENT_EXECUTE|[26]
16:36:01.516 (1731287996)|HEAP_ALLOCATE|[26]|Bytes:4
16:36:01.516 (1731300986)|CONSTRUCTOR_ENTRY|[26]|01p2t000000KTHK|<init>()|RMDSubscriptionLeadConvetSchedulable
16:36:01.516 (1731330787)|VARIABLE_SCOPE_BEGIN|[1]|this|RMDSubscriptionLeadConvetSchedulable|true|false
16:36:01.516 (1731363878)|VARIABLE_ASSIGNMENT|[1]|this|{}|0x32560b1
16:36:01.516 (1731394079)|STATEMENT_EXECUTE|[1]
16:36:01.516 (1731398689)|CONSTRUCTOR_EXIT|[26]|01p2t000000KTHK|<init>()|RMDSubscriptionLeadConvetSchedulable
16:36:01.516 (1731404839)|VARIABLE_SCOPE_BEGIN|[26]|sch2|RMDSubscriptionLeadConvetSchedulable|true|false
16:36:01.516 (1731417579)|VARIABLE_ASSIGNMENT|[26]|sch2|{}|0x32560b1
16:36:01.516 (1731422370)|STATEMENT_EXECUTE|[27]
16:36:01.516 (1731426270)|HEAP_ALLOCATE|[27]|Bytes:23
16:36:01.516 (1731430830)|VARIABLE_SCOPE_BEGIN|[27]|strName|String|false|false
16:36:01.516 (1731441930)|VARIABLE_ASSIGNMENT|[27]|strName|"SubscriptionLeadConv (3 more) ..."
16:36:01.516 (1731446360)|STATEMENT_EXECUTE|[28]
16:36:01.796 (1796267535)|CUMULATIVE_LIMIT_USAGE
16:36:01.796 (1796267535)|LIMIT_USAGE_FOR_NS|(default)|
  Number of SOQL queries: 2 out of 100
  Number of query rows: 1 out of 50000
  Number of SOSL queries: 0 out of 20
  Number of DML statements: 1 out of 150
  Number of Publish Immediate DML: 0 out of 150
  Number of DML rows: 1 out of 10000
  Maximum CPU time: 0 out of 10000
  Maximum heap size: 0 out of 6000000
  Number of callouts: 0 out of 100
  Number of Email Invocations: 0 out of 10
  Number of future calls: 0 out of 50
  Number of queueable jobs added to the queue: 0 out of 50
  Number of Mobile Apex push calls: 0 out of 10

16:36:01.796 (1796267535)|CUMULATIVE_LIMIT_USAGE_END

16:36:01.516 (1796376250)|CODE_UNIT_FINISHED|SubscriptionLeadConvert
16:36:01.516 (1796403290)|EXECUTION_FINISHED
