66.0 APEX_CODE,FINEST;APEX_PROFILING,INFO;CALLOUT,INFO;DATA_ACCESS,INFO;DB,INFO;NBA,INFO;SYSTEM,DEBUG;VALIDATION,INFO;VISUALFORCE,INFO;WAVE,INFO;WORKFLOW,INFO
17:06:34.0 (191616)|USER_INFO|[EXTERNAL]|0052t000000K4aE|rmdsupport1@timesgroup.com|(GMT+05:30) India Standard Time (Asia/Kolkata)|GMT+05:30
17:06:34.0 (228388)|EXECUTION_STARTED
17:06:34.0 (236208)|CODE_UNIT_STARTED|[EXTERNAL]|Flow:Opportunity
17:06:34.19 (19272447)|FLOW_CREATE_INTERVIEW_BEGIN|00D7F000005Cdii|3002t000000TUk6|3012t000000PZ06
17:06:34.19 (19365350)|FLOW_CREATE_INTERVIEW_END|299fcaee36a4f627d25acfd22619d9b1cdb2b-707d|Flow to check the DSA field change
17:06:34.20 (20244636)|FLOW_START_INTERVIEWS_BEGIN|1
17:06:34.20 (20271086)|FLOW_START_INTERVIEW_BEGIN|299fcaee36a4f627d25acfd22619d9b1cdb2b-707d|Flow to check the DSA field change
17:06:34.20 (20519244)|FLOW_START_INTERVIEW_END|299fcaee36a4f627d25acfd22619d9b1cdb2b-707d|Flow to check the DSA field change
17:06:34.20 (55747099)|FLOW_START_INTERVIEWS_END|1
17:06:34.20 (56144121)|FLOW_INTERVIEW_FINISHED|299fcaee36a4f627d25acfd22619d9b1cdb2b-707d|Flow to check the DSA field change
17:06:34.61 (61518689)|FLOW_CREATE_INTERVIEW_BEGIN|00D7F000005Cdii|300Ie000000XcCD|301Ie000000gAEb
17:06:34.61 (61606660)|FLOW_CREATE_INTERVIEW_END|309fcaee36a4f627d25acfd22619d9b1cdb2b-707e|RMD Update Opp Stage to Order Submitted
17:06:34.62 (62700553)|FLOW_START_INTERVIEWS_BEGIN|1
17:06:34.62 (62736244)|FLOW_START_INTERVIEW_BEGIN|309fcaee36a4f627d25acfd22619d9b1cdb2b-707e|RMD Update Opp Stage to Order Submitted
17:06:34.62 (62994691)|FLOW_START_INTERVIEW_END|309fcaee36a4f627d25acfd22619d9b1cdb2b-707e|RMD Update Opp Stage to Order Submitted
17:06:34.62 (67235467)|FLOW_START_INTERVIEWS_END|1
17:06:34.62 (67671509)|FLOW_INTERVIEW_FINISHED|309fcaee36a4f627d25acfd22619d9b1cdb2b-707e|RMD Update Opp Stage to Order Submitted
17:06:34.0 (71229234)|CODE_UNIT_FINISHED|Flow:Opportunity
17:06:34.0 (71247494)|EXECUTION_FINISHED
