65.0 APEX_CODE,FINEST;APEX_PROFILING,INFO;CALLOUT,INFO;DATA_ACCESS,INFO;DB,INFO;NBA,INFO;SYSTEM,DEBUG;VALIDATION,INFO;VISUALFORCE,INFO;WAVE,INFO;WORKFLOW,INFO
16:16:01.0 (287148)|USER_INFO|[EXTERNAL]|0052t000000K4aE|rmdsupport1@timesgroup.com|(GMT+05:30) India Standard Time (Asia/Kolkata)|GMT+05:30
16:16:01.0 (389881)|EXECUTION_STARTED
16:16:01.0 (431562)|CODE_UNIT_STARTED|[EXTERNAL]|01p2t000000KTG6|RMDBatchSubscriptionLeadConvert
16:16:01.0 (4069138)|HEAP_ALLOCATE|[EXTERNAL]|Bytes:4
16:16:01.0 (24998582)|HEAP_ALLOCATE|[95]|Bytes:3
16:16:01.0 (25073444)|HEAP_ALLOCATE|[100]|Bytes:152
16:16:01.0 (25090894)|HEAP_ALLOCATE|[417]|Bytes:408
16:16:01.0 (25106205)|HEAP_ALLOCATE|[430]|Bytes:408
16:16:01.0 (25130565)|HEAP_ALLOCATE|[317]|Bytes:6
16:16:01.0 (25166926)|HEAP_ALLOCATE|[EXTERNAL]|Bytes:11
16:16:01.0 (25204996)|SYSTEM_METHOD_ENTRY|[15]|BatchableContextImpl.BatchableContextImpl()
16:16:01.0 (25220808)|STATEMENT_EXECUTE|[15]
16:16:01.0 (25250209)|SYSTEM_METHOD_EXIT|[15]|BatchableContextImpl
16:16:01.0 (25257869)|HEAP_ALLOCATE|[EXTERNAL]|Bytes:12
16:16:01.0 (25262149)|HEAP_ALLOCATE|[EXTERNAL]|Bytes:4
16:16:01.0 (25282829)|VARIABLE_SCOPE_BEGIN|[31]|this|Database.BatchableContextImpl|true|false
16:16:01.0 (25417613)|VARIABLE_ASSIGNMENT|[31]|this|{}|0x47a3978e
16:16:01.0 (25423642)|VARIABLE_SCOPE_BEGIN|[31]|jobId|Id|false|false
16:16:01.0 (25554917)|VARIABLE_ASSIGNMENT|[31]|jobId|"707e200000ofkNYAAY"
16:16:01.0 (25561126)|VARIABLE_SCOPE_BEGIN|[31]|childJobId|Id|false|false
16:16:01.0 (25570286)|VARIABLE_ASSIGNMENT|[31]|childJobId|null
16:16:01.0 (28904165)|HEAP_ALLOCATE|[EXTERNAL]|Bytes:29
16:16:01.0 (28924526)|HEAP_ALLOCATE|[EXTERNAL]|Bytes:81
16:16:01.0 (28930876)|HEAP_ALLOCATE|[EXTERNAL]|Bytes:10
16:16:01.0 (28935855)|HEAP_ALLOCATE|[EXTERNAL]|Bytes:8
16:16:01.0 (28954347)|METHOD_ENTRY|[1]|01p2t000000KTG6|RMDBatchSubscriptionLeadConvert.RMDBatchSubscriptionLeadConvert()
16:16:01.0 (28965167)|STATEMENT_EXECUTE|[1]
16:16:01.0 (28971296)|STATEMENT_EXECUTE|[1]
16:16:01.0 (28997737)|HEAP_ALLOCATE|[68]|Bytes:5
16:16:01.0 (29027949)|HEAP_ALLOCATE|[74]|Bytes:5
16:16:01.0 (29041738)|HEAP_ALLOCATE|[82]|Bytes:7
16:16:01.0 (29268104)|HEAP_ALLOCATE|[EXTERNAL]|Bytes:5
16:16:01.0 (29277095)|STATEMENT_EXECUTE|[2]
16:16:01.0 (29290916)|METHOD_EXIT|[1]|RMDBatchSubscriptionLeadConvert
16:16:01.0 (29298745)|HEAP_ALLOCATE|[EXTERNAL]|Bytes:4
16:16:01.0 (29304176)|HEAP_ALLOCATE|[EXTERNAL]|Bytes:12
16:16:01.0 (29325256)|VARIABLE_SCOPE_BEGIN|[4]|this|RMDBatchSubscriptionLeadConvert|true|false
16:16:01.0 (29366998)|VARIABLE_ASSIGNMENT|[4]|this|{}|0x62e8b9d1
16:16:01.0 (29377328)|VARIABLE_SCOPE_BEGIN|[4]|BC|Database.BatchableContext|true|false
16:16:01.0 (29479681)|VARIABLE_ASSIGNMENT|[4]|BC|{"jobId":"707e200000ofkNYAAY"}|0x47a3978e
16:16:01.0 (29501910)|HEAP_ALLOCATE|[10]|Bytes:5
16:16:01.0 (29509141)|STATEMENT_EXECUTE|[4]
16:16:01.0 (29512781)|STATEMENT_EXECUTE|[10]
16:16:01.0 (29517962)|HEAP_ALLOCATE|[10]|Bytes:404
16:16:01.0 (29528042)|VARIABLE_SCOPE_BEGIN|[10]|query|String|false|false
16:16:01.0 (29543772)|VARIABLE_ASSIGNMENT|[10]|query|"Select Id,RMD_Subscr (384 more) ..."
16:16:01.0 (29549542)|STATEMENT_EXECUTE|[14]
16:16:01.0 (32811038)|SOQL_EXECUTE_BEGIN|[14]|Aggregations:0|Select Id,RMD_Subscriber_Payment_Id__c,RMD_Payment_Transaction_Id__c,RMD_Payment_Type__c,RMD_Lead__r.recordType.Name,RMD_Selected_Scheme_Detail__c,RMD_Lead__c,RMD_Opportunity__c,RMD_Account__c from RMD_Payment_Transaction__c where RMD_Payment_Status__c = 'Success' and RMD_Lead__c != null and RMD_Lead__r.IsConverted = false and LastModifiedDate = Today and RMD_Lead__r.LeadSource = 'Subscription Portal'
16:16:01.0 (183349633)|SOQL_EXECUTE_END|[14]|Rows:1
16:16:01.0 (183436014)|HEAP_ALLOCATE|[14]|Bytes:20
16:16:01.219 (219971122)|CUMULATIVE_LIMIT_USAGE
16:16:01.219 (219971122)|LIMIT_USAGE_FOR_NS|(default)|
  Number of SOQL queries: 0 out of 200
  Number of query rows: 0 out of 50000
  Number of SOSL queries: 0 out of 20
  Number of DML statements: 0 out of 150
  Number of Publish Immediate DML: 0 out of 150
  Number of DML rows: 0 out of 10000
  Maximum CPU time: 0 out of 60000
  Maximum heap size: 0 out of 12000000
  Number of callouts: 0 out of 0
  Number of Email Invocations: 0 out of 10
  Number of future calls: 0 out of 0
  Number of queueable jobs added to the queue: 0 out of 1
  Number of Mobile Apex push calls: 0 out of 10

16:16:01.219 (219971122)|CUMULATIVE_LIMIT_USAGE_END

16:16:01.0 (220103944)|CODE_UNIT_FINISHED|RMDBatchSubscriptionLeadConvert
16:16:01.0 (220131086)|EXECUTION_FINISHED
