66.0 APEX_CODE,FINEST;APEX_PROFILING,INFO;CALLOUT,INFO;DATA_ACCESS,INFO;DB,INFO;NBA,INFO;SYSTEM,DEBUG;VALIDATION,INFO;VISUALFORCE,INFO;WAVE,INFO;WORKFLOW,INFO
17:06:25.0 (178438)|USER_INFO|[EXTERNAL]|0052t000000K4aE|rmdsupport1@timesgroup.com|(GMT+05:30) India Standard Time (Asia/Kolkata)|GMT+05:30
17:06:25.0 (1489574)|FLOW_CREATE_INTERVIEW_BEGIN|00D7F000005Cdii|3002t0000004QPx|301Ie000000gAAo
17:06:25.0 (1553837)|FLOW_CREATE_INTERVIEW_END|2719e2e191203487119bc9dde4719d9b1e7fca-2ab5|Send Whatsapp Message On Order Confirmed
17:06:25.2 (2002739)|USER_INFO|[EXTERNAL]|0052t000000K4aE|rmdsupport1@timesgroup.com|(GMT+05:30) India Standard Time (Asia/Kolkata)|GMT+05:30
17:06:25.2 (2027661)|FLOW_START_INTERVIEWS_BEGIN|1
17:06:25.2 (2050262)|FLOW_START_INTERVIEW_BEGIN|2719e2e191203487119bc9dde4719d9b1e7fca-2ab5|Send Whatsapp Message On Order Confirmed
17:06:25.2 (2216160)|FLOW_START_INTERVIEW_END|2719e2e191203487119bc9dde4719d9b1e7fca-2ab5|Send Whatsapp Message On Order Confirmed
17:06:25.27 (27729512)|CODE_UNIT_STARTED|[EXTERNAL]|01p2t000002TDko|OrderCofirmationEmailLink.sendEmailLinkConfirmOrder(List<Id>)
17:06:25.27 (27799755)|HEAP_ALLOCATE|[EXTERNAL]|Bytes:8
17:06:25.27 (27973534)|HEAP_ALLOCATE|[95]|Bytes:3
17:06:25.27 (28014986)|HEAP_ALLOCATE|[100]|Bytes:152
17:06:25.27 (28030357)|HEAP_ALLOCATE|[417]|Bytes:408
17:06:25.27 (28042907)|HEAP_ALLOCATE|[430]|Bytes:408
17:06:25.27 (28065758)|HEAP_ALLOCATE|[317]|Bytes:6
17:06:25.27 (28117751)|HEAP_ALLOCATE|[EXTERNAL]|Bytes:69
17:06:25.27 (28123641)|HEAP_ALLOCATE|[EXTERNAL]|Bytes:7
17:06:25.27 (28127072)|HEAP_ALLOCATE|[EXTERNAL]|Bytes:24
17:06:25.27 (28139572)|METHOD_ENTRY|[1]|01p2t000002TDko|OrderCofirmationEmailLink.OrderCofirmationEmailLink()
17:06:25.27 (28145352)|STATEMENT_EXECUTE|[1]
17:06:25.27 (28149743)|STATEMENT_EXECUTE|[1]
17:06:25.27 (28152023)|STATEMENT_EXECUTE|[95]
17:06:25.27 (28154143)|STATEMENT_EXECUTE|[99]
17:06:25.27 (28156143)|STATEMENT_EXECUTE|[105]
17:06:25.27 (28158313)|STATEMENT_EXECUTE|[111]
17:06:25.27 (28160303)|STATEMENT_EXECUTE|[121]
17:06:25.27 (28162303)|STATEMENT_EXECUTE|[131]
17:06:25.27 (28168324)|METHOD_EXIT|[1]|OrderCofirmationEmailLink
17:06:25.27 (28222196)|HEAP_ALLOCATE|[EXTERNAL]|Bytes:8
17:06:25.27 (28229817)|VARIABLE_SCOPE_BEGIN|[4]|accIds|List<Id>|true|false
17:06:25.27 (28268239)|VARIABLE_ASSIGNMENT|[4]|accIds|["001Ie0000094vjPIAQ"]|0x622a019f
17:06:25.27 (28277969)|STATEMENT_EXECUTE|[4]
17:06:25.27 (28281019)|STATEMENT_EXECUTE|[5]
17:06:25.27 (28284309)|HEAP_ALLOCATE|[5]|Bytes:37
17:06:25.27 (28344992)|HEAP_ALLOCATE|[5]|Bytes:20
17:06:25.27 (28364043)|HEAP_ALLOCATE|[5]|Bytes:57
17:06:25.27 (28387494)|HEAP_ALLOCATE|[68]|Bytes:5
17:06:25.27 (28414276)|HEAP_ALLOCATE|[74]|Bytes:5
17:06:25.27 (28423886)|HEAP_ALLOCATE|[82]|Bytes:7
17:06:25.27 (28453668)|USER_DEBUG|[5]|DEBUG|---accIds-Rahul--InvocableMethod-@@@-(001Ie0000094vjPIAQ)
17:06:25.27 (28462888)|STATEMENT_EXECUTE|[6]
17:06:25.27 (28466598)|HEAP_ALLOCATE|[6]|Bytes:182
17:06:25.27 (28482269)|HEAP_ALLOCATE|[6]|Bytes:4
17:06:25.27 (28491450)|HEAP_ALLOCATE|[6]|Bytes:7
17:06:25.27 (29335692)|SOQL_EXECUTE_BEGIN|[6]|Aggregations:0|SELECT id, Name, RMD_Opt_In__c, RMD_SMS_Mobile__c, Email_Verification_Link__c FROM Account WHERE (Id IN :tmpVar1 AND Email_Verification_Link__c != NULL AND Email_Verified__c = FALSE)
17:06:25.27 (36056067)|SOQL_EXECUTE_END|[6]|Rows:0
17:06:25.27 (36082038)|HEAP_ALLOCATE|[6]|Bytes:4
17:06:25.27 (36091838)|HEAP_ALLOCATE|[6]|Bytes:0
17:06:25.27 (36158512)|HEAP_ALLOCATE|[6]|Bytes:4
17:06:25.27 (36171842)|HEAP_ALLOCATE|[6]|Bytes:33
17:06:25.27 (36387193)|HEAP_ALLOCATE|[6]|Bytes:46
17:06:25.27 (36466947)|FATAL_ERROR|System.QueryException: List has no rows for assignment to SObject

Class.OrderCofirmationEmailLink.sendEmailLinkConfirmOrder: line 6, column 1
17:06:25.27 (36479788)|FATAL_ERROR|System.QueryException: List has no rows for assignment to SObject

Class.OrderCofirmationEmailLink.sendEmailLinkConfirmOrder: line 6, column 1
17:06:25.36 (36494108)|CUMULATIVE_LIMIT_USAGE
17:06:25.36 (36494108)|LIMIT_USAGE_FOR_NS|(default)|
  Number of SOQL queries: 1 out of 200
  Number of query rows: 0 out of 50000
  Number of SOSL queries: 0 out of 20
  Number of DML statements: 0 out of 150
  Number of Publish Immediate DML: 0 out of 150
  Number of DML rows: 0 out of 10000
  Maximum CPU time: 6 out of 60000
  Maximum heap size: 0 out of 12000000
  Number of callouts: 0 out of 100
  Number of Email Invocations: 0 out of 10
  Number of future calls: 0 out of 50
  Number of queueable jobs added to the queue: 0 out of 50
  Number of Mobile Apex push calls: 0 out of 10

17:06:25.36 (36494108)|CUMULATIVE_LIMIT_USAGE_END

17:06:25.27 (36550711)|CODE_UNIT_FINISHED|OrderCofirmationEmailLink.sendEmailLinkConfirmOrder(List<Id>)
17:06:25.2 (197287671)|FLOW_ELEMENT_ERROR|An Apex error occurred: System.QueryException: List has no rows for assignment to SObject
|FlowActionCall|Send_Whatsapp_Message_On_Order_Confirm
17:06:25.2 (197489951)|FLOW_START_INTERVIEWS_END|1
