66.0 APEX_CODE,FINEST;APEX_PROFILING,INFO;CALLOUT,INFO;DATA_ACCESS,INFO;DB,INFO;NBA,INFO;SYSTEM,DEBUG;VALIDATION,INFO;VISUALFORCE,INFO;WAVE,INFO;WORKFLOW,INFO
17:07:25.0 (361248)|USER_INFO|[EXTERNAL]|0052t000000K4aE|rmdsupport1@timesgroup.com|(GMT+05:30) India Standard Time (Asia/Kolkata)|GMT+05:30
17:07:25.0 (2364697)|FLOW_CREATE_INTERVIEW_BEGIN|00D7F000005Cdii|3002t0000004QPx|301Ie000000gAAo
17:07:25.0 (2537091)|FLOW_CREATE_INTERVIEW_END|63189a05f3fe4b72c0c62370003619d9b2f672d-4eab|Send Whatsapp Message On Order Confirmed
17:07:25.3 (3832752)|USER_INFO|[EXTERNAL]|0052t000000K4aE|rmdsupport1@timesgroup.com|(GMT+05:30) India Standard Time (Asia/Kolkata)|GMT+05:30
17:07:25.3 (3877693)|FLOW_START_INTERVIEWS_BEGIN|1
17:07:25.3 (3982066)|FLOW_START_INTERVIEW_BEGIN|63189a05f3fe4b72c0c62370003619d9b2f672d-4eab|Send Whatsapp Message On Order Confirmed
17:07:25.3 (4637602)|FLOW_START_INTERVIEW_END|63189a05f3fe4b72c0c62370003619d9b2f672d-4eab|Send Whatsapp Message On Order Confirmed
17:07:25.52 (52982338)|CODE_UNIT_STARTED|[EXTERNAL]|01p2t000002TDko|OrderCofirmationEmailLink.sendEmailLinkConfirmOrder(List<Id>)
17:07:25.52 (53110801)|HEAP_ALLOCATE|[EXTERNAL]|Bytes:8
17:07:25.52 (53532071)|HEAP_ALLOCATE|[95]|Bytes:3
17:07:25.52 (53619903)|HEAP_ALLOCATE|[100]|Bytes:152
17:07:25.52 (53659424)|HEAP_ALLOCATE|[417]|Bytes:408
17:07:25.52 (53679675)|HEAP_ALLOCATE|[430]|Bytes:408
17:07:25.52 (53715345)|HEAP_ALLOCATE|[317]|Bytes:6
17:07:25.52 (53731826)|HEAP_ALLOCATE|[EXTERNAL]|Bytes:69
17:07:25.52 (53739046)|HEAP_ALLOCATE|[EXTERNAL]|Bytes:7
17:07:25.52 (53744546)|HEAP_ALLOCATE|[EXTERNAL]|Bytes:24
17:07:25.52 (53768767)|METHOD_ENTRY|[1]|01p2t000002TDko|OrderCofirmationEmailLink.OrderCofirmationEmailLink()
17:07:25.52 (53790217)|STATEMENT_EXECUTE|[1]
17:07:25.52 (53804688)|STATEMENT_EXECUTE|[1]
17:07:25.52 (53807898)|STATEMENT_EXECUTE|[95]
17:07:25.52 (53810878)|STATEMENT_EXECUTE|[99]
17:07:25.52 (53813908)|STATEMENT_EXECUTE|[105]
17:07:25.52 (53816828)|STATEMENT_EXECUTE|[111]
17:07:25.52 (53819548)|STATEMENT_EXECUTE|[121]
17:07:25.52 (53822538)|STATEMENT_EXECUTE|[131]
17:07:25.52 (53833108)|METHOD_EXIT|[1]|OrderCofirmationEmailLink
17:07:25.52 (53900260)|HEAP_ALLOCATE|[EXTERNAL]|Bytes:8
17:07:25.52 (53939341)|VARIABLE_SCOPE_BEGIN|[4]|accIds|List<Id>|true|false
17:07:25.52 (54054794)|VARIABLE_ASSIGNMENT|[4]|accIds|["0012t0000074sNOAAY"]|0x5beb0bfe
17:07:25.52 (54070034)|STATEMENT_EXECUTE|[4]
17:07:25.52 (54073424)|STATEMENT_EXECUTE|[5]
17:07:25.52 (54077714)|HEAP_ALLOCATE|[5]|Bytes:37
17:07:25.52 (54199947)|HEAP_ALLOCATE|[5]|Bytes:20
17:07:25.52 (54237358)|HEAP_ALLOCATE|[5]|Bytes:57
17:07:25.52 (54270669)|HEAP_ALLOCATE|[68]|Bytes:5
17:07:25.52 (54305430)|HEAP_ALLOCATE|[74]|Bytes:5
17:07:25.52 (54317170)|HEAP_ALLOCATE|[82]|Bytes:7
17:07:25.52 (54361461)|USER_DEBUG|[5]|DEBUG|---accIds-Rahul--InvocableMethod-@@@-(0012t0000074sNOAAY)
17:07:25.52 (54374031)|STATEMENT_EXECUTE|[6]
17:07:25.52 (54378821)|HEAP_ALLOCATE|[6]|Bytes:182
17:07:25.52 (54400862)|HEAP_ALLOCATE|[6]|Bytes:4
17:07:25.52 (54417372)|HEAP_ALLOCATE|[6]|Bytes:7
17:07:25.52 (55752564)|SOQL_EXECUTE_BEGIN|[6]|Aggregations:0|SELECT id, Name, RMD_Opt_In__c, RMD_SMS_Mobile__c, Email_Verification_Link__c FROM Account WHERE (Id IN :tmpVar1 AND Email_Verification_Link__c != NULL AND Email_Verified__c = FALSE)
17:07:25.52 (61997895)|SOQL_EXECUTE_END|[6]|Rows:0
17:07:25.52 (62038196)|HEAP_ALLOCATE|[6]|Bytes:4
17:07:25.52 (62060596)|HEAP_ALLOCATE|[6]|Bytes:0
17:07:25.52 (62191230)|HEAP_ALLOCATE|[6]|Bytes:4
17:07:25.52 (62218980)|HEAP_ALLOCATE|[6]|Bytes:33
17:07:25.52 (62595709)|HEAP_ALLOCATE|[6]|Bytes:46
17:07:25.52 (62763693)|FATAL_ERROR|System.QueryException: List has no rows for assignment to SObject

Class.OrderCofirmationEmailLink.sendEmailLinkConfirmOrder: line 6, column 1
17:07:25.52 (62785794)|FATAL_ERROR|System.QueryException: List has no rows for assignment to SObject

Class.OrderCofirmationEmailLink.sendEmailLinkConfirmOrder: line 6, column 1
17:07:25.62 (62828995)|CUMULATIVE_LIMIT_USAGE
17:07:25.62 (62828995)|LIMIT_USAGE_FOR_NS|(default)|
  Number of SOQL queries: 1 out of 200
  Number of query rows: 0 out of 50000
  Number of SOSL queries: 0 out of 20
  Number of DML statements: 0 out of 150
  Number of Publish Immediate DML: 0 out of 150
  Number of DML rows: 0 out of 10000
  Maximum CPU time: 10 out of 60000
  Maximum heap size: 0 out of 12000000
  Number of callouts: 0 out of 100
  Number of Email Invocations: 0 out of 10
  Number of future calls: 0 out of 50
  Number of queueable jobs added to the queue: 0 out of 50
  Number of Mobile Apex push calls: 0 out of 10

17:07:25.62 (62828995)|CUMULATIVE_LIMIT_USAGE_END

17:07:25.52 (62910847)|CODE_UNIT_FINISHED|OrderCofirmationEmailLink.sendEmailLinkConfirmOrder(List<Id>)
17:07:25.3 (260450442)|FLOW_ELEMENT_ERROR|An Apex error occurred: System.QueryException: List has no rows for assignment to SObject
|FlowActionCall|Send_Whatsapp_Message_On_Order_Confirm
17:07:25.3 (260788730)|FLOW_START_INTERVIEWS_END|1
