60.0 APEX_CODE,FINEST;APEX_PROFILING,INFO;CALLOUT,INFO;DATA_ACCESS,INFO;DB,INFO;NBA,INFO;SYSTEM,DEBUG;VALIDATION,INFO;VISUALFORCE,INFO;WAVE,INFO;WORKFLOW,INFO
16:22:10.0 (259487)|USER_INFO|[EXTERNAL]|0052t000000K4aE|rmdsupport1@timesgroup.com|(GMT+05:30) India Standard Time (Asia/Kolkata)|GMT+05:30
16:22:10.0 (321199)|EXECUTION_STARTED
16:22:10.0 (349820)|CODE_UNIT_STARTED|[EXTERNAL]|01p2t000002THB9|RMDBatchOrderModifySyncToSAP
16:22:10.0 (3425565)|HEAP_ALLOCATE|[95]|Bytes:3
16:22:10.0 (3580809)|HEAP_ALLOCATE|[100]|Bytes:152
16:22:10.0 (3605750)|HEAP_ALLOCATE|[417]|Bytes:408
16:22:10.0 (3630190)|HEAP_ALLOCATE|[430]|Bytes:408
16:22:10.0 (3672521)|HEAP_ALLOCATE|[317]|Bytes:6
16:22:10.0 (6051837)|HEAP_ALLOCATE|[EXTERNAL]|Bytes:34
16:22:10.0 (11823616)|HEAP_ALLOCATE|[EXTERNAL]|Bytes:11
16:22:10.0 (11858597)|SYSTEM_METHOD_ENTRY|[15]|BatchableContextImpl.BatchableContextImpl()
16:22:10.0 (11875248)|STATEMENT_EXECUTE|[15]
16:22:10.0 (11902378)|SYSTEM_METHOD_EXIT|[15]|BatchableContextImpl
16:22:10.0 (11909999)|HEAP_ALLOCATE|[EXTERNAL]|Bytes:12
16:22:10.0 (11915309)|HEAP_ALLOCATE|[EXTERNAL]|Bytes:4
16:22:10.0 (11918649)|HEAP_ALLOCATE|[EXTERNAL]|Bytes:4
16:22:10.0 (11938319)|VARIABLE_SCOPE_BEGIN|[31]|this|Database.BatchableContextImpl|true|false
16:22:10.0 (12042742)|VARIABLE_ASSIGNMENT|[31]|this|{}|0x1abffd5a
16:22:10.0 (12048442)|VARIABLE_SCOPE_BEGIN|[31]|jobId|Id|false|false
16:22:10.0 (12136365)|VARIABLE_ASSIGNMENT|[31]|jobId|"707e200000pHc3cAAC"
16:22:10.0 (12141995)|VARIABLE_SCOPE_BEGIN|[31]|childJobId|Id|false|false
16:22:10.0 (12156835)|VARIABLE_ASSIGNMENT|[31]|childJobId|"707e200000pGVeeAAG"
16:22:10.0 (67850340)|HEAP_ALLOCATE|[EXTERNAL]|Bytes:8
16:22:17.768 (7768443056)|HEAP_ALLOCATE|[EXTERNAL]|Bytes:8
16:22:25.54 (15054400573)|HEAP_ALLOCATE|[EXTERNAL]|Bytes:8
16:22:32.498 (22498364682)|HEAP_ALLOCATE|[EXTERNAL]|Bytes:8
16:22:40.423 (30423511592)|HEAP_ALLOCATE|[EXTERNAL]|Bytes:8
16:22:47.741 (37741465356)|HEAP_ALLOCATE|[EXTERNAL]|Bytes:8
16:22:55.313 (45313536316)|HEAP_ALLOCATE|[EXTERNAL]|Bytes:8
16:23:02.523 (52523100759)|HEAP_ALLOCATE|[EXTERNAL]|Bytes:8
16:23:09.844 (59844923958)|HEAP_ALLOCATE|[EXTERNAL]|Bytes:8
16:23:17.44 (67044279281)|HEAP_ALLOCATE|[EXTERNAL]|Bytes:8
16:23:24.272 (74272736717)|HEAP_ALLOCATE|[EXTERNAL]|Bytes:8
16:23:31.449 (81449055181)|HEAP_ALLOCATE|[EXTERNAL]|Bytes:8
16:23:38.922 (88922693810)|HEAP_ALLOCATE|[EXTERNAL]|Bytes:8
16:23:46.210 (96210740235)|HEAP_ALLOCATE|[EXTERNAL]|Bytes:8
16:23:53.152 (103152122215)|HEAP_ALLOCATE|[EXTERNAL]|Bytes:8
16:24:00.784 (110784837959)|HEAP_ALLOCATE|[EXTERNAL]|Bytes:8
16:24:07.703 (117703805067)|HEAP_ALLOCATE|[EXTERNAL]|Bytes:8
16:24:15.236 (125236535101)|HEAP_ALLOCATE|[EXTERNAL]|Bytes:8
16:24:22.185 (132185588376)|HEAP_ALLOCATE|[EXTERNAL]|Bytes:8
16:24:29.83 (139083375179)|HEAP_ALLOCATE|[EXTERNAL]|Bytes:8
16:24:36.37 (146037879619)|HEAP_ALLOCATE|[EXTERNAL]|Bytes:8
16:24:43.145 (153145384851)|HEAP_ALLOCATE|[EXTERNAL]|Bytes:8
16:24:50.238 (160238523557)|HEAP_ALLOCATE|[EXTERNAL]|Bytes:8
16:24:57.186 (167186494906)|HEAP_ALLOCATE|[EXTERNAL]|Bytes:8
16:25:04.46 (174046753789)|HEAP_ALLOCATE|[EXTERNAL]|Bytes:8
16:25:11.20 (181020101074)|CUMULATIVE_LIMIT_USAGE
16:25:11.20 (181020101074)|LIMIT_USAGE_FOR_NS|(default)|
  Number of SOQL queries: 0 out of 200
  Number of query rows: 0 out of 50000
  Number of SOSL queries: 0 out of 20
  Number of DML statements: 0 out of 150
  Number of Publish Immediate DML: 0 out of 150
  Number of DML rows: 0 out of 10000
  Maximum CPU time: 0 out of 60000
  Maximum heap size: 0 out of 12000000
  Number of callouts: 0 out of 0
  Number of Email Invocations: 0 out of 10
  Number of future calls: 0 out of 0
  Number of queueable jobs added to the queue: 0 out of 1
  Number of Mobile Apex push calls: 0 out of 10

16:25:11.20 (181020101074)|CUMULATIVE_LIMIT_USAGE_END

16:25:11.20 (181020169626)|CODE_UNIT_FINISHED|RMDBatchOrderModifySyncToSAP
16:25:11.20 (181020193266)|EXECUTION_FINISHED
