65.0 APEX_CODE,FINEST;APEX_PROFILING,INFO;CALLOUT,INFO;DATA_ACCESS,INFO;DB,INFO;NBA,INFO;SYSTEM,DEBUG;VALIDATION,INFO;VISUALFORCE,INFO;WAVE,INFO;WORKFLOW,INFO
12:08:01.0 (228825)|USER_INFO|[EXTERNAL]|0052t000000K4aE|rmdsupport1@timesgroup.com|(GMT+05:30) India Standard Time (Asia/Kolkata)|GMT+05:30
12:08:01.0 (296727)|EXECUTION_STARTED
12:08:01.0 (310177)|CODE_UNIT_STARTED|[EXTERNAL]|01p2t000000KTG6|RMDBatchSubscriptionLeadConvert
12:08:01.0 (2190489)|HEAP_ALLOCATE|[EXTERNAL]|Bytes:4
12:08:01.0 (28463547)|HEAP_ALLOCATE|[95]|Bytes:3
12:08:01.0 (28510578)|HEAP_ALLOCATE|[100]|Bytes:152
12:08:01.0 (28525858)|HEAP_ALLOCATE|[417]|Bytes:408
12:08:01.0 (28573599)|HEAP_ALLOCATE|[430]|Bytes:408
12:08:01.0 (28602020)|HEAP_ALLOCATE|[317]|Bytes:6
12:08:01.0 (28635541)|HEAP_ALLOCATE|[EXTERNAL]|Bytes:11
12:08:01.0 (28651251)|SYSTEM_METHOD_ENTRY|[15]|BatchableContextImpl.BatchableContextImpl()
12:08:01.0 (28659181)|STATEMENT_EXECUTE|[15]
12:08:01.0 (28669711)|SYSTEM_METHOD_EXIT|[15]|BatchableContextImpl
12:08:01.0 (28677512)|HEAP_ALLOCATE|[EXTERNAL]|Bytes:12
12:08:01.0 (28681712)|HEAP_ALLOCATE|[EXTERNAL]|Bytes:4
12:08:01.0 (28686402)|VARIABLE_SCOPE_BEGIN|[31]|this|Database.BatchableContextImpl|true|false
12:08:01.0 (28746483)|VARIABLE_ASSIGNMENT|[31]|this|{}|0x485e389a
12:08:01.0 (28751553)|VARIABLE_SCOPE_BEGIN|[31]|jobId|Id|false|false
12:08:01.0 (28851025)|VARIABLE_ASSIGNMENT|[31]|jobId|"707e200000p3qV7AAI"
12:08:01.0 (28855825)|VARIABLE_SCOPE_BEGIN|[31]|childJobId|Id|false|false
12:08:01.0 (28864126)|VARIABLE_ASSIGNMENT|[31]|childJobId|null
12:08:01.0 (31893512)|HEAP_ALLOCATE|[EXTERNAL]|Bytes:29
12:08:01.0 (31902632)|HEAP_ALLOCATE|[EXTERNAL]|Bytes:81
12:08:01.0 (31906802)|HEAP_ALLOCATE|[EXTERNAL]|Bytes:10
12:08:01.0 (31910062)|HEAP_ALLOCATE|[EXTERNAL]|Bytes:8
12:08:01.0 (31917652)|METHOD_ENTRY|[1]|01p2t000000KTG6|RMDBatchSubscriptionLeadConvert.RMDBatchSubscriptionLeadConvert()
12:08:01.0 (31922333)|STATEMENT_EXECUTE|[1]
12:08:01.0 (31926533)|STATEMENT_EXECUTE|[1]
12:08:01.0 (31940263)|HEAP_ALLOCATE|[68]|Bytes:5
12:08:01.0 (31958013)|HEAP_ALLOCATE|[74]|Bytes:5
12:08:01.0 (31967154)|HEAP_ALLOCATE|[82]|Bytes:7
12:08:01.0 (32126857)|HEAP_ALLOCATE|[EXTERNAL]|Bytes:5
12:08:01.0 (32133567)|STATEMENT_EXECUTE|[2]
12:08:01.0 (32143607)|METHOD_EXIT|[1]|RMDBatchSubscriptionLeadConvert
12:08:01.0 (32149427)|HEAP_ALLOCATE|[EXTERNAL]|Bytes:4
12:08:01.0 (32152928)|HEAP_ALLOCATE|[EXTERNAL]|Bytes:12
12:08:01.0 (32158828)|VARIABLE_SCOPE_BEGIN|[4]|this|RMDBatchSubscriptionLeadConvert|true|false
12:08:01.0 (32175538)|VARIABLE_ASSIGNMENT|[4]|this|{}|0x2c480a4a
12:08:01.0 (32181448)|VARIABLE_SCOPE_BEGIN|[4]|BC|Database.BatchableContext|true|false
12:08:01.0 (32230579)|VARIABLE_ASSIGNMENT|[4]|BC|{"jobId":"707e200000p3qV7AAI"}|0x485e389a
12:08:01.0 (32243370)|HEAP_ALLOCATE|[10]|Bytes:5
12:08:01.0 (32248961)|STATEMENT_EXECUTE|[4]
12:08:01.0 (32251070)|STATEMENT_EXECUTE|[10]
12:08:01.0 (32254430)|HEAP_ALLOCATE|[10]|Bytes:404
12:08:01.0 (32260510)|VARIABLE_SCOPE_BEGIN|[10]|query|String|false|false
12:08:01.0 (32271210)|VARIABLE_ASSIGNMENT|[10]|query|"Select Id,RMD_Subscr (384 more) ..."
12:08:01.0 (32274820)|STATEMENT_EXECUTE|[14]
12:08:01.0 (34650273)|SOQL_EXECUTE_BEGIN|[14]|Aggregations:0|Select Id,RMD_Subscriber_Payment_Id__c,RMD_Payment_Transaction_Id__c,RMD_Payment_Type__c,RMD_Lead__r.recordType.Name,RMD_Selected_Scheme_Detail__c,RMD_Lead__c,RMD_Opportunity__c,RMD_Account__c from RMD_Payment_Transaction__c where RMD_Payment_Status__c = 'Success' and RMD_Lead__c != null and RMD_Lead__r.IsConverted = false and LastModifiedDate = Today and RMD_Lead__r.LeadSource = 'Subscription Portal'
12:08:01.0 (127640618)|SOQL_EXECUTE_END|[14]|Rows:0
12:08:01.145 (145810648)|CUMULATIVE_LIMIT_USAGE
12:08:01.145 (145810648)|LIMIT_USAGE_FOR_NS|(default)|
  Number of SOQL queries: 0 out of 200
  Number of query rows: 0 out of 50000
  Number of SOSL queries: 0 out of 20
  Number of DML statements: 0 out of 150
  Number of Publish Immediate DML: 0 out of 150
  Number of DML rows: 0 out of 10000
  Maximum CPU time: 0 out of 60000
  Maximum heap size: 0 out of 12000000
  Number of callouts: 0 out of 0
  Number of Email Invocations: 0 out of 10
  Number of future calls: 0 out of 0
  Number of queueable jobs added to the queue: 0 out of 1
  Number of Mobile Apex push calls: 0 out of 10

12:08:01.145 (145810648)|CUMULATIVE_LIMIT_USAGE_END

12:08:01.0 (145857749)|CODE_UNIT_FINISHED|RMDBatchSubscriptionLeadConvert
12:08:01.0 (145881460)|EXECUTION_FINISHED
