65.0 APEX_CODE,FINEST;APEX_PROFILING,INFO;CALLOUT,INFO;DATA_ACCESS,INFO;DB,INFO;NBA,INFO;SYSTEM,DEBUG;VALIDATION,INFO;VISUALFORCE,INFO;WAVE,INFO;WORKFLOW,INFO
16:26:25.0 (241187)|USER_INFO|[EXTERNAL]|0052t000000K4aE|rmdsupport1@timesgroup.com|(GMT+05:30) India Standard Time (Asia/Kolkata)|GMT+05:30
16:26:25.0 (322609)|EXECUTION_STARTED
16:26:25.0 (339169)|CODE_UNIT_STARTED|[EXTERNAL]|01p2t000000KTG6|RMDBatchSubscriptionLeadConvert
16:26:25.0 (3329024)|HEAP_ALLOCATE|[EXTERNAL]|Bytes:4
16:26:25.0 (3984350)|HEAP_ALLOCATE|[95]|Bytes:3
16:26:25.0 (4041172)|HEAP_ALLOCATE|[100]|Bytes:152
16:26:25.0 (4065492)|HEAP_ALLOCATE|[417]|Bytes:408
16:26:25.0 (4089183)|HEAP_ALLOCATE|[430]|Bytes:408
16:26:25.0 (4124934)|HEAP_ALLOCATE|[317]|Bytes:6
16:26:25.0 (4173716)|HEAP_ALLOCATE|[EXTERNAL]|Bytes:11
16:26:25.0 (4193765)|SYSTEM_METHOD_ENTRY|[15]|BatchableContextImpl.BatchableContextImpl()
16:26:25.0 (4202416)|STATEMENT_EXECUTE|[15]
16:26:25.0 (4217477)|SYSTEM_METHOD_EXIT|[15]|BatchableContextImpl
16:26:25.0 (4226726)|HEAP_ALLOCATE|[EXTERNAL]|Bytes:12
16:26:25.0 (4233766)|HEAP_ALLOCATE|[EXTERNAL]|Bytes:4
16:26:25.0 (4241518)|VARIABLE_SCOPE_BEGIN|[31]|this|Database.BatchableContextImpl|true|false
16:26:25.0 (4324899)|VARIABLE_ASSIGNMENT|[31]|this|{}|0x67ae91f8
16:26:25.0 (4334549)|VARIABLE_SCOPE_BEGIN|[31]|jobId|Id|false|false
16:26:25.0 (4480623)|VARIABLE_ASSIGNMENT|[31]|jobId|"707e200000ofH7SAAU"
16:26:25.0 (4489564)|VARIABLE_SCOPE_BEGIN|[31]|childJobId|Id|false|false
16:26:25.0 (4502393)|VARIABLE_ASSIGNMENT|[31]|childJobId|null
16:26:25.0 (23117671)|HEAP_ALLOCATE|[EXTERNAL]|Bytes:29
16:26:25.0 (23141731)|HEAP_ALLOCATE|[EXTERNAL]|Bytes:81
16:26:25.0 (23146401)|HEAP_ALLOCATE|[EXTERNAL]|Bytes:10
16:26:25.0 (23150081)|HEAP_ALLOCATE|[EXTERNAL]|Bytes:8
16:26:25.0 (23166642)|METHOD_ENTRY|[1]|01p2t000000KTG6|RMDBatchSubscriptionLeadConvert.RMDBatchSubscriptionLeadConvert()
16:26:25.0 (23173571)|STATEMENT_EXECUTE|[1]
16:26:25.0 (23180992)|STATEMENT_EXECUTE|[1]
16:26:25.0 (23210153)|HEAP_ALLOCATE|[68]|Bytes:5
16:26:25.0 (23253063)|HEAP_ALLOCATE|[74]|Bytes:5
16:26:25.0 (23265094)|HEAP_ALLOCATE|[82]|Bytes:7
16:26:25.0 (23437799)|HEAP_ALLOCATE|[EXTERNAL]|Bytes:5
16:26:25.0 (23444799)|STATEMENT_EXECUTE|[2]
16:26:25.0 (23455759)|METHOD_EXIT|[1]|RMDBatchSubscriptionLeadConvert
16:26:25.0 (23461769)|HEAP_ALLOCATE|[EXTERNAL]|Bytes:4
16:26:25.0 (23465960)|HEAP_ALLOCATE|[EXTERNAL]|Bytes:12
16:26:25.0 (23473349)|VARIABLE_SCOPE_BEGIN|[44]|this|RMDBatchSubscriptionLeadConvert|true|false
16:26:25.0 (23503690)|VARIABLE_ASSIGNMENT|[44]|this|{}|0x11752ac0
16:26:25.0 (23509371)|VARIABLE_SCOPE_BEGIN|[44]|BC|Database.BatchableContext|true|false
16:26:25.0 (23588283)|VARIABLE_ASSIGNMENT|[44]|BC|{"jobId":"707e200000ofH7SAAU"}|0x67ae91f8
16:26:25.0 (23601723)|HEAP_ALLOCATE|[EXTERNAL]|Bytes:5
16:26:25.0 (23606333)|STATEMENT_EXECUTE|[44]
16:26:25.47 (47950814)|CUMULATIVE_LIMIT_USAGE
16:26:25.47 (47950814)|LIMIT_USAGE_FOR_NS|(default)|
  Number of SOQL queries: 0 out of 200
  Number of query rows: 0 out of 50000
  Number of SOSL queries: 0 out of 20
  Number of DML statements: 0 out of 150
  Number of Publish Immediate DML: 0 out of 150
  Number of DML rows: 0 out of 10000
  Maximum CPU time: 0 out of 60000
  Maximum heap size: 0 out of 12000000
  Number of callouts: 0 out of 0
  Number of Email Invocations: 0 out of 10
  Number of future calls: 0 out of 0
  Number of queueable jobs added to the queue: 0 out of 1
  Number of Mobile Apex push calls: 0 out of 10

16:26:25.47 (47950814)|CUMULATIVE_LIMIT_USAGE_END

16:26:25.0 (48011745)|CODE_UNIT_FINISHED|RMDBatchSubscriptionLeadConvert
16:26:25.0 (48032546)|EXECUTION_FINISHED
