66.0 APEX_CODE,FINEST;APEX_PROFILING,INFO;CALLOUT,INFO;DATA_ACCESS,INFO;DB,INFO;NBA,INFO;SYSTEM,DEBUG;VALIDATION,INFO;VISUALFORCE,INFO;WAVE,INFO;WORKFLOW,INFO
17:09:25.0 (296327)|USER_INFO|[EXTERNAL]|0052t000000K4aE|rmdsupport1@timesgroup.com|(GMT+05:30) India Standard Time (Asia/Kolkata)|GMT+05:30
17:09:25.0 (2036388)|FLOW_CREATE_INTERVIEW_BEGIN|00D7F000005Cdii|3002t0000004QPx|301Ie000000gAAo
17:09:25.0 (2143101)|FLOW_CREATE_INTERVIEW_END|53330c21a5f56d28be475ebcb79f19d9b33df83-30b4|Send Whatsapp Message On Order Confirmed
17:09:25.2 (2754615)|USER_INFO|[EXTERNAL]|0052t000000K4aE|rmdsupport1@timesgroup.com|(GMT+05:30) India Standard Time (Asia/Kolkata)|GMT+05:30
17:09:25.2 (2788666)|FLOW_START_INTERVIEWS_BEGIN|1
17:09:25.2 (2825457)|FLOW_START_INTERVIEW_BEGIN|53330c21a5f56d28be475ebcb79f19d9b33df83-30b4|Send Whatsapp Message On Order Confirmed
17:09:25.2 (3036242)|FLOW_START_INTERVIEW_END|53330c21a5f56d28be475ebcb79f19d9b33df83-30b4|Send Whatsapp Message On Order Confirmed
17:09:25.42 (42910002)|CODE_UNIT_STARTED|[EXTERNAL]|01p2t000002TDko|OrderCofirmationEmailLink.sendEmailLinkConfirmOrder(List<Id>)
17:09:25.42 (42981153)|HEAP_ALLOCATE|[EXTERNAL]|Bytes:8
17:09:25.42 (43363852)|HEAP_ALLOCATE|[95]|Bytes:3
17:09:25.42 (43454265)|HEAP_ALLOCATE|[100]|Bytes:152
17:09:25.42 (43482405)|HEAP_ALLOCATE|[417]|Bytes:408
17:09:25.42 (43507466)|HEAP_ALLOCATE|[430]|Bytes:408
17:09:25.42 (43545257)|HEAP_ALLOCATE|[317]|Bytes:6
17:09:25.42 (43566307)|HEAP_ALLOCATE|[EXTERNAL]|Bytes:69
17:09:25.42 (43573137)|HEAP_ALLOCATE|[EXTERNAL]|Bytes:7
17:09:25.42 (43577697)|HEAP_ALLOCATE|[EXTERNAL]|Bytes:24
17:09:25.42 (43601918)|METHOD_ENTRY|[1]|01p2t000002TDko|OrderCofirmationEmailLink.OrderCofirmationEmailLink()
17:09:25.42 (43616398)|STATEMENT_EXECUTE|[1]
17:09:25.42 (43642329)|STATEMENT_EXECUTE|[1]
17:09:25.42 (43644989)|STATEMENT_EXECUTE|[95]
17:09:25.42 (43647179)|STATEMENT_EXECUTE|[99]
17:09:25.42 (43649189)|STATEMENT_EXECUTE|[105]
17:09:25.42 (43651449)|STATEMENT_EXECUTE|[111]
17:09:25.42 (43653649)|STATEMENT_EXECUTE|[121]
17:09:25.42 (43655709)|STATEMENT_EXECUTE|[131]
17:09:25.42 (43665239)|METHOD_EXIT|[1]|OrderCofirmationEmailLink
17:09:25.42 (43712351)|HEAP_ALLOCATE|[EXTERNAL]|Bytes:8
17:09:25.42 (43753512)|VARIABLE_SCOPE_BEGIN|[4]|accIds|List<Id>|true|false
17:09:25.42 (43851274)|VARIABLE_ASSIGNMENT|[4]|accIds|["0012t00000at4njAAA"]|0xcd75d25
17:09:25.42 (43867924)|STATEMENT_EXECUTE|[4]
17:09:25.42 (43870824)|STATEMENT_EXECUTE|[5]
17:09:25.42 (43875654)|HEAP_ALLOCATE|[5]|Bytes:37
17:09:25.42 (44010788)|HEAP_ALLOCATE|[5]|Bytes:20
17:09:25.42 (44065409)|HEAP_ALLOCATE|[5]|Bytes:57
17:09:25.42 (44095480)|HEAP_ALLOCATE|[68]|Bytes:5
17:09:25.42 (44126670)|HEAP_ALLOCATE|[74]|Bytes:5
17:09:25.42 (44136641)|HEAP_ALLOCATE|[82]|Bytes:7
17:09:25.42 (44172841)|USER_DEBUG|[5]|DEBUG|---accIds-Rahul--InvocableMethod-@@@-(0012t00000at4njAAA)
17:09:25.42 (44182942)|STATEMENT_EXECUTE|[6]
17:09:25.42 (44186632)|HEAP_ALLOCATE|[6]|Bytes:182
17:09:25.42 (44206722)|HEAP_ALLOCATE|[6]|Bytes:4
17:09:25.42 (44219762)|HEAP_ALLOCATE|[6]|Bytes:7
17:09:25.42 (45528623)|SOQL_EXECUTE_BEGIN|[6]|Aggregations:0|SELECT id, Name, RMD_Opt_In__c, RMD_SMS_Mobile__c, Email_Verification_Link__c FROM Account WHERE (Id IN :tmpVar1 AND Email_Verification_Link__c != NULL AND Email_Verified__c = FALSE)
17:09:25.42 (53201064)|SOQL_EXECUTE_END|[6]|Rows:0
17:09:25.42 (53252905)|HEAP_ALLOCATE|[6]|Bytes:4
17:09:25.42 (53280886)|HEAP_ALLOCATE|[6]|Bytes:0
17:09:25.42 (53410769)|HEAP_ALLOCATE|[6]|Bytes:4
17:09:25.42 (53455000)|HEAP_ALLOCATE|[6]|Bytes:33
17:09:25.42 (53788478)|HEAP_ALLOCATE|[6]|Bytes:46
17:09:25.42 (53927371)|FATAL_ERROR|System.QueryException: List has no rows for assignment to SObject

Class.OrderCofirmationEmailLink.sendEmailLinkConfirmOrder: line 6, column 1
17:09:25.42 (53941192)|FATAL_ERROR|System.QueryException: List has no rows for assignment to SObject

Class.OrderCofirmationEmailLink.sendEmailLinkConfirmOrder: line 6, column 1
17:09:25.53 (53990293)|CUMULATIVE_LIMIT_USAGE
17:09:25.53 (53990293)|LIMIT_USAGE_FOR_NS|(default)|
  Number of SOQL queries: 1 out of 200
  Number of query rows: 0 out of 50000
  Number of SOSL queries: 0 out of 20
  Number of DML statements: 0 out of 150
  Number of Publish Immediate DML: 0 out of 150
  Number of DML rows: 0 out of 10000
  Maximum CPU time: 9 out of 60000
  Maximum heap size: 0 out of 12000000
  Number of callouts: 0 out of 100
  Number of Email Invocations: 0 out of 10
  Number of future calls: 0 out of 50
  Number of queueable jobs added to the queue: 0 out of 50
  Number of Mobile Apex push calls: 0 out of 10

17:09:25.53 (53990293)|CUMULATIVE_LIMIT_USAGE_END

17:09:25.42 (54056414)|CODE_UNIT_FINISHED|OrderCofirmationEmailLink.sendEmailLinkConfirmOrder(List<Id>)
17:09:25.2 (227036210)|FLOW_ELEMENT_ERROR|An Apex error occurred: System.QueryException: List has no rows for assignment to SObject
|FlowActionCall|Send_Whatsapp_Message_On_Order_Confirm
17:09:25.2 (227346637)|FLOW_START_INTERVIEWS_END|1
