59.0 APEX_CODE,FINEST;APEX_PROFILING,INFO;CALLOUT,INFO;DATA_ACCESS,INFO;DB,INFO;NBA,INFO;SYSTEM,DEBUG;VALIDATION,INFO;VISUALFORCE,INFO;WAVE,INFO;WORKFLOW,INFO
17:06:00.0 (429913)|USER_INFO|[EXTERNAL]|0052t000000K4aE|rmdsupport1@timesgroup.com|(GMT+05:30) India Standard Time (Asia/Kolkata)|GMT+05:30
17:06:00.0 (560267)|EXECUTION_STARTED
17:06:00.0 (609818)|CODE_UNIT_STARTED|[EXTERNAL]|01p2t000000KTHK|SubscriptionLeadConvert
17:06:00.0 (16346378)|HEAP_ALLOCATE|[95]|Bytes:3
17:06:00.0 (16508723)|HEAP_ALLOCATE|[100]|Bytes:152
17:06:00.0 (16531733)|HEAP_ALLOCATE|[417]|Bytes:408
17:06:00.0 (16548624)|HEAP_ALLOCATE|[430]|Bytes:408
17:06:00.0 (16577415)|HEAP_ALLOCATE|[317]|Bytes:6
17:06:00.0 (16599675)|HEAP_ALLOCATE|[EXTERNAL]|Bytes:3
17:06:00.0 (16638406)|SYSTEM_METHOD_ENTRY|[1]|SchedulableContextImpl.SchedulableContextImpl()
17:06:00.0 (16656637)|STATEMENT_EXECUTE|[1]
17:06:00.0 (16684298)|SYSTEM_METHOD_EXIT|[1]|SchedulableContextImpl
17:06:00.0 (16693328)|HEAP_ALLOCATE|[EXTERNAL]|Bytes:8
17:06:00.0 (16697909)|HEAP_ALLOCATE|[EXTERNAL]|Bytes:4
17:06:00.0 (16722049)|VARIABLE_SCOPE_BEGIN|[4]|this|System.SchedulableContextImpl|true|false
17:06:00.0 (16839402)|VARIABLE_ASSIGNMENT|[4]|this|{}|0x5e537a32
17:06:00.0 (16849093)|VARIABLE_SCOPE_BEGIN|[4]|triggerId|Id|false|false
17:06:00.0 (17006377)|VARIABLE_ASSIGNMENT|[4]|triggerId|"08ee200000Ne6r5AAB"
17:06:00.0 (19237684)|HEAP_ALLOCATE|[EXTERNAL]|Bytes:1
17:06:00.0 (19254364)|HEAP_ALLOCATE|[EXTERNAL]|Bytes:2
17:06:00.0 (19271795)|METHOD_ENTRY|[1]|01p2t000000KTHK|RMDSubscriptionLeadConvetSchedulable.RMDSubscriptionLeadConvetSchedulable()
17:06:00.0 (19280215)|STATEMENT_EXECUTE|[1]
17:06:00.0 (19285205)|STATEMENT_EXECUTE|[1]
17:06:00.0 (19290636)|METHOD_EXIT|[1]|RMDSubscriptionLeadConvetSchedulable
17:06:00.0 (19299366)|HEAP_ALLOCATE|[EXTERNAL]|Bytes:4
17:06:00.0 (19303206)|HEAP_ALLOCATE|[EXTERNAL]|Bytes:8
17:06:00.0 (19318947)|VARIABLE_SCOPE_BEGIN|[2]|this|RMDSubscriptionLeadConvetSchedulable|true|false
17:06:00.0 (19348057)|VARIABLE_ASSIGNMENT|[2]|this|{}|0x4e33fc31
17:06:00.0 (19354228)|VARIABLE_SCOPE_BEGIN|[2]|sc|System.SchedulableContext|true|false
17:06:00.0 (19446220)|VARIABLE_ASSIGNMENT|[2]|sc|{"triggerId":"08ee200000Ne6r5AAB"}|0x5e537a32
17:06:00.0 (19456391)|STATEMENT_EXECUTE|[2]
17:06:00.0 (19458650)|STATEMENT_EXECUTE|[3]
17:06:00.0 (19467611)|VARIABLE_SCOPE_BEGIN|[3]|batchSize|Integer|false|false
17:06:00.0 (19476421)|HEAP_ALLOCATE|[3]|Bytes:4
17:06:00.0 (19486451)|VARIABLE_ASSIGNMENT|[3]|batchSize|1
17:06:00.0 (19490621)|STATEMENT_EXECUTE|[5]
17:06:00.0 (19494662)|HEAP_ALLOCATE|[5]|Bytes:211
17:06:00.0 (19519662)|HEAP_ALLOCATE|[5]|Bytes:4
17:06:00.0 (19554493)|HEAP_ALLOCATE|[68]|Bytes:5
17:06:00.0 (19577875)|HEAP_ALLOCATE|[74]|Bytes:5
17:06:00.0 (19588574)|HEAP_ALLOCATE|[82]|Bytes:7
17:06:00.0 (21572014)|SOQL_EXECUTE_BEGIN|[5]|Aggregations:0|SELECT Id, Status, NumberOfErrors, JobItemsProcessed, TotalJobItems, CreatedBy.Email FROM AsyncApexJob WHERE (ApexClass.Name = 'RMDBatchSubscriptionLeadConvert' AND Status != 'Aborted' AND Status != 'Completed')
17:06:01.49 (1049633340)|SOQL_EXECUTE_END|[5]|Rows:0
17:06:01.49 (1049690170)|HEAP_ALLOCATE|[5]|Bytes:4
17:06:01.49 (1049714422)|HEAP_ALLOCATE|[5]|Bytes:0
17:06:01.49 (1049940929)|HEAP_ALLOCATE|[5]|Bytes:4
17:06:01.49 (1049974340)|VARIABLE_SCOPE_BEGIN|[5]|asyncJobAbort|List<AsyncApexJob>|true|false
17:06:01.49 (1050011671)|VARIABLE_ASSIGNMENT|[5]|asyncJobAbort|[]|0x2bf5ead1
17:06:01.49 (1050337481)|HEAP_ALLOCATE|[6]|Bytes:5
17:06:01.49 (1050401803)|VARIABLE_ASSIGNMENT|[6]|eachaJob|null|
17:06:01.49 (1050412923)|STATEMENT_EXECUTE|[6]
17:06:01.49 (1050416673)|STATEMENT_EXECUTE|[10]
17:06:01.49 (1054995820)|HEAP_ALLOCATE|[10]|Bytes:29
17:06:01.49 (1055024211)|HEAP_ALLOCATE|[10]|Bytes:81
17:06:01.49 (1055032141)|HEAP_ALLOCATE|[10]|Bytes:10
17:06:01.49 (1055038931)|HEAP_ALLOCATE|[10]|Bytes:8
17:06:01.49 (1055085992)|METHOD_ENTRY|[1]|01p2t000000KTG6|RMDBatchSubscriptionLeadConvert.RMDBatchSubscriptionLeadConvert()
17:06:01.49 (1055098223)|STATEMENT_EXECUTE|[1]
17:06:01.49 (1055107923)|STATEMENT_EXECUTE|[1]
17:06:01.49 (1055134304)|HEAP_ALLOCATE|[10]|Bytes:5
17:06:01.49 (1055141304)|STATEMENT_EXECUTE|[2]
17:06:01.49 (1055158055)|METHOD_EXIT|[1]|RMDBatchSubscriptionLeadConvert
17:06:01.49 (1055180275)|HEAP_ALLOCATE|[10]|Bytes:4
17:06:01.49 (1055222946)|CONSTRUCTOR_ENTRY|[10]|01p2t000000KTG6|<init>()|RMDBatchSubscriptionLeadConvert
17:06:01.49 (1055296549)|VARIABLE_SCOPE_BEGIN|[1]|this|RMDBatchSubscriptionLeadConvert|true|false
17:06:01.49 (1055342970)|VARIABLE_ASSIGNMENT|[1]|this|{}|0x5309357c
17:06:01.49 (1055357370)|HEAP_ALLOCATE|[EXTERNAL]|Bytes:5
17:06:01.49 (1055390021)|STATEMENT_EXECUTE|[1]
17:06:01.49 (1055395122)|HEAP_ALLOCATE|[EXTERNAL]|Bytes:5
17:06:01.49 (1055411032)|CONSTRUCTOR_EXIT|[10]|01p2t000000KTG6|<init>()|RMDBatchSubscriptionLeadConvert
17:06:01.49 (1055418322)|VARIABLE_SCOPE_BEGIN|[10]|objRMDBatchLeadConvert|RMDBatchSubscriptionLeadConvert|true|false
17:06:01.49 (1055437513)|VARIABLE_ASSIGNMENT|[10]|objRMDBatchLeadConvert|{}|0x5309357c
17:06:01.49 (1055443273)|STATEMENT_EXECUTE|[11]
17:06:01.49 (1122911346)|HEAP_ALLOCATE|[14]|Bytes:118
17:06:01.49 (1122950409)|SYSTEM_METHOD_ENTRY|[1]|Test.Test()
17:06:01.49 (1122959169)|STATEMENT_EXECUTE|[1]
17:06:01.49 (1122976388)|SYSTEM_METHOD_EXIT|[1]|Test
17:06:01.49 (1123005420)|METHOD_ENTRY|[14]||System.Test.isRunningTest()
17:06:01.49 (1123063041)|METHOD_EXIT|[14]||System.Test.isRunningTest()
17:06:01.49 (1123076161)|STATEMENT_EXECUTE|[14]
17:06:01.49 (1123079881)|STATEMENT_EXECUTE|[15]
17:06:01.49 (1123085432)|HEAP_ALLOCATE|[15]|Bytes:121
17:06:01.49 (1123111432)|HEAP_ALLOCATE|[15]|Bytes:4
17:06:01.49 (1123898196)|SOQL_EXECUTE_BEGIN|[15]|Aggregations:0|SELECT Id, NextFireTime, CronJobDetail.Name FROM CronTrigger WHERE CronJobDetail.Name = 'SubscriptionLeadConvert' LIMIT 1
17:06:01.49 (1141476341)|SOQL_EXECUTE_END|[15]|Rows:1
17:06:01.49 (1141516982)|HEAP_ALLOCATE|[15]|Bytes:8
17:06:01.49 (1141544072)|HEAP_ALLOCATE|[15]|Bytes:162
17:06:01.49 (1141663266)|HEAP_ALLOCATE|[15]|Bytes:8
17:06:01.49 (1141690458)|HEAP_ALLOCATE|[15]|Bytes:37
17:06:01.49 (1141767100)|HEAP_ALLOCATE|[15]|Bytes:20
17:06:01.49 (1141780309)|VARIABLE_SCOPE_BEGIN|[15]|asyncJob|CronTrigger|true|false
17:06:01.49 (1142081879)|VARIABLE_ASSIGNMENT|[15]|asyncJob|{"CronJobDetailId":"08ae200000NeR15AAF","CronJobDetail":{"Name":"SubscriptionLeadConv (3 more) ...","Id":"08ae200000NeR15AAF"},"Id":"08ee200000Ne6r5AAB","NextFireTime":"2026-04-18T11:36:00.000Z"}|0x51c235c7
17:06:01.49 (1142097740)|STATEMENT_EXECUTE|[16]
17:06:01.49 (1142151461)|HEAP_ALLOCATE|[16]|Bytes:18
17:06:01.49 (1229372134)|STATEMENT_EXECUTE|[20]
17:06:01.49 (1229439557)|HEAP_ALLOCATE|[20]|Bytes:56
17:06:01.49 (1229481407)|HEAP_ALLOCATE|[20]|Bytes:56
17:06:01.49 (1229501599)|VARIABLE_SCOPE_BEGIN|[20]|dt|Datetime|false|false
17:06:01.49 (1229539889)|VARIABLE_ASSIGNMENT|[20]|dt|"2026-04-17T11:41:01.355Z"
17:06:01.49 (1229545310)|STATEMENT_EXECUTE|[21]
17:06:01.49 (1229650483)|HEAP_ALLOCATE|[21]|Bytes:2
17:06:01.49 (1229664043)|VARIABLE_SCOPE_BEGIN|[21]|hr|String|false|false
17:06:01.49 (1229676014)|VARIABLE_ASSIGNMENT|[21]|hr|"17"
17:06:01.49 (1229680014)|STATEMENT_EXECUTE|[22]
17:06:01.49 (1229710085)|HEAP_ALLOCATE|[22]|Bytes:2
17:06:01.49 (1229720215)|VARIABLE_SCOPE_BEGIN|[22]|min|String|false|false
17:06:01.49 (1229729405)|VARIABLE_ASSIGNMENT|[22]|min|"11"
17:06:01.49 (1229733236)|STATEMENT_EXECUTE|[23]
17:06:01.49 (1229757246)|HEAP_ALLOCATE|[23]|Bytes:4
17:06:01.49 (1229821918)|HEAP_ALLOCATE|[23]|Bytes:2
17:06:01.49 (1229833827)|VARIABLE_SCOPE_BEGIN|[23]|currDate|String|false|false
17:06:01.49 (1229842939)|VARIABLE_ASSIGNMENT|[23]|currDate|"17"
17:06:01.49 (1229848139)|STATEMENT_EXECUTE|[24]
17:06:01.49 (1229851228)|HEAP_ALLOCATE|[24]|Bytes:2
17:06:01.49 (1229855508)|HEAP_ALLOCATE|[24]|Bytes:1
17:06:01.49 (1229859479)|HEAP_ALLOCATE|[24]|Bytes:7
17:06:01.49 (1229869740)|HEAP_ALLOCATE|[24]|Bytes:14
17:06:01.49 (1229874010)|VARIABLE_SCOPE_BEGIN|[24]|sch|String|false|false
17:06:01.49 (1229882700)|VARIABLE_ASSIGNMENT|[24]|sch|"0 11 17 * *  ?"
17:06:01.49 (1229886429)|STATEMENT_EXECUTE|[25]
17:06:01.49 (1229889029)|HEAP_ALLOCATE|[25]|Bytes:7
17:06:01.49 (1229896629)|HEAP_ALLOCATE|[25]|Bytes:21
17:06:01.49 (1229954372)|USER_DEBUG|[25]|DEBUG|sch====0 11 17 * *  ?
17:06:01.49 (1229963542)|STATEMENT_EXECUTE|[26]
17:06:01.49 (1229969372)|HEAP_ALLOCATE|[26]|Bytes:4
17:06:01.49 (1229981053)|CONSTRUCTOR_ENTRY|[26]|01p2t000000KTHK|<init>()|RMDSubscriptionLeadConvetSchedulable
17:06:01.49 (1230010494)|VARIABLE_SCOPE_BEGIN|[1]|this|RMDSubscriptionLeadConvetSchedulable|true|false
17:06:01.49 (1230080996)|VARIABLE_ASSIGNMENT|[1]|this|{}|0x11e320b8
17:06:01.49 (1230107027)|STATEMENT_EXECUTE|[1]
17:06:01.49 (1230111537)|CONSTRUCTOR_EXIT|[26]|01p2t000000KTHK|<init>()|RMDSubscriptionLeadConvetSchedulable
17:06:01.49 (1230117637)|VARIABLE_SCOPE_BEGIN|[26]|sch2|RMDSubscriptionLeadConvetSchedulable|true|false
17:06:01.49 (1230130667)|VARIABLE_ASSIGNMENT|[26]|sch2|{}|0x11e320b8
17:06:01.49 (1230135557)|STATEMENT_EXECUTE|[27]
17:06:01.49 (1230139047)|HEAP_ALLOCATE|[27]|Bytes:23
17:06:01.49 (1230144278)|VARIABLE_SCOPE_BEGIN|[27]|strName|String|false|false
17:06:01.49 (1230155988)|VARIABLE_ASSIGNMENT|[27]|strName|"SubscriptionLeadConv (3 more) ..."
17:06:01.49 (1230159968)|STATEMENT_EXECUTE|[28]
17:06:01.294 (1294991263)|CUMULATIVE_LIMIT_USAGE
17:06:01.294 (1294991263)|LIMIT_USAGE_FOR_NS|(default)|
  Number of SOQL queries: 2 out of 100
  Number of query rows: 1 out of 50000
  Number of SOSL queries: 0 out of 20
  Number of DML statements: 1 out of 150
  Number of Publish Immediate DML: 0 out of 150
  Number of DML rows: 1 out of 10000
  Maximum CPU time: 0 out of 10000
  Maximum heap size: 0 out of 6000000
  Number of callouts: 0 out of 100
  Number of Email Invocations: 0 out of 10
  Number of future calls: 0 out of 50
  Number of queueable jobs added to the queue: 0 out of 50
  Number of Mobile Apex push calls: 0 out of 10

17:06:01.294 (1294991263)|CUMULATIVE_LIMIT_USAGE_END

17:06:01.49 (1295099107)|CODE_UNIT_FINISHED|SubscriptionLeadConvert
17:06:01.49 (1295134517)|EXECUTION_FINISHED
