59.0 APEX_CODE,FINEST;APEX_PROFILING,INFO;CALLOUT,INFO;DATA_ACCESS,INFO;DB,INFO;NBA,INFO;SYSTEM,DEBUG;VALIDATION,INFO;VISUALFORCE,INFO;WAVE,INFO;WORKFLOW,INFO
17:36:00.0 (275586)|USER_INFO|[EXTERNAL]|0052t000000K4aE|rmdsupport1@timesgroup.com|(GMT+05:30) India Standard Time (Asia/Kolkata)|GMT+05:30
17:36:00.0 (369759)|EXECUTION_STARTED
17:36:00.0 (408470)|CODE_UNIT_STARTED|[EXTERNAL]|01p2t000000KTHK|SubscriptionLeadConvert
17:36:00.0 (18318593)|HEAP_ALLOCATE|[95]|Bytes:3
17:36:00.0 (18455497)|HEAP_ALLOCATE|[100]|Bytes:152
17:36:00.0 (18473387)|HEAP_ALLOCATE|[417]|Bytes:408
17:36:00.0 (18487398)|HEAP_ALLOCATE|[430]|Bytes:408
17:36:00.0 (18511728)|HEAP_ALLOCATE|[317]|Bytes:6
17:36:00.0 (18534369)|HEAP_ALLOCATE|[EXTERNAL]|Bytes:3
17:36:00.0 (18564579)|SYSTEM_METHOD_ENTRY|[1]|SchedulableContextImpl.SchedulableContextImpl()
17:36:00.0 (18577070)|STATEMENT_EXECUTE|[1]
17:36:00.0 (18610910)|SYSTEM_METHOD_EXIT|[1]|SchedulableContextImpl
17:36:00.0 (18620731)|HEAP_ALLOCATE|[EXTERNAL]|Bytes:8
17:36:00.0 (18625351)|HEAP_ALLOCATE|[EXTERNAL]|Bytes:4
17:36:00.0 (18648251)|VARIABLE_SCOPE_BEGIN|[4]|this|System.SchedulableContextImpl|true|false
17:36:00.0 (18786975)|VARIABLE_ASSIGNMENT|[4]|this|{}|0x46e16b99
17:36:00.0 (18793465)|VARIABLE_SCOPE_BEGIN|[4]|triggerId|Id|false|false
17:36:00.0 (18923208)|VARIABLE_ASSIGNMENT|[4]|triggerId|"08ee200000NeBArAAN"
17:36:00.0 (21114311)|HEAP_ALLOCATE|[EXTERNAL]|Bytes:1
17:36:00.0 (21126321)|HEAP_ALLOCATE|[EXTERNAL]|Bytes:2
17:36:00.0 (21136652)|METHOD_ENTRY|[1]|01p2t000000KTHK|RMDSubscriptionLeadConvetSchedulable.RMDSubscriptionLeadConvetSchedulable()
17:36:00.0 (21141942)|STATEMENT_EXECUTE|[1]
17:36:00.0 (21146952)|STATEMENT_EXECUTE|[1]
17:36:00.0 (21161862)|METHOD_EXIT|[1]|RMDSubscriptionLeadConvetSchedulable
17:36:00.0 (21169342)|HEAP_ALLOCATE|[EXTERNAL]|Bytes:4
17:36:00.0 (21173313)|HEAP_ALLOCATE|[EXTERNAL]|Bytes:8
17:36:00.0 (21185933)|VARIABLE_SCOPE_BEGIN|[2]|this|RMDSubscriptionLeadConvetSchedulable|true|false
17:36:00.0 (21207703)|VARIABLE_ASSIGNMENT|[2]|this|{}|0x2d788216
17:36:00.0 (21213983)|VARIABLE_SCOPE_BEGIN|[2]|sc|System.SchedulableContext|true|false
17:36:00.0 (21289925)|VARIABLE_ASSIGNMENT|[2]|sc|{"triggerId":"08ee200000NeBArAAN"}|0x46e16b99
17:36:00.0 (21303046)|STATEMENT_EXECUTE|[2]
17:36:00.0 (21306096)|STATEMENT_EXECUTE|[3]
17:36:00.0 (21313976)|VARIABLE_SCOPE_BEGIN|[3]|batchSize|Integer|false|false
17:36:00.0 (21324596)|HEAP_ALLOCATE|[3]|Bytes:4
17:36:00.0 (21336806)|VARIABLE_ASSIGNMENT|[3]|batchSize|1
17:36:00.0 (21342197)|STATEMENT_EXECUTE|[5]
17:36:00.0 (21346277)|HEAP_ALLOCATE|[5]|Bytes:211
17:36:00.0 (21377217)|HEAP_ALLOCATE|[5]|Bytes:4
17:36:00.0 (21411718)|HEAP_ALLOCATE|[68]|Bytes:5
17:36:00.0 (21428989)|HEAP_ALLOCATE|[74]|Bytes:5
17:36:00.0 (21438149)|HEAP_ALLOCATE|[82]|Bytes:7
17:36:00.0 (23001677)|SOQL_EXECUTE_BEGIN|[5]|Aggregations:0|SELECT Id, Status, NumberOfErrors, JobItemsProcessed, TotalJobItems, CreatedBy.Email FROM AsyncApexJob WHERE (ApexClass.Name = 'RMDBatchSubscriptionLeadConvert' AND Status != 'Aborted' AND Status != 'Completed')
17:36:00.0 (866910230)|SOQL_EXECUTE_END|[5]|Rows:0
17:36:00.0 (866966191)|HEAP_ALLOCATE|[5]|Bytes:4
17:36:00.0 (866996082)|HEAP_ALLOCATE|[5]|Bytes:0
17:36:00.0 (867209517)|HEAP_ALLOCATE|[5]|Bytes:4
17:36:00.0 (867264888)|VARIABLE_SCOPE_BEGIN|[5]|asyncJobAbort|List<AsyncApexJob>|true|false
17:36:00.0 (867300969)|VARIABLE_ASSIGNMENT|[5]|asyncJobAbort|[]|0x45280c6a
17:36:00.0 (867615836)|HEAP_ALLOCATE|[6]|Bytes:5
17:36:00.0 (867674408)|VARIABLE_ASSIGNMENT|[6]|eachaJob|null|
17:36:00.0 (867685878)|STATEMENT_EXECUTE|[6]
17:36:00.0 (867690179)|STATEMENT_EXECUTE|[10]
17:36:00.0 (867832972)|HEAP_ALLOCATE|[10]|Bytes:29
17:36:00.0 (867844401)|HEAP_ALLOCATE|[10]|Bytes:81
17:36:00.0 (867852073)|HEAP_ALLOCATE|[10]|Bytes:10
17:36:00.0 (867858573)|HEAP_ALLOCATE|[10]|Bytes:8
17:36:00.0 (867877722)|METHOD_ENTRY|[1]|01p2t000000KTG6|RMDBatchSubscriptionLeadConvert.RMDBatchSubscriptionLeadConvert()
17:36:00.0 (867886693)|STATEMENT_EXECUTE|[1]
17:36:00.0 (867892523)|STATEMENT_EXECUTE|[1]
17:36:00.0 (867905654)|HEAP_ALLOCATE|[10]|Bytes:5
17:36:00.0 (867913194)|STATEMENT_EXECUTE|[2]
17:36:00.0 (867949435)|METHOD_EXIT|[1]|RMDBatchSubscriptionLeadConvert
17:36:00.0 (867964644)|HEAP_ALLOCATE|[10]|Bytes:4
17:36:00.0 (868009536)|CONSTRUCTOR_ENTRY|[10]|01p2t000000KTG6|<init>()|RMDBatchSubscriptionLeadConvert
17:36:00.0 (868087927)|VARIABLE_SCOPE_BEGIN|[1]|this|RMDBatchSubscriptionLeadConvert|true|false
17:36:00.0 (868132639)|VARIABLE_ASSIGNMENT|[1]|this|{}|0x7266e4de
17:36:00.0 (868148120)|HEAP_ALLOCATE|[EXTERNAL]|Bytes:5
17:36:00.0 (868189481)|STATEMENT_EXECUTE|[1]
17:36:00.0 (868196770)|HEAP_ALLOCATE|[EXTERNAL]|Bytes:5
17:36:00.0 (868217742)|CONSTRUCTOR_EXIT|[10]|01p2t000000KTG6|<init>()|RMDBatchSubscriptionLeadConvert
17:36:00.0 (868230072)|VARIABLE_SCOPE_BEGIN|[10]|objRMDBatchLeadConvert|RMDBatchSubscriptionLeadConvert|true|false
17:36:00.0 (868254462)|VARIABLE_ASSIGNMENT|[10]|objRMDBatchLeadConvert|{}|0x7266e4de
17:36:00.0 (868263403)|STATEMENT_EXECUTE|[11]
17:36:00.0 (945232756)|HEAP_ALLOCATE|[14]|Bytes:118
17:36:00.0 (945264917)|SYSTEM_METHOD_ENTRY|[1]|Test.Test()
17:36:00.0 (945273578)|STATEMENT_EXECUTE|[1]
17:36:00.0 (945308749)|SYSTEM_METHOD_EXIT|[1]|Test
17:36:00.0 (945341220)|METHOD_ENTRY|[14]||System.Test.isRunningTest()
17:36:00.0 (945401840)|METHOD_EXIT|[14]||System.Test.isRunningTest()
17:36:00.0 (945416372)|STATEMENT_EXECUTE|[14]
17:36:00.0 (945418742)|STATEMENT_EXECUTE|[15]
17:36:00.0 (945423742)|HEAP_ALLOCATE|[15]|Bytes:121
17:36:00.0 (945449801)|HEAP_ALLOCATE|[15]|Bytes:4
17:36:00.0 (946133889)|SOQL_EXECUTE_BEGIN|[15]|Aggregations:0|SELECT Id, NextFireTime, CronJobDetail.Name FROM CronTrigger WHERE CronJobDetail.Name = 'SubscriptionLeadConvert' LIMIT 1
17:36:00.0 (959506422)|SOQL_EXECUTE_END|[15]|Rows:1
17:36:00.0 (959556204)|HEAP_ALLOCATE|[15]|Bytes:8
17:36:00.0 (959590595)|HEAP_ALLOCATE|[15]|Bytes:162
17:36:00.0 (959705578)|HEAP_ALLOCATE|[15]|Bytes:8
17:36:00.0 (959731707)|HEAP_ALLOCATE|[15]|Bytes:37
17:36:00.0 (959804480)|HEAP_ALLOCATE|[15]|Bytes:20
17:36:00.0 (959814180)|VARIABLE_SCOPE_BEGIN|[15]|asyncJob|CronTrigger|true|false
17:36:00.0 (960029506)|VARIABLE_ASSIGNMENT|[15]|asyncJob|{"CronJobDetailId":"08ae200000NeVKrAAN","CronJobDetail":{"Name":"SubscriptionLeadConv (3 more) ...","Id":"08ae200000NeVKrAAN"},"Id":"08ee200000NeBArAAN","NextFireTime":"2026-04-18T12:06:00.000Z"}|0x4aded866
17:36:00.0 (960041075)|STATEMENT_EXECUTE|[16]
17:36:00.0 (960087057)|HEAP_ALLOCATE|[16]|Bytes:18
17:36:01.49 (1049269428)|STATEMENT_EXECUTE|[20]
17:36:01.49 (1049348349)|HEAP_ALLOCATE|[20]|Bytes:56
17:36:01.49 (1049402621)|HEAP_ALLOCATE|[20]|Bytes:56
17:36:01.49 (1049432331)|VARIABLE_SCOPE_BEGIN|[20]|dt|Datetime|false|false
17:36:01.49 (1049468652)|VARIABLE_ASSIGNMENT|[20]|dt|"2026-04-17T12:11:01.185Z"
17:36:01.49 (1049473572)|STATEMENT_EXECUTE|[21]
17:36:01.49 (1049552723)|HEAP_ALLOCATE|[21]|Bytes:2
17:36:01.49 (1049566135)|VARIABLE_SCOPE_BEGIN|[21]|hr|String|false|false
17:36:01.49 (1049579404)|VARIABLE_ASSIGNMENT|[21]|hr|"17"
17:36:01.49 (1049583545)|STATEMENT_EXECUTE|[22]
17:36:01.49 (1049617925)|HEAP_ALLOCATE|[22]|Bytes:2
17:36:01.49 (1049628816)|VARIABLE_SCOPE_BEGIN|[22]|min|String|false|false
17:36:01.49 (1049637685)|VARIABLE_ASSIGNMENT|[22]|min|"41"
17:36:01.49 (1049641566)|STATEMENT_EXECUTE|[23]
17:36:01.49 (1049668627)|HEAP_ALLOCATE|[23]|Bytes:4
17:36:01.49 (1049699978)|HEAP_ALLOCATE|[23]|Bytes:2
17:36:01.49 (1049710338)|VARIABLE_SCOPE_BEGIN|[23]|currDate|String|false|false
17:36:01.49 (1049719508)|VARIABLE_ASSIGNMENT|[23]|currDate|"17"
17:36:01.49 (1049723349)|STATEMENT_EXECUTE|[24]
17:36:01.49 (1049727368)|HEAP_ALLOCATE|[24]|Bytes:2
17:36:01.49 (1049732659)|HEAP_ALLOCATE|[24]|Bytes:1
17:36:01.49 (1049737109)|HEAP_ALLOCATE|[24]|Bytes:7
17:36:01.49 (1049749159)|HEAP_ALLOCATE|[24]|Bytes:14
17:36:01.49 (1049753879)|VARIABLE_SCOPE_BEGIN|[24]|sch|String|false|false
17:36:01.49 (1049778769)|VARIABLE_ASSIGNMENT|[24]|sch|"0 41 17 * *  ?"
17:36:01.49 (1049783009)|STATEMENT_EXECUTE|[25]
17:36:01.49 (1049785860)|HEAP_ALLOCATE|[25]|Bytes:7
17:36:01.49 (1049794809)|HEAP_ALLOCATE|[25]|Bytes:21
17:36:01.49 (1049827890)|USER_DEBUG|[25]|DEBUG|sch====0 41 17 * *  ?
17:36:01.49 (1049837281)|STATEMENT_EXECUTE|[26]
17:36:01.49 (1049846881)|HEAP_ALLOCATE|[26]|Bytes:4
17:36:01.49 (1049862011)|CONSTRUCTOR_ENTRY|[26]|01p2t000000KTHK|<init>()|RMDSubscriptionLeadConvetSchedulable
17:36:01.49 (1049888943)|VARIABLE_SCOPE_BEGIN|[1]|this|RMDSubscriptionLeadConvetSchedulable|true|false
17:36:01.49 (1049923073)|VARIABLE_ASSIGNMENT|[1]|this|{}|0x201e1f1b
17:36:01.49 (1049950744)|STATEMENT_EXECUTE|[1]
17:36:01.49 (1049955154)|CONSTRUCTOR_EXIT|[26]|01p2t000000KTHK|<init>()|RMDSubscriptionLeadConvetSchedulable
17:36:01.49 (1049960664)|VARIABLE_SCOPE_BEGIN|[26]|sch2|RMDSubscriptionLeadConvetSchedulable|true|false
17:36:01.49 (1049973225)|VARIABLE_ASSIGNMENT|[26]|sch2|{}|0x201e1f1b
17:36:01.49 (1049977925)|STATEMENT_EXECUTE|[27]
17:36:01.49 (1049980934)|HEAP_ALLOCATE|[27]|Bytes:23
17:36:01.49 (1049985675)|VARIABLE_SCOPE_BEGIN|[27]|strName|String|false|false
17:36:01.49 (1049995854)|VARIABLE_ASSIGNMENT|[27]|strName|"SubscriptionLeadConv (3 more) ..."
17:36:01.49 (1049999734)|STATEMENT_EXECUTE|[28]
17:36:01.115 (1115310447)|CUMULATIVE_LIMIT_USAGE
17:36:01.115 (1115310447)|LIMIT_USAGE_FOR_NS|(default)|
  Number of SOQL queries: 2 out of 100
  Number of query rows: 1 out of 50000
  Number of SOSL queries: 0 out of 20
  Number of DML statements: 1 out of 150
  Number of Publish Immediate DML: 0 out of 150
  Number of DML rows: 1 out of 10000
  Maximum CPU time: 0 out of 10000
  Maximum heap size: 0 out of 6000000
  Number of callouts: 0 out of 100
  Number of Email Invocations: 0 out of 10
  Number of future calls: 0 out of 50
  Number of queueable jobs added to the queue: 0 out of 50
  Number of Mobile Apex push calls: 0 out of 10

17:36:01.115 (1115310447)|CUMULATIVE_LIMIT_USAGE_END

17:36:01.49 (1115386429)|CODE_UNIT_FINISHED|SubscriptionLeadConvert
17:36:01.49 (1115415670)|EXECUTION_FINISHED
