65.0 APEX_CODE,FINEST;APEX_PROFILING,INFO;CALLOUT,INFO;DATA_ACCESS,INFO;DB,INFO;NBA,INFO;SYSTEM,DEBUG;VALIDATION,INFO;VISUALFORCE,INFO;WAVE,INFO;WORKFLOW,INFO
12:08:01.0 (216956)|USER_INFO|[EXTERNAL]|0052t000000K4aE|rmdsupport1@timesgroup.com|(GMT+05:30) India Standard Time (Asia/Kolkata)|GMT+05:30
12:08:01.0 (288139)|EXECUTION_STARTED
12:08:01.0 (301909)|CODE_UNIT_STARTED|[EXTERNAL]|01p2t000000KTG6|RMDBatchSubscriptionLeadConvert
12:08:01.0 (4596041)|HEAP_ALLOCATE|[EXTERNAL]|Bytes:4
12:08:01.0 (5177096)|HEAP_ALLOCATE|[95]|Bytes:3
12:08:01.0 (5224417)|HEAP_ALLOCATE|[100]|Bytes:152
12:08:01.0 (5242648)|HEAP_ALLOCATE|[417]|Bytes:408
12:08:01.0 (5259359)|HEAP_ALLOCATE|[430]|Bytes:408
12:08:01.0 (5284360)|HEAP_ALLOCATE|[317]|Bytes:6
12:08:01.0 (5318201)|HEAP_ALLOCATE|[EXTERNAL]|Bytes:11
12:08:01.0 (5331250)|SYSTEM_METHOD_ENTRY|[15]|BatchableContextImpl.BatchableContextImpl()
12:08:01.0 (5337100)|STATEMENT_EXECUTE|[15]
12:08:01.0 (5346321)|SYSTEM_METHOD_EXIT|[15]|BatchableContextImpl
12:08:01.0 (5352441)|HEAP_ALLOCATE|[EXTERNAL]|Bytes:12
12:08:01.0 (5356651)|HEAP_ALLOCATE|[EXTERNAL]|Bytes:4
12:08:01.0 (5362051)|VARIABLE_SCOPE_BEGIN|[31]|this|Database.BatchableContextImpl|true|false
12:08:01.0 (5423793)|VARIABLE_ASSIGNMENT|[31]|this|{}|0x6db3a24f
12:08:01.0 (5429953)|VARIABLE_SCOPE_BEGIN|[31]|jobId|Id|false|false
12:08:01.0 (5526225)|VARIABLE_ASSIGNMENT|[31]|jobId|"707e200000p3qV7AAI"
12:08:01.0 (5531775)|VARIABLE_SCOPE_BEGIN|[31]|childJobId|Id|false|false
12:08:01.0 (5539886)|VARIABLE_ASSIGNMENT|[31]|childJobId|null
12:08:01.0 (30028326)|HEAP_ALLOCATE|[EXTERNAL]|Bytes:29
12:08:01.0 (30053856)|HEAP_ALLOCATE|[EXTERNAL]|Bytes:81
12:08:01.0 (30061397)|HEAP_ALLOCATE|[EXTERNAL]|Bytes:10
12:08:01.0 (30066457)|HEAP_ALLOCATE|[EXTERNAL]|Bytes:8
12:08:01.0 (30086297)|METHOD_ENTRY|[1]|01p2t000000KTG6|RMDBatchSubscriptionLeadConvert.RMDBatchSubscriptionLeadConvert()
12:08:01.0 (30097298)|STATEMENT_EXECUTE|[1]
12:08:01.0 (30105798)|STATEMENT_EXECUTE|[1]
12:08:01.0 (30140629)|HEAP_ALLOCATE|[68]|Bytes:5
12:08:01.0 (30198320)|HEAP_ALLOCATE|[74]|Bytes:5
12:08:01.0 (30214901)|HEAP_ALLOCATE|[82]|Bytes:7
12:08:01.0 (30435656)|HEAP_ALLOCATE|[EXTERNAL]|Bytes:5
12:08:01.0 (30443826)|STATEMENT_EXECUTE|[2]
12:08:01.0 (30456817)|METHOD_EXIT|[1]|RMDBatchSubscriptionLeadConvert
12:08:01.0 (30464607)|HEAP_ALLOCATE|[EXTERNAL]|Bytes:4
12:08:01.0 (30470317)|HEAP_ALLOCATE|[EXTERNAL]|Bytes:12
12:08:01.0 (30480627)|VARIABLE_SCOPE_BEGIN|[44]|this|RMDBatchSubscriptionLeadConvert|true|false
12:08:01.0 (30520228)|VARIABLE_ASSIGNMENT|[44]|this|{}|0x54d27d74
12:08:01.0 (30527769)|VARIABLE_SCOPE_BEGIN|[44]|BC|Database.BatchableContext|true|false
12:08:01.0 (30617471)|VARIABLE_ASSIGNMENT|[44]|BC|{"jobId":"707e200000p3qV7AAI"}|0x6db3a24f
12:08:01.0 (30634381)|HEAP_ALLOCATE|[EXTERNAL]|Bytes:5
12:08:01.0 (30640162)|STATEMENT_EXECUTE|[44]
12:08:01.62 (62753781)|CUMULATIVE_LIMIT_USAGE
12:08:01.62 (62753781)|LIMIT_USAGE_FOR_NS|(default)|
  Number of SOQL queries: 0 out of 200
  Number of query rows: 0 out of 50000
  Number of SOSL queries: 0 out of 20
  Number of DML statements: 0 out of 150
  Number of Publish Immediate DML: 0 out of 150
  Number of DML rows: 0 out of 10000
  Maximum CPU time: 0 out of 60000
  Maximum heap size: 0 out of 12000000
  Number of callouts: 0 out of 0
  Number of Email Invocations: 0 out of 10
  Number of future calls: 0 out of 0
  Number of queueable jobs added to the queue: 0 out of 1
  Number of Mobile Apex push calls: 0 out of 10

12:08:01.62 (62753781)|CUMULATIVE_LIMIT_USAGE_END

12:08:01.0 (62827663)|CODE_UNIT_FINISHED|RMDBatchSubscriptionLeadConvert
12:08:01.0 (62850633)|EXECUTION_FINISHED
