44.0 APEX_CODE,FINEST;APEX_PROFILING,INFO;CALLOUT,INFO;DATA_ACCESS,INFO;DB,INFO;NBA,INFO;SYSTEM,DEBUG;VALIDATION,INFO;VISUALFORCE,INFO;WAVE,INFO;WORKFLOW,INFO
17:38:06.0 (802130)|USER_INFO|[EXTERNAL]|0052t000000K4aE|rmdsupport1@timesgroup.com|India Standard Time|GMT+05:30
17:38:06.0 (867232)|EXECUTION_STARTED
17:38:06.0 (916163)|CODE_UNIT_STARTED|[EXTERNAL]|01p7F00000VLtZC|RMDBatchOrderSyncToSAP
17:38:06.0 (7507321)|HEAP_ALLOCATE|[95]|Bytes:3
17:38:06.0 (7667835)|HEAP_ALLOCATE|[100]|Bytes:152
17:38:06.0 (7690525)|HEAP_ALLOCATE|[417]|Bytes:408
17:38:06.0 (7710505)|HEAP_ALLOCATE|[430]|Bytes:408
17:38:06.0 (7743866)|HEAP_ALLOCATE|[317]|Bytes:6
17:38:06.0 (13947485)|HEAP_ALLOCATE|[EXTERNAL]|Bytes:34
17:38:06.0 (21344042)|HEAP_ALLOCATE|[EXTERNAL]|Bytes:11
17:38:06.0 (21401254)|SYSTEM_METHOD_ENTRY|[15]|BatchableContextImpl.BatchableContextImpl()
17:38:06.0 (21417244)|STATEMENT_EXECUTE|[15]
17:38:06.0 (21448685)|SYSTEM_METHOD_EXIT|[15]|BatchableContextImpl
17:38:06.0 (21458135)|HEAP_ALLOCATE|[EXTERNAL]|Bytes:12
17:38:06.0 (21462775)|HEAP_ALLOCATE|[EXTERNAL]|Bytes:4
17:38:06.0 (21466185)|HEAP_ALLOCATE|[EXTERNAL]|Bytes:4
17:38:06.0 (21480526)|VARIABLE_SCOPE_BEGIN|[31]|this|Database.BatchableContextImpl|true|false
17:38:06.0 (21621078)|VARIABLE_ASSIGNMENT|[31]|this|{}|0x30ab39ec
17:38:06.0 (21634429)|VARIABLE_SCOPE_BEGIN|[31]|jobId|Id|false|false
17:38:06.0 (21752521)|VARIABLE_ASSIGNMENT|[31]|jobId|"707e200000pUCrSAAW"
17:38:06.0 (21757912)|VARIABLE_SCOPE_BEGIN|[31]|childJobId|Id|false|false
17:38:06.0 (21772973)|VARIABLE_ASSIGNMENT|[31]|childJobId|"707e200000pTUcxAAG"
17:38:06.0 (58698118)|HEAP_ALLOCATE|[EXTERNAL]|Bytes:8
17:38:29.64 (23064127851)|HEAP_ALLOCATE|[EXTERNAL]|Bytes:8
17:38:56.179 (50179373331)|HEAP_ALLOCATE|[EXTERNAL]|Bytes:8
17:39:13.381 (67381013085)|HEAP_ALLOCATE|[EXTERNAL]|Bytes:8
17:39:34.191 (88191761508)|HEAP_ALLOCATE|[EXTERNAL]|Bytes:8
17:39:53.309 (107309470333)|HEAP_ALLOCATE|[EXTERNAL]|Bytes:8
17:40:05.562 (119562472376)|HEAP_ALLOCATE|[EXTERNAL]|Bytes:8
17:40:18.70 (132070507097)|HEAP_ALLOCATE|[EXTERNAL]|Bytes:8
17:40:47.840 (161840802305)|HEAP_ALLOCATE|[EXTERNAL]|Bytes:8
17:41:04.879 (178879413436)|HEAP_ALLOCATE|[EXTERNAL]|Bytes:8
17:41:24.224 (198224736625)|CUMULATIVE_LIMIT_USAGE
17:41:24.224 (198224736625)|LIMIT_USAGE_FOR_NS|(default)|
  Number of SOQL queries: 0 out of 200
  Number of query rows: 0 out of 50000
  Number of SOSL queries: 0 out of 20
  Number of DML statements: 0 out of 150
  Number of Publish Immediate DML: 0 out of 150
  Number of DML rows: 0 out of 10000
  Maximum CPU time: 0 out of 60000
  Maximum heap size: 0 out of 12000000
  Number of callouts: 0 out of 0
  Number of Email Invocations: 0 out of 10
  Number of future calls: 0 out of 0
  Number of queueable jobs added to the queue: 0 out of 1
  Number of Mobile Apex push calls: 0 out of 10

17:41:24.224 (198224736625)|CUMULATIVE_LIMIT_USAGE_END

17:41:24.224 (198224819477)|CODE_UNIT_FINISHED|RMDBatchOrderSyncToSAP
17:41:24.224 (198224839578)|EXECUTION_FINISHED
