65.0 APEX_CODE,FINEST;APEX_PROFILING,INFO;CALLOUT,INFO;DATA_ACCESS,INFO;DB,INFO;NBA,INFO;SYSTEM,DEBUG;VALIDATION,INFO;VISUALFORCE,INFO;WAVE,INFO;WORKFLOW,INFO
17:10:23.0 (227535)|USER_INFO|[EXTERNAL]|0052t000000K4aE|rmdsupport1@timesgroup.com|(GMT+05:30) India Standard Time (Asia/Kolkata)|GMT+05:30
17:10:23.0 (264066)|EXECUTION_STARTED
17:10:23.0 (286547)|CODE_UNIT_STARTED|[EXTERNAL]|01p2t000000KTG6|RMDBatchSubscriptionLeadConvert
17:10:23.0 (3125436)|HEAP_ALLOCATE|[EXTERNAL]|Bytes:4
17:10:23.0 (15599050)|HEAP_ALLOCATE|[95]|Bytes:3
17:10:23.0 (15665463)|HEAP_ALLOCATE|[100]|Bytes:152
17:10:23.0 (15682913)|HEAP_ALLOCATE|[417]|Bytes:408
17:10:23.0 (15699523)|HEAP_ALLOCATE|[430]|Bytes:408
17:10:23.0 (15726333)|HEAP_ALLOCATE|[317]|Bytes:6
17:10:23.0 (15766205)|HEAP_ALLOCATE|[EXTERNAL]|Bytes:11
17:10:23.0 (15794375)|SYSTEM_METHOD_ENTRY|[15]|BatchableContextImpl.BatchableContextImpl()
17:10:23.0 (15807916)|STATEMENT_EXECUTE|[15]
17:10:23.0 (15827637)|SYSTEM_METHOD_EXIT|[15]|BatchableContextImpl
17:10:23.0 (15837507)|HEAP_ALLOCATE|[EXTERNAL]|Bytes:12
17:10:23.0 (15843227)|HEAP_ALLOCATE|[EXTERNAL]|Bytes:4
17:10:23.0 (15863567)|VARIABLE_SCOPE_BEGIN|[31]|this|Database.BatchableContextImpl|true|false
17:10:23.0 (15988280)|VARIABLE_ASSIGNMENT|[31]|this|{}|0x68e9f7bb
17:10:23.0 (15999191)|VARIABLE_SCOPE_BEGIN|[31]|jobId|Id|false|false
17:10:23.0 (16125054)|VARIABLE_ASSIGNMENT|[31]|jobId|"707e200000ofF2wAAE"
17:10:23.0 (16133503)|VARIABLE_SCOPE_BEGIN|[31]|childJobId|Id|false|false
17:10:23.0 (16145444)|VARIABLE_ASSIGNMENT|[31]|childJobId|null
17:10:23.0 (17650260)|HEAP_ALLOCATE|[EXTERNAL]|Bytes:29
17:10:23.0 (17663671)|HEAP_ALLOCATE|[EXTERNAL]|Bytes:81
17:10:23.0 (17668352)|HEAP_ALLOCATE|[EXTERNAL]|Bytes:10
17:10:23.0 (17671932)|HEAP_ALLOCATE|[EXTERNAL]|Bytes:8
17:10:23.0 (17681992)|METHOD_ENTRY|[1]|01p2t000000KTG6|RMDBatchSubscriptionLeadConvert.RMDBatchSubscriptionLeadConvert()
17:10:23.0 (17687152)|STATEMENT_EXECUTE|[1]
17:10:23.0 (17692341)|STATEMENT_EXECUTE|[1]
17:10:23.0 (17714053)|HEAP_ALLOCATE|[68]|Bytes:5
17:10:23.0 (17756194)|HEAP_ALLOCATE|[74]|Bytes:5
17:10:23.0 (17767654)|HEAP_ALLOCATE|[82]|Bytes:7
17:10:23.0 (17960679)|HEAP_ALLOCATE|[EXTERNAL]|Bytes:5
17:10:23.0 (17970079)|STATEMENT_EXECUTE|[2]
17:10:23.0 (17982969)|METHOD_EXIT|[1]|RMDBatchSubscriptionLeadConvert
17:10:23.0 (17990249)|HEAP_ALLOCATE|[EXTERNAL]|Bytes:4
17:10:23.0 (17996069)|HEAP_ALLOCATE|[EXTERNAL]|Bytes:12
17:10:23.0 (18015680)|VARIABLE_SCOPE_BEGIN|[4]|this|RMDBatchSubscriptionLeadConvert|true|false
17:10:23.0 (18053651)|VARIABLE_ASSIGNMENT|[4]|this|{}|0x7639124
17:10:23.0 (18063870)|VARIABLE_SCOPE_BEGIN|[4]|BC|Database.BatchableContext|true|false
17:10:23.0 (18158334)|VARIABLE_ASSIGNMENT|[4]|BC|{"jobId":"707e200000ofF2wAAE"}|0x68e9f7bb
17:10:23.0 (18177473)|HEAP_ALLOCATE|[10]|Bytes:5
17:10:23.0 (18183833)|STATEMENT_EXECUTE|[4]
17:10:23.0 (18186244)|STATEMENT_EXECUTE|[10]
17:10:23.0 (18190174)|HEAP_ALLOCATE|[10]|Bytes:404
17:10:23.0 (18197264)|VARIABLE_SCOPE_BEGIN|[10]|query|String|false|false
17:10:23.0 (18213665)|VARIABLE_ASSIGNMENT|[10]|query|"Select Id,RMD_Subscr (384 more) ..."
17:10:23.0 (18217905)|STATEMENT_EXECUTE|[14]
17:10:23.0 (22216412)|SOQL_EXECUTE_BEGIN|[14]|Aggregations:0|Select Id,RMD_Subscriber_Payment_Id__c,RMD_Payment_Transaction_Id__c,RMD_Payment_Type__c,RMD_Lead__r.recordType.Name,RMD_Selected_Scheme_Detail__c,RMD_Lead__c,RMD_Opportunity__c,RMD_Account__c from RMD_Payment_Transaction__c where RMD_Payment_Status__c = 'Success' and RMD_Lead__c != null and RMD_Lead__r.IsConverted = false and LastModifiedDate = Today and RMD_Lead__r.LeadSource = 'Subscription Portal'
17:10:23.0 (145314138)|SOQL_EXECUTE_END|[14]|Rows:4
17:10:23.0 (145383521)|HEAP_ALLOCATE|[14]|Bytes:20
17:10:23.175 (175186428)|CUMULATIVE_LIMIT_USAGE
17:10:23.175 (175186428)|LIMIT_USAGE_FOR_NS|(default)|
  Number of SOQL queries: 0 out of 200
  Number of query rows: 0 out of 50000
  Number of SOSL queries: 0 out of 20
  Number of DML statements: 0 out of 150
  Number of Publish Immediate DML: 0 out of 150
  Number of DML rows: 0 out of 10000
  Maximum CPU time: 0 out of 60000
  Maximum heap size: 0 out of 12000000
  Number of callouts: 0 out of 0
  Number of Email Invocations: 0 out of 10
  Number of future calls: 0 out of 0
  Number of queueable jobs added to the queue: 0 out of 1
  Number of Mobile Apex push calls: 0 out of 10

17:10:23.175 (175186428)|CUMULATIVE_LIMIT_USAGE_END

17:10:23.0 (175253331)|CODE_UNIT_FINISHED|RMDBatchSubscriptionLeadConvert
17:10:23.0 (175274190)|EXECUTION_FINISHED
