66.0 APEX_CODE,FINEST;APEX_PROFILING,INFO;CALLOUT,INFO;DATA_ACCESS,INFO;DB,INFO;NBA,INFO;SYSTEM,DEBUG;VALIDATION,INFO;VISUALFORCE,INFO;WAVE,INFO;WORKFLOW,INFO
16:50:25.0 (178878)|USER_INFO|[EXTERNAL]|0052t000000K4aE|rmdsupport1@timesgroup.com|(GMT+05:30) India Standard Time (Asia/Kolkata)|GMT+05:30
16:50:25.0 (2539426)|FLOW_CREATE_INTERVIEW_BEGIN|00D7F000005Cdii|3002t0000004QPx|301Ie000000gAAo
16:50:25.0 (2616590)|FLOW_CREATE_INTERVIEW_END|4236e2e191203487119bc9dde4719d9b1e7fca-23c5|Send Whatsapp Message On Order Confirmed
16:50:25.3 (3212400)|USER_INFO|[EXTERNAL]|0052t000000K4aE|rmdsupport1@timesgroup.com|(GMT+05:30) India Standard Time (Asia/Kolkata)|GMT+05:30
16:50:25.3 (3271173)|FLOW_START_INTERVIEWS_BEGIN|1
16:50:25.3 (3300274)|FLOW_START_INTERVIEW_BEGIN|4236e2e191203487119bc9dde4719d9b1e7fca-23c5|Send Whatsapp Message On Order Confirmed
16:50:25.3 (3489414)|FLOW_START_INTERVIEW_END|4236e2e191203487119bc9dde4719d9b1e7fca-23c5|Send Whatsapp Message On Order Confirmed
16:50:25.39 (39361487)|CODE_UNIT_STARTED|[EXTERNAL]|01p2t000002TDko|OrderCofirmationEmailLink.sendEmailLinkConfirmOrder(List<Id>)
16:50:25.39 (39429570)|HEAP_ALLOCATE|[EXTERNAL]|Bytes:8
16:50:25.39 (39639811)|HEAP_ALLOCATE|[95]|Bytes:3
16:50:25.39 (39680833)|HEAP_ALLOCATE|[100]|Bytes:152
16:50:25.39 (39694954)|HEAP_ALLOCATE|[417]|Bytes:408
16:50:25.39 (39708644)|HEAP_ALLOCATE|[430]|Bytes:408
16:50:25.39 (39729875)|HEAP_ALLOCATE|[317]|Bytes:6
16:50:25.39 (39744016)|HEAP_ALLOCATE|[EXTERNAL]|Bytes:69
16:50:25.39 (39749256)|HEAP_ALLOCATE|[EXTERNAL]|Bytes:7
16:50:25.39 (39752906)|HEAP_ALLOCATE|[EXTERNAL]|Bytes:24
16:50:25.39 (39767167)|METHOD_ENTRY|[1]|01p2t000002TDko|OrderCofirmationEmailLink.OrderCofirmationEmailLink()
16:50:25.39 (39772477)|STATEMENT_EXECUTE|[1]
16:50:25.39 (39776758)|STATEMENT_EXECUTE|[1]
16:50:25.39 (39779078)|STATEMENT_EXECUTE|[95]
16:50:25.39 (39781158)|STATEMENT_EXECUTE|[99]
16:50:25.39 (39783148)|STATEMENT_EXECUTE|[105]
16:50:25.39 (39785508)|STATEMENT_EXECUTE|[111]
16:50:25.39 (39787598)|STATEMENT_EXECUTE|[121]
16:50:25.39 (39789618)|STATEMENT_EXECUTE|[131]
16:50:25.39 (39795959)|METHOD_EXIT|[1]|OrderCofirmationEmailLink
16:50:25.39 (39831680)|HEAP_ALLOCATE|[EXTERNAL]|Bytes:8
16:50:25.39 (39841491)|VARIABLE_SCOPE_BEGIN|[4]|accIds|List<Id>|true|false
16:50:25.39 (39877383)|VARIABLE_ASSIGNMENT|[4]|accIds|["001e2000005KxaYAAS"]|0x711fd764
16:50:25.39 (39886873)|STATEMENT_EXECUTE|[4]
16:50:25.39 (39889183)|STATEMENT_EXECUTE|[5]
16:50:25.39 (39892263)|HEAP_ALLOCATE|[5]|Bytes:37
16:50:25.39 (39946226)|HEAP_ALLOCATE|[5]|Bytes:20
16:50:25.39 (39965597)|HEAP_ALLOCATE|[5]|Bytes:57
16:50:25.39 (39986738)|HEAP_ALLOCATE|[68]|Bytes:5
16:50:25.39 (40013099)|HEAP_ALLOCATE|[74]|Bytes:5
16:50:25.39 (40023300)|HEAP_ALLOCATE|[82]|Bytes:7
16:50:25.39 (40054052)|USER_DEBUG|[5]|DEBUG|---accIds-Rahul--InvocableMethod-@@@-(001e2000005KxaYAAS)
16:50:25.39 (40062932)|STATEMENT_EXECUTE|[6]
16:50:25.39 (40066172)|HEAP_ALLOCATE|[6]|Bytes:182
16:50:25.39 (40081233)|HEAP_ALLOCATE|[6]|Bytes:4
16:50:25.39 (40091143)|HEAP_ALLOCATE|[6]|Bytes:7
16:50:25.39 (41123215)|SOQL_EXECUTE_BEGIN|[6]|Aggregations:0|SELECT id, Name, RMD_Opt_In__c, RMD_SMS_Mobile__c, Email_Verification_Link__c FROM Account WHERE (Id IN :tmpVar1 AND Email_Verification_Link__c != NULL AND Email_Verified__c = FALSE)
16:50:25.39 (50873902)|SOQL_EXECUTE_END|[6]|Rows:0
16:50:25.39 (50915995)|HEAP_ALLOCATE|[6]|Bytes:4
16:50:25.39 (50931665)|HEAP_ALLOCATE|[6]|Bytes:0
16:50:25.39 (51036501)|HEAP_ALLOCATE|[6]|Bytes:4
16:50:25.39 (51062412)|HEAP_ALLOCATE|[6]|Bytes:33
16:50:25.39 (51391568)|HEAP_ALLOCATE|[6]|Bytes:46
16:50:25.39 (51504544)|FATAL_ERROR|System.QueryException: List has no rows for assignment to SObject

Class.OrderCofirmationEmailLink.sendEmailLinkConfirmOrder: line 6, column 1
16:50:25.39 (51517245)|FATAL_ERROR|System.QueryException: List has no rows for assignment to SObject

Class.OrderCofirmationEmailLink.sendEmailLinkConfirmOrder: line 6, column 1
16:50:25.51 (51531445)|CUMULATIVE_LIMIT_USAGE
16:50:25.51 (51531445)|LIMIT_USAGE_FOR_NS|(default)|
  Number of SOQL queries: 1 out of 200
  Number of query rows: 0 out of 50000
  Number of SOSL queries: 0 out of 20
  Number of DML statements: 0 out of 150
  Number of Publish Immediate DML: 0 out of 150
  Number of DML rows: 0 out of 10000
  Maximum CPU time: 8 out of 60000
  Maximum heap size: 0 out of 12000000
  Number of callouts: 0 out of 100
  Number of Email Invocations: 0 out of 10
  Number of future calls: 0 out of 50
  Number of queueable jobs added to the queue: 0 out of 50
  Number of Mobile Apex push calls: 0 out of 10

16:50:25.51 (51531445)|CUMULATIVE_LIMIT_USAGE_END

16:50:25.39 (51599159)|CODE_UNIT_FINISHED|OrderCofirmationEmailLink.sendEmailLinkConfirmOrder(List<Id>)
16:50:25.3 (198368105)|FLOW_ELEMENT_ERROR|An Apex error occurred: System.QueryException: List has no rows for assignment to SObject
|FlowActionCall|Send_Whatsapp_Message_On_Order_Confirm
16:50:25.3 (198571565)|FLOW_START_INTERVIEWS_END|1
