65.0 APEX_CODE,FINEST;APEX_PROFILING,INFO;CALLOUT,INFO;DATA_ACCESS,INFO;DB,INFO;NBA,INFO;SYSTEM,DEBUG;VALIDATION,INFO;VISUALFORCE,INFO;WAVE,INFO;WORKFLOW,INFO
16:36:04.0 (185506)|USER_INFO|[EXTERNAL]|0052t000000K4aE|rmdsupport1@timesgroup.com|(GMT+05:30) India Standard Time (Asia/Kolkata)|GMT+05:30
16:36:04.0 (255327)|EXECUTION_STARTED
16:36:04.0 (272128)|CODE_UNIT_STARTED|[EXTERNAL]|01p2t000000KTG6|RMDBatchSubscriptionLeadConvert
16:36:04.0 (3114914)|HEAP_ALLOCATE|[EXTERNAL]|Bytes:4
16:36:04.0 (3890194)|HEAP_ALLOCATE|[95]|Bytes:3
16:36:04.0 (3941476)|HEAP_ALLOCATE|[100]|Bytes:152
16:36:04.0 (3956876)|HEAP_ALLOCATE|[417]|Bytes:408
16:36:04.0 (3970007)|HEAP_ALLOCATE|[430]|Bytes:408
16:36:04.0 (3994626)|HEAP_ALLOCATE|[317]|Bytes:6
16:36:04.0 (4027918)|HEAP_ALLOCATE|[EXTERNAL]|Bytes:11
16:36:04.0 (4043208)|SYSTEM_METHOD_ENTRY|[15]|BatchableContextImpl.BatchableContextImpl()
16:36:04.0 (4048209)|STATEMENT_EXECUTE|[15]
16:36:04.0 (4058879)|SYSTEM_METHOD_EXIT|[15]|BatchableContextImpl
16:36:04.0 (4064919)|HEAP_ALLOCATE|[EXTERNAL]|Bytes:12
16:36:04.0 (4070019)|HEAP_ALLOCATE|[EXTERNAL]|Bytes:4
16:36:04.0 (4075348)|VARIABLE_SCOPE_BEGIN|[31]|this|Database.BatchableContextImpl|true|false
16:36:04.0 (4138701)|VARIABLE_ASSIGNMENT|[31]|this|{}|0x512afe74
16:36:04.0 (4143821)|VARIABLE_SCOPE_BEGIN|[31]|jobId|Id|false|false
16:36:04.0 (4232672)|VARIABLE_ASSIGNMENT|[31]|jobId|"707e200000ofrTaAAI"
16:36:04.0 (4237464)|VARIABLE_SCOPE_BEGIN|[31]|childJobId|Id|false|false
16:36:04.0 (4246313)|VARIABLE_ASSIGNMENT|[31]|childJobId|null
16:36:04.0 (23841374)|HEAP_ALLOCATE|[EXTERNAL]|Bytes:29
16:36:04.0 (23861913)|HEAP_ALLOCATE|[EXTERNAL]|Bytes:81
16:36:04.0 (23866384)|HEAP_ALLOCATE|[EXTERNAL]|Bytes:10
16:36:04.0 (23870765)|HEAP_ALLOCATE|[EXTERNAL]|Bytes:8
16:36:04.0 (23889445)|METHOD_ENTRY|[1]|01p2t000000KTG6|RMDBatchSubscriptionLeadConvert.RMDBatchSubscriptionLeadConvert()
16:36:04.0 (23896905)|STATEMENT_EXECUTE|[1]
16:36:04.0 (23902345)|STATEMENT_EXECUTE|[1]
16:36:04.0 (23946527)|HEAP_ALLOCATE|[68]|Bytes:5
16:36:04.0 (23985077)|HEAP_ALLOCATE|[74]|Bytes:5
16:36:04.0 (23999528)|HEAP_ALLOCATE|[82]|Bytes:7
16:36:04.0 (24153462)|HEAP_ALLOCATE|[EXTERNAL]|Bytes:5
16:36:04.0 (24160521)|STATEMENT_EXECUTE|[2]
16:36:04.0 (24172002)|METHOD_EXIT|[1]|RMDBatchSubscriptionLeadConvert
16:36:04.0 (24179943)|HEAP_ALLOCATE|[EXTERNAL]|Bytes:4
16:36:04.0 (24183762)|HEAP_ALLOCATE|[EXTERNAL]|Bytes:12
16:36:04.0 (24190833)|VARIABLE_SCOPE_BEGIN|[44]|this|RMDBatchSubscriptionLeadConvert|true|false
16:36:04.0 (24228434)|VARIABLE_ASSIGNMENT|[44]|this|{}|0x95a73c4
16:36:04.0 (24237694)|VARIABLE_SCOPE_BEGIN|[44]|BC|Database.BatchableContext|true|false
16:36:04.0 (24321507)|VARIABLE_ASSIGNMENT|[44]|BC|{"jobId":"707e200000ofrTaAAI"}|0x512afe74
16:36:04.0 (24335126)|HEAP_ALLOCATE|[EXTERNAL]|Bytes:5
16:36:04.0 (24340507)|STATEMENT_EXECUTE|[44]
16:36:04.54 (54789865)|CUMULATIVE_LIMIT_USAGE
16:36:04.54 (54789865)|LIMIT_USAGE_FOR_NS|(default)|
  Number of SOQL queries: 0 out of 200
  Number of query rows: 0 out of 50000
  Number of SOSL queries: 0 out of 20
  Number of DML statements: 0 out of 150
  Number of Publish Immediate DML: 0 out of 150
  Number of DML rows: 0 out of 10000
  Maximum CPU time: 0 out of 60000
  Maximum heap size: 0 out of 12000000
  Number of callouts: 0 out of 0
  Number of Email Invocations: 0 out of 10
  Number of future calls: 0 out of 0
  Number of queueable jobs added to the queue: 0 out of 1
  Number of Mobile Apex push calls: 0 out of 10

16:36:04.54 (54789865)|CUMULATIVE_LIMIT_USAGE_END

16:36:04.0 (54887008)|CODE_UNIT_FINISHED|RMDBatchSubscriptionLeadConvert
16:36:04.0 (54910438)|EXECUTION_FINISHED
