60.0 APEX_CODE,FINEST;APEX_PROFILING,INFO;CALLOUT,INFO;DATA_ACCESS,INFO;DB,INFO;NBA,INFO;SYSTEM,DEBUG;VALIDATION,INFO;VISUALFORCE,INFO;WAVE,INFO;WORKFLOW,INFO
16:16:47.0 (264667)|USER_INFO|[EXTERNAL]|0052t000000K4aE|rmdsupport1@timesgroup.com|(GMT+05:30) India Standard Time (Asia/Kolkata)|GMT+05:30
16:16:47.0 (324839)|EXECUTION_STARTED
16:16:47.0 (353710)|CODE_UNIT_STARTED|[EXTERNAL]|01p2t000002THB9|RMDBatchOrderModifySyncToSAP
16:16:47.0 (3481268)|HEAP_ALLOCATE|[95]|Bytes:3
16:16:47.0 (3617040)|HEAP_ALLOCATE|[100]|Bytes:152
16:16:47.0 (3635521)|HEAP_ALLOCATE|[417]|Bytes:408
16:16:47.0 (3652641)|HEAP_ALLOCATE|[430]|Bytes:408
16:16:47.0 (3684252)|HEAP_ALLOCATE|[317]|Bytes:6
16:16:47.0 (6361056)|HEAP_ALLOCATE|[EXTERNAL]|Bytes:34
16:16:47.0 (13150504)|HEAP_ALLOCATE|[EXTERNAL]|Bytes:11
16:16:47.0 (13193625)|SYSTEM_METHOD_ENTRY|[15]|BatchableContextImpl.BatchableContextImpl()
16:16:47.0 (13209556)|STATEMENT_EXECUTE|[15]
16:16:47.0 (13257378)|SYSTEM_METHOD_EXIT|[15]|BatchableContextImpl
16:16:47.0 (13266899)|HEAP_ALLOCATE|[EXTERNAL]|Bytes:12
16:16:47.0 (13318389)|HEAP_ALLOCATE|[EXTERNAL]|Bytes:4
16:16:47.0 (13322909)|HEAP_ALLOCATE|[EXTERNAL]|Bytes:4
16:16:47.0 (13340920)|VARIABLE_SCOPE_BEGIN|[31]|this|Database.BatchableContextImpl|true|false
16:16:47.0 (13476373)|VARIABLE_ASSIGNMENT|[31]|this|{}|0x3a4ca8d9
16:16:47.0 (13483774)|VARIABLE_SCOPE_BEGIN|[31]|jobId|Id|false|false
16:16:47.0 (13608868)|VARIABLE_ASSIGNMENT|[31]|jobId|"707e200000pSo4aAAC"
16:16:47.0 (13615087)|VARIABLE_SCOPE_BEGIN|[31]|childJobId|Id|false|false
16:16:47.0 (13630989)|VARIABLE_ASSIGNMENT|[31]|childJobId|"707e200000pSh8AAAS"
16:16:47.0 (208535757)|HEAP_ALLOCATE|[EXTERNAL]|Bytes:8
16:16:59.138 (12138465241)|HEAP_ALLOCATE|[EXTERNAL]|Bytes:8
16:17:07.849 (20849635585)|HEAP_ALLOCATE|[EXTERNAL]|Bytes:8
16:17:18.151 (31151531694)|HEAP_ALLOCATE|[EXTERNAL]|Bytes:8
16:17:28.19 (41019872262)|HEAP_ALLOCATE|[EXTERNAL]|Bytes:8
16:17:35.996 (48996423059)|HEAP_ALLOCATE|[EXTERNAL]|Bytes:8
16:17:43.458 (56458160069)|HEAP_ALLOCATE|[EXTERNAL]|Bytes:8
16:17:50.550 (63550400480)|HEAP_ALLOCATE|[EXTERNAL]|Bytes:8
16:17:57.452 (70452349614)|HEAP_ALLOCATE|[EXTERNAL]|Bytes:8
16:18:04.501 (77501418621)|HEAP_ALLOCATE|[EXTERNAL]|Bytes:8
16:18:11.355 (84355797561)|HEAP_ALLOCATE|[EXTERNAL]|Bytes:8
16:18:18.130 (91130998377)|HEAP_ALLOCATE|[EXTERNAL]|Bytes:8
16:18:24.982 (97982362996)|HEAP_ALLOCATE|[EXTERNAL]|Bytes:8
16:18:31.845 (104845124330)|HEAP_ALLOCATE|[EXTERNAL]|Bytes:8
16:18:38.708 (111708858840)|HEAP_ALLOCATE|[EXTERNAL]|Bytes:8
16:18:45.535 (118535502701)|HEAP_ALLOCATE|[EXTERNAL]|Bytes:8
16:18:52.424 (125424303872)|HEAP_ALLOCATE|[EXTERNAL]|Bytes:8
16:18:59.219 (132219061039)|HEAP_ALLOCATE|[EXTERNAL]|Bytes:8
16:19:06.378 (139378946888)|HEAP_ALLOCATE|[EXTERNAL]|Bytes:8
16:19:13.793 (146793853330)|HEAP_ALLOCATE|[EXTERNAL]|Bytes:8
16:19:20.597 (153597921328)|HEAP_ALLOCATE|[EXTERNAL]|Bytes:8
16:19:29.260 (162260293998)|HEAP_ALLOCATE|[EXTERNAL]|Bytes:8
16:19:36.132 (169132138090)|HEAP_ALLOCATE|[EXTERNAL]|Bytes:8
16:19:43.596 (176596912365)|HEAP_ALLOCATE|[EXTERNAL]|Bytes:8
16:19:50.457 (183457179973)|CUMULATIVE_LIMIT_USAGE
16:19:50.457 (183457179973)|LIMIT_USAGE_FOR_NS|(default)|
  Number of SOQL queries: 0 out of 200
  Number of query rows: 0 out of 50000
  Number of SOSL queries: 0 out of 20
  Number of DML statements: 0 out of 150
  Number of Publish Immediate DML: 0 out of 150
  Number of DML rows: 0 out of 10000
  Maximum CPU time: 0 out of 60000
  Maximum heap size: 0 out of 12000000
  Number of callouts: 0 out of 0
  Number of Email Invocations: 0 out of 10
  Number of future calls: 0 out of 0
  Number of queueable jobs added to the queue: 0 out of 1
  Number of Mobile Apex push calls: 0 out of 10

16:19:50.457 (183457179973)|CUMULATIVE_LIMIT_USAGE_END

16:19:50.457 (183457286806)|CODE_UNIT_FINISHED|RMDBatchOrderModifySyncToSAP
16:19:50.457 (183457311867)|EXECUTION_FINISHED
