66.0 APEX_CODE,FINEST;APEX_PROFILING,INFO;CALLOUT,INFO;DATA_ACCESS,INFO;DB,INFO;NBA,INFO;SYSTEM,DEBUG;VALIDATION,INFO;VISUALFORCE,INFO;WAVE,INFO;WORKFLOW,INFO
17:09:25.0 (309075)|USER_INFO|[EXTERNAL]|0052t000000K4aE|rmdsupport1@timesgroup.com|(GMT+05:30) India Standard Time (Asia/Kolkata)|GMT+05:30
17:09:25.0 (1731207)|FLOW_CREATE_INTERVIEW_BEGIN|00D7F000005Cdii|3002t0000004QPx|301Ie000000gAAo
17:09:25.0 (1817711)|FLOW_CREATE_INTERVIEW_END|394605528b60494356547c31074819d9b3432e7-2e11|Send Whatsapp Message On Order Confirmed
17:09:25.2 (2389270)|USER_INFO|[EXTERNAL]|0052t000000K4aE|rmdsupport1@timesgroup.com|(GMT+05:30) India Standard Time (Asia/Kolkata)|GMT+05:30
17:09:25.2 (2415931)|FLOW_START_INTERVIEWS_BEGIN|1
17:09:25.2 (2447313)|FLOW_START_INTERVIEW_BEGIN|394605528b60494356547c31074819d9b3432e7-2e11|Send Whatsapp Message On Order Confirmed
17:09:25.2 (2642092)|FLOW_START_INTERVIEW_END|394605528b60494356547c31074819d9b3432e7-2e11|Send Whatsapp Message On Order Confirmed
17:09:25.36 (36260978)|CODE_UNIT_STARTED|[EXTERNAL]|01p2t000002TDko|OrderCofirmationEmailLink.sendEmailLinkConfirmOrder(List<Id>)
17:09:25.36 (36332672)|HEAP_ALLOCATE|[EXTERNAL]|Bytes:8
17:09:25.36 (36601415)|HEAP_ALLOCATE|[95]|Bytes:3
17:09:25.36 (36668829)|HEAP_ALLOCATE|[100]|Bytes:152
17:09:25.36 (36686380)|HEAP_ALLOCATE|[417]|Bytes:408
17:09:25.36 (36700290)|HEAP_ALLOCATE|[430]|Bytes:408
17:09:25.36 (36723542)|HEAP_ALLOCATE|[317]|Bytes:6
17:09:25.36 (36740762)|HEAP_ALLOCATE|[EXTERNAL]|Bytes:69
17:09:25.36 (36746273)|HEAP_ALLOCATE|[EXTERNAL]|Bytes:7
17:09:25.36 (36749643)|HEAP_ALLOCATE|[EXTERNAL]|Bytes:24
17:09:25.36 (36783595)|METHOD_ENTRY|[1]|01p2t000002TDko|OrderCofirmationEmailLink.OrderCofirmationEmailLink()
17:09:25.36 (36802195)|STATEMENT_EXECUTE|[1]
17:09:25.36 (36814926)|STATEMENT_EXECUTE|[1]
17:09:25.36 (36817296)|STATEMENT_EXECUTE|[95]
17:09:25.36 (36819606)|STATEMENT_EXECUTE|[99]
17:09:25.36 (36821796)|STATEMENT_EXECUTE|[105]
17:09:25.36 (36823907)|STATEMENT_EXECUTE|[111]
17:09:25.36 (36826087)|STATEMENT_EXECUTE|[121]
17:09:25.36 (36828137)|STATEMENT_EXECUTE|[131]
17:09:25.36 (36840097)|METHOD_EXIT|[1]|OrderCofirmationEmailLink
17:09:25.36 (36911881)|HEAP_ALLOCATE|[EXTERNAL]|Bytes:8
17:09:25.36 (36942222)|VARIABLE_SCOPE_BEGIN|[4]|accIds|List<Id>|true|false
17:09:25.36 (37007026)|VARIABLE_ASSIGNMENT|[4]|accIds|["0017F000024B1VpQAK"]|0x430bca4d
17:09:25.36 (37017176)|STATEMENT_EXECUTE|[4]
17:09:25.36 (37019616)|STATEMENT_EXECUTE|[5]
17:09:25.36 (37022987)|HEAP_ALLOCATE|[5]|Bytes:37
17:09:25.36 (37105521)|HEAP_ALLOCATE|[5]|Bytes:20
17:09:25.36 (37131842)|HEAP_ALLOCATE|[5]|Bytes:57
17:09:25.36 (37155023)|HEAP_ALLOCATE|[68]|Bytes:5
17:09:25.36 (37192155)|HEAP_ALLOCATE|[74]|Bytes:5
17:09:25.36 (37204396)|HEAP_ALLOCATE|[82]|Bytes:7
17:09:25.36 (37242398)|USER_DEBUG|[5]|DEBUG|---accIds-Rahul--InvocableMethod-@@@-(0017F000024B1VpQAK)
17:09:25.36 (37252228)|STATEMENT_EXECUTE|[6]
17:09:25.36 (37255578)|HEAP_ALLOCATE|[6]|Bytes:182
17:09:25.36 (37273279)|HEAP_ALLOCATE|[6]|Bytes:4
17:09:25.36 (37286620)|HEAP_ALLOCATE|[6]|Bytes:7
17:09:25.36 (38289510)|SOQL_EXECUTE_BEGIN|[6]|Aggregations:0|SELECT id, Name, RMD_Opt_In__c, RMD_SMS_Mobile__c, Email_Verification_Link__c FROM Account WHERE (Id IN :tmpVar1 AND Email_Verification_Link__c != NULL AND Email_Verified__c = FALSE)
17:09:25.36 (46604607)|SOQL_EXECUTE_END|[6]|Rows:0
17:09:25.36 (46648970)|HEAP_ALLOCATE|[6]|Bytes:4
17:09:25.36 (46666750)|HEAP_ALLOCATE|[6]|Bytes:0
17:09:25.36 (46784526)|HEAP_ALLOCATE|[6]|Bytes:4
17:09:25.36 (46806878)|HEAP_ALLOCATE|[6]|Bytes:33
17:09:25.36 (47060550)|HEAP_ALLOCATE|[6]|Bytes:46
17:09:25.36 (47163325)|FATAL_ERROR|System.QueryException: List has no rows for assignment to SObject

Class.OrderCofirmationEmailLink.sendEmailLinkConfirmOrder: line 6, column 1
17:09:25.36 (47176896)|FATAL_ERROR|System.QueryException: List has no rows for assignment to SObject

Class.OrderCofirmationEmailLink.sendEmailLinkConfirmOrder: line 6, column 1
17:09:25.47 (47293802)|CUMULATIVE_LIMIT_USAGE
17:09:25.47 (47293802)|LIMIT_USAGE_FOR_NS|(default)|
  Number of SOQL queries: 1 out of 200
  Number of query rows: 0 out of 50000
  Number of SOSL queries: 0 out of 20
  Number of DML statements: 0 out of 150
  Number of Publish Immediate DML: 0 out of 150
  Number of DML rows: 0 out of 10000
  Maximum CPU time: 8 out of 60000
  Maximum heap size: 0 out of 12000000
  Number of callouts: 0 out of 100
  Number of Email Invocations: 0 out of 10
  Number of future calls: 0 out of 50
  Number of queueable jobs added to the queue: 0 out of 50
  Number of Mobile Apex push calls: 0 out of 10

17:09:25.47 (47293802)|CUMULATIVE_LIMIT_USAGE_END

17:09:25.36 (47346595)|CODE_UNIT_FINISHED|OrderCofirmationEmailLink.sendEmailLinkConfirmOrder(List<Id>)
17:09:25.2 (210539359)|FLOW_ELEMENT_ERROR|An Apex error occurred: System.QueryException: List has no rows for assignment to SObject
|FlowActionCall|Send_Whatsapp_Message_On_Order_Confirm
17:09:25.2 (211017283)|FLOW_START_INTERVIEWS_END|1
