66.0 APEX_CODE,FINEST;APEX_PROFILING,INFO;CALLOUT,INFO;DATA_ACCESS,INFO;DB,INFO;NBA,INFO;SYSTEM,DEBUG;VALIDATION,INFO;VISUALFORCE,INFO;WAVE,INFO;WORKFLOW,INFO
17:07:41.0 (261234)|USER_INFO|[EXTERNAL]|0052t000000K4aE|rmdsupport1@timesgroup.com|(GMT+05:30) India Standard Time (Asia/Kolkata)|GMT+05:30
17:07:41.0 (2136519)|FLOW_CREATE_INTERVIEW_BEGIN|00D7F000005Cdii|3002t0000004QPx|301Ie000000gAAo
17:07:41.0 (2238721)|FLOW_CREATE_INTERVIEW_END|989400fdfc9e6a0cc14442a1c87819d9b29deaa-2149|Send Whatsapp Message On Order Confirmed
17:07:41.3 (3125927)|USER_INFO|[EXTERNAL]|0052t000000K4aE|rmdsupport1@timesgroup.com|(GMT+05:30) India Standard Time (Asia/Kolkata)|GMT+05:30
17:07:41.3 (3156108)|FLOW_START_INTERVIEWS_BEGIN|1
17:07:41.3 (3193888)|FLOW_START_INTERVIEW_BEGIN|989400fdfc9e6a0cc14442a1c87819d9b29deaa-2149|Send Whatsapp Message On Order Confirmed
17:07:41.3 (3444293)|FLOW_START_INTERVIEW_END|989400fdfc9e6a0cc14442a1c87819d9b29deaa-2149|Send Whatsapp Message On Order Confirmed
17:07:41.57 (57949519)|CODE_UNIT_STARTED|[EXTERNAL]|01p2t000002TDko|OrderCofirmationEmailLink.sendEmailLinkConfirmOrder(List<Id>)
17:07:41.57 (58034410)|HEAP_ALLOCATE|[EXTERNAL]|Bytes:8
17:07:41.57 (58344816)|HEAP_ALLOCATE|[95]|Bytes:3
17:07:41.57 (58419067)|HEAP_ALLOCATE|[100]|Bytes:152
17:07:41.57 (58435988)|HEAP_ALLOCATE|[417]|Bytes:408
17:07:41.57 (58451308)|HEAP_ALLOCATE|[430]|Bytes:408
17:07:41.57 (58474308)|HEAP_ALLOCATE|[317]|Bytes:6
17:07:41.57 (58489939)|HEAP_ALLOCATE|[EXTERNAL]|Bytes:69
17:07:41.57 (58495349)|HEAP_ALLOCATE|[EXTERNAL]|Bytes:7
17:07:41.57 (58499139)|HEAP_ALLOCATE|[EXTERNAL]|Bytes:24
17:07:41.57 (58525889)|METHOD_ENTRY|[1]|01p2t000002TDko|OrderCofirmationEmailLink.OrderCofirmationEmailLink()
17:07:41.57 (58541089)|STATEMENT_EXECUTE|[1]
17:07:41.57 (58557730)|STATEMENT_EXECUTE|[1]
17:07:41.57 (58560290)|STATEMENT_EXECUTE|[95]
17:07:41.57 (58562460)|STATEMENT_EXECUTE|[99]
17:07:41.57 (58564690)|STATEMENT_EXECUTE|[105]
17:07:41.57 (58566940)|STATEMENT_EXECUTE|[111]
17:07:41.57 (58569350)|STATEMENT_EXECUTE|[121]
17:07:41.57 (58571290)|STATEMENT_EXECUTE|[131]
17:07:41.57 (58578940)|METHOD_EXIT|[1]|OrderCofirmationEmailLink
17:07:41.57 (58622421)|HEAP_ALLOCATE|[EXTERNAL]|Bytes:8
17:07:41.57 (58656582)|VARIABLE_SCOPE_BEGIN|[4]|accIds|List<Id>|true|false
17:07:41.57 (58730213)|VARIABLE_ASSIGNMENT|[4]|accIds|["0012t0000075ysCAAQ"]|0x44a3b076
17:07:41.57 (58740204)|STATEMENT_EXECUTE|[4]
17:07:41.57 (58742823)|STATEMENT_EXECUTE|[5]
17:07:41.57 (58746153)|HEAP_ALLOCATE|[5]|Bytes:37
17:07:41.57 (58830505)|HEAP_ALLOCATE|[5]|Bytes:20
17:07:41.57 (58859975)|HEAP_ALLOCATE|[5]|Bytes:57
17:07:41.57 (58902496)|HEAP_ALLOCATE|[68]|Bytes:5
17:07:41.57 (58930337)|HEAP_ALLOCATE|[74]|Bytes:5
17:07:41.57 (58940488)|HEAP_ALLOCATE|[82]|Bytes:7
17:07:41.57 (58980638)|USER_DEBUG|[5]|DEBUG|---accIds-Rahul--InvocableMethod-@@@-(0012t0000075ysCAAQ)
17:07:41.57 (58992649)|STATEMENT_EXECUTE|[6]
17:07:41.57 (58996218)|HEAP_ALLOCATE|[6]|Bytes:182
17:07:41.57 (59012898)|HEAP_ALLOCATE|[6]|Bytes:4
17:07:41.57 (59027628)|HEAP_ALLOCATE|[6]|Bytes:7
17:07:41.57 (60182279)|SOQL_EXECUTE_BEGIN|[6]|Aggregations:0|SELECT id, Name, RMD_Opt_In__c, RMD_SMS_Mobile__c, Email_Verification_Link__c FROM Account WHERE (Id IN :tmpVar1 AND Email_Verification_Link__c != NULL AND Email_Verified__c = FALSE)
17:07:41.57 (70024999)|SOQL_EXECUTE_END|[6]|Rows:1
17:07:41.57 (70076700)|HEAP_ALLOCATE|[6]|Bytes:8
17:07:41.57 (70100161)|HEAP_ALLOCATE|[6]|Bytes:159
17:07:41.57 (70210974)|HEAP_ALLOCATE|[6]|Bytes:8
17:07:41.57 (70233353)|HEAP_ALLOCATE|[6]|Bytes:33
17:07:41.57 (70304944)|HEAP_ALLOCATE|[6]|Bytes:24
17:07:41.57 (70313985)|VARIABLE_SCOPE_BEGIN|[6]|acc|Account|true|false
17:07:41.57 (70426827)|VARIABLE_ASSIGNMENT|[6]|acc|{"Id":"0012t0000075ysCAAQ","RMD_Opt_In__c":true,"Email_Verification_Link__c":"https://subt.in/TOIC (9 more) ...","RMD_SMS_Mobile__c":"9717160251","Name":"Prathvi raj"}|0x65164b3a
17:07:41.57 (70434787)|STATEMENT_EXECUTE|[7]
17:07:41.57 (70438578)|HEAP_ALLOCATE|[7]|Bytes:231
17:07:41.57 (70455658)|HEAP_ALLOCATE|[7]|Bytes:4
17:07:41.57 (70511299)|HEAP_ALLOCATE|[7]|Bytes:7
17:07:41.57 (70517798)|HEAP_ALLOCATE|[7]|Bytes:4
17:07:41.57 (71231832)|SOQL_EXECUTE_BEGIN|[7]|Aggregations:0|SELECT id, AccountId, RMD_Order_Type__c, RMD_Publisher_Name__c, RMD_CRM_Email__c, EffectiveDate, EndDate, RMD_Order_Form__c FROM Order WHERE (AccountId = :tmpVar1 AND Status = :tmpVar2) ORDER BY createdDate DESC NULLS FIRST LIMIT 1
17:07:41.57 (99314255)|SOQL_EXECUTE_END|[7]|Rows:1
17:07:41.57 (99382787)|HEAP_ALLOCATE|[7]|Bytes:8
17:07:41.57 (99408787)|HEAP_ALLOCATE|[7]|Bytes:245
17:07:41.57 (99515778)|HEAP_ALLOCATE|[7]|Bytes:8
17:07:41.57 (99541390)|HEAP_ALLOCATE|[7]|Bytes:31
17:07:41.57 (99610100)|HEAP_ALLOCATE|[7]|Bytes:36
17:07:41.57 (99620520)|VARIABLE_SCOPE_BEGIN|[7]|eachOrder|Order|true|false
17:07:41.57 (99756293)|VARIABLE_ASSIGNMENT|[7]|eachOrder|{"RMD_Order_Form__c":"NDT49488848","AccountId":"0012t0000075ysCAAQ","RMD_Order_Type__c":"Renewal","Id":"801e200000PVQj1AAH","RMD_CRM_Email__c":"crm.delhi@timesofind (6 more) ...","RMD_Publisher_Name__c":"The Times of India","EndDate":"2028-04-30T00:00:00.000Z","EffectiveDate":"2026-05-01T00:00:00.000Z"}|0x50d56279
17:07:41.57 (99767463)|STATEMENT_EXECUTE|[8]
17:07:41.57 (99936597)|USER_DEBUG|[8]|DEBUG|Order:{Id=801e200000PVQj1AAH, AccountId=0012t0000075ysCAAQ, RMD_Order_Type__c=Renewal, RMD_Publisher_Name__c=The Times of India, RMD_CRM_Email__c=crm.delhi@timesofindia.com, EffectiveDate=2026-05-01 00:00:00, EndDate=2028-04-30 00:00:00, RMD_Order_Form__c=NDT49488848}
17:07:41.57 (99949486)|STATEMENT_EXECUTE|[9]
17:07:41.57 (100026778)|HEAP_ALLOCATE|[9]|Bytes:13
17:07:41.57 (100061159)|HEAP_ALLOCATE|[9]|Bytes:18
17:07:41.57 (100124240)|METHOD_ENTRY|[9]|01p2t000002TDko|OrderCofirmationEmailLink.sendThroughWhatsAppFuture(String, String, String, String, String, String, String, String, Date, Date)
17:07:41.57 (100150470)|VARIABLE_SCOPE_BEGIN|[13]|orderType|String|false|false
17:07:41.57 (100159630)|VARIABLE_ASSIGNMENT|[13]|orderType|"Renewal"
17:07:41.57 (100163570)|VARIABLE_SCOPE_BEGIN|[13]|phone|String|false|false
17:07:41.57 (100170590)|VARIABLE_ASSIGNMENT|[13]|phone|"9717160251"
17:07:41.57 (100174300)|VARIABLE_SCOPE_BEGIN|[13]|accName|String|false|false
17:07:41.57 (100182401)|VARIABLE_ASSIGNMENT|[13]|accName|"Prathvi raj"
17:07:41.57 (100185871)|VARIABLE_SCOPE_BEGIN|[13]|publicationName|String|false|false
17:07:41.57 (100192882)|VARIABLE_ASSIGNMENT|[13]|publicationName|"The Times of India"
17:07:41.57 (100196562)|VARIABLE_SCOPE_BEGIN|[13]|orderFormNumber|String|false|false
17:07:41.57 (100203461)|VARIABLE_ASSIGNMENT|[13]|orderFormNumber|"NDT49488848"
17:07:41.57 (100207071)|VARIABLE_SCOPE_BEGIN|[13]|uniqueLinkMail|String|false|false
17:07:41.57 (100213791)|VARIABLE_ASSIGNMENT|[13]|uniqueLinkMail|"uniqueLinkSMS"
17:07:41.57 (100217301)|VARIABLE_SCOPE_BEGIN|[13]|emailCRM|String|false|false
17:07:41.57 (100225021)|VARIABLE_ASSIGNMENT|[13]|emailCRM|"crm.delhi@timesofind (6 more) ..."
17:07:41.57 (100228621)|VARIABLE_SCOPE_BEGIN|[13]|recordId|String|false|false
17:07:41.57 (100235362)|VARIABLE_ASSIGNMENT|[13]|recordId|"0012t0000075ysCAAQ"
17:07:41.57 (100243102)|VARIABLE_SCOPE_BEGIN|[13]|startDate|Date|false|false
17:07:41.57 (100254382)|VARIABLE_ASSIGNMENT|[13]|startDate|"2026-05-01T00:00:00.000Z"
17:07:41.57 (100260982)|VARIABLE_SCOPE_BEGIN|[13]|endDate|Date|false|false
17:07:41.57 (100270363)|VARIABLE_ASSIGNMENT|[13]|endDate|"2028-04-30T00:00:00.000Z"
17:07:41.57 (100279763)|STATEMENT_EXECUTE|[13]
17:07:41.57 (100282142)|STATEMENT_EXECUTE|[14]
17:07:41.57 (100285043)|HEAP_ALLOCATE|[14]|Bytes:52
17:07:41.57 (100303233)|HEAP_ALLOCATE|[14]|Bytes:4
17:07:41.57 (101008306)|SOQL_EXECUTE_BEGIN|[14]|Aggregations:0|SELECT Id FROM Site WHERE Name = 'EmailVerification'
17:07:41.57 (107506674)|SOQL_EXECUTE_END|[14]|Rows:1
17:07:41.57 (107549456)|HEAP_ALLOCATE|[14]|Bytes:8
17:07:41.57 (107572096)|HEAP_ALLOCATE|[14]|Bytes:29
17:07:41.57 (107688707)|HEAP_ALLOCATE|[14]|Bytes:8
17:07:41.57 (107715318)|HEAP_ALLOCATE|[14]|Bytes:30
17:07:41.57 (107791909)|HEAP_ALLOCATE|[14]|Bytes:8
17:07:41.57 (107803439)|VARIABLE_SCOPE_BEGIN|[14]|mySite|Site|true|false
17:07:41.57 (107878611)|VARIABLE_ASSIGNMENT|[14]|mySite|{"Id":"0DM2t000000CcOVGA0"}|0x3f8c6bae
17:07:41.57 (107887102)|STATEMENT_EXECUTE|[15]
17:07:41.57 (107891711)|HEAP_ALLOCATE|[15]|Bytes:59
17:07:41.57 (107910622)|HEAP_ALLOCATE|[15]|Bytes:4
17:07:41.57 (108418281)|SOQL_EXECUTE_BEGIN|[15]|Aggregations:0|SELECT SecureURL FROM SiteDetail WHERE DurableId = :tmpVar1
17:07:41.57 (111095970)|SOQL_EXECUTE_END|[15]|Rows:1
17:07:41.57 (111121780)|HEAP_ALLOCATE|[15]|Bytes:8
17:07:41.57 (111138100)|HEAP_ALLOCATE|[15]|Bytes:120
17:07:41.57 (111225062)|HEAP_ALLOCATE|[15]|Bytes:8
17:07:41.57 (111243262)|HEAP_ALLOCATE|[15]|Bytes:36
17:07:41.57 (111301103)|HEAP_ALLOCATE|[15]|Bytes:16
17:07:41.57 (111309543)|VARIABLE_SCOPE_BEGIN|[15]|mySiteDetail|SiteDetail|true|false
17:07:41.57 (111417395)|VARIABLE_ASSIGNMENT|[15]|mySiteDetail|{"SecureUrl":"https://timesofindia (30 more) ...","DurableId":"0DM2t000000CcOV","Id":"000000000000000AAA"}|0x6849cdb5
17:07:41.57 (111425516)|STATEMENT_EXECUTE|[16]
17:07:41.57 (111455767)|HEAP_ALLOCATE|[16]|Bytes:10
17:07:41.57 (111461576)|HEAP_ALLOCATE|[16]|Bytes:24
17:07:41.57 (111479997)|HEAP_ALLOCATE|[16]|Bytes:102
17:07:41.57 (111487017)|VARIABLE_SCOPE_BEGIN|[16]|uniqueLinkSMS|String|false|false
17:07:41.57 (111497507)|VARIABLE_ASSIGNMENT|[16]|uniqueLinkSMS|"https://timesofindia (82 more) ..."
17:07:41.57 (111501677)|STATEMENT_EXECUTE|[17]
17:07:41.57 (111519688)|METHOD_ENTRY|[17]|01p2t000002TDko|OrderCofirmationEmailLink.shortenURL(String)
17:07:41.57 (111546649)|VARIABLE_SCOPE_BEGIN|[67]|url|String|false|false
17:07:41.57 (111555329)|VARIABLE_ASSIGNMENT|[67]|url|"https://timesofindia (82 more) ..."
17:07:41.57 (111563218)|STATEMENT_EXECUTE|[67]
17:07:41.57 (111565478)|STATEMENT_EXECUTE|[68]
17:07:41.57 (111570118)|VARIABLE_SCOPE_BEGIN|[68]|urlValue|String|false|false
17:07:41.57 (111579018)|VARIABLE_ASSIGNMENT|[68]|urlValue|""
17:07:41.57 (111582538)|STATEMENT_EXECUTE|[69]
17:07:41.57 (111610189)|VARIABLE_SCOPE_BEGIN|[69]|req|System.HttpRequest|true|false
17:07:41.57 (111748151)|VARIABLE_ASSIGNMENT|[69]|req|"System.HttpRequest[Endpoint=null, Method=null]"|0x2d5a98f5
17:07:41.57 (111756562)|STATEMENT_EXECUTE|[70]
17:07:41.57 (111914275)|HEAP_ALLOCATE|[70]|Bytes:4
17:07:41.57 (112019636)|VARIABLE_SCOPE_BEGIN|[70]|objShortUrlConfiguration|ShortUrlConfiguration__c|true|false
17:07:41.57 (112042858)|VARIABLE_ASSIGNMENT|[70]|objShortUrlConfiguration|{}|0x2c1591a5
17:07:41.57 (112050727)|STATEMENT_EXECUTE|[71]
17:07:41.57 (112077379)|HEAP_ALLOCATE|[71]|Bytes:4
17:07:41.57 (112190290)|VARIABLE_SCOPE_BEGIN|[71]|listConfig|List<ShortUrlConfiguration__c>|true|false
17:07:41.57 (112200101)|HEAP_ALLOCATE|[EXTERNAL]|Bytes:4
17:07:41.57 (112212810)|VARIABLE_ASSIGNMENT|[71]|listConfig|[]|0x5b256f4f
17:07:41.57 (112217221)|STATEMENT_EXECUTE|[72]
17:07:41.57 (112221341)|HEAP_ALLOCATE|[72]|Bytes:124
17:07:41.57 (112235680)|HEAP_ALLOCATE|[72]|Bytes:4
17:07:41.57 (112770031)|SOQL_EXECUTE_BEGIN|[72]|Aggregations:0|SELECT apiKey__c, format__c, login__c, EndPointUrl__c FROM ShortUrlConfiguration__c WHERE Name = 'ShortUrlGenerator' LIMIT 1
17:07:41.57 (123886163)|SOQL_EXECUTE_END|[72]|Rows:1
17:07:41.57 (123929724)|HEAP_ALLOCATE|[72]|Bytes:8
17:07:41.57 (123955185)|HEAP_ALLOCATE|[72]|Bytes:168
17:07:41.57 (124024677)|HEAP_ALLOCATE|[72]|Bytes:8
17:07:41.57 (124157498)|VARIABLE_ASSIGNMENT|[72]|listConfig|[{"login__c":"times","EndPointUrl__c":"https://subt.in/micr (20 more) ...","Id":"a1B2t000000DUZ6EAO","apiKey__c":"R_66d9bc26baca7507b6 (14 more) ...","format__c":"json"}]|0xe774952
17:07:41.57 (124227521)|STATEMENT_EXECUTE|[74]
17:07:41.57 (124230220)|STATEMENT_EXECUTE|[75]
17:07:41.57 (124280061)|HEAP_ALLOCATE|[75]|Bytes:24
17:07:41.57 (124333192)|VARIABLE_ASSIGNMENT|[75]|objShortUrlConfiguration|{"login__c":"times","EndPointUrl__c":"https://subt.in/micr (20 more) ...","Id":"a1B2t000000DUZ6EAO","apiKey__c":"R_66d9bc26baca7507b6 (14 more) ...","format__c":"json"}|0x536660b5
17:07:41.57 (124370972)|STATEMENT_EXECUTE|[78]
17:07:41.57 (124373392)|STATEMENT_EXECUTE|[79]
17:07:41.57 (124404103)|HEAP_ALLOCATE|[79]|Bytes:7
17:07:41.57 (124418993)|HEAP_ALLOCATE|[79]|Bytes:8
17:07:41.57 (124432653)|HEAP_ALLOCATE|[79]|Bytes:8
17:07:41.57 (124448864)|HEAP_ALLOCATE|[79]|Bytes:102
17:07:41.57 (124462034)|HEAP_ALLOCATE|[79]|Bytes:5
17:07:41.57 (124475114)|HEAP_ALLOCATE|[79]|Bytes:153
17:07:41.57 (124483194)|HEAP_ALLOCATE|[79]|Bytes:255
17:07:41.57 (124489304)|VARIABLE_SCOPE_BEGIN|[79]|endPointUrl|String|false|false
17:07:41.57 (124499755)|VARIABLE_ASSIGNMENT|[79]|endPointUrl|"https://subt.in/micr (235 more) ..."
17:07:41.57 (124504175)|STATEMENT_EXECUTE|[80]
17:07:41.57 (124588396)|STATEMENT_EXECUTE|[81]
17:07:41.57 (124591816)|HEAP_ALLOCATE|[81]|Bytes:4
17:07:41.57 (124612307)|STATEMENT_EXECUTE|[82]
17:07:41.57 (124615337)|HEAP_ALLOCATE|[82]|Bytes:12
17:07:41.57 (124620877)|HEAP_ALLOCATE|[82]|Bytes:16
17:07:41.57 (124643507)|STATEMENT_EXECUTE|[83]
17:07:41.57 (124646717)|HEAP_ALLOCATE|[83]|Bytes:3
17:07:41.57 (124685658)|HEAP_ALLOCATE|[83]|Bytes:297
17:07:41.57 (124699228)|HEAP_ALLOCATE|[83]|Bytes:300
17:07:41.57 (124711979)|USER_DEBUG|[83]|DEBUG|reqSystem.HttpRequest[Endpoint=https://subt.in/micron/restshortner.html?login=times&apiKey=R_66d9bc26baca7507b68b196a47657721&format=json&url=https://timesofindia.my.site.com/emailverification/s/?accId=0012t0000075ysCAAQ_SMS%26sms_header=TOICRM&apiKey=R_66d9bc26baca7507b68b196a47657721, Method=POST]
17:07:41.57 (124721959)|STATEMENT_EXECUTE|[84]
17:07:41.57 (124836132)|CALLOUT_REQUEST|[84]|System.HttpRequest[Endpoint=https://subt.in/micron/restshortner.html?login=times&apiKey=R_66d9bc26baca7507b68b196a47657721&format=json&url=https://timesofindia.my.site.com/emailverification/s/?accId=0012t0000075ysCAAQ_SMS%26sms_header=TOICRM&apiKey=R_66d9bc26baca7507b68b196a47657721, Method=POST]
17:07:41.57 (270652925)|HEAP_ALLOCATE|[EXTERNAL]|Bytes:665
17:07:41.57 (272169293)|CALLOUT_RESPONSE|[84]|System.HttpResponse[Status=null, StatusCode=200]
17:07:41.57 (272320416)|HEAP_ALLOCATE|[84]|Bytes:294
17:07:41.57 (272356936)|VARIABLE_SCOPE_BEGIN|[84]|res|System.HttpResponse|true|false
17:07:41.57 (272416038)|VARIABLE_ASSIGNMENT|[84]|res|"System.HttpResponse[Status=null, StatusCode=200]"|0x33455452
17:07:41.57 (272425448)|STATEMENT_EXECUTE|[85]
17:07:41.57 (272433618)|HEAP_ALLOCATE|[85]|Bytes:13
17:07:41.57 (272498359)|HEAP_ALLOCATE|[85]|Bytes:290
17:07:41.57 (272518699)|HEAP_ALLOCATE|[85]|Bytes:303
17:07:41.57 (272541260)|USER_DEBUG|[85]|DEBUG|res.getBody(){
    "status_code": 200, 
    "data": { 
        "url": "http:\/\/subt.in\/TOICRM\/QXJ3HY",
        "hash": "TOICRM\/QXJ3HY", 
        "long_url": "https:\/\/timesofindia.my.site.com\/emailverification\/s\/?accId=0012t0000075ysCAAQ_SMS&sms_header=TOICRM"
    }, 
    "status_txt": "OK"
 }

17:07:41.57 (272586131)|STATEMENT_EXECUTE|[87]
17:07:41.57 (272589831)|STATEMENT_EXECUTE|[88]
17:07:41.57 (272613331)|HEAP_ALLOCATE|[88]|Bytes:290
17:07:41.57 (272686442)|HEAP_ALLOCATE|[88]|Bytes:24
17:07:41.57 (272700583)|SYSTEM_METHOD_ENTRY|[1]|JSON.JSON()
17:07:41.57 (272704163)|STATEMENT_EXECUTE|[1]
17:07:41.57 (272715613)|SYSTEM_METHOD_EXIT|[1]|JSON
17:07:41.57 (272753324)|METHOD_ENTRY|[88]||System.JSON.deserializeUntyped(String)
17:07:41.57 (273767302)|METHOD_EXIT|[88]||System.JSON.deserializeUntyped(String)
17:07:41.57 (273780532)|VARIABLE_SCOPE_BEGIN|[88]|response|Map<String,ANY>|true|false
17:07:41.57 (273822393)|VARIABLE_ASSIGNMENT|[88]|response|{"status_code":200,"data":{"url":"http://subt.in/TOICR (8 more) ...","hash":"TOICRM/QXJ3HY","long_url":"https://timesofindia (80 more) ..."},"status_txt":"OK"}|0x35b8639c
17:07:41.57 (273829893)|STATEMENT_EXECUTE|[89]
17:07:41.57 (273834253)|HEAP_ALLOCATE|[89]|Bytes:4
17:07:41.57 (273882034)|VARIABLE_SCOPE_BEGIN|[89]|dataMap|Map<String,ANY>|true|false
17:07:41.57 (273895785)|VARIABLE_ASSIGNMENT|[89]|dataMap|{"url":"http://subt.in/TOICR (8 more) ...","hash":"TOICRM/QXJ3HY","long_url":"https://timesofindia (80 more) ..."}|0x7ab4e5d6
17:07:41.57 (273902295)|STATEMENT_EXECUTE|[90]
17:07:41.57 (273905585)|HEAP_ALLOCATE|[90]|Bytes:3
17:07:41.57 (273933305)|VARIABLE_ASSIGNMENT|[90]|urlValue|"http://subt.in/TOICR (8 more) ..."
17:07:41.57 (273939135)|STATEMENT_EXECUTE|[93]
17:07:41.57 (273944395)|METHOD_EXIT|[17]|01p2t000002TDko|OrderCofirmationEmailLink.shortenURL(String)
17:07:41.57 (273952686)|VARIABLE_ASSIGNMENT|[17]|uniqueLinkSMS|"http://subt.in/TOICR (8 more) ..."
17:07:41.57 (273956956)|STATEMENT_EXECUTE|[18]
17:07:41.57 (274131849)|HEAP_ALLOCATE|[18]|Bytes:36
17:07:41.57 (274169359)|CONSTRUCTOR_ENTRY|[18]|01p2t000002TDko|<init>()|OrderCofirmationEmailLink.Parameters
17:07:41.57 (274207890)|VARIABLE_SCOPE_BEGIN|[111]|this|OrderCofirmationEmailLink.Parameters|true|false
17:07:41.57 (274284982)|VARIABLE_ASSIGNMENT|[111]|this|{}|0x7deaa14
17:07:41.57 (274297302)|HEAP_ALLOCATE|[EXTERNAL]|Bytes:6
17:07:41.57 (274329172)|STATEMENT_EXECUTE|[111]
17:07:41.57 (274331562)|STATEMENT_EXECUTE|[112]
17:07:41.57 (274333652)|STATEMENT_EXECUTE|[113]
17:07:41.57 (274335553)|STATEMENT_EXECUTE|[114]
17:07:41.57 (274337473)|STATEMENT_EXECUTE|[115]
17:07:41.57 (274339443)|STATEMENT_EXECUTE|[116]
17:07:41.57 (274341323)|STATEMENT_EXECUTE|[117]
17:07:41.57 (274343223)|STATEMENT_EXECUTE|[118]
17:07:41.57 (274345133)|STATEMENT_EXECUTE|[119]
17:07:41.57 (274349353)|CONSTRUCTOR_EXIT|[18]|01p2t000002TDko|<init>()|OrderCofirmationEmailLink.Parameters
17:07:41.57 (274360133)|VARIABLE_SCOPE_BEGIN|[18]|p|OrderCofirmationEmailLink.Parameters|true|false
17:07:41.57 (274377163)|VARIABLE_ASSIGNMENT|[18]|p|{}|0x7deaa14
17:07:41.57 (274381763)|STATEMENT_EXECUTE|[19]
17:07:41.57 (274385033)|HEAP_ALLOCATE|[19]|Bytes:2
17:07:41.57 (274396044)|HEAP_ALLOCATE|[19]|Bytes:12
17:07:41.57 (274421174)|VARIABLE_ASSIGNMENT|[19]|this.MSISDN|"919717160251"|0x7deaa14
17:07:41.57 (274426164)|STATEMENT_EXECUTE|[20]
17:07:41.57 (274433734)|VARIABLE_ASSIGNMENT|[20]|this.Var1|"Prathvi raj"|0x7deaa14
17:07:41.57 (274438294)|STATEMENT_EXECUTE|[21]
17:07:41.57 (274444975)|VARIABLE_ASSIGNMENT|[21]|this.Var2|"The Times of India"|0x7deaa14
17:07:41.57 (274451195)|HEAP_ALLOCATE|[22]|Bytes:5
17:07:41.57 (274471615)|STATEMENT_EXECUTE|[28]
17:07:41.57 (274473875)|STATEMENT_EXECUTE|[29]
17:07:41.57 (274476615)|HEAP_ALLOCATE|[29]|Bytes:31
17:07:41.57 (274486025)|VARIABLE_ASSIGNMENT|[29]|this.templatename|"utemailverificationr (11 more) ..."|0x7deaa14
17:07:41.57 (274490325)|STATEMENT_EXECUTE|[30]
17:07:41.57 (274555687)|HEAP_ALLOCATE|[30]|Bytes:1
17:07:41.57 (274569047)|HEAP_ALLOCATE|[30]|Bytes:1
17:07:41.57 (274596247)|HEAP_ALLOCATE|[30]|Bytes:1
17:07:41.57 (274624258)|HEAP_ALLOCATE|[30]|Bytes:4
17:07:41.57 (274638618)|HEAP_ALLOCATE|[30]|Bytes:8
17:07:41.57 (274648968)|VARIABLE_ASSIGNMENT|[30]|this.Var3|"1/5/2026"|0x7deaa14
17:07:41.57 (274653618)|STATEMENT_EXECUTE|[31]
17:07:41.57 (274683199)|HEAP_ALLOCATE|[31]|Bytes:2
17:07:41.57 (274711619)|HEAP_ALLOCATE|[31]|Bytes:1
17:07:41.57 (274738880)|HEAP_ALLOCATE|[31]|Bytes:4
17:07:41.57 (274750220)|HEAP_ALLOCATE|[31]|Bytes:9
17:07:41.57 (274761120)|VARIABLE_ASSIGNMENT|[31]|this.Var4|"30/4/2028"|0x7deaa14
17:07:41.57 (274765520)|STATEMENT_EXECUTE|[32]
17:07:41.57 (274772560)|VARIABLE_ASSIGNMENT|[32]|this.Var5|"http://subt.in/TOICR (8 more) ..."|0x7deaa14
17:07:41.57 (274777061)|STATEMENT_EXECUTE|[33]
17:07:41.57 (274783991)|VARIABLE_ASSIGNMENT|[33]|this.Var6|"crm.delhi@timesofind (6 more) ..."|0x7deaa14
17:07:41.57 (274788191)|STATEMENT_EXECUTE|[36]
17:07:41.57 (274941524)|HEAP_ALLOCATE|[36]|Bytes:3
17:07:41.57 (274959974)|HEAP_ALLOCATE|[36]|Bytes:16
17:07:41.57 (274974894)|CONSTRUCTOR_ENTRY|[36]|01p2t000002TDko|<init>()|OrderCofirmationEmailLink.Events
17:07:41.57 (274993395)|VARIABLE_SCOPE_BEGIN|[135]|this|OrderCofirmationEmailLink.Events|true|false
17:07:41.57 (275019785)|VARIABLE_ASSIGNMENT|[135]|this|{}|0x4596ac59
17:07:41.57 (275026745)|STATEMENT_EXECUTE|[131]
17:07:41.57 (275028975)|STATEMENT_EXECUTE|[132]
17:07:41.57 (275031085)|STATEMENT_EXECUTE|[133]
17:07:41.57 (275033205)|STATEMENT_EXECUTE|[134]
17:07:41.57 (275049366)|STATEMENT_EXECUTE|[135]
17:07:41.57 (275051416)|STATEMENT_EXECUTE|[136]
17:07:41.57 (275054746)|HEAP_ALLOCATE|[136]|Bytes:4
17:07:41.57 (275066206)|VARIABLE_ASSIGNMENT|[136]|this.evtid|"4792"|0x4596ac59
17:07:41.57 (275070596)|STATEMENT_EXECUTE|[137]
17:07:41.57 (275073306)|HEAP_ALLOCATE|[137]|Bytes:6
17:07:41.57 (275081186)|VARIABLE_ASSIGNMENT|[137]|this.correlationid|"ABC123"|0x4596ac59
17:07:41.57 (275086456)|STATEMENT_EXECUTE|[138]
17:07:41.57 (275090416)|HEAP_ALLOCATE|[138]|Bytes:36
17:07:41.57 (275096276)|CONSTRUCTOR_ENTRY|[138]|01p2t000002TDko|<init>()|OrderCofirmationEmailLink.Parameters
17:07:41.57 (275117997)|VARIABLE_SCOPE_BEGIN|[111]|this|OrderCofirmationEmailLink.Parameters|true|false
17:07:41.57 (275132787)|VARIABLE_ASSIGNMENT|[111]|this|{}|0x56581547
17:07:41.57 (275147757)|STATEMENT_EXECUTE|[111]
17:07:41.57 (275150107)|STATEMENT_EXECUTE|[112]
17:07:41.57 (275152477)|STATEMENT_EXECUTE|[113]
17:07:41.57 (275154507)|STATEMENT_EXECUTE|[114]
17:07:41.57 (275156407)|STATEMENT_EXECUTE|[115]
17:07:41.57 (275158358)|STATEMENT_EXECUTE|[116]
17:07:41.57 (275160258)|STATEMENT_EXECUTE|[117]
17:07:41.57 (275162148)|STATEMENT_EXECUTE|[118]
17:07:41.57 (275164058)|STATEMENT_EXECUTE|[119]
17:07:41.57 (275167928)|CONSTRUCTOR_EXIT|[138]|01p2t000002TDko|<init>()|OrderCofirmationEmailLink.Parameters
17:07:41.57 (275175318)|VARIABLE_ASSIGNMENT|[138]|this.parameters|0x56581547|0x4596ac59
17:07:41.57 (275181158)|CONSTRUCTOR_EXIT|[36]|01p2t000002TDko|<init>()|OrderCofirmationEmailLink.Events
17:07:41.57 (275186138)|VARIABLE_SCOPE_BEGIN|[36]|eve|OrderCofirmationEmailLink.Events|true|false
17:07:41.57 (275204058)|VARIABLE_ASSIGNMENT|[36]|eve|{"correlationid":"ABC123","evtid":"4792","parameters":"0x56581547"}|0x4596ac59
17:07:41.57 (275208828)|STATEMENT_EXECUTE|[37]
17:07:41.57 (275213509)|VARIABLE_ASSIGNMENT|[37]|this.parameters|0x7deaa14|0x4596ac59
17:07:41.57 (275217849)|STATEMENT_EXECUTE|[39]
17:07:41.57 (275313400)|HEAP_ALLOCATE|[39]|Bytes:3
17:07:41.57 (275371501)|HEAP_ALLOCATE|[39]|Bytes:12
17:07:41.57 (275385232)|CONSTRUCTOR_ENTRY|[39]|01p2t000002TDko|<init>()|OrderCofirmationEmailLink.ObjectWrapper
17:07:41.57 (275402512)|VARIABLE_SCOPE_BEGIN|[125]|this|OrderCofirmationEmailLink.ObjectWrapper|true|false
17:07:41.57 (275424222)|VARIABLE_ASSIGNMENT|[125]|this|{}|0x2de29eeb
17:07:41.57 (275431163)|STATEMENT_EXECUTE|[121]
17:07:41.57 (275433453)|STATEMENT_EXECUTE|[122]
17:07:41.57 (275435763)|STATEMENT_EXECUTE|[123]
17:07:41.57 (275448383)|STATEMENT_EXECUTE|[125]
17:07:41.57 (275450523)|STATEMENT_EXECUTE|[126]
17:07:41.57 (275461433)|HEAP_ALLOCATE|[126]|Bytes:4
17:07:41.57 (275549145)|HEAP_ALLOCATE|[EXTERNAL]|Bytes:4
17:07:41.57 (275564085)|VARIABLE_ASSIGNMENT|[126]|this.events|[]|0x2de29eeb
17:07:41.57 (275568475)|STATEMENT_EXECUTE|[127]
17:07:41.57 (275576645)|VARIABLE_ASSIGNMENT|[127]|this.notifyurl|""|0x2de29eeb
17:07:41.57 (275583545)|CONSTRUCTOR_EXIT|[39]|01p2t000002TDko|<init>()|OrderCofirmationEmailLink.ObjectWrapper
17:07:41.57 (275589305)|VARIABLE_SCOPE_BEGIN|[39]|objObjectWrapper|OrderCofirmationEmailLink.ObjectWrapper|true|false
17:07:41.57 (275608696)|VARIABLE_ASSIGNMENT|[39]|objObjectWrapper|{"events":"0x5de61b6a","notifyurl":""}|0x2de29eeb
17:07:41.57 (275613516)|STATEMENT_EXECUTE|[40]
17:07:41.57 (275619346)|HEAP_ALLOCATE|[40]|Bytes:4
17:07:41.57 (275666347)|VARIABLE_SCOPE_BEGIN|[40]|lstAllJSON|List<OrderCofirmationEmailLink.Events>|true|false
17:07:41.57 (275680757)|HEAP_ALLOCATE|[EXTERNAL]|Bytes:4
17:07:41.57 (275687417)|VARIABLE_ASSIGNMENT|[40]|lstAllJSON|[]|0x4b02cfbc
17:07:41.57 (275691797)|STATEMENT_EXECUTE|[41]
17:07:41.57 (275725248)|HEAP_ALLOCATE|[EXTERNAL]|Bytes:4
17:07:41.57 (275733928)|STATEMENT_EXECUTE|[42]
17:07:41.57 (275742188)|VARIABLE_ASSIGNMENT|[42]|this.notifyurl|""|0x2de29eeb
17:07:41.57 (275746648)|STATEMENT_EXECUTE|[44]
17:07:41.57 (275756498)|METHOD_ENTRY|[44]||System.JSON.serialize(Object)
17:07:41.57 (276142296)|METHOD_EXIT|[44]||System.JSON.serialize(Object)
17:07:41.57 (276151516)|VARIABLE_SCOPE_BEGIN|[44]|strFinalJSON|String|false|false
17:07:41.57 (276162926)|VARIABLE_ASSIGNMENT|[44]|strFinalJSON|"{\"notifyurl\":\"\",\"eve (297 more) ..."
17:07:41.57 (276167956)|STATEMENT_EXECUTE|[46]
17:07:41.57 (276171546)|HEAP_ALLOCATE|[46]|Bytes:18
17:07:41.57 (279304534)|HEAP_ALLOCATE|[46]|Bytes:210
17:07:41.57 (279328414)|HEAP_ALLOCATE|[46]|Bytes:68
17:07:41.57 (279509787)|HEAP_ALLOCATE|[46]|Bytes:33
17:07:41.57 (279529128)|SYSTEM_METHOD_ENTRY|[1]|Type.Type()
17:07:41.57 (279533818)|STATEMENT_EXECUTE|[1]
17:07:41.57 (279544878)|SYSTEM_METHOD_EXIT|[1]|Type
17:07:41.57 (279552988)|HEAP_ALLOCATE|[46]|Bytes:8
17:07:41.57 (279571458)|HEAP_ALLOCATE|[46]|Bytes:8
17:07:41.57 (279577009)|VARIABLE_SCOPE_BEGIN|[4]|this|System.Type|true|false
17:07:41.57 (279610229)|VARIABLE_ASSIGNMENT|[4]|this|{}|0x1ec5ca7d
17:07:41.57 (279615109)|VARIABLE_SCOPE_BEGIN|[4]|apextype|java:common.apex.runtime.ApexObjectType|true|false
17:07:41.57 (279708801)|VARIABLE_ASSIGNMENT|[4]|apextype|"Map<String,String>"|0x4f279400
17:07:41.57 (279749282)|HEAP_ALLOCATE|[46]|Bytes:8
17:07:41.57 (279765562)|METHOD_ENTRY|[46]||System.JSON.deserialize(String, System.Type)
17:07:41.57 (280547626)|METHOD_EXIT|[46]||System.JSON.deserialize(String, System.Type)
17:07:41.57 (280560717)|VARIABLE_SCOPE_BEGIN|[46]|mapWhatsAppConfig|Map<String,String>|true|false
17:07:41.57 (280588037)|VARIABLE_ASSIGNMENT|[46]|mapWhatsAppConfig|"Map of size 7 too large to display"|0x313b0a5
17:07:41.57 (280593187)|STATEMENT_EXECUTE|[47]
17:07:41.57 (280621138)|USER_DEBUG|[47]|DEBUG|{"notifyurl":"","events":[{"parameters":{"Var6":"crm.delhi@timesofindia.com","Var5":"http://subt.in/TOICRM/QXJ3HY","Var4":"30/4/2028","Var3":"1/5/2026","Var2":"The Times of India","Var1":"Prathvi raj","templatename":"utemailverificationrenewalorder","MSISDN":"919717160251"},"evtid":"4792","correlationid":"ABC123"}]}
17:07:41.57 (280632218)|STATEMENT_EXECUTE|[49]
17:07:41.57 (280652928)|VARIABLE_SCOPE_BEGIN|[49]|http|System.Http|true|false
17:07:41.57 (280719429)|VARIABLE_ASSIGNMENT|[49]|http|"System.Http[]"|0x70267fc6
17:07:41.57 (280724880)|STATEMENT_EXECUTE|[50]
17:07:41.57 (280733380)|VARIABLE_SCOPE_BEGIN|[50]|req|System.HttpRequest|true|false
17:07:41.57 (280755080)|VARIABLE_ASSIGNMENT|[50]|req|"System.HttpRequest[Endpoint=null, Method=null]"|0x4c7bd931
17:07:41.57 (280759540)|STATEMENT_EXECUTE|[51]
17:07:41.57 (280763430)|HEAP_ALLOCATE|[51]|Bytes:36
17:07:41.57 (280812021)|STATEMENT_EXECUTE|[52]
17:07:41.57 (280829801)|STATEMENT_EXECUTE|[53]
17:07:41.57 (280850562)|STATEMENT_EXECUTE|[54]
17:07:41.57 (280853722)|HEAP_ALLOCATE|[54]|Bytes:3
17:07:41.57 (280859002)|HEAP_ALLOCATE|[54]|Bytes:36
17:07:41.57 (280874322)|STATEMENT_EXECUTE|[55]
17:07:41.57 (280911663)|STATEMENT_EXECUTE|[56]
17:07:41.57 (280949924)|CALLOUT_REQUEST|[56]|System.HttpRequest[Endpoint=callout:WhatsApp_HSM_Integration_API, Method=POST]
17:07:41.384 (384164680)|NAMED_CREDENTIAL_REQUEST|NamedCallout[Named Credential Id=0XA2t000000blJn, Named Credential Name=WhatsApp_HSM_Integration_API, Endpoint=https://api.imiconnect.in/resources/v1/events/externalevent, Method=POST, External Credential Type=EXTERNAL, HTTP Header Authorization=Method: Not set - Credential: Not set, Content-Type=application/json, Request Size bytes=317, Retry on 401=True]
17:07:41.57 (384403204)|HEAP_ALLOCATE|[EXTERNAL]|Bytes:780
17:07:41.385 (385250060)|NAMED_CREDENTIAL_RESPONSE|NamedCallout[Named Credential Id=0XA2t000000blJn, Named Credential Name=WhatsApp_HSM_Integration_API, Status Code=200, Content-Type=application/json, Response Size bytes=127, Overall Callout Time ms=95, Connect Time ms=66, Interceptor Time ms=0
17:07:41.57 (385667007)|CALLOUT_RESPONSE|[56]|System.HttpResponse[Status=OK, StatusCode=200]
17:07:41.57 (385692898)|HEAP_ALLOCATE|[56]|Bytes:133
17:07:41.57 (385719738)|VARIABLE_SCOPE_BEGIN|[56]|res|System.HttpResponse|true|false
17:07:41.57 (385765309)|VARIABLE_ASSIGNMENT|[56]|res|"System.HttpResponse[Status=OK, StatusCode=200]"|0x67836fc4
17:07:41.57 (385772319)|STATEMENT_EXECUTE|[57]
17:07:41.57 (385780469)|HEAP_ALLOCATE|[57]|Bytes:8
17:07:41.57 (385861921)|HEAP_ALLOCATE|[57]|Bytes:46
17:07:41.57 (385880431)|HEAP_ALLOCATE|[57]|Bytes:54
17:07:41.57 (385903712)|USER_DEBUG|[57]|DEBUG|---res--System.HttpResponse[Status=OK, StatusCode=200]
17:07:41.57 (385938122)|STATEMENT_EXECUTE|[58]
17:07:41.57 (385982273)|HEAP_ALLOCATE|[58]|Bytes:127
17:07:41.57 (385992783)|HEAP_ALLOCATE|[58]|Bytes:135
17:07:41.57 (386002933)|USER_DEBUG|[58]|DEBUG|---res--{"response":[{"code":"1002","description":"Queued","transid":"adfb06ef-19ae-4aa0-8ebf-243cb1d4d238","correlationid":"ABC123"}]}
17:07:41.57 (386011983)|STATEMENT_EXECUTE|[59]
17:07:41.57 (386026744)|HEAP_ALLOCATE|[59]|Bytes:127
17:07:41.57 (386035314)|VARIABLE_SCOPE_BEGIN|[59]|objJSONResponse|String|false|false
17:07:41.57 (386048354)|VARIABLE_ASSIGNMENT|[59]|objJSONResponse|"{\"response\":[{\"code\" (107 more) ..."
17:07:41.57 (386053574)|STATEMENT_EXECUTE|[60]
17:07:41.57 (386056684)|HEAP_ALLOCATE|[60]|Bytes:23
17:07:41.57 (386062614)|HEAP_ALLOCATE|[60]|Bytes:150
17:07:41.57 (386081835)|USER_DEBUG|[60]|DEBUG|WhatsApp HttpResponse::{"response":[{"code":"1002","description":"Queued","transid":"adfb06ef-19ae-4aa0-8ebf-243cb1d4d238","correlationid":"ABC123"}]}
17:07:41.57 (386089785)|STATEMENT_EXECUTE|[62]
17:07:41.57 (386093125)|HEAP_ALLOCATE|[62]|Bytes:42
17:07:41.57 (386364220)|HEAP_ALLOCATE|[62]|Bytes:8
17:07:41.57 (386378250)|HEAP_ALLOCATE|[62]|Bytes:8
17:07:41.57 (386384850)|VARIABLE_SCOPE_BEGIN|[4]|this|System.Type|true|false
17:07:41.57 (386412751)|VARIABLE_ASSIGNMENT|[4]|this|{}|0x70e67b7
17:07:41.57 (386417591)|VARIABLE_SCOPE_BEGIN|[4]|apextype|java:common.apex.runtime.ApexObjectType|true|false
17:07:41.57 (386462592)|VARIABLE_ASSIGNMENT|[4]|apextype|"OrderCofirmationEmailLink.WhatsAppResponse"|0x7b8fd5dd
17:07:41.57 (386506753)|HEAP_ALLOCATE|[62]|Bytes:8
17:07:41.57 (386521093)|METHOD_ENTRY|[62]||System.JSON.deserialize(String, System.Type)
17:07:41.57 (387722275)|METHOD_EXIT|[62]||System.JSON.deserialize(String, System.Type)
17:07:41.57 (387737505)|VARIABLE_SCOPE_BEGIN|[62]|objWhatsAppResponse|OrderCofirmationEmailLink.WhatsAppResponse|true|false
17:07:41.57 (387765906)|VARIABLE_ASSIGNMENT|[62]|objWhatsAppResponse|{"response":"0x1d7a6749"}|0x693d988e
17:07:41.57 (387773016)|STATEMENT_EXECUTE|[63]
17:07:41.57 (387776876)|HEAP_ALLOCATE|[63]|Bytes:14
17:07:41.57 (387855017)|HEAP_ALLOCATE|[63]|Bytes:138
17:07:41.57 (387871788)|HEAP_ALLOCATE|[63]|Bytes:152
17:07:41.57 (387886788)|USER_DEBUG|[63]|DEBUG|heyyy responseWhatsAppResponse:[response=(Response:[code=1002, correlationid=ABC123, description=Queued, transid=adfb06ef-19ae-4aa0-8ebf-243cb1d4d238])]
17:07:41.57 (387898898)|METHOD_EXIT|[9]|01p2t000002TDko|OrderCofirmationEmailLink.sendThroughWhatsAppFuture(String, String, String, String, String, String, String, String, Date, Date)
17:07:41.387 (387953679)|CUMULATIVE_LIMIT_USAGE
17:07:41.387 (387953679)|LIMIT_USAGE_FOR_NS|(default)|
  Number of SOQL queries: 5 out of 200
  Number of query rows: 5 out of 50000
  Number of SOSL queries: 0 out of 20
  Number of DML statements: 0 out of 150
  Number of Publish Immediate DML: 0 out of 150
  Number of DML rows: 0 out of 10000
  Maximum CPU time: 85 out of 60000
  Maximum heap size: 0 out of 12000000
  Number of callouts: 2 out of 100
  Number of Email Invocations: 0 out of 10
  Number of future calls: 0 out of 50
  Number of queueable jobs added to the queue: 0 out of 50
  Number of Mobile Apex push calls: 0 out of 10

17:07:41.387 (387953679)|CUMULATIVE_LIMIT_USAGE_END

17:07:41.57 (388019260)|CODE_UNIT_FINISHED|OrderCofirmationEmailLink.sendEmailLinkConfirmOrder(List<Id>)
17:07:41.3 (392784007)|FLOW_START_INTERVIEWS_END|1
17:07:41.3 (393013531)|FLOW_INTERVIEW_FINISHED|989400fdfc9e6a0cc14442a1c87819d9b29deaa-2149|Send Whatsapp Message On Order Confirmed
