66.0 APEX_CODE,FINEST;APEX_PROFILING,INFO;CALLOUT,INFO;DATA_ACCESS,INFO;DB,INFO;NBA,INFO;SYSTEM,DEBUG;VALIDATION,INFO;VISUALFORCE,INFO;WAVE,INFO;WORKFLOW,INFO
17:09:12.0 (194304)|USER_INFO|[EXTERNAL]|0052t000000K4aE|rmdsupport1@timesgroup.com|(GMT+05:30) India Standard Time (Asia/Kolkata)|GMT+05:30
17:09:12.0 (2632689)|FLOW_CREATE_INTERVIEW_BEGIN|00D7F000005Cdii|3002t0000004QPx|301Ie000000gAAo
17:09:12.0 (2719651)|FLOW_CREATE_INTERVIEW_END|52206ea7892595d10bb55c504d8919d9b23ce5a-6151|Send Whatsapp Message On Order Confirmed
17:09:12.3 (3955848)|USER_INFO|[EXTERNAL]|0052t000000K4aE|rmdsupport1@timesgroup.com|(GMT+05:30) India Standard Time (Asia/Kolkata)|GMT+05:30
17:09:12.3 (3981698)|FLOW_START_INTERVIEWS_BEGIN|1
17:09:12.3 (4005169)|FLOW_START_INTERVIEW_BEGIN|52206ea7892595d10bb55c504d8919d9b23ce5a-6151|Send Whatsapp Message On Order Confirmed
17:09:12.3 (4185864)|FLOW_START_INTERVIEW_END|52206ea7892595d10bb55c504d8919d9b23ce5a-6151|Send Whatsapp Message On Order Confirmed
17:09:12.41 (41614994)|CODE_UNIT_STARTED|[EXTERNAL]|01p2t000002TDko|OrderCofirmationEmailLink.sendEmailLinkConfirmOrder(List<Id>)
17:09:12.41 (41676595)|HEAP_ALLOCATE|[EXTERNAL]|Bytes:8
17:09:12.41 (41922283)|HEAP_ALLOCATE|[95]|Bytes:3
17:09:12.41 (41969103)|HEAP_ALLOCATE|[100]|Bytes:152
17:09:12.41 (41990885)|HEAP_ALLOCATE|[417]|Bytes:408
17:09:12.41 (42010984)|HEAP_ALLOCATE|[430]|Bytes:408
17:09:12.41 (42042425)|HEAP_ALLOCATE|[317]|Bytes:6
17:09:12.41 (42060177)|HEAP_ALLOCATE|[EXTERNAL]|Bytes:69
17:09:12.41 (42065916)|HEAP_ALLOCATE|[EXTERNAL]|Bytes:7
17:09:12.41 (42069706)|HEAP_ALLOCATE|[EXTERNAL]|Bytes:24
17:09:12.41 (42084076)|METHOD_ENTRY|[1]|01p2t000002TDko|OrderCofirmationEmailLink.OrderCofirmationEmailLink()
17:09:12.41 (42090128)|STATEMENT_EXECUTE|[1]
17:09:12.41 (42096267)|STATEMENT_EXECUTE|[1]
17:09:12.41 (42098467)|STATEMENT_EXECUTE|[95]
17:09:12.41 (42100787)|STATEMENT_EXECUTE|[99]
17:09:12.41 (42102787)|STATEMENT_EXECUTE|[105]
17:09:12.41 (42104757)|STATEMENT_EXECUTE|[111]
17:09:12.41 (42106957)|STATEMENT_EXECUTE|[121]
17:09:12.41 (42108968)|STATEMENT_EXECUTE|[131]
17:09:12.41 (42115547)|METHOD_EXIT|[1]|OrderCofirmationEmailLink
17:09:12.41 (42154210)|HEAP_ALLOCATE|[EXTERNAL]|Bytes:8
17:09:12.41 (42163629)|VARIABLE_SCOPE_BEGIN|[4]|accIds|List<Id>|true|false
17:09:12.41 (42205331)|VARIABLE_ASSIGNMENT|[4]|accIds|["0012t00000Fx41oAAB"]|0x1fd589b5
17:09:12.41 (42215790)|STATEMENT_EXECUTE|[4]
17:09:12.41 (42218080)|STATEMENT_EXECUTE|[5]
17:09:12.41 (42221441)|HEAP_ALLOCATE|[5]|Bytes:37
17:09:12.41 (42276552)|HEAP_ALLOCATE|[5]|Bytes:20
17:09:12.41 (42295384)|HEAP_ALLOCATE|[5]|Bytes:57
17:09:12.41 (42319464)|HEAP_ALLOCATE|[68]|Bytes:5
17:09:12.41 (42342895)|HEAP_ALLOCATE|[74]|Bytes:5
17:09:12.41 (42352444)|HEAP_ALLOCATE|[82]|Bytes:7
17:09:12.41 (42381085)|USER_DEBUG|[5]|DEBUG|---accIds-Rahul--InvocableMethod-@@@-(0012t00000Fx41oAAB)
17:09:12.41 (42391597)|STATEMENT_EXECUTE|[6]
17:09:12.41 (42394937)|HEAP_ALLOCATE|[6]|Bytes:182
17:09:12.41 (42410827)|HEAP_ALLOCATE|[6]|Bytes:4
17:09:12.41 (42421697)|HEAP_ALLOCATE|[6]|Bytes:7
17:09:12.41 (43513080)|SOQL_EXECUTE_BEGIN|[6]|Aggregations:0|SELECT id, Name, RMD_Opt_In__c, RMD_SMS_Mobile__c, Email_Verification_Link__c FROM Account WHERE (Id IN :tmpVar1 AND Email_Verification_Link__c != NULL AND Email_Verified__c = FALSE)
17:09:12.41 (59306092)|SOQL_EXECUTE_END|[6]|Rows:1
17:09:12.41 (59362643)|HEAP_ALLOCATE|[6]|Bytes:8
17:09:12.41 (59383164)|HEAP_ALLOCATE|[6]|Bytes:159
17:09:12.41 (59480077)|HEAP_ALLOCATE|[6]|Bytes:8
17:09:12.41 (59501767)|HEAP_ALLOCATE|[6]|Bytes:33
17:09:12.41 (59570030)|HEAP_ALLOCATE|[6]|Bytes:24
17:09:12.41 (59578720)|VARIABLE_SCOPE_BEGIN|[6]|acc|Account|true|false
17:09:12.41 (59676993)|VARIABLE_ASSIGNMENT|[6]|acc|{"Id":"0012t00000Fx41oAAB","RMD_Opt_In__c":true,"Email_Verification_Link__c":"https://subt.in/TOIC (9 more) ...","RMD_SMS_Mobile__c":"9968313891","Name":"Muthu Raman"}|0x7fcfad1c
17:09:12.41 (59685693)|STATEMENT_EXECUTE|[7]
17:09:12.41 (59690013)|HEAP_ALLOCATE|[7]|Bytes:231
17:09:12.41 (59706334)|HEAP_ALLOCATE|[7]|Bytes:4
17:09:12.41 (59769425)|HEAP_ALLOCATE|[7]|Bytes:7
17:09:12.41 (59775556)|HEAP_ALLOCATE|[7]|Bytes:4
17:09:12.41 (60461797)|SOQL_EXECUTE_BEGIN|[7]|Aggregations:0|SELECT id, AccountId, RMD_Order_Type__c, RMD_Publisher_Name__c, RMD_CRM_Email__c, EffectiveDate, EndDate, RMD_Order_Form__c FROM Order WHERE (AccountId = :tmpVar1 AND Status = :tmpVar2) ORDER BY createdDate DESC NULLS FIRST LIMIT 1
17:09:12.41 (100216595)|SOQL_EXECUTE_END|[7]|Rows:1
17:09:12.41 (100258186)|HEAP_ALLOCATE|[7]|Bytes:8
17:09:12.41 (100282907)|HEAP_ALLOCATE|[7]|Bytes:245
17:09:12.41 (100391710)|HEAP_ALLOCATE|[7]|Bytes:8
17:09:12.41 (100415460)|HEAP_ALLOCATE|[7]|Bytes:31
17:09:12.41 (100486963)|HEAP_ALLOCATE|[7]|Bytes:36
17:09:12.41 (100497572)|VARIABLE_SCOPE_BEGIN|[7]|eachOrder|Order|true|false
17:09:12.41 (100635677)|VARIABLE_ASSIGNMENT|[7]|eachOrder|{"RMD_Order_Form__c":"NDT51597322","AccountId":"0012t00000Fx41oAAB","RMD_Order_Type__c":"Renewal","Id":"801e200000PVYlNAAX","RMD_CRM_Email__c":"crm.delhi@timesofind (6 more) ...","RMD_Publisher_Name__c":"The Times of India","EndDate":"2027-05-07T00:00:00.000Z","EffectiveDate":"2026-05-08T00:00:00.000Z"}|0x2012155b
17:09:12.41 (100646217)|STATEMENT_EXECUTE|[8]
17:09:12.41 (100779531)|USER_DEBUG|[8]|DEBUG|Order:{Id=801e200000PVYlNAAX, AccountId=0012t00000Fx41oAAB, RMD_Order_Type__c=Renewal, RMD_Publisher_Name__c=The Times of India, RMD_CRM_Email__c=crm.delhi@timesofindia.com, EffectiveDate=2026-05-08 00:00:00, EndDate=2027-05-07 00:00:00, RMD_Order_Form__c=NDT51597322}
17:09:12.41 (100793732)|STATEMENT_EXECUTE|[9]
17:09:12.41 (100870033)|HEAP_ALLOCATE|[9]|Bytes:13
17:09:12.41 (101030629)|HEAP_ALLOCATE|[9]|Bytes:18
17:09:12.41 (101095261)|METHOD_ENTRY|[9]|01p2t000002TDko|OrderCofirmationEmailLink.sendThroughWhatsAppFuture(String, String, String, String, String, String, String, String, Date, Date)
17:09:12.41 (101121501)|VARIABLE_SCOPE_BEGIN|[13]|orderType|String|false|false
17:09:12.41 (101134822)|VARIABLE_ASSIGNMENT|[13]|orderType|"Renewal"
17:09:12.41 (101139012)|VARIABLE_SCOPE_BEGIN|[13]|phone|String|false|false
17:09:12.41 (101146042)|VARIABLE_ASSIGNMENT|[13]|phone|"9968313891"
17:09:12.41 (101149722)|VARIABLE_SCOPE_BEGIN|[13]|accName|String|false|false
17:09:12.41 (101156903)|VARIABLE_ASSIGNMENT|[13]|accName|"Muthu Raman"
17:09:12.41 (101160443)|VARIABLE_SCOPE_BEGIN|[13]|publicationName|String|false|false
17:09:12.41 (101167373)|VARIABLE_ASSIGNMENT|[13]|publicationName|"The Times of India"
17:09:12.41 (101170933)|VARIABLE_SCOPE_BEGIN|[13]|orderFormNumber|String|false|false
17:09:12.41 (101177483)|VARIABLE_ASSIGNMENT|[13]|orderFormNumber|"NDT51597322"
17:09:12.41 (101181023)|VARIABLE_SCOPE_BEGIN|[13]|uniqueLinkMail|String|false|false
17:09:12.41 (101188083)|VARIABLE_ASSIGNMENT|[13]|uniqueLinkMail|"uniqueLinkSMS"
17:09:12.41 (101191564)|VARIABLE_SCOPE_BEGIN|[13]|emailCRM|String|false|false
17:09:12.41 (101199294)|VARIABLE_ASSIGNMENT|[13]|emailCRM|"crm.delhi@timesofind (6 more) ..."
17:09:12.41 (101202844)|VARIABLE_SCOPE_BEGIN|[13]|recordId|String|false|false
17:09:12.41 (101209694)|VARIABLE_ASSIGNMENT|[13]|recordId|"0012t00000Fx41oAAB"
17:09:12.41 (101216164)|VARIABLE_SCOPE_BEGIN|[13]|startDate|Date|false|false
17:09:12.41 (101229165)|VARIABLE_ASSIGNMENT|[13]|startDate|"2026-05-08T00:00:00.000Z"
17:09:12.41 (101235595)|VARIABLE_SCOPE_BEGIN|[13]|endDate|Date|false|false
17:09:12.41 (101244685)|VARIABLE_ASSIGNMENT|[13]|endDate|"2027-05-07T00:00:00.000Z"
17:09:12.41 (101252815)|STATEMENT_EXECUTE|[13]
17:09:12.41 (101255695)|STATEMENT_EXECUTE|[14]
17:09:12.41 (101258996)|HEAP_ALLOCATE|[14]|Bytes:52
17:09:12.41 (101276066)|HEAP_ALLOCATE|[14]|Bytes:4
17:09:12.41 (101827672)|SOQL_EXECUTE_BEGIN|[14]|Aggregations:0|SELECT Id FROM Site WHERE Name = 'EmailVerification'
17:09:12.41 (115381278)|SOQL_EXECUTE_END|[14]|Rows:1
17:09:12.41 (115420469)|HEAP_ALLOCATE|[14]|Bytes:8
17:09:12.41 (115440599)|HEAP_ALLOCATE|[14]|Bytes:29
17:09:12.41 (115542363)|HEAP_ALLOCATE|[14]|Bytes:8
17:09:12.41 (115564103)|HEAP_ALLOCATE|[14]|Bytes:30
17:09:12.41 (115630395)|HEAP_ALLOCATE|[14]|Bytes:8
17:09:12.41 (115638865)|VARIABLE_SCOPE_BEGIN|[14]|mySite|Site|true|false
17:09:12.41 (115708457)|VARIABLE_ASSIGNMENT|[14]|mySite|{"Id":"0DM2t000000CcOVGA0"}|0x36c829c6
17:09:12.41 (115715747)|STATEMENT_EXECUTE|[15]
17:09:12.41 (115719318)|HEAP_ALLOCATE|[15]|Bytes:59
17:09:12.41 (115736318)|HEAP_ALLOCATE|[15]|Bytes:4
17:09:12.41 (116241243)|SOQL_EXECUTE_BEGIN|[15]|Aggregations:0|SELECT SecureURL FROM SiteDetail WHERE DurableId = :tmpVar1
17:09:12.41 (119573723)|SOQL_EXECUTE_END|[15]|Rows:1
17:09:12.41 (119591734)|HEAP_ALLOCATE|[15]|Bytes:8
17:09:12.41 (119603873)|HEAP_ALLOCATE|[15]|Bytes:120
17:09:12.41 (119658136)|HEAP_ALLOCATE|[15]|Bytes:8
17:09:12.41 (119671506)|HEAP_ALLOCATE|[15]|Bytes:36
17:09:12.41 (119715717)|HEAP_ALLOCATE|[15]|Bytes:16
17:09:12.41 (119722587)|VARIABLE_SCOPE_BEGIN|[15]|mySiteDetail|SiteDetail|true|false
17:09:12.41 (119785939)|VARIABLE_ASSIGNMENT|[15]|mySiteDetail|{"SecureUrl":"https://timesofindia (30 more) ...","DurableId":"0DM2t000000CcOV","Id":"000000000000000AAA"}|0x38068253
17:09:12.41 (119792770)|STATEMENT_EXECUTE|[16]
17:09:12.41 (119814490)|HEAP_ALLOCATE|[16]|Bytes:10
17:09:12.41 (119820910)|HEAP_ALLOCATE|[16]|Bytes:24
17:09:12.41 (119837821)|HEAP_ALLOCATE|[16]|Bytes:102
17:09:12.41 (119844431)|VARIABLE_SCOPE_BEGIN|[16]|uniqueLinkSMS|String|false|false
17:09:12.41 (119854421)|VARIABLE_ASSIGNMENT|[16]|uniqueLinkSMS|"https://timesofindia (82 more) ..."
17:09:12.41 (119859591)|STATEMENT_EXECUTE|[17]
17:09:12.41 (119875932)|METHOD_ENTRY|[17]|01p2t000002TDko|OrderCofirmationEmailLink.shortenURL(String)
17:09:12.41 (119925513)|VARIABLE_SCOPE_BEGIN|[67]|url|String|false|false
17:09:12.41 (119935994)|VARIABLE_ASSIGNMENT|[67]|url|"https://timesofindia (82 more) ..."
17:09:12.41 (119943124)|STATEMENT_EXECUTE|[67]
17:09:12.41 (119945354)|STATEMENT_EXECUTE|[68]
17:09:12.41 (119950414)|VARIABLE_SCOPE_BEGIN|[68]|urlValue|String|false|false
17:09:12.41 (119959334)|VARIABLE_ASSIGNMENT|[68]|urlValue|""
17:09:12.41 (119962975)|STATEMENT_EXECUTE|[69]
17:09:12.41 (119986115)|VARIABLE_SCOPE_BEGIN|[69]|req|System.HttpRequest|true|false
17:09:12.41 (120079918)|VARIABLE_ASSIGNMENT|[69]|req|"System.HttpRequest[Endpoint=null, Method=null]"|0x7de9f82f
17:09:12.41 (120086588)|STATEMENT_EXECUTE|[70]
17:09:12.41 (120214322)|HEAP_ALLOCATE|[70]|Bytes:4
17:09:12.41 (120309105)|VARIABLE_SCOPE_BEGIN|[70]|objShortUrlConfiguration|ShortUrlConfiguration__c|true|false
17:09:12.41 (120324315)|VARIABLE_ASSIGNMENT|[70]|objShortUrlConfiguration|{}|0x47cfb831
17:09:12.41 (120329575)|STATEMENT_EXECUTE|[71]
17:09:12.41 (120345836)|HEAP_ALLOCATE|[71]|Bytes:4
17:09:12.41 (120393797)|VARIABLE_SCOPE_BEGIN|[71]|listConfig|List<ShortUrlConfiguration__c>|true|false
17:09:12.41 (120402628)|HEAP_ALLOCATE|[EXTERNAL]|Bytes:4
17:09:12.41 (120421458)|VARIABLE_ASSIGNMENT|[71]|listConfig|[]|0x640292c0
17:09:12.41 (120427328)|STATEMENT_EXECUTE|[72]
17:09:12.41 (120430948)|HEAP_ALLOCATE|[72]|Bytes:124
17:09:12.41 (120441019)|HEAP_ALLOCATE|[72]|Bytes:4
17:09:12.41 (120909773)|SOQL_EXECUTE_BEGIN|[72]|Aggregations:0|SELECT apiKey__c, format__c, login__c, EndPointUrl__c FROM ShortUrlConfiguration__c WHERE Name = 'ShortUrlGenerator' LIMIT 1
17:09:12.41 (134994794)|SOQL_EXECUTE_END|[72]|Rows:1
17:09:12.41 (135034955)|HEAP_ALLOCATE|[72]|Bytes:8
17:09:12.41 (135061775)|HEAP_ALLOCATE|[72]|Bytes:168
17:09:12.41 (135117188)|HEAP_ALLOCATE|[72]|Bytes:8
17:09:12.41 (135262092)|VARIABLE_ASSIGNMENT|[72]|listConfig|[{"login__c":"times","EndPointUrl__c":"https://subt.in/micr (20 more) ...","Id":"a1B2t000000DUZ6EAO","apiKey__c":"R_66d9bc26baca7507b6 (14 more) ...","format__c":"json"}]|0x41609164
17:09:12.41 (135330294)|STATEMENT_EXECUTE|[74]
17:09:12.41 (135333863)|STATEMENT_EXECUTE|[75]
17:09:12.41 (135389476)|HEAP_ALLOCATE|[75]|Bytes:24
17:09:12.41 (135443417)|VARIABLE_ASSIGNMENT|[75]|objShortUrlConfiguration|{"login__c":"times","EndPointUrl__c":"https://subt.in/micr (20 more) ...","Id":"a1B2t000000DUZ6EAO","apiKey__c":"R_66d9bc26baca7507b6 (14 more) ...","format__c":"json"}|0x39e62af7
17:09:12.41 (135482438)|STATEMENT_EXECUTE|[78]
17:09:12.41 (135486139)|STATEMENT_EXECUTE|[79]
17:09:12.41 (135512979)|HEAP_ALLOCATE|[79]|Bytes:7
17:09:12.41 (135526149)|HEAP_ALLOCATE|[79]|Bytes:8
17:09:12.41 (135539780)|HEAP_ALLOCATE|[79]|Bytes:8
17:09:12.41 (135555390)|HEAP_ALLOCATE|[79]|Bytes:102
17:09:12.41 (135565571)|HEAP_ALLOCATE|[79]|Bytes:5
17:09:12.41 (135577451)|HEAP_ALLOCATE|[79]|Bytes:153
17:09:12.41 (135585001)|HEAP_ALLOCATE|[79]|Bytes:255
17:09:12.41 (135591692)|VARIABLE_SCOPE_BEGIN|[79]|endPointUrl|String|false|false
17:09:12.41 (135602912)|VARIABLE_ASSIGNMENT|[79]|endPointUrl|"https://subt.in/micr (235 more) ..."
17:09:12.41 (135607052)|STATEMENT_EXECUTE|[80]
17:09:12.41 (135673624)|STATEMENT_EXECUTE|[81]
17:09:12.41 (135677304)|HEAP_ALLOCATE|[81]|Bytes:4
17:09:12.41 (135699995)|STATEMENT_EXECUTE|[82]
17:09:12.41 (135703155)|HEAP_ALLOCATE|[82]|Bytes:12
17:09:12.41 (135708525)|HEAP_ALLOCATE|[82]|Bytes:16
17:09:12.41 (135732246)|STATEMENT_EXECUTE|[83]
17:09:12.41 (135735106)|HEAP_ALLOCATE|[83]|Bytes:3
17:09:12.41 (135767177)|HEAP_ALLOCATE|[83]|Bytes:297
17:09:12.41 (135780547)|HEAP_ALLOCATE|[83]|Bytes:300
17:09:12.41 (135795518)|USER_DEBUG|[83]|DEBUG|reqSystem.HttpRequest[Endpoint=https://subt.in/micron/restshortner.html?login=times&apiKey=R_66d9bc26baca7507b68b196a47657721&format=json&url=https://timesofindia.my.site.com/emailverification/s/?accId=0012t00000Fx41oAAB_SMS%26sms_header=TOICRM&apiKey=R_66d9bc26baca7507b68b196a47657721, Method=POST]
17:09:12.41 (135805398)|STATEMENT_EXECUTE|[84]
17:09:12.41 (135946212)|CALLOUT_REQUEST|[84]|System.HttpRequest[Endpoint=https://subt.in/micron/restshortner.html?login=times&apiKey=R_66d9bc26baca7507b68b196a47657721&format=json&url=https://timesofindia.my.site.com/emailverification/s/?accId=0012t00000Fx41oAAB_SMS%26sms_header=TOICRM&apiKey=R_66d9bc26baca7507b68b196a47657721, Method=POST]
17:09:12.41 (174507455)|HEAP_ALLOCATE|[EXTERNAL]|Bytes:665
17:09:12.41 (176291457)|CALLOUT_RESPONSE|[84]|System.HttpResponse[Status=null, StatusCode=200]
17:09:12.41 (176460892)|HEAP_ALLOCATE|[84]|Bytes:294
17:09:12.41 (176496343)|VARIABLE_SCOPE_BEGIN|[84]|res|System.HttpResponse|true|false
17:09:12.41 (176556285)|VARIABLE_ASSIGNMENT|[84]|res|"System.HttpResponse[Status=null, StatusCode=200]"|0x2c3cfa13
17:09:12.41 (176563645)|STATEMENT_EXECUTE|[85]
17:09:12.41 (176571147)|HEAP_ALLOCATE|[85]|Bytes:13
17:09:12.41 (176645808)|HEAP_ALLOCATE|[85]|Bytes:290
17:09:12.41 (176665208)|HEAP_ALLOCATE|[85]|Bytes:303
17:09:12.41 (176687539)|USER_DEBUG|[85]|DEBUG|res.getBody(){
    "status_code": 200, 
    "data": { 
        "url": "http:\/\/subt.in\/TOICRM\/LlMQ9Y",
        "hash": "TOICRM\/LlMQ9Y", 
        "long_url": "https:\/\/timesofindia.my.site.com\/emailverification\/s\/?accId=0012t00000Fx41oAAB_SMS&sms_header=TOICRM"
    }, 
    "status_txt": "OK"
 }

17:09:12.41 (176723671)|STATEMENT_EXECUTE|[87]
17:09:12.41 (176726080)|STATEMENT_EXECUTE|[88]
17:09:12.41 (176744101)|HEAP_ALLOCATE|[88]|Bytes:290
17:09:12.41 (176816133)|HEAP_ALLOCATE|[88]|Bytes:24
17:09:12.41 (176833383)|SYSTEM_METHOD_ENTRY|[1]|JSON.JSON()
17:09:12.41 (176838115)|STATEMENT_EXECUTE|[1]
17:09:12.41 (176849264)|SYSTEM_METHOD_EXIT|[1]|JSON
17:09:12.41 (176860804)|METHOD_ENTRY|[88]||System.JSON.deserializeUntyped(String)
17:09:12.41 (177485494)|METHOD_EXIT|[88]||System.JSON.deserializeUntyped(String)
17:09:12.41 (177496793)|VARIABLE_SCOPE_BEGIN|[88]|response|Map<String,ANY>|true|false
17:09:12.41 (177535284)|VARIABLE_ASSIGNMENT|[88]|response|{"status_code":200,"data":{"url":"http://subt.in/TOICR (8 more) ...","hash":"TOICRM/LlMQ9Y","long_url":"https://timesofindia (80 more) ..."},"status_txt":"OK"}|0x75f20d90
17:09:12.41 (177542924)|STATEMENT_EXECUTE|[89]
17:09:12.41 (177547016)|HEAP_ALLOCATE|[89]|Bytes:4
17:09:12.41 (177597107)|VARIABLE_SCOPE_BEGIN|[89]|dataMap|Map<String,ANY>|true|false
17:09:12.41 (177619327)|VARIABLE_ASSIGNMENT|[89]|dataMap|{"url":"http://subt.in/TOICR (8 more) ...","hash":"TOICRM/LlMQ9Y","long_url":"https://timesofindia (80 more) ..."}|0x4219e7e5
17:09:12.41 (177628207)|STATEMENT_EXECUTE|[90]
17:09:12.41 (177632788)|HEAP_ALLOCATE|[90]|Bytes:3
17:09:12.41 (177672699)|VARIABLE_ASSIGNMENT|[90]|urlValue|"http://subt.in/TOICR (8 more) ..."
17:09:12.41 (177680760)|STATEMENT_EXECUTE|[93]
17:09:12.41 (177687870)|METHOD_EXIT|[17]|01p2t000002TDko|OrderCofirmationEmailLink.shortenURL(String)
17:09:12.41 (177699950)|VARIABLE_ASSIGNMENT|[17]|uniqueLinkSMS|"http://subt.in/TOICR (8 more) ..."
17:09:12.41 (177705649)|STATEMENT_EXECUTE|[18]
17:09:12.41 (177899926)|HEAP_ALLOCATE|[18]|Bytes:36
17:09:12.41 (177920527)|CONSTRUCTOR_ENTRY|[18]|01p2t000002TDko|<init>()|OrderCofirmationEmailLink.Parameters
17:09:12.41 (177953577)|VARIABLE_SCOPE_BEGIN|[111]|this|OrderCofirmationEmailLink.Parameters|true|false
17:09:12.41 (178004239)|VARIABLE_ASSIGNMENT|[111]|this|{}|0x7ffca163
17:09:12.41 (178017279)|HEAP_ALLOCATE|[EXTERNAL]|Bytes:6
17:09:12.41 (178048590)|STATEMENT_EXECUTE|[111]
17:09:12.41 (178051070)|STATEMENT_EXECUTE|[112]
17:09:12.41 (178053171)|STATEMENT_EXECUTE|[113]
17:09:12.41 (178055091)|STATEMENT_EXECUTE|[114]
17:09:12.41 (178057021)|STATEMENT_EXECUTE|[115]
17:09:12.41 (178058911)|STATEMENT_EXECUTE|[116]
17:09:12.41 (178060811)|STATEMENT_EXECUTE|[117]
17:09:12.41 (178062721)|STATEMENT_EXECUTE|[118]
17:09:12.41 (178064621)|STATEMENT_EXECUTE|[119]
17:09:12.41 (178068531)|CONSTRUCTOR_EXIT|[18]|01p2t000002TDko|<init>()|OrderCofirmationEmailLink.Parameters
17:09:12.41 (178074691)|VARIABLE_SCOPE_BEGIN|[18]|p|OrderCofirmationEmailLink.Parameters|true|false
17:09:12.41 (178091522)|VARIABLE_ASSIGNMENT|[18]|p|{}|0x7ffca163
17:09:12.41 (178096392)|STATEMENT_EXECUTE|[19]
17:09:12.41 (178099982)|HEAP_ALLOCATE|[19]|Bytes:2
17:09:12.41 (178110582)|HEAP_ALLOCATE|[19]|Bytes:12
17:09:12.41 (178125293)|VARIABLE_ASSIGNMENT|[19]|this.MSISDN|"919968313891"|0x7ffca163
17:09:12.41 (178130943)|STATEMENT_EXECUTE|[20]
17:09:12.41 (178137893)|VARIABLE_ASSIGNMENT|[20]|this.Var1|"Muthu Raman"|0x7ffca163
17:09:12.41 (178143103)|STATEMENT_EXECUTE|[21]
17:09:12.41 (178149513)|VARIABLE_ASSIGNMENT|[21]|this.Var2|"The Times of India"|0x7ffca163
17:09:12.41 (178156404)|HEAP_ALLOCATE|[22]|Bytes:5
17:09:12.41 (178177174)|STATEMENT_EXECUTE|[28]
17:09:12.41 (178179604)|STATEMENT_EXECUTE|[29]
17:09:12.41 (178183144)|HEAP_ALLOCATE|[29]|Bytes:31
17:09:12.41 (178195505)|VARIABLE_ASSIGNMENT|[29]|this.templatename|"utemailverificationr (11 more) ..."|0x7ffca163
17:09:12.41 (178202085)|STATEMENT_EXECUTE|[30]
17:09:12.41 (178278457)|HEAP_ALLOCATE|[30]|Bytes:1
17:09:12.41 (178293008)|HEAP_ALLOCATE|[30]|Bytes:1
17:09:12.41 (178318678)|HEAP_ALLOCATE|[30]|Bytes:1
17:09:12.41 (178348429)|HEAP_ALLOCATE|[30]|Bytes:4
17:09:12.41 (178362450)|HEAP_ALLOCATE|[30]|Bytes:8
17:09:12.41 (178374290)|VARIABLE_ASSIGNMENT|[30]|this.Var3|"8/5/2026"|0x7ffca163
17:09:12.41 (178379820)|STATEMENT_EXECUTE|[31]
17:09:12.41 (178412441)|HEAP_ALLOCATE|[31]|Bytes:1
17:09:12.41 (178440872)|HEAP_ALLOCATE|[31]|Bytes:1
17:09:12.41 (178466443)|HEAP_ALLOCATE|[31]|Bytes:4
17:09:12.41 (178478483)|HEAP_ALLOCATE|[31]|Bytes:8
17:09:12.41 (178489463)|VARIABLE_ASSIGNMENT|[31]|this.Var4|"7/5/2027"|0x7ffca163
17:09:12.41 (178495324)|STATEMENT_EXECUTE|[32]
17:09:12.41 (178501974)|VARIABLE_ASSIGNMENT|[32]|this.Var5|"http://subt.in/TOICR (8 more) ..."|0x7ffca163
17:09:12.41 (178506064)|STATEMENT_EXECUTE|[33]
17:09:12.41 (178512484)|VARIABLE_ASSIGNMENT|[33]|this.Var6|"crm.delhi@timesofind (6 more) ..."|0x7ffca163
17:09:12.41 (178516344)|STATEMENT_EXECUTE|[36]
17:09:12.41 (178636478)|HEAP_ALLOCATE|[36]|Bytes:3
17:09:12.41 (178650258)|HEAP_ALLOCATE|[36]|Bytes:16
17:09:12.41 (178662349)|CONSTRUCTOR_ENTRY|[36]|01p2t000002TDko|<init>()|OrderCofirmationEmailLink.Events
17:09:12.41 (178679219)|VARIABLE_SCOPE_BEGIN|[135]|this|OrderCofirmationEmailLink.Events|true|false
17:09:12.41 (178702510)|VARIABLE_ASSIGNMENT|[135]|this|{}|0x319172bf
17:09:12.41 (178710190)|STATEMENT_EXECUTE|[131]
17:09:12.41 (178712740)|STATEMENT_EXECUTE|[132]
17:09:12.41 (178714800)|STATEMENT_EXECUTE|[133]
17:09:12.41 (178716800)|STATEMENT_EXECUTE|[134]
17:09:12.41 (178732881)|STATEMENT_EXECUTE|[135]
17:09:12.41 (178735291)|STATEMENT_EXECUTE|[136]
17:09:12.41 (178738101)|HEAP_ALLOCATE|[136]|Bytes:4
17:09:12.41 (178749581)|VARIABLE_ASSIGNMENT|[136]|this.evtid|"4792"|0x319172bf
17:09:12.41 (178754101)|STATEMENT_EXECUTE|[137]
17:09:12.41 (178756831)|HEAP_ALLOCATE|[137]|Bytes:6
17:09:12.41 (178765342)|VARIABLE_ASSIGNMENT|[137]|this.correlationid|"ABC123"|0x319172bf
17:09:12.41 (178769762)|STATEMENT_EXECUTE|[138]
17:09:12.41 (178773582)|HEAP_ALLOCATE|[138]|Bytes:36
17:09:12.41 (178779332)|CONSTRUCTOR_ENTRY|[138]|01p2t000002TDko|<init>()|OrderCofirmationEmailLink.Parameters
17:09:12.41 (178803483)|VARIABLE_SCOPE_BEGIN|[111]|this|OrderCofirmationEmailLink.Parameters|true|false
17:09:12.41 (178819253)|VARIABLE_ASSIGNMENT|[111]|this|{}|0x71de9d8b
17:09:12.41 (178834384)|STATEMENT_EXECUTE|[111]
17:09:12.41 (178836644)|STATEMENT_EXECUTE|[112]
17:09:12.41 (178838744)|STATEMENT_EXECUTE|[113]
17:09:12.41 (178840624)|STATEMENT_EXECUTE|[114]
17:09:12.41 (178842544)|STATEMENT_EXECUTE|[115]
17:09:12.41 (178844454)|STATEMENT_EXECUTE|[116]
17:09:12.41 (178846354)|STATEMENT_EXECUTE|[117]
17:09:12.41 (178848264)|STATEMENT_EXECUTE|[118]
17:09:12.41 (178850404)|STATEMENT_EXECUTE|[119]
17:09:12.41 (178854124)|CONSTRUCTOR_EXIT|[138]|01p2t000002TDko|<init>()|OrderCofirmationEmailLink.Parameters
17:09:12.41 (178864645)|VARIABLE_ASSIGNMENT|[138]|this.parameters|0x71de9d8b|0x319172bf
17:09:12.41 (178873615)|CONSTRUCTOR_EXIT|[36]|01p2t000002TDko|<init>()|OrderCofirmationEmailLink.Events
17:09:12.41 (178882215)|VARIABLE_SCOPE_BEGIN|[36]|eve|OrderCofirmationEmailLink.Events|true|false
17:09:12.41 (178910306)|VARIABLE_ASSIGNMENT|[36]|eve|{"correlationid":"ABC123","evtid":"4792","parameters":"0x71de9d8b"}|0x319172bf
17:09:12.41 (178918256)|STATEMENT_EXECUTE|[37]
17:09:12.41 (178925676)|VARIABLE_ASSIGNMENT|[37]|this.parameters|0x7ffca163|0x319172bf
17:09:12.41 (178932787)|STATEMENT_EXECUTE|[39]
17:09:12.41 (179031519)|HEAP_ALLOCATE|[39]|Bytes:3
17:09:12.41 (179063220)|HEAP_ALLOCATE|[39]|Bytes:12
17:09:12.41 (179076281)|CONSTRUCTOR_ENTRY|[39]|01p2t000002TDko|<init>()|OrderCofirmationEmailLink.ObjectWrapper
17:09:12.41 (179094561)|VARIABLE_SCOPE_BEGIN|[125]|this|OrderCofirmationEmailLink.ObjectWrapper|true|false
17:09:12.41 (179119622)|VARIABLE_ASSIGNMENT|[125]|this|{}|0x1601766b
17:09:12.41 (179126682)|STATEMENT_EXECUTE|[121]
17:09:12.41 (179129132)|STATEMENT_EXECUTE|[122]
17:09:12.41 (179131302)|STATEMENT_EXECUTE|[123]
17:09:12.41 (179145143)|STATEMENT_EXECUTE|[125]
17:09:12.41 (179147543)|STATEMENT_EXECUTE|[126]
17:09:12.41 (179157163)|HEAP_ALLOCATE|[126]|Bytes:4
17:09:12.41 (179238836)|HEAP_ALLOCATE|[EXTERNAL]|Bytes:4
17:09:12.41 (179259206)|VARIABLE_ASSIGNMENT|[126]|this.events|[]|0x1601766b
17:09:12.41 (179263816)|STATEMENT_EXECUTE|[127]
17:09:12.41 (179272437)|VARIABLE_ASSIGNMENT|[127]|this.notifyurl|""|0x1601766b
17:09:12.41 (179279708)|CONSTRUCTOR_EXIT|[39]|01p2t000002TDko|<init>()|OrderCofirmationEmailLink.ObjectWrapper
17:09:12.41 (179285588)|VARIABLE_SCOPE_BEGIN|[39]|objObjectWrapper|OrderCofirmationEmailLink.ObjectWrapper|true|false
17:09:12.41 (179306618)|VARIABLE_ASSIGNMENT|[39]|objObjectWrapper|{"events":"0x2cbfea9e","notifyurl":""}|0x1601766b
17:09:12.41 (179311678)|STATEMENT_EXECUTE|[40]
17:09:12.41 (179317858)|HEAP_ALLOCATE|[40]|Bytes:4
17:09:12.41 (179338169)|VARIABLE_SCOPE_BEGIN|[40]|lstAllJSON|List<OrderCofirmationEmailLink.Events>|true|false
17:09:12.41 (179371110)|HEAP_ALLOCATE|[EXTERNAL]|Bytes:4
17:09:12.41 (179380610)|VARIABLE_ASSIGNMENT|[40]|lstAllJSON|[]|0x29081847
17:09:12.41 (179385340)|STATEMENT_EXECUTE|[41]
17:09:12.41 (179418432)|HEAP_ALLOCATE|[EXTERNAL]|Bytes:4
17:09:12.41 (179428261)|STATEMENT_EXECUTE|[42]
17:09:12.41 (179436501)|VARIABLE_ASSIGNMENT|[42]|this.notifyurl|""|0x1601766b
17:09:12.41 (179442382)|STATEMENT_EXECUTE|[44]
17:09:12.41 (179451382)|METHOD_ENTRY|[44]||System.JSON.serialize(Object)
17:09:12.41 (179826974)|METHOD_EXIT|[44]||System.JSON.serialize(Object)
17:09:12.41 (179836294)|VARIABLE_SCOPE_BEGIN|[44]|strFinalJSON|String|false|false
17:09:12.41 (179850184)|VARIABLE_ASSIGNMENT|[44]|strFinalJSON|"{\"notifyurl\":\"\",\"eve (296 more) ..."
17:09:12.41 (179854365)|STATEMENT_EXECUTE|[46]
17:09:12.41 (179859144)|HEAP_ALLOCATE|[46]|Bytes:18
17:09:12.41 (188680058)|HEAP_ALLOCATE|[46]|Bytes:210
17:09:12.41 (188710809)|HEAP_ALLOCATE|[46]|Bytes:68
17:09:12.41 (188867004)|HEAP_ALLOCATE|[46]|Bytes:33
17:09:12.41 (188890954)|SYSTEM_METHOD_ENTRY|[1]|Type.Type()
17:09:12.41 (188897695)|STATEMENT_EXECUTE|[1]
17:09:12.41 (188911265)|SYSTEM_METHOD_EXIT|[1]|Type
17:09:12.41 (188919855)|HEAP_ALLOCATE|[46]|Bytes:8
17:09:12.41 (188941246)|HEAP_ALLOCATE|[46]|Bytes:8
17:09:12.41 (188947766)|VARIABLE_SCOPE_BEGIN|[4]|this|System.Type|true|false
17:09:12.41 (188982647)|VARIABLE_ASSIGNMENT|[4]|this|{}|0x5d4681d5
17:09:12.41 (188988757)|VARIABLE_SCOPE_BEGIN|[4]|apextype|java:common.apex.runtime.ApexObjectType|true|false
17:09:12.41 (189082960)|VARIABLE_ASSIGNMENT|[4]|apextype|"Map<String,String>"|0x42bccfe8
17:09:12.41 (189125921)|HEAP_ALLOCATE|[46]|Bytes:8
17:09:12.41 (189140322)|METHOD_ENTRY|[46]||System.JSON.deserialize(String, System.Type)
17:09:12.41 (189952467)|METHOD_EXIT|[46]||System.JSON.deserialize(String, System.Type)
17:09:12.41 (189963396)|VARIABLE_SCOPE_BEGIN|[46]|mapWhatsAppConfig|Map<String,String>|true|false
17:09:12.41 (189986557)|VARIABLE_ASSIGNMENT|[46]|mapWhatsAppConfig|"Map of size 7 too large to display"|0x59a81dd6
17:09:12.41 (189992567)|STATEMENT_EXECUTE|[47]
17:09:12.41 (190026088)|USER_DEBUG|[47]|DEBUG|{"notifyurl":"","events":[{"parameters":{"Var6":"crm.delhi@timesofindia.com","Var5":"http://subt.in/TOICRM/LlMQ9Y","Var4":"7/5/2027","Var3":"8/5/2026","Var2":"The Times of India","Var1":"Muthu Raman","templatename":"utemailverificationrenewalorder","MSISDN":"919968313891"},"evtid":"4792","correlationid":"ABC123"}]}
17:09:12.41 (190037878)|STATEMENT_EXECUTE|[49]
17:09:12.41 (190057379)|VARIABLE_SCOPE_BEGIN|[49]|http|System.Http|true|false
17:09:12.41 (190130632)|VARIABLE_ASSIGNMENT|[49]|http|"System.Http[]"|0x4964e6dd
17:09:12.41 (190135912)|STATEMENT_EXECUTE|[50]
17:09:12.41 (190144982)|VARIABLE_SCOPE_BEGIN|[50]|req|System.HttpRequest|true|false
17:09:12.41 (190169532)|VARIABLE_ASSIGNMENT|[50]|req|"System.HttpRequest[Endpoint=null, Method=null]"|0x2f7f4eff
17:09:12.41 (190174382)|STATEMENT_EXECUTE|[51]
17:09:12.41 (190178322)|HEAP_ALLOCATE|[51]|Bytes:36
17:09:12.41 (190226844)|STATEMENT_EXECUTE|[52]
17:09:12.41 (190247575)|STATEMENT_EXECUTE|[53]
17:09:12.41 (190271996)|STATEMENT_EXECUTE|[54]
17:09:12.41 (190275405)|HEAP_ALLOCATE|[54]|Bytes:3
17:09:12.41 (190281037)|HEAP_ALLOCATE|[54]|Bytes:36
17:09:12.41 (190536254)|STATEMENT_EXECUTE|[55]
17:09:12.41 (190593576)|STATEMENT_EXECUTE|[56]
17:09:12.41 (190636346)|CALLOUT_REQUEST|[56]|System.HttpRequest[Endpoint=callout:WhatsApp_HSM_Integration_API, Method=POST]
17:09:12.334 (334631320)|NAMED_CREDENTIAL_REQUEST|NamedCallout[Named Credential Id=0XA2t000000blJn, Named Credential Name=WhatsApp_HSM_Integration_API, Endpoint=https://api.imiconnect.in/resources/v1/events/externalevent, Method=POST, External Credential Type=EXTERNAL, HTTP Header Authorization=Method: Not set - Credential: Not set, Content-Type=application/json, Request Size bytes=316, Retry on 401=True]
17:09:12.41 (334804895)|HEAP_ALLOCATE|[EXTERNAL]|Bytes:780
17:09:12.335 (335705262)|NAMED_CREDENTIAL_RESPONSE|NamedCallout[Named Credential Id=0XA2t000000blJn, Named Credential Name=WhatsApp_HSM_Integration_API, Status Code=200, Content-Type=application/json, Response Size bytes=127, Overall Callout Time ms=133, Connect Time ms=106, Interceptor Time ms=0
17:09:12.41 (336260308)|CALLOUT_RESPONSE|[56]|System.HttpResponse[Status=OK, StatusCode=200]
17:09:12.41 (336282378)|HEAP_ALLOCATE|[56]|Bytes:133
17:09:12.41 (336311539)|VARIABLE_SCOPE_BEGIN|[56]|res|System.HttpResponse|true|false
17:09:12.41 (336366292)|VARIABLE_ASSIGNMENT|[56]|res|"System.HttpResponse[Status=OK, StatusCode=200]"|0x626139e4
17:09:12.41 (336373631)|STATEMENT_EXECUTE|[57]
17:09:12.41 (336380882)|HEAP_ALLOCATE|[57]|Bytes:8
17:09:12.41 (336452233)|HEAP_ALLOCATE|[57]|Bytes:46
17:09:12.41 (336469885)|HEAP_ALLOCATE|[57]|Bytes:54
17:09:12.41 (336490504)|USER_DEBUG|[57]|DEBUG|---res--System.HttpResponse[Status=OK, StatusCode=200]
17:09:12.41 (336499595)|STATEMENT_EXECUTE|[58]
17:09:12.41 (336547737)|HEAP_ALLOCATE|[58]|Bytes:127
17:09:12.41 (336558026)|HEAP_ALLOCATE|[58]|Bytes:135
17:09:12.41 (336567408)|USER_DEBUG|[58]|DEBUG|---res--{"response":[{"code":"1002","description":"Queued","transid":"b5cb308e-6a2b-4248-87cf-0323a3bdb0c2","correlationid":"ABC123"}]}
17:09:12.41 (336575528)|STATEMENT_EXECUTE|[59]
17:09:12.41 (336592747)|HEAP_ALLOCATE|[59]|Bytes:127
17:09:12.41 (336601388)|VARIABLE_SCOPE_BEGIN|[59]|objJSONResponse|String|false|false
17:09:12.41 (336614908)|VARIABLE_ASSIGNMENT|[59]|objJSONResponse|"{\"response\":[{\"code\" (107 more) ..."
17:09:12.41 (336620188)|STATEMENT_EXECUTE|[60]
17:09:12.41 (336623099)|HEAP_ALLOCATE|[60]|Bytes:23
17:09:12.41 (336629969)|HEAP_ALLOCATE|[60]|Bytes:150
17:09:12.41 (336647500)|USER_DEBUG|[60]|DEBUG|WhatsApp HttpResponse::{"response":[{"code":"1002","description":"Queued","transid":"b5cb308e-6a2b-4248-87cf-0323a3bdb0c2","correlationid":"ABC123"}]}
17:09:12.41 (336655990)|STATEMENT_EXECUTE|[62]
17:09:12.41 (336659410)|HEAP_ALLOCATE|[62]|Bytes:42
17:09:12.41 (336915007)|HEAP_ALLOCATE|[62]|Bytes:8
17:09:12.41 (336929778)|HEAP_ALLOCATE|[62]|Bytes:8
17:09:12.41 (336936629)|VARIABLE_SCOPE_BEGIN|[4]|this|System.Type|true|false
17:09:12.41 (336963629)|VARIABLE_ASSIGNMENT|[4]|this|{}|0x42f2fa9d
17:09:12.41 (336968888)|VARIABLE_SCOPE_BEGIN|[4]|apextype|java:common.apex.runtime.ApexObjectType|true|false
17:09:12.41 (337017551)|VARIABLE_ASSIGNMENT|[4]|apextype|"OrderCofirmationEmailLink.WhatsAppResponse"|0x29b7453e
17:09:12.41 (337062811)|HEAP_ALLOCATE|[62]|Bytes:8
17:09:12.41 (337074892)|METHOD_ENTRY|[62]||System.JSON.deserialize(String, System.Type)
17:09:12.41 (338160455)|METHOD_EXIT|[62]||System.JSON.deserialize(String, System.Type)
17:09:12.41 (338173585)|VARIABLE_SCOPE_BEGIN|[62]|objWhatsAppResponse|OrderCofirmationEmailLink.WhatsAppResponse|true|false
17:09:12.41 (338203026)|VARIABLE_ASSIGNMENT|[62]|objWhatsAppResponse|{"response":"0x7e054db3"}|0x2bf676fc
17:09:12.41 (338209976)|STATEMENT_EXECUTE|[63]
17:09:12.41 (338213676)|HEAP_ALLOCATE|[63]|Bytes:14
17:09:12.41 (338282608)|HEAP_ALLOCATE|[63]|Bytes:138
17:09:12.41 (338298759)|HEAP_ALLOCATE|[63]|Bytes:152
17:09:12.41 (338312860)|USER_DEBUG|[63]|DEBUG|heyyy responseWhatsAppResponse:[response=(Response:[code=1002, correlationid=ABC123, description=Queued, transid=b5cb308e-6a2b-4248-87cf-0323a3bdb0c2])]
17:09:12.41 (338325341)|METHOD_EXIT|[9]|01p2t000002TDko|OrderCofirmationEmailLink.sendThroughWhatsAppFuture(String, String, String, String, String, String, String, String, Date, Date)
17:09:12.338 (338347141)|CUMULATIVE_LIMIT_USAGE
17:09:12.338 (338347141)|LIMIT_USAGE_FOR_NS|(default)|
  Number of SOQL queries: 5 out of 200
  Number of query rows: 5 out of 50000
  Number of SOSL queries: 0 out of 20
  Number of DML statements: 0 out of 150
  Number of Publish Immediate DML: 0 out of 150
  Number of DML rows: 0 out of 10000
  Maximum CPU time: 7 out of 60000
  Maximum heap size: 0 out of 12000000
  Number of callouts: 2 out of 100
  Number of Email Invocations: 0 out of 10
  Number of future calls: 0 out of 50
  Number of queueable jobs added to the queue: 0 out of 50
  Number of Mobile Apex push calls: 0 out of 10

17:09:12.338 (338347141)|CUMULATIVE_LIMIT_USAGE_END

17:09:12.41 (338406882)|CODE_UNIT_FINISHED|OrderCofirmationEmailLink.sendEmailLinkConfirmOrder(List<Id>)
17:09:12.3 (344587347)|FLOW_START_INTERVIEWS_END|1
17:09:12.3 (344776762)|FLOW_INTERVIEW_FINISHED|52206ea7892595d10bb55c504d8919d9b23ce5a-6151|Send Whatsapp Message On Order Confirmed
