66.0 APEX_CODE,FINEST;APEX_PROFILING,INFO;CALLOUT,INFO;DATA_ACCESS,INFO;DB,INFO;NBA,INFO;SYSTEM,DEBUG;VALIDATION,INFO;VISUALFORCE,INFO;WAVE,INFO;WORKFLOW,INFO
17:07:25.0 (255556)|USER_INFO|[EXTERNAL]|0052t000000K4aE|rmdsupport1@timesgroup.com|(GMT+05:30) India Standard Time (Asia/Kolkata)|GMT+05:30
17:07:25.0 (2060652)|FLOW_CREATE_INTERVIEW_BEGIN|00D7F000005Cdii|3002t0000004QPx|301Ie000000gAAo
17:07:25.0 (2146914)|FLOW_CREATE_INTERVIEW_END|5536f476a1a932801262716708f319d9b2f2d5e-7778|Send Whatsapp Message On Order Confirmed
17:07:25.2 (2956544)|USER_INFO|[EXTERNAL]|0052t000000K4aE|rmdsupport1@timesgroup.com|(GMT+05:30) India Standard Time (Asia/Kolkata)|GMT+05:30
17:07:25.2 (2985175)|FLOW_START_INTERVIEWS_BEGIN|1
17:07:25.2 (3018996)|FLOW_START_INTERVIEW_BEGIN|5536f476a1a932801262716708f319d9b2f2d5e-7778|Send Whatsapp Message On Order Confirmed
17:07:25.2 (3245352)|FLOW_START_INTERVIEW_END|5536f476a1a932801262716708f319d9b2f2d5e-7778|Send Whatsapp Message On Order Confirmed
17:07:25.54 (54560093)|CODE_UNIT_STARTED|[EXTERNAL]|01p2t000002TDko|OrderCofirmationEmailLink.sendEmailLinkConfirmOrder(List<Id>)
17:07:25.54 (54666766)|HEAP_ALLOCATE|[EXTERNAL]|Bytes:8
17:07:25.54 (54973213)|HEAP_ALLOCATE|[95]|Bytes:3
17:07:25.54 (55040145)|HEAP_ALLOCATE|[100]|Bytes:152
17:07:25.54 (55061745)|HEAP_ALLOCATE|[417]|Bytes:408
17:07:25.54 (55084776)|HEAP_ALLOCATE|[430]|Bytes:408
17:07:25.54 (55132927)|HEAP_ALLOCATE|[317]|Bytes:6
17:07:25.54 (55154828)|HEAP_ALLOCATE|[EXTERNAL]|Bytes:69
17:07:25.54 (55163478)|HEAP_ALLOCATE|[EXTERNAL]|Bytes:7
17:07:25.54 (55170568)|HEAP_ALLOCATE|[EXTERNAL]|Bytes:24
17:07:25.54 (55203249)|METHOD_ENTRY|[1]|01p2t000002TDko|OrderCofirmationEmailLink.OrderCofirmationEmailLink()
17:07:25.54 (55220799)|STATEMENT_EXECUTE|[1]
17:07:25.54 (55245700)|STATEMENT_EXECUTE|[1]
17:07:25.54 (55249380)|STATEMENT_EXECUTE|[95]
17:07:25.54 (55252600)|STATEMENT_EXECUTE|[99]
17:07:25.54 (55255540)|STATEMENT_EXECUTE|[105]
17:07:25.54 (55259140)|STATEMENT_EXECUTE|[111]
17:07:25.54 (55262430)|STATEMENT_EXECUTE|[121]
17:07:25.54 (55265320)|STATEMENT_EXECUTE|[131]
17:07:25.54 (55281381)|METHOD_EXIT|[1]|OrderCofirmationEmailLink
17:07:25.54 (55325692)|HEAP_ALLOCATE|[EXTERNAL]|Bytes:8
17:07:25.54 (55362993)|VARIABLE_SCOPE_BEGIN|[4]|accIds|List<Id>|true|false
17:07:25.54 (55455615)|VARIABLE_ASSIGNMENT|[4]|accIds|["0012t00000QQLIJAA5"]|0x6372e4db
17:07:25.54 (55468625)|STATEMENT_EXECUTE|[4]
17:07:25.54 (55472226)|STATEMENT_EXECUTE|[5]
17:07:25.54 (55476956)|HEAP_ALLOCATE|[5]|Bytes:37
17:07:25.54 (55569518)|HEAP_ALLOCATE|[5]|Bytes:20
17:07:25.54 (55610839)|HEAP_ALLOCATE|[5]|Bytes:57
17:07:25.54 (55636340)|HEAP_ALLOCATE|[68]|Bytes:5
17:07:25.54 (55668690)|HEAP_ALLOCATE|[74]|Bytes:5
17:07:25.54 (55683821)|HEAP_ALLOCATE|[82]|Bytes:7
17:07:25.54 (55727472)|USER_DEBUG|[5]|DEBUG|---accIds-Rahul--InvocableMethod-@@@-(0012t00000QQLIJAA5)
17:07:25.54 (55743822)|STATEMENT_EXECUTE|[6]
17:07:25.54 (55749592)|HEAP_ALLOCATE|[6]|Bytes:182
17:07:25.54 (55771773)|HEAP_ALLOCATE|[6]|Bytes:4
17:07:25.54 (55789353)|HEAP_ALLOCATE|[6]|Bytes:7
17:07:25.54 (57117797)|SOQL_EXECUTE_BEGIN|[6]|Aggregations:0|SELECT id, Name, RMD_Opt_In__c, RMD_SMS_Mobile__c, Email_Verification_Link__c FROM Account WHERE (Id IN :tmpVar1 AND Email_Verification_Link__c != NULL AND Email_Verified__c = FALSE)
17:07:25.54 (66211016)|SOQL_EXECUTE_END|[6]|Rows:0
17:07:25.54 (66250517)|HEAP_ALLOCATE|[6]|Bytes:4
17:07:25.54 (66265067)|HEAP_ALLOCATE|[6]|Bytes:0
17:07:25.54 (66371180)|HEAP_ALLOCATE|[6]|Bytes:4
17:07:25.54 (66393960)|HEAP_ALLOCATE|[6]|Bytes:33
17:07:25.54 (66670317)|HEAP_ALLOCATE|[6]|Bytes:46
17:07:25.54 (66798660)|FATAL_ERROR|System.QueryException: List has no rows for assignment to SObject

Class.OrderCofirmationEmailLink.sendEmailLinkConfirmOrder: line 6, column 1
17:07:25.54 (66813171)|FATAL_ERROR|System.QueryException: List has no rows for assignment to SObject

Class.OrderCofirmationEmailLink.sendEmailLinkConfirmOrder: line 6, column 1
17:07:25.66 (66851401)|CUMULATIVE_LIMIT_USAGE
17:07:25.66 (66851401)|LIMIT_USAGE_FOR_NS|(default)|
  Number of SOQL queries: 1 out of 200
  Number of query rows: 0 out of 50000
  Number of SOSL queries: 0 out of 20
  Number of DML statements: 0 out of 150
  Number of Publish Immediate DML: 0 out of 150
  Number of DML rows: 0 out of 10000
  Maximum CPU time: 8 out of 60000
  Maximum heap size: 0 out of 12000000
  Number of callouts: 0 out of 100
  Number of Email Invocations: 0 out of 10
  Number of future calls: 0 out of 50
  Number of queueable jobs added to the queue: 0 out of 50
  Number of Mobile Apex push calls: 0 out of 10

17:07:25.66 (66851401)|CUMULATIVE_LIMIT_USAGE_END

17:07:25.54 (66920914)|CODE_UNIT_FINISHED|OrderCofirmationEmailLink.sendEmailLinkConfirmOrder(List<Id>)
17:07:25.2 (287178244)|FLOW_ELEMENT_ERROR|An Apex error occurred: System.QueryException: List has no rows for assignment to SObject
|FlowActionCall|Send_Whatsapp_Message_On_Order_Confirm
17:07:25.2 (287456422)|FLOW_START_INTERVIEWS_END|1
