66.0 APEX_CODE,FINEST;APEX_PROFILING,INFO;CALLOUT,INFO;DATA_ACCESS,INFO;DB,INFO;NBA,INFO;SYSTEM,DEBUG;VALIDATION,INFO;VISUALFORCE,INFO;WAVE,INFO;WORKFLOW,INFO
17:09:22.0 (287658)|USER_INFO|[EXTERNAL]|0052t000000K4aE|rmdsupport1@timesgroup.com|(GMT+05:30) India Standard Time (Asia/Kolkata)|GMT+05:30
17:09:22.0 (2463115)|FLOW_CREATE_INTERVIEW_BEGIN|00D7F000005Cdii|3002t0000004QPx|301Ie000000gAAo
17:09:22.0 (2563678)|FLOW_CREATE_INTERVIEW_END|130847d4c7df3497625653f0f03919d9b300524-18bf|Send Whatsapp Message On Order Confirmed
17:09:22.3 (3973332)|USER_INFO|[EXTERNAL]|0052t000000K4aE|rmdsupport1@timesgroup.com|(GMT+05:30) India Standard Time (Asia/Kolkata)|GMT+05:30
17:09:22.3 (4013762)|FLOW_START_INTERVIEWS_BEGIN|1
17:09:22.3 (4059003)|FLOW_START_INTERVIEW_BEGIN|130847d4c7df3497625653f0f03919d9b300524-18bf|Send Whatsapp Message On Order Confirmed
17:09:22.3 (4295871)|FLOW_START_INTERVIEW_END|130847d4c7df3497625653f0f03919d9b300524-18bf|Send Whatsapp Message On Order Confirmed
17:09:22.64 (64424130)|CODE_UNIT_STARTED|[EXTERNAL]|01p2t000002TDko|OrderCofirmationEmailLink.sendEmailLinkConfirmOrder(List<Id>)
17:09:22.64 (64525163)|HEAP_ALLOCATE|[EXTERNAL]|Bytes:8
17:09:22.64 (64992358)|HEAP_ALLOCATE|[95]|Bytes:3
17:09:22.64 (65239745)|HEAP_ALLOCATE|[100]|Bytes:152
17:09:22.64 (65275706)|HEAP_ALLOCATE|[417]|Bytes:408
17:09:22.64 (65298396)|HEAP_ALLOCATE|[430]|Bytes:408
17:09:22.64 (65351358)|HEAP_ALLOCATE|[317]|Bytes:6
17:09:22.64 (65376169)|HEAP_ALLOCATE|[EXTERNAL]|Bytes:69
17:09:22.64 (65385620)|HEAP_ALLOCATE|[EXTERNAL]|Bytes:7
17:09:22.64 (65392670)|HEAP_ALLOCATE|[EXTERNAL]|Bytes:24
17:09:22.64 (65432531)|METHOD_ENTRY|[1]|01p2t000002TDko|OrderCofirmationEmailLink.OrderCofirmationEmailLink()
17:09:22.64 (65456652)|STATEMENT_EXECUTE|[1]
17:09:22.64 (65483453)|STATEMENT_EXECUTE|[1]
17:09:22.64 (65487453)|STATEMENT_EXECUTE|[95]
17:09:22.64 (65490693)|STATEMENT_EXECUTE|[99]
17:09:22.64 (65494173)|STATEMENT_EXECUTE|[105]
17:09:22.64 (65497642)|STATEMENT_EXECUTE|[111]
17:09:22.64 (65500913)|STATEMENT_EXECUTE|[121]
17:09:22.64 (65504293)|STATEMENT_EXECUTE|[131]
17:09:22.64 (65517614)|METHOD_EXIT|[1]|OrderCofirmationEmailLink
17:09:22.64 (65582256)|HEAP_ALLOCATE|[EXTERNAL]|Bytes:8
17:09:22.64 (65637007)|VARIABLE_SCOPE_BEGIN|[4]|accIds|List<Id>|true|false
17:09:22.64 (65805252)|VARIABLE_ASSIGNMENT|[4]|accIds|["0012t00000QSWswAAH"]|0x7a30b8bb
17:09:22.64 (65823513)|STATEMENT_EXECUTE|[4]
17:09:22.64 (65827403)|STATEMENT_EXECUTE|[5]
17:09:22.64 (65832913)|HEAP_ALLOCATE|[5]|Bytes:37
17:09:22.64 (65961467)|HEAP_ALLOCATE|[5]|Bytes:20
17:09:22.64 (66021549)|HEAP_ALLOCATE|[5]|Bytes:57
17:09:22.64 (66059650)|HEAP_ALLOCATE|[68]|Bytes:5
17:09:22.64 (66100211)|HEAP_ALLOCATE|[74]|Bytes:5
17:09:22.64 (66112482)|HEAP_ALLOCATE|[82]|Bytes:7
17:09:22.64 (66164273)|USER_DEBUG|[5]|DEBUG|---accIds-Rahul--InvocableMethod-@@@-(0012t00000QSWswAAH)
17:09:22.64 (66178044)|STATEMENT_EXECUTE|[6]
17:09:22.64 (66182564)|HEAP_ALLOCATE|[6]|Bytes:182
17:09:22.64 (66204654)|HEAP_ALLOCATE|[6]|Bytes:4
17:09:22.64 (66222405)|HEAP_ALLOCATE|[6]|Bytes:7
17:09:22.64 (68221646)|SOQL_EXECUTE_BEGIN|[6]|Aggregations:0|SELECT id, Name, RMD_Opt_In__c, RMD_SMS_Mobile__c, Email_Verification_Link__c FROM Account WHERE (Id IN :tmpVar1 AND Email_Verification_Link__c != NULL AND Email_Verified__c = FALSE)
17:09:22.64 (82180983)|SOQL_EXECUTE_END|[6]|Rows:1
17:09:22.64 (82246625)|HEAP_ALLOCATE|[6]|Bytes:8
17:09:22.64 (82320707)|HEAP_ALLOCATE|[6]|Bytes:167
17:09:22.64 (82467271)|HEAP_ALLOCATE|[6]|Bytes:8
17:09:22.64 (82498752)|HEAP_ALLOCATE|[6]|Bytes:33
17:09:22.64 (82609076)|HEAP_ALLOCATE|[6]|Bytes:24
17:09:22.64 (82624886)|VARIABLE_SCOPE_BEGIN|[6]|acc|Account|true|false
17:09:22.64 (82909405)|VARIABLE_ASSIGNMENT|[6]|acc|{"Id":"0012t00000QSWswAAH","RMD_Opt_In__c":true,"Email_Verification_Link__c":"https://subt.in/TOIC (9 more) ...","RMD_SMS_Mobile__c":"9891225577","Name":"SURESH LAL CHANDANI"}|0x1ed69b2d
17:09:22.64 (82924746)|STATEMENT_EXECUTE|[7]
17:09:22.64 (82930045)|HEAP_ALLOCATE|[7]|Bytes:231
17:09:22.64 (82952526)|HEAP_ALLOCATE|[7]|Bytes:4
17:09:22.64 (83075120)|HEAP_ALLOCATE|[7]|Bytes:7
17:09:22.64 (83084280)|HEAP_ALLOCATE|[7]|Bytes:4
17:09:22.64 (84151413)|SOQL_EXECUTE_BEGIN|[7]|Aggregations:0|SELECT id, AccountId, RMD_Order_Type__c, RMD_Publisher_Name__c, RMD_CRM_Email__c, EffectiveDate, EndDate, RMD_Order_Form__c FROM Order WHERE (AccountId = :tmpVar1 AND Status = :tmpVar2) ORDER BY createdDate DESC NULLS FIRST LIMIT 1
17:09:22.64 (126186338)|SOQL_EXECUTE_END|[7]|Rows:1
17:09:22.64 (126238920)|HEAP_ALLOCATE|[7]|Bytes:8
17:09:22.64 (126278752)|HEAP_ALLOCATE|[7]|Bytes:256
17:09:22.64 (126417476)|HEAP_ALLOCATE|[7]|Bytes:8
17:09:22.64 (126448717)|HEAP_ALLOCATE|[7]|Bytes:31
17:09:22.64 (126530828)|HEAP_ALLOCATE|[7]|Bytes:36
17:09:22.64 (126541980)|VARIABLE_SCOPE_BEGIN|[7]|eachOrder|Order|true|false
17:09:22.64 (126719615)|VARIABLE_ASSIGNMENT|[7]|eachOrder|{"RMD_Order_Form__c":"NDC49469613","AccountId":"0012t00000QSWswAAH","RMD_Order_Type__c":"Renewal","Id":"801e200000PVkZfAAL","RMD_CRM_Email__c":"crm.delhi@timesofind (6 more) ...","RMD_Publisher_Name__c":"TOI (All days) & ET  (9 more) ...","EndDate":"2027-05-07T00:00:00.000Z","EffectiveDate":"2026-05-08T00:00:00.000Z"}|0x529e20d1
17:09:22.64 (126730995)|STATEMENT_EXECUTE|[8]
17:09:22.64 (126884710)|USER_DEBUG|[8]|DEBUG|Order:{Id=801e200000PVkZfAAL, AccountId=0012t00000QSWswAAH, RMD_Order_Type__c=Renewal, RMD_Publisher_Name__c=TOI (All days) & ET (Mon-Fri), RMD_CRM_Email__c=crm.delhi@timesofindia.com, EffectiveDate=2026-05-08 00:00:00, EndDate=2027-05-07 00:00:00, RMD_Order_Form__c=NDC49469613}
17:09:22.64 (126899460)|STATEMENT_EXECUTE|[9]
17:09:22.64 (126982933)|HEAP_ALLOCATE|[9]|Bytes:13
17:09:22.64 (127015634)|HEAP_ALLOCATE|[9]|Bytes:18
17:09:22.64 (127083096)|METHOD_ENTRY|[9]|01p2t000002TDko|OrderCofirmationEmailLink.sendThroughWhatsAppFuture(String, String, String, String, String, String, String, String, Date, Date)
17:09:22.64 (127107997)|VARIABLE_SCOPE_BEGIN|[13]|orderType|String|false|false
17:09:22.64 (127118827)|VARIABLE_ASSIGNMENT|[13]|orderType|"Renewal"
17:09:22.64 (127123157)|VARIABLE_SCOPE_BEGIN|[13]|phone|String|false|false
17:09:22.64 (127130477)|VARIABLE_ASSIGNMENT|[13]|phone|"9891225577"
17:09:22.64 (127134197)|VARIABLE_SCOPE_BEGIN|[13]|accName|String|false|false
17:09:22.64 (127142108)|VARIABLE_ASSIGNMENT|[13]|accName|"SURESH LAL CHANDANI"
17:09:22.64 (127145808)|VARIABLE_SCOPE_BEGIN|[13]|publicationName|String|false|false
17:09:22.64 (127153618)|VARIABLE_ASSIGNMENT|[13]|publicationName|"TOI (All days) & ET  (9 more) ..."
17:09:22.64 (127157318)|VARIABLE_SCOPE_BEGIN|[13]|orderFormNumber|String|false|false
17:09:22.64 (127164448)|VARIABLE_ASSIGNMENT|[13]|orderFormNumber|"NDC49469613"
17:09:22.64 (127168118)|VARIABLE_SCOPE_BEGIN|[13]|uniqueLinkMail|String|false|false
17:09:22.64 (127175269)|VARIABLE_ASSIGNMENT|[13]|uniqueLinkMail|"uniqueLinkSMS"
17:09:22.64 (127178889)|VARIABLE_SCOPE_BEGIN|[13]|emailCRM|String|false|false
17:09:22.64 (127186469)|VARIABLE_ASSIGNMENT|[13]|emailCRM|"crm.delhi@timesofind (6 more) ..."
17:09:22.64 (127190129)|VARIABLE_SCOPE_BEGIN|[13]|recordId|String|false|false
17:09:22.64 (127197119)|VARIABLE_ASSIGNMENT|[13]|recordId|"0012t00000QSWswAAH"
17:09:22.64 (127203749)|VARIABLE_SCOPE_BEGIN|[13]|startDate|Date|false|false
17:09:22.64 (127217700)|VARIABLE_ASSIGNMENT|[13]|startDate|"2026-05-08T00:00:00.000Z"
17:09:22.64 (127224390)|VARIABLE_SCOPE_BEGIN|[13]|endDate|Date|false|false
17:09:22.64 (127233800)|VARIABLE_ASSIGNMENT|[13]|endDate|"2027-05-07T00:00:00.000Z"
17:09:22.64 (127242191)|STATEMENT_EXECUTE|[13]
17:09:22.64 (127244511)|STATEMENT_EXECUTE|[14]
17:09:22.64 (127247611)|HEAP_ALLOCATE|[14]|Bytes:52
17:09:22.64 (127267871)|HEAP_ALLOCATE|[14]|Bytes:4
17:09:22.64 (127898980)|SOQL_EXECUTE_BEGIN|[14]|Aggregations:0|SELECT Id FROM Site WHERE Name = 'EmailVerification'
17:09:22.64 (135485253)|SOQL_EXECUTE_END|[14]|Rows:1
17:09:22.64 (135531014)|HEAP_ALLOCATE|[14]|Bytes:8
17:09:22.64 (135552855)|HEAP_ALLOCATE|[14]|Bytes:29
17:09:22.64 (135684469)|HEAP_ALLOCATE|[14]|Bytes:8
17:09:22.64 (135719761)|HEAP_ALLOCATE|[14]|Bytes:30
17:09:22.64 (135798032)|HEAP_ALLOCATE|[14]|Bytes:8
17:09:22.64 (135809473)|VARIABLE_SCOPE_BEGIN|[14]|mySite|Site|true|false
17:09:22.64 (135883766)|VARIABLE_ASSIGNMENT|[14]|mySite|{"Id":"0DM2t000000CcOVGA0"}|0x76d3220d
17:09:22.64 (135892545)|STATEMENT_EXECUTE|[15]
17:09:22.64 (135896855)|HEAP_ALLOCATE|[15]|Bytes:59
17:09:22.64 (135915306)|HEAP_ALLOCATE|[15]|Bytes:4
17:09:22.64 (136550036)|SOQL_EXECUTE_BEGIN|[15]|Aggregations:0|SELECT SecureURL FROM SiteDetail WHERE DurableId = :tmpVar1
17:09:22.64 (140360412)|SOQL_EXECUTE_END|[15]|Rows:1
17:09:22.64 (140389753)|HEAP_ALLOCATE|[15]|Bytes:8
17:09:22.64 (140405823)|HEAP_ALLOCATE|[15]|Bytes:120
17:09:22.64 (140527587)|HEAP_ALLOCATE|[15]|Bytes:8
17:09:22.64 (140547897)|HEAP_ALLOCATE|[15]|Bytes:36
17:09:22.64 (140609379)|HEAP_ALLOCATE|[15]|Bytes:16
17:09:22.64 (140619470)|VARIABLE_SCOPE_BEGIN|[15]|mySiteDetail|SiteDetail|true|false
17:09:22.64 (140694822)|VARIABLE_ASSIGNMENT|[15]|mySiteDetail|{"SecureUrl":"https://timesofindia (30 more) ...","DurableId":"0DM2t000000CcOV","Id":"000000000000000AAA"}|0x73d1f583
17:09:22.64 (140702152)|STATEMENT_EXECUTE|[16]
17:09:22.64 (140729013)|HEAP_ALLOCATE|[16]|Bytes:10
17:09:22.64 (140734623)|HEAP_ALLOCATE|[16]|Bytes:24
17:09:22.64 (140785975)|HEAP_ALLOCATE|[16]|Bytes:102
17:09:22.64 (140796145)|VARIABLE_SCOPE_BEGIN|[16]|uniqueLinkSMS|String|false|false
17:09:22.64 (140807315)|VARIABLE_ASSIGNMENT|[16]|uniqueLinkSMS|"https://timesofindia (82 more) ..."
17:09:22.64 (140811495)|STATEMENT_EXECUTE|[17]
17:09:22.64 (140831516)|METHOD_ENTRY|[17]|01p2t000002TDko|OrderCofirmationEmailLink.shortenURL(String)
17:09:22.64 (140855247)|VARIABLE_SCOPE_BEGIN|[67]|url|String|false|false
17:09:22.64 (140864687)|VARIABLE_ASSIGNMENT|[67]|url|"https://timesofindia (82 more) ..."
17:09:22.64 (140871907)|STATEMENT_EXECUTE|[67]
17:09:22.64 (140873967)|STATEMENT_EXECUTE|[68]
17:09:22.64 (140878827)|VARIABLE_SCOPE_BEGIN|[68]|urlValue|String|false|false
17:09:22.64 (140887368)|VARIABLE_ASSIGNMENT|[68]|urlValue|""
17:09:22.64 (140891188)|STATEMENT_EXECUTE|[69]
17:09:22.64 (140917319)|VARIABLE_SCOPE_BEGIN|[69]|req|System.HttpRequest|true|false
17:09:22.64 (141015462)|VARIABLE_ASSIGNMENT|[69]|req|"System.HttpRequest[Endpoint=null, Method=null]"|0x5250ebd2
17:09:22.64 (141021843)|STATEMENT_EXECUTE|[70]
17:09:22.64 (141147215)|HEAP_ALLOCATE|[70]|Bytes:4
17:09:22.64 (141239188)|VARIABLE_SCOPE_BEGIN|[70]|objShortUrlConfiguration|ShortUrlConfiguration__c|true|false
17:09:22.64 (141254509)|VARIABLE_ASSIGNMENT|[70]|objShortUrlConfiguration|{}|0x73563dd
17:09:22.64 (141259219)|STATEMENT_EXECUTE|[71]
17:09:22.64 (141279109)|HEAP_ALLOCATE|[71]|Bytes:4
17:09:22.64 (141423364)|VARIABLE_SCOPE_BEGIN|[71]|listConfig|List<ShortUrlConfiguration__c>|true|false
17:09:22.64 (141439104)|HEAP_ALLOCATE|[EXTERNAL]|Bytes:4
17:09:22.64 (141457285)|VARIABLE_ASSIGNMENT|[71]|listConfig|[]|0x28cdb6a1
17:09:22.64 (141465296)|STATEMENT_EXECUTE|[72]
17:09:22.64 (141470696)|HEAP_ALLOCATE|[72]|Bytes:124
17:09:22.64 (141488267)|HEAP_ALLOCATE|[72]|Bytes:4
17:09:22.64 (142223439)|SOQL_EXECUTE_BEGIN|[72]|Aggregations:0|SELECT apiKey__c, format__c, login__c, EndPointUrl__c FROM ShortUrlConfiguration__c WHERE Name = 'ShortUrlGenerator' LIMIT 1
17:09:22.64 (152806133)|SOQL_EXECUTE_END|[72]|Rows:1
17:09:22.64 (152848214)|HEAP_ALLOCATE|[72]|Bytes:8
17:09:22.64 (152872685)|HEAP_ALLOCATE|[72]|Bytes:168
17:09:22.64 (152930276)|HEAP_ALLOCATE|[72]|Bytes:8
17:09:22.64 (153053710)|VARIABLE_ASSIGNMENT|[72]|listConfig|[{"login__c":"times","EndPointUrl__c":"https://subt.in/micr (20 more) ...","Id":"a1B2t000000DUZ6EAO","apiKey__c":"R_66d9bc26baca7507b6 (14 more) ...","format__c":"json"}]|0x6f8f11ec
17:09:22.64 (153117882)|STATEMENT_EXECUTE|[74]
17:09:22.64 (153120542)|STATEMENT_EXECUTE|[75]
17:09:22.64 (153173514)|HEAP_ALLOCATE|[75]|Bytes:24
17:09:22.64 (153232126)|VARIABLE_ASSIGNMENT|[75]|objShortUrlConfiguration|{"login__c":"times","EndPointUrl__c":"https://subt.in/micr (20 more) ...","Id":"a1B2t000000DUZ6EAO","apiKey__c":"R_66d9bc26baca7507b6 (14 more) ...","format__c":"json"}|0x4f8d14e9
17:09:22.64 (153272227)|STATEMENT_EXECUTE|[78]
17:09:22.64 (153275277)|STATEMENT_EXECUTE|[79]
17:09:22.64 (153302958)|HEAP_ALLOCATE|[79]|Bytes:7
17:09:22.64 (153315388)|HEAP_ALLOCATE|[79]|Bytes:8
17:09:22.64 (153327919)|HEAP_ALLOCATE|[79]|Bytes:8
17:09:22.64 (153343709)|HEAP_ALLOCATE|[79]|Bytes:102
17:09:22.64 (153355580)|HEAP_ALLOCATE|[79]|Bytes:5
17:09:22.64 (153366770)|HEAP_ALLOCATE|[79]|Bytes:153
17:09:22.64 (153373760)|HEAP_ALLOCATE|[79]|Bytes:255
17:09:22.64 (153380900)|VARIABLE_SCOPE_BEGIN|[79]|endPointUrl|String|false|false
17:09:22.64 (153391321)|VARIABLE_ASSIGNMENT|[79]|endPointUrl|"https://subt.in/micr (235 more) ..."
17:09:22.64 (153396151)|STATEMENT_EXECUTE|[80]
17:09:22.64 (153480073)|STATEMENT_EXECUTE|[81]
17:09:22.64 (153483363)|HEAP_ALLOCATE|[81]|Bytes:4
17:09:22.64 (153505364)|STATEMENT_EXECUTE|[82]
17:09:22.64 (153508324)|HEAP_ALLOCATE|[82]|Bytes:12
17:09:22.64 (153513324)|HEAP_ALLOCATE|[82]|Bytes:16
17:09:22.64 (153535335)|STATEMENT_EXECUTE|[83]
17:09:22.64 (153538705)|HEAP_ALLOCATE|[83]|Bytes:3
17:09:22.64 (153572586)|HEAP_ALLOCATE|[83]|Bytes:297
17:09:22.64 (153585507)|HEAP_ALLOCATE|[83]|Bytes:300
17:09:22.64 (153599617)|USER_DEBUG|[83]|DEBUG|reqSystem.HttpRequest[Endpoint=https://subt.in/micron/restshortner.html?login=times&apiKey=R_66d9bc26baca7507b68b196a47657721&format=json&url=https://timesofindia.my.site.com/emailverification/s/?accId=0012t00000QSWswAAH_SMS%26sms_header=TOICRM&apiKey=R_66d9bc26baca7507b68b196a47657721, Method=POST]
17:09:22.64 (153609617)|STATEMENT_EXECUTE|[84]
17:09:22.64 (153764232)|CALLOUT_REQUEST|[84]|System.HttpRequest[Endpoint=https://subt.in/micron/restshortner.html?login=times&apiKey=R_66d9bc26baca7507b68b196a47657721&format=json&url=https://timesofindia.my.site.com/emailverification/s/?accId=0012t00000QSWswAAH_SMS%26sms_header=TOICRM&apiKey=R_66d9bc26baca7507b68b196a47657721, Method=POST]
17:09:22.64 (261693062)|HEAP_ALLOCATE|[EXTERNAL]|Bytes:665
17:09:22.64 (263133166)|CALLOUT_RESPONSE|[84]|System.HttpResponse[Status=null, StatusCode=200]
17:09:22.64 (263273470)|HEAP_ALLOCATE|[84]|Bytes:294
17:09:22.64 (263309062)|VARIABLE_SCOPE_BEGIN|[84]|res|System.HttpResponse|true|false
17:09:22.64 (263398174)|VARIABLE_ASSIGNMENT|[84]|res|"System.HttpResponse[Status=null, StatusCode=200]"|0x27ade5d
17:09:22.64 (263407225)|STATEMENT_EXECUTE|[85]
17:09:22.64 (263414084)|HEAP_ALLOCATE|[85]|Bytes:13
17:09:22.64 (263476166)|HEAP_ALLOCATE|[85]|Bytes:290
17:09:22.64 (263497908)|HEAP_ALLOCATE|[85]|Bytes:303
17:09:22.64 (263517319)|USER_DEBUG|[85]|DEBUG|res.getBody(){
    "status_code": 200, 
    "data": { 
        "url": "http:\/\/subt.in\/TOICRM\/_4LA5b",
        "hash": "TOICRM\/_4LA5b", 
        "long_url": "https:\/\/timesofindia.my.site.com\/emailverification\/s\/?accId=0012t00000QSWswAAH_SMS&sms_header=TOICRM"
    }, 
    "status_txt": "OK"
 }

17:09:22.64 (263551649)|STATEMENT_EXECUTE|[87]
17:09:22.64 (263553979)|STATEMENT_EXECUTE|[88]
17:09:22.64 (263569089)|HEAP_ALLOCATE|[88]|Bytes:290
17:09:22.64 (263633842)|HEAP_ALLOCATE|[88]|Bytes:24
17:09:22.64 (263648782)|SYSTEM_METHOD_ENTRY|[1]|JSON.JSON()
17:09:22.64 (263652483)|STATEMENT_EXECUTE|[1]
17:09:22.64 (263670643)|SYSTEM_METHOD_EXIT|[1]|JSON
17:09:22.64 (263683213)|METHOD_ENTRY|[88]||System.JSON.deserializeUntyped(String)
17:09:22.64 (264605101)|METHOD_EXIT|[88]||System.JSON.deserializeUntyped(String)
17:09:22.64 (264618612)|VARIABLE_SCOPE_BEGIN|[88]|response|Map<String,ANY>|true|false
17:09:22.64 (264652773)|VARIABLE_ASSIGNMENT|[88]|response|{"status_code":200,"data":{"url":"http://subt.in/TOICR (8 more) ...","hash":"TOICRM/_4LA5b","long_url":"https://timesofindia (80 more) ..."},"status_txt":"OK"}|0x5c8faab6
17:09:22.64 (264659393)|STATEMENT_EXECUTE|[89]
17:09:22.64 (264664763)|HEAP_ALLOCATE|[89]|Bytes:4
17:09:22.64 (264709765)|VARIABLE_SCOPE_BEGIN|[89]|dataMap|Map<String,ANY>|true|false
17:09:22.64 (264724895)|VARIABLE_ASSIGNMENT|[89]|dataMap|{"url":"http://subt.in/TOICR (8 more) ...","hash":"TOICRM/_4LA5b","long_url":"https://timesofindia (80 more) ..."}|0x4c35a6be
17:09:22.64 (264730225)|STATEMENT_EXECUTE|[90]
17:09:22.64 (264733685)|HEAP_ALLOCATE|[90]|Bytes:3
17:09:22.64 (264762126)|VARIABLE_ASSIGNMENT|[90]|urlValue|"http://subt.in/TOICR (8 more) ..."
17:09:22.64 (264769266)|STATEMENT_EXECUTE|[93]
17:09:22.64 (264775977)|METHOD_EXIT|[17]|01p2t000002TDko|OrderCofirmationEmailLink.shortenURL(String)
17:09:22.64 (264794447)|VARIABLE_ASSIGNMENT|[17]|uniqueLinkSMS|"http://subt.in/TOICR (8 more) ..."
17:09:22.64 (264801027)|STATEMENT_EXECUTE|[18]
17:09:22.64 (265001163)|HEAP_ALLOCATE|[18]|Bytes:36
17:09:22.64 (265036365)|CONSTRUCTOR_ENTRY|[18]|01p2t000002TDko|<init>()|OrderCofirmationEmailLink.Parameters
17:09:22.64 (265069316)|VARIABLE_SCOPE_BEGIN|[111]|this|OrderCofirmationEmailLink.Parameters|true|false
17:09:22.64 (265146178)|VARIABLE_ASSIGNMENT|[111]|this|{}|0x5d5d5eb7
17:09:22.64 (265158898)|HEAP_ALLOCATE|[EXTERNAL]|Bytes:6
17:09:22.64 (265189759)|STATEMENT_EXECUTE|[111]
17:09:22.64 (265192089)|STATEMENT_EXECUTE|[112]
17:09:22.64 (265194189)|STATEMENT_EXECUTE|[113]
17:09:22.64 (265196149)|STATEMENT_EXECUTE|[114]
17:09:22.64 (265198099)|STATEMENT_EXECUTE|[115]
17:09:22.64 (265200039)|STATEMENT_EXECUTE|[116]
17:09:22.64 (265201980)|STATEMENT_EXECUTE|[117]
17:09:22.64 (265203930)|STATEMENT_EXECUTE|[118]
17:09:22.64 (265205860)|STATEMENT_EXECUTE|[119]
17:09:22.64 (265210170)|CONSTRUCTOR_EXIT|[18]|01p2t000002TDko|<init>()|OrderCofirmationEmailLink.Parameters
17:09:22.64 (265217580)|VARIABLE_SCOPE_BEGIN|[18]|p|OrderCofirmationEmailLink.Parameters|true|false
17:09:22.64 (265235111)|VARIABLE_ASSIGNMENT|[18]|p|{}|0x5d5d5eb7
17:09:22.64 (265240091)|STATEMENT_EXECUTE|[19]
17:09:22.64 (265243041)|HEAP_ALLOCATE|[19]|Bytes:2
17:09:22.64 (265253791)|HEAP_ALLOCATE|[19]|Bytes:12
17:09:22.64 (265274152)|VARIABLE_ASSIGNMENT|[19]|this.MSISDN|"919891225577"|0x5d5d5eb7
17:09:22.64 (265279132)|STATEMENT_EXECUTE|[20]
17:09:22.64 (265287682)|VARIABLE_ASSIGNMENT|[20]|this.Var1|"SURESH LAL CHANDANI"|0x5d5d5eb7
17:09:22.64 (265292382)|STATEMENT_EXECUTE|[21]
17:09:22.64 (265300593)|VARIABLE_ASSIGNMENT|[21]|this.Var2|"TOI (All days) & ET  (9 more) ..."|0x5d5d5eb7
17:09:22.64 (265307143)|HEAP_ALLOCATE|[22]|Bytes:5
17:09:22.64 (265327943)|STATEMENT_EXECUTE|[28]
17:09:22.64 (265330283)|STATEMENT_EXECUTE|[29]
17:09:22.64 (265333134)|HEAP_ALLOCATE|[29]|Bytes:31
17:09:22.64 (265343614)|VARIABLE_ASSIGNMENT|[29]|this.templatename|"utemailverificationr (11 more) ..."|0x5d5d5eb7
17:09:22.64 (265348194)|STATEMENT_EXECUTE|[30]
17:09:22.64 (265410436)|HEAP_ALLOCATE|[30]|Bytes:1
17:09:22.64 (265421266)|HEAP_ALLOCATE|[30]|Bytes:1
17:09:22.64 (265447457)|HEAP_ALLOCATE|[30]|Bytes:1
17:09:22.64 (265477968)|HEAP_ALLOCATE|[30]|Bytes:4
17:09:22.64 (265492168)|HEAP_ALLOCATE|[30]|Bytes:8
17:09:22.64 (265503439)|VARIABLE_ASSIGNMENT|[30]|this.Var3|"8/5/2026"|0x5d5d5eb7
17:09:22.64 (265508309)|STATEMENT_EXECUTE|[31]
17:09:22.64 (265537080)|HEAP_ALLOCATE|[31]|Bytes:1
17:09:22.64 (265567561)|HEAP_ALLOCATE|[31]|Bytes:1
17:09:22.64 (265595991)|HEAP_ALLOCATE|[31]|Bytes:4
17:09:22.64 (265608453)|HEAP_ALLOCATE|[31]|Bytes:8
17:09:22.64 (265619192)|VARIABLE_ASSIGNMENT|[31]|this.Var4|"7/5/2027"|0x5d5d5eb7
17:09:22.64 (265623613)|STATEMENT_EXECUTE|[32]
17:09:22.64 (265631203)|VARIABLE_ASSIGNMENT|[32]|this.Var5|"http://subt.in/TOICR (8 more) ..."|0x5d5d5eb7
17:09:22.64 (265635603)|STATEMENT_EXECUTE|[33]
17:09:22.64 (265721065)|VARIABLE_ASSIGNMENT|[33]|this.Var6|"crm.delhi@timesofind (6 more) ..."|0x5d5d5eb7
17:09:22.64 (265728545)|STATEMENT_EXECUTE|[36]
17:09:22.64 (265871810)|HEAP_ALLOCATE|[36]|Bytes:3
17:09:22.64 (265887790)|HEAP_ALLOCATE|[36]|Bytes:16
17:09:22.64 (265902622)|CONSTRUCTOR_ENTRY|[36]|01p2t000002TDko|<init>()|OrderCofirmationEmailLink.Events
17:09:22.64 (265931423)|VARIABLE_SCOPE_BEGIN|[135]|this|OrderCofirmationEmailLink.Events|true|false
17:09:22.64 (265956562)|VARIABLE_ASSIGNMENT|[135]|this|{}|0x40789e64
17:09:22.64 (265968664)|STATEMENT_EXECUTE|[131]
17:09:22.64 (265971353)|STATEMENT_EXECUTE|[132]
17:09:22.64 (265973664)|STATEMENT_EXECUTE|[133]
17:09:22.64 (265975753)|STATEMENT_EXECUTE|[134]
17:09:22.64 (265994453)|STATEMENT_EXECUTE|[135]
17:09:22.64 (265996644)|STATEMENT_EXECUTE|[136]
17:09:22.64 (265999614)|HEAP_ALLOCATE|[136]|Bytes:4
17:09:22.64 (266012324)|VARIABLE_ASSIGNMENT|[136]|this.evtid|"4792"|0x40789e64
17:09:22.64 (266018394)|STATEMENT_EXECUTE|[137]
17:09:22.64 (266021134)|HEAP_ALLOCATE|[137]|Bytes:6
17:09:22.64 (266029935)|VARIABLE_ASSIGNMENT|[137]|this.correlationid|"ABC123"|0x40789e64
17:09:22.64 (266034135)|STATEMENT_EXECUTE|[138]
17:09:22.64 (266038186)|HEAP_ALLOCATE|[138]|Bytes:36
17:09:22.64 (266044675)|CONSTRUCTOR_ENTRY|[138]|01p2t000002TDko|<init>()|OrderCofirmationEmailLink.Parameters
17:09:22.64 (266066136)|VARIABLE_SCOPE_BEGIN|[111]|this|OrderCofirmationEmailLink.Parameters|true|false
17:09:22.64 (266084267)|VARIABLE_ASSIGNMENT|[111]|this|{}|0x7970e7ce
17:09:22.64 (266099417)|STATEMENT_EXECUTE|[111]
17:09:22.64 (266101727)|STATEMENT_EXECUTE|[112]
17:09:22.64 (266103748)|STATEMENT_EXECUTE|[113]
17:09:22.64 (266105647)|STATEMENT_EXECUTE|[114]
17:09:22.64 (266107748)|STATEMENT_EXECUTE|[115]
17:09:22.64 (266109657)|STATEMENT_EXECUTE|[116]
17:09:22.64 (266111607)|STATEMENT_EXECUTE|[117]
17:09:22.64 (266113748)|STATEMENT_EXECUTE|[118]
17:09:22.64 (266115678)|STATEMENT_EXECUTE|[119]
17:09:22.64 (266119388)|CONSTRUCTOR_EXIT|[138]|01p2t000002TDko|<init>()|OrderCofirmationEmailLink.Parameters
17:09:22.64 (266137749)|VARIABLE_ASSIGNMENT|[138]|this.parameters|0x7970e7ce|0x40789e64
17:09:22.64 (266145368)|CONSTRUCTOR_EXIT|[36]|01p2t000002TDko|<init>()|OrderCofirmationEmailLink.Events
17:09:22.64 (266151088)|VARIABLE_SCOPE_BEGIN|[36]|eve|OrderCofirmationEmailLink.Events|true|false
17:09:22.64 (266170750)|VARIABLE_ASSIGNMENT|[36]|eve|{"correlationid":"ABC123","evtid":"4792","parameters":"0x7970e7ce"}|0x40789e64
17:09:22.64 (266177219)|STATEMENT_EXECUTE|[37]
17:09:22.64 (266182809)|VARIABLE_ASSIGNMENT|[37]|this.parameters|0x5d5d5eb7|0x40789e64
17:09:22.64 (266187110)|STATEMENT_EXECUTE|[39]
17:09:22.64 (266282622)|HEAP_ALLOCATE|[39]|Bytes:3
17:09:22.64 (266316604)|HEAP_ALLOCATE|[39]|Bytes:12
17:09:22.64 (266329155)|CONSTRUCTOR_ENTRY|[39]|01p2t000002TDko|<init>()|OrderCofirmationEmailLink.ObjectWrapper
17:09:22.64 (266344325)|VARIABLE_SCOPE_BEGIN|[125]|this|OrderCofirmationEmailLink.ObjectWrapper|true|false
17:09:22.64 (266369225)|VARIABLE_ASSIGNMENT|[125]|this|{}|0x155d975c
17:09:22.64 (266376105)|STATEMENT_EXECUTE|[121]
17:09:22.64 (266378366)|STATEMENT_EXECUTE|[122]
17:09:22.64 (266380566)|STATEMENT_EXECUTE|[123]
17:09:22.64 (266394776)|STATEMENT_EXECUTE|[125]
17:09:22.64 (266397167)|STATEMENT_EXECUTE|[126]
17:09:22.64 (266407767)|HEAP_ALLOCATE|[126]|Bytes:4
17:09:22.64 (266529691)|HEAP_ALLOCATE|[EXTERNAL]|Bytes:4
17:09:22.64 (266545721)|VARIABLE_ASSIGNMENT|[126]|this.events|[]|0x155d975c
17:09:22.64 (266550441)|STATEMENT_EXECUTE|[127]
17:09:22.64 (266559522)|VARIABLE_ASSIGNMENT|[127]|this.notifyurl|""|0x155d975c
17:09:22.64 (266567071)|CONSTRUCTOR_EXIT|[39]|01p2t000002TDko|<init>()|OrderCofirmationEmailLink.ObjectWrapper
17:09:22.64 (266578972)|VARIABLE_SCOPE_BEGIN|[39]|objObjectWrapper|OrderCofirmationEmailLink.ObjectWrapper|true|false
17:09:22.64 (266601243)|VARIABLE_ASSIGNMENT|[39]|objObjectWrapper|{"events":"0x11d2b02d","notifyurl":""}|0x155d975c
17:09:22.64 (266606893)|STATEMENT_EXECUTE|[40]
17:09:22.64 (266613232)|HEAP_ALLOCATE|[40]|Bytes:4
17:09:22.64 (266682735)|VARIABLE_SCOPE_BEGIN|[40]|lstAllJSON|List<OrderCofirmationEmailLink.Events>|true|false
17:09:22.64 (266698086)|HEAP_ALLOCATE|[EXTERNAL]|Bytes:4
17:09:22.64 (266704896)|VARIABLE_ASSIGNMENT|[40]|lstAllJSON|[]|0x6fe27b4e
17:09:22.64 (266709486)|STATEMENT_EXECUTE|[41]
17:09:22.64 (266745196)|HEAP_ALLOCATE|[EXTERNAL]|Bytes:4
17:09:22.64 (266754947)|STATEMENT_EXECUTE|[42]
17:09:22.64 (266763578)|VARIABLE_ASSIGNMENT|[42]|this.notifyurl|""|0x155d975c
17:09:22.64 (266768248)|STATEMENT_EXECUTE|[44]
17:09:22.64 (266778378)|METHOD_ENTRY|[44]||System.JSON.serialize(Object)
17:09:22.64 (267172230)|METHOD_EXIT|[44]||System.JSON.serialize(Object)
17:09:22.64 (267187920)|VARIABLE_SCOPE_BEGIN|[44]|strFinalJSON|String|false|false
17:09:22.64 (267199731)|VARIABLE_ASSIGNMENT|[44]|strFinalJSON|"{\"notifyurl\":\"\",\"eve (315 more) ..."
17:09:22.64 (267203891)|STATEMENT_EXECUTE|[46]
17:09:22.64 (267207681)|HEAP_ALLOCATE|[46]|Bytes:18
17:09:22.64 (271908245)|HEAP_ALLOCATE|[46]|Bytes:210
17:09:22.64 (271934026)|HEAP_ALLOCATE|[46]|Bytes:68
17:09:22.64 (272097331)|HEAP_ALLOCATE|[46]|Bytes:33
17:09:22.64 (272119511)|SYSTEM_METHOD_ENTRY|[1]|Type.Type()
17:09:22.64 (272125640)|STATEMENT_EXECUTE|[1]
17:09:22.64 (272138152)|SYSTEM_METHOD_EXIT|[1]|Type
17:09:22.64 (272151152)|HEAP_ALLOCATE|[46]|Bytes:8
17:09:22.64 (272177503)|HEAP_ALLOCATE|[46]|Bytes:8
17:09:22.64 (272186673)|VARIABLE_SCOPE_BEGIN|[4]|this|System.Type|true|false
17:09:22.64 (272232975)|VARIABLE_ASSIGNMENT|[4]|this|{}|0x65e3f093
17:09:22.64 (272241535)|VARIABLE_SCOPE_BEGIN|[4]|apextype|java:common.apex.runtime.ApexObjectType|true|false
17:09:22.64 (272344647)|VARIABLE_ASSIGNMENT|[4]|apextype|"Map<String,String>"|0x70cc7f6
17:09:22.64 (272389928)|HEAP_ALLOCATE|[46]|Bytes:8
17:09:22.64 (272406950)|METHOD_ENTRY|[46]||System.JSON.deserialize(String, System.Type)
17:09:22.64 (272894155)|METHOD_EXIT|[46]||System.JSON.deserialize(String, System.Type)
17:09:22.64 (272909405)|VARIABLE_SCOPE_BEGIN|[46]|mapWhatsAppConfig|Map<String,String>|true|false
17:09:22.64 (272939126)|VARIABLE_ASSIGNMENT|[46]|mapWhatsAppConfig|"Map of size 7 too large to display"|0x5ae51c0f
17:09:22.64 (272948436)|STATEMENT_EXECUTE|[47]
17:09:22.64 (272979897)|USER_DEBUG|[47]|DEBUG|{"notifyurl":"","events":[{"parameters":{"Var6":"crm.delhi@timesofindia.com","Var5":"http://subt.in/TOICRM/_4LA5b","Var4":"7/5/2027","Var3":"8/5/2026","Var2":"TOI (All days) & ET (Mon-Fri)","Var1":"SURESH LAL CHANDANI","templatename":"utemailverificationrenewalorder","MSISDN":"919891225577"},"evtid":"4792","correlationid":"ABC123"}]}
17:09:22.64 (272996898)|STATEMENT_EXECUTE|[49]
17:09:22.64 (273021838)|VARIABLE_SCOPE_BEGIN|[49]|http|System.Http|true|false
17:09:22.64 (273095091)|VARIABLE_ASSIGNMENT|[49]|http|"System.Http[]"|0x5d7c56e6
17:09:22.64 (273104451)|STATEMENT_EXECUTE|[50]
17:09:22.64 (273116641)|VARIABLE_SCOPE_BEGIN|[50]|req|System.HttpRequest|true|false
17:09:22.64 (273149522)|VARIABLE_ASSIGNMENT|[50]|req|"System.HttpRequest[Endpoint=null, Method=null]"|0x74d973b
17:09:22.64 (273157483)|STATEMENT_EXECUTE|[51]
17:09:22.64 (273163173)|HEAP_ALLOCATE|[51]|Bytes:36
17:09:22.64 (273220974)|STATEMENT_EXECUTE|[52]
17:09:22.64 (273246375)|STATEMENT_EXECUTE|[53]
17:09:22.64 (273278256)|STATEMENT_EXECUTE|[54]
17:09:22.64 (273283096)|HEAP_ALLOCATE|[54]|Bytes:3
17:09:22.64 (273291477)|HEAP_ALLOCATE|[54]|Bytes:36
17:09:22.64 (273318217)|STATEMENT_EXECUTE|[55]
17:09:22.64 (273366559)|STATEMENT_EXECUTE|[56]
17:09:22.64 (273414860)|CALLOUT_REQUEST|[56]|System.HttpRequest[Endpoint=callout:WhatsApp_HSM_Integration_API, Method=POST]
17:09:22.399 (399672362)|NAMED_CREDENTIAL_REQUEST|NamedCallout[Named Credential Id=0XA2t000000blJn, Named Credential Name=WhatsApp_HSM_Integration_API, Endpoint=https://api.imiconnect.in/resources/v1/events/externalevent, Method=POST, External Credential Type=EXTERNAL, HTTP Header Authorization=Method: Not set - Credential: Not set, Content-Type=application/json, Request Size bytes=335, Retry on 401=True]
17:09:22.64 (399843117)|HEAP_ALLOCATE|[EXTERNAL]|Bytes:780
17:09:22.400 (400453045)|NAMED_CREDENTIAL_RESPONSE|NamedCallout[Named Credential Id=0XA2t000000blJn, Named Credential Name=WhatsApp_HSM_Integration_API, Status Code=200, Content-Type=application/json, Response Size bytes=127, Overall Callout Time ms=114, Connect Time ms=84, Interceptor Time ms=0
17:09:22.64 (400974291)|CALLOUT_RESPONSE|[56]|System.HttpResponse[Status=OK, StatusCode=200]
17:09:22.64 (400997913)|HEAP_ALLOCATE|[56]|Bytes:133
17:09:22.64 (401024763)|VARIABLE_SCOPE_BEGIN|[56]|res|System.HttpResponse|true|false
17:09:22.64 (401070604)|VARIABLE_ASSIGNMENT|[56]|res|"System.HttpResponse[Status=OK, StatusCode=200]"|0x42abfb4
17:09:22.64 (401077284)|STATEMENT_EXECUTE|[57]
17:09:22.64 (401083835)|HEAP_ALLOCATE|[57]|Bytes:8
17:09:22.64 (401159118)|HEAP_ALLOCATE|[57]|Bytes:46
17:09:22.64 (401178307)|HEAP_ALLOCATE|[57]|Bytes:54
17:09:22.64 (401198748)|USER_DEBUG|[57]|DEBUG|---res--System.HttpResponse[Status=OK, StatusCode=200]
17:09:22.64 (401207338)|STATEMENT_EXECUTE|[58]
17:09:22.64 (401248699)|HEAP_ALLOCATE|[58]|Bytes:127
17:09:22.64 (401258460)|HEAP_ALLOCATE|[58]|Bytes:135
17:09:22.64 (401267521)|USER_DEBUG|[58]|DEBUG|---res--{"response":[{"code":"1002","description":"Queued","transid":"40f7e3df-c93e-4c83-a818-cadc4a0eeefc","correlationid":"ABC123"}]}
17:09:22.64 (401275260)|STATEMENT_EXECUTE|[59]
17:09:22.64 (401290811)|HEAP_ALLOCATE|[59]|Bytes:127
17:09:22.64 (401299951)|VARIABLE_SCOPE_BEGIN|[59]|objJSONResponse|String|false|false
17:09:22.64 (401313951)|VARIABLE_ASSIGNMENT|[59]|objJSONResponse|"{\"response\":[{\"code\" (107 more) ..."
17:09:22.64 (401317951)|STATEMENT_EXECUTE|[60]
17:09:22.64 (401320952)|HEAP_ALLOCATE|[60]|Bytes:23
17:09:22.64 (401327643)|HEAP_ALLOCATE|[60]|Bytes:150
17:09:22.64 (401347412)|USER_DEBUG|[60]|DEBUG|WhatsApp HttpResponse::{"response":[{"code":"1002","description":"Queued","transid":"40f7e3df-c93e-4c83-a818-cadc4a0eeefc","correlationid":"ABC123"}]}
17:09:22.64 (401355903)|STATEMENT_EXECUTE|[62]
17:09:22.64 (401360084)|HEAP_ALLOCATE|[62]|Bytes:42
17:09:22.64 (401599120)|HEAP_ALLOCATE|[62]|Bytes:8
17:09:22.64 (401615341)|HEAP_ALLOCATE|[62]|Bytes:8
17:09:22.64 (401620791)|VARIABLE_SCOPE_BEGIN|[4]|this|System.Type|true|false
17:09:22.64 (401681533)|VARIABLE_ASSIGNMENT|[4]|this|{}|0x313f57
17:09:22.64 (401687153)|VARIABLE_SCOPE_BEGIN|[4]|apextype|java:common.apex.runtime.ApexObjectType|true|false
17:09:22.64 (401733124)|VARIABLE_ASSIGNMENT|[4]|apextype|"OrderCofirmationEmailLink.WhatsAppResponse"|0x51b7f7fa
17:09:22.64 (401787796)|HEAP_ALLOCATE|[62]|Bytes:8
17:09:22.64 (401805057)|METHOD_ENTRY|[62]||System.JSON.deserialize(String, System.Type)
17:09:22.64 (403062525)|METHOD_EXIT|[62]||System.JSON.deserialize(String, System.Type)
17:09:22.64 (403074185)|VARIABLE_SCOPE_BEGIN|[62]|objWhatsAppResponse|OrderCofirmationEmailLink.WhatsAppResponse|true|false
17:09:22.64 (403099576)|VARIABLE_ASSIGNMENT|[62]|objWhatsAppResponse|{"response":"0x5f533396"}|0x561174ac
17:09:22.64 (403104866)|STATEMENT_EXECUTE|[63]
17:09:22.64 (403108166)|HEAP_ALLOCATE|[63]|Bytes:14
17:09:22.64 (403171328)|HEAP_ALLOCATE|[63]|Bytes:138
17:09:22.64 (403186819)|HEAP_ALLOCATE|[63]|Bytes:152
17:09:22.64 (403198779)|USER_DEBUG|[63]|DEBUG|heyyy responseWhatsAppResponse:[response=(Response:[code=1002, correlationid=ABC123, description=Queued, transid=40f7e3df-c93e-4c83-a818-cadc4a0eeefc])]
17:09:22.64 (403210190)|METHOD_EXIT|[9]|01p2t000002TDko|OrderCofirmationEmailLink.sendThroughWhatsAppFuture(String, String, String, String, String, String, String, String, Date, Date)
17:09:22.403 (403262921)|CUMULATIVE_LIMIT_USAGE
17:09:22.403 (403262921)|LIMIT_USAGE_FOR_NS|(default)|
  Number of SOQL queries: 5 out of 200
  Number of query rows: 5 out of 50000
  Number of SOSL queries: 0 out of 20
  Number of DML statements: 0 out of 150
  Number of Publish Immediate DML: 0 out of 150
  Number of DML rows: 0 out of 10000
  Maximum CPU time: 102 out of 60000
  Maximum heap size: 0 out of 12000000
  Number of callouts: 2 out of 100
  Number of Email Invocations: 0 out of 10
  Number of future calls: 0 out of 50
  Number of queueable jobs added to the queue: 0 out of 50
  Number of Mobile Apex push calls: 0 out of 10

17:09:22.403 (403262921)|CUMULATIVE_LIMIT_USAGE_END

17:09:22.64 (403320363)|CODE_UNIT_FINISHED|OrderCofirmationEmailLink.sendEmailLinkConfirmOrder(List<Id>)
17:09:22.3 (408962285)|FLOW_START_INTERVIEWS_END|1
17:09:22.3 (409165403)|FLOW_INTERVIEW_FINISHED|130847d4c7df3497625653f0f03919d9b300524-18bf|Send Whatsapp Message On Order Confirmed
