66.0 APEX_CODE,FINEST;APEX_PROFILING,INFO;CALLOUT,INFO;DATA_ACCESS,INFO;DB,INFO;NBA,INFO;SYSTEM,DEBUG;VALIDATION,INFO;VISUALFORCE,INFO;WAVE,INFO;WORKFLOW,INFO
17:10:26.0 (178045)|USER_INFO|[EXTERNAL]|0052t000000K4aE|rmdsupport1@timesgroup.com|(GMT+05:30) India Standard Time (Asia/Kolkata)|GMT+05:30
17:10:26.0 (1937740)|FLOW_CREATE_INTERVIEW_BEGIN|00D7F000005Cdii|3002t0000004QPx|301Ie000000gAAo
17:10:26.0 (2009062)|FLOW_CREATE_INTERVIEW_END|3287e763590802d61a497488a2ff19d9b0da154-6aa3|Send Whatsapp Message On Order Confirmed
17:10:26.2 (2778853)|USER_INFO|[EXTERNAL]|0052t000000K4aE|rmdsupport1@timesgroup.com|(GMT+05:30) India Standard Time (Asia/Kolkata)|GMT+05:30
17:10:26.2 (2807963)|FLOW_START_INTERVIEWS_BEGIN|1
17:10:26.2 (2854604)|FLOW_START_INTERVIEW_BEGIN|3287e763590802d61a497488a2ff19d9b0da154-6aa3|Send Whatsapp Message On Order Confirmed
17:10:26.2 (3040609)|FLOW_START_INTERVIEW_END|3287e763590802d61a497488a2ff19d9b0da154-6aa3|Send Whatsapp Message On Order Confirmed
17:10:26.46 (46773062)|CODE_UNIT_STARTED|[EXTERNAL]|01p2t000002TDko|OrderCofirmationEmailLink.sendEmailLinkConfirmOrder(List<Id>)
17:10:26.46 (46858944)|HEAP_ALLOCATE|[EXTERNAL]|Bytes:8
17:10:26.46 (47119361)|HEAP_ALLOCATE|[95]|Bytes:3
17:10:26.46 (47163572)|HEAP_ALLOCATE|[100]|Bytes:152
17:10:26.46 (47180332)|HEAP_ALLOCATE|[417]|Bytes:408
17:10:26.46 (47194403)|HEAP_ALLOCATE|[430]|Bytes:408
17:10:26.46 (47219443)|HEAP_ALLOCATE|[317]|Bytes:6
17:10:26.46 (47233705)|HEAP_ALLOCATE|[EXTERNAL]|Bytes:69
17:10:26.46 (47238924)|HEAP_ALLOCATE|[EXTERNAL]|Bytes:7
17:10:26.46 (47242534)|HEAP_ALLOCATE|[EXTERNAL]|Bytes:24
17:10:26.46 (47251894)|METHOD_ENTRY|[1]|01p2t000002TDko|OrderCofirmationEmailLink.OrderCofirmationEmailLink()
17:10:26.46 (47257475)|STATEMENT_EXECUTE|[1]
17:10:26.46 (47262804)|STATEMENT_EXECUTE|[1]
17:10:26.46 (47265014)|STATEMENT_EXECUTE|[95]
17:10:26.46 (47267084)|STATEMENT_EXECUTE|[99]
17:10:26.46 (47269105)|STATEMENT_EXECUTE|[105]
17:10:26.46 (47271175)|STATEMENT_EXECUTE|[111]
17:10:26.46 (47273295)|STATEMENT_EXECUTE|[121]
17:10:26.46 (47275306)|STATEMENT_EXECUTE|[131]
17:10:26.46 (47281325)|METHOD_EXIT|[1]|OrderCofirmationEmailLink
17:10:26.46 (47320797)|HEAP_ALLOCATE|[EXTERNAL]|Bytes:8
17:10:26.46 (47345166)|VARIABLE_SCOPE_BEGIN|[4]|accIds|List<Id>|true|false
17:10:26.46 (47390229)|VARIABLE_ASSIGNMENT|[4]|accIds|["0012t00000RyBx8AAF"]|0x4bd79426
17:10:26.46 (47400808)|STATEMENT_EXECUTE|[4]
17:10:26.46 (47403399)|STATEMENT_EXECUTE|[5]
17:10:26.46 (47406728)|HEAP_ALLOCATE|[5]|Bytes:37
17:10:26.46 (47464881)|HEAP_ALLOCATE|[5]|Bytes:20
17:10:26.46 (47485401)|HEAP_ALLOCATE|[5]|Bytes:57
17:10:26.46 (47516322)|HEAP_ALLOCATE|[68]|Bytes:5
17:10:26.46 (47542353)|HEAP_ALLOCATE|[74]|Bytes:5
17:10:26.46 (47551403)|HEAP_ALLOCATE|[82]|Bytes:7
17:10:26.46 (47583634)|USER_DEBUG|[5]|DEBUG|---accIds-Rahul--InvocableMethod-@@@-(0012t00000RyBx8AAF)
17:10:26.46 (47593994)|STATEMENT_EXECUTE|[6]
17:10:26.46 (47597383)|HEAP_ALLOCATE|[6]|Bytes:182
17:10:26.46 (47614554)|HEAP_ALLOCATE|[6]|Bytes:4
17:10:26.46 (47626195)|HEAP_ALLOCATE|[6]|Bytes:7
17:10:26.46 (48750614)|SOQL_EXECUTE_BEGIN|[6]|Aggregations:0|SELECT id, Name, RMD_Opt_In__c, RMD_SMS_Mobile__c, Email_Verification_Link__c FROM Account WHERE (Id IN :tmpVar1 AND Email_Verification_Link__c != NULL AND Email_Verified__c = FALSE)
17:10:26.46 (56861198)|SOQL_EXECUTE_END|[6]|Rows:0
17:10:26.46 (56909429)|HEAP_ALLOCATE|[6]|Bytes:4
17:10:26.46 (56931809)|HEAP_ALLOCATE|[6]|Bytes:0
17:10:26.46 (57060273)|HEAP_ALLOCATE|[6]|Bytes:4
17:10:26.46 (57086303)|HEAP_ALLOCATE|[6]|Bytes:33
17:10:26.46 (57396681)|HEAP_ALLOCATE|[6]|Bytes:46
17:10:26.46 (57495524)|FATAL_ERROR|System.QueryException: List has no rows for assignment to SObject

Class.OrderCofirmationEmailLink.sendEmailLinkConfirmOrder: line 6, column 1
17:10:26.46 (57509575)|FATAL_ERROR|System.QueryException: List has no rows for assignment to SObject

Class.OrderCofirmationEmailLink.sendEmailLinkConfirmOrder: line 6, column 1
17:10:26.57 (57531625)|CUMULATIVE_LIMIT_USAGE
17:10:26.57 (57531625)|LIMIT_USAGE_FOR_NS|(default)|
  Number of SOQL queries: 1 out of 200
  Number of query rows: 0 out of 50000
  Number of SOSL queries: 0 out of 20
  Number of DML statements: 0 out of 150
  Number of Publish Immediate DML: 0 out of 150
  Number of DML rows: 0 out of 10000
  Maximum CPU time: 8 out of 60000
  Maximum heap size: 0 out of 12000000
  Number of callouts: 0 out of 100
  Number of Email Invocations: 0 out of 10
  Number of future calls: 0 out of 50
  Number of queueable jobs added to the queue: 0 out of 50
  Number of Mobile Apex push calls: 0 out of 10

17:10:26.57 (57531625)|CUMULATIVE_LIMIT_USAGE_END

17:10:26.46 (57567386)|CODE_UNIT_FINISHED|OrderCofirmationEmailLink.sendEmailLinkConfirmOrder(List<Id>)
17:10:26.2 (259137426)|FLOW_ELEMENT_ERROR|An Apex error occurred: System.QueryException: List has no rows for assignment to SObject
|FlowActionCall|Send_Whatsapp_Message_On_Order_Confirm
17:10:26.2 (259434174)|FLOW_START_INTERVIEWS_END|1
