65.0 APEX_CODE,FINEST;APEX_PROFILING,INFO;CALLOUT,INFO;DATA_ACCESS,INFO;DB,INFO;NBA,INFO;SYSTEM,DEBUG;VALIDATION,INFO;VISUALFORCE,INFO;WAVE,INFO;WORKFLOW,INFO
16:21:01.0 (459352)|USER_INFO|[EXTERNAL]|0052t000000K4aE|rmdsupport1@timesgroup.com|(GMT+05:30) India Standard Time (Asia/Kolkata)|GMT+05:30
16:21:01.0 (621486)|EXECUTION_STARTED
16:21:01.0 (666787)|CODE_UNIT_STARTED|[EXTERNAL]|01p2t000000KTG6|RMDBatchSubscriptionLeadConvert
16:21:01.0 (4360774)|HEAP_ALLOCATE|[EXTERNAL]|Bytes:4
16:21:01.0 (27234566)|HEAP_ALLOCATE|[95]|Bytes:3
16:21:01.0 (27360690)|HEAP_ALLOCATE|[100]|Bytes:152
16:21:01.0 (27394431)|HEAP_ALLOCATE|[417]|Bytes:408
16:21:01.0 (27420271)|HEAP_ALLOCATE|[430]|Bytes:408
16:21:01.0 (27457792)|HEAP_ALLOCATE|[317]|Bytes:6
16:21:01.0 (27510994)|HEAP_ALLOCATE|[EXTERNAL]|Bytes:11
16:21:01.0 (27556565)|SYSTEM_METHOD_ENTRY|[15]|BatchableContextImpl.BatchableContextImpl()
16:21:01.0 (27583706)|STATEMENT_EXECUTE|[15]
16:21:01.0 (27616106)|SYSTEM_METHOD_EXIT|[15]|BatchableContextImpl
16:21:01.0 (27627657)|HEAP_ALLOCATE|[EXTERNAL]|Bytes:12
16:21:01.0 (27634007)|HEAP_ALLOCATE|[EXTERNAL]|Bytes:4
16:21:01.0 (27661258)|VARIABLE_SCOPE_BEGIN|[31]|this|Database.BatchableContextImpl|true|false
16:21:01.0 (27848682)|VARIABLE_ASSIGNMENT|[31]|this|{}|0x1514cdf3
16:21:01.0 (27855383)|VARIABLE_SCOPE_BEGIN|[31]|jobId|Id|false|false
16:21:01.0 (28020927)|VARIABLE_ASSIGNMENT|[31]|jobId|"707e200000og0ABAAY"
16:21:01.0 (28027217)|VARIABLE_SCOPE_BEGIN|[31]|childJobId|Id|false|false
16:21:01.0 (28039317)|VARIABLE_ASSIGNMENT|[31]|childJobId|null
16:21:01.0 (30913013)|HEAP_ALLOCATE|[EXTERNAL]|Bytes:29
16:21:01.0 (30939353)|HEAP_ALLOCATE|[EXTERNAL]|Bytes:81
16:21:01.0 (30946454)|HEAP_ALLOCATE|[EXTERNAL]|Bytes:10
16:21:01.0 (30952365)|HEAP_ALLOCATE|[EXTERNAL]|Bytes:8
16:21:01.0 (30965654)|METHOD_ENTRY|[1]|01p2t000000KTG6|RMDBatchSubscriptionLeadConvert.RMDBatchSubscriptionLeadConvert()
16:21:01.0 (30971045)|STATEMENT_EXECUTE|[1]
16:21:01.0 (30976565)|STATEMENT_EXECUTE|[1]
16:21:01.0 (31008875)|HEAP_ALLOCATE|[68]|Bytes:5
16:21:01.0 (31036096)|HEAP_ALLOCATE|[74]|Bytes:5
16:21:01.0 (31048496)|HEAP_ALLOCATE|[82]|Bytes:7
16:21:01.0 (31382595)|HEAP_ALLOCATE|[EXTERNAL]|Bytes:5
16:21:01.0 (31391875)|STATEMENT_EXECUTE|[2]
16:21:01.0 (31402885)|METHOD_EXIT|[1]|RMDBatchSubscriptionLeadConvert
16:21:01.0 (31408507)|HEAP_ALLOCATE|[EXTERNAL]|Bytes:4
16:21:01.0 (31412337)|HEAP_ALLOCATE|[EXTERNAL]|Bytes:12
16:21:01.0 (31426446)|VARIABLE_SCOPE_BEGIN|[4]|this|RMDBatchSubscriptionLeadConvert|true|false
16:21:01.0 (31465228)|VARIABLE_ASSIGNMENT|[4]|this|{}|0x66197add
16:21:01.0 (31470748)|VARIABLE_SCOPE_BEGIN|[4]|BC|Database.BatchableContext|true|false
16:21:01.0 (31565720)|VARIABLE_ASSIGNMENT|[4]|BC|{"jobId":"707e200000og0ABAAY"}|0x1514cdf3
16:21:01.0 (31587901)|HEAP_ALLOCATE|[10]|Bytes:5
16:21:01.0 (31593381)|STATEMENT_EXECUTE|[4]
16:21:01.0 (31595770)|STATEMENT_EXECUTE|[10]
16:21:01.0 (31602632)|HEAP_ALLOCATE|[10]|Bytes:404
16:21:01.0 (31611771)|VARIABLE_SCOPE_BEGIN|[10]|query|String|false|false
16:21:01.0 (31627672)|VARIABLE_ASSIGNMENT|[10]|query|"Select Id,RMD_Subscr (384 more) ..."
16:21:01.0 (31631902)|STATEMENT_EXECUTE|[14]
16:21:01.0 (35209196)|SOQL_EXECUTE_BEGIN|[14]|Aggregations:0|Select Id,RMD_Subscriber_Payment_Id__c,RMD_Payment_Transaction_Id__c,RMD_Payment_Type__c,RMD_Lead__r.recordType.Name,RMD_Selected_Scheme_Detail__c,RMD_Lead__c,RMD_Opportunity__c,RMD_Account__c from RMD_Payment_Transaction__c where RMD_Payment_Status__c = 'Success' and RMD_Lead__c != null and RMD_Lead__r.IsConverted = false and LastModifiedDate = Today and RMD_Lead__r.LeadSource = 'Subscription Portal'
16:21:01.0 (182376459)|SOQL_EXECUTE_END|[14]|Rows:0
16:21:01.199 (199428078)|CUMULATIVE_LIMIT_USAGE
16:21:01.199 (199428078)|LIMIT_USAGE_FOR_NS|(default)|
  Number of SOQL queries: 0 out of 200
  Number of query rows: 0 out of 50000
  Number of SOSL queries: 0 out of 20
  Number of DML statements: 0 out of 150
  Number of Publish Immediate DML: 0 out of 150
  Number of DML rows: 0 out of 10000
  Maximum CPU time: 0 out of 60000
  Maximum heap size: 0 out of 12000000
  Number of callouts: 0 out of 0
  Number of Email Invocations: 0 out of 10
  Number of future calls: 0 out of 0
  Number of queueable jobs added to the queue: 0 out of 1
  Number of Mobile Apex push calls: 0 out of 10

16:21:01.199 (199428078)|CUMULATIVE_LIMIT_USAGE_END

16:21:01.0 (199528451)|CODE_UNIT_FINISHED|RMDBatchSubscriptionLeadConvert
16:21:01.0 (199556131)|EXECUTION_FINISHED
