60.0 APEX_CODE,FINEST;APEX_PROFILING,INFO;CALLOUT,INFO;DATA_ACCESS,INFO;DB,INFO;NBA,INFO;SYSTEM,DEBUG;VALIDATION,INFO;VISUALFORCE,INFO;WAVE,INFO;WORKFLOW,INFO
16:16:57.0 (298617)|USER_INFO|[EXTERNAL]|0052t000000K4aE|rmdsupport1@timesgroup.com|(GMT+05:30) India Standard Time (Asia/Kolkata)|GMT+05:30
16:16:57.0 (367219)|EXECUTION_STARTED
16:16:57.0 (406730)|CODE_UNIT_STARTED|[EXTERNAL]|01p2t000002THB9|RMDBatchOrderModifySyncToSAP
16:16:57.0 (3476716)|HEAP_ALLOCATE|[95]|Bytes:3
16:16:57.0 (3599010)|HEAP_ALLOCATE|[100]|Bytes:152
16:16:57.0 (3617080)|HEAP_ALLOCATE|[417]|Bytes:408
16:16:57.0 (3632930)|HEAP_ALLOCATE|[430]|Bytes:408
16:16:57.0 (3661141)|HEAP_ALLOCATE|[317]|Bytes:6
16:16:57.0 (5598880)|HEAP_ALLOCATE|[EXTERNAL]|Bytes:34
16:16:57.0 (11059466)|HEAP_ALLOCATE|[EXTERNAL]|Bytes:11
16:16:57.0 (11145248)|SYSTEM_METHOD_ENTRY|[15]|BatchableContextImpl.BatchableContextImpl()
16:16:57.0 (11164268)|STATEMENT_EXECUTE|[15]
16:16:57.0 (11188469)|SYSTEM_METHOD_EXIT|[15]|BatchableContextImpl
16:16:57.0 (11195639)|HEAP_ALLOCATE|[EXTERNAL]|Bytes:12
16:16:57.0 (11201039)|HEAP_ALLOCATE|[EXTERNAL]|Bytes:4
16:16:57.0 (11204509)|HEAP_ALLOCATE|[EXTERNAL]|Bytes:4
16:16:57.0 (11224840)|VARIABLE_SCOPE_BEGIN|[31]|this|Database.BatchableContextImpl|true|false
16:16:57.0 (11331572)|VARIABLE_ASSIGNMENT|[31]|this|{}|0x20063df3
16:16:57.0 (11338453)|VARIABLE_SCOPE_BEGIN|[31]|jobId|Id|false|false
16:16:57.0 (11437125)|VARIABLE_ASSIGNMENT|[31]|jobId|"707e200000oepJAAAY"
16:16:57.0 (11443855)|VARIABLE_SCOPE_BEGIN|[31]|childJobId|Id|false|false
16:16:57.0 (11459866)|VARIABLE_ASSIGNMENT|[31]|childJobId|"707e200000of5QMAAY"
16:16:57.0 (71489614)|HEAP_ALLOCATE|[EXTERNAL]|Bytes:8
16:17:04.942 (7942182373)|HEAP_ALLOCATE|[EXTERNAL]|Bytes:8
16:17:12.208 (15208580380)|HEAP_ALLOCATE|[EXTERNAL]|Bytes:8
16:17:19.459 (22459841470)|HEAP_ALLOCATE|[EXTERNAL]|Bytes:8
16:17:26.778 (29778604580)|HEAP_ALLOCATE|[EXTERNAL]|Bytes:8
16:17:34.46 (37046214732)|HEAP_ALLOCATE|[EXTERNAL]|Bytes:8
16:17:41.501 (44501209918)|HEAP_ALLOCATE|[EXTERNAL]|Bytes:8
16:17:48.816 (51816329473)|HEAP_ALLOCATE|[EXTERNAL]|Bytes:8
16:17:56.97 (59097762265)|HEAP_ALLOCATE|[EXTERNAL]|Bytes:8
16:18:03.499 (66499886583)|HEAP_ALLOCATE|[EXTERNAL]|Bytes:8
16:18:10.796 (73796427844)|HEAP_ALLOCATE|[EXTERNAL]|Bytes:8
16:18:17.977 (80977116970)|HEAP_ALLOCATE|[EXTERNAL]|Bytes:8
16:18:25.159 (88159553280)|HEAP_ALLOCATE|[EXTERNAL]|Bytes:8
16:18:32.364 (95364919918)|HEAP_ALLOCATE|[EXTERNAL]|Bytes:8
16:18:39.677 (102677407181)|HEAP_ALLOCATE|[EXTERNAL]|Bytes:8
16:18:47.59 (110059784251)|HEAP_ALLOCATE|[EXTERNAL]|Bytes:8
16:18:54.540 (117540563245)|HEAP_ALLOCATE|[EXTERNAL]|Bytes:8
16:19:01.800 (124800295128)|HEAP_ALLOCATE|[EXTERNAL]|Bytes:8
16:19:09.31 (132031180339)|HEAP_ALLOCATE|[EXTERNAL]|Bytes:8
16:19:16.504 (139504959771)|HEAP_ALLOCATE|[EXTERNAL]|Bytes:8
16:19:23.689 (146689032406)|HEAP_ALLOCATE|[EXTERNAL]|Bytes:8
16:19:30.984 (153984180228)|HEAP_ALLOCATE|[EXTERNAL]|Bytes:8
16:19:38.300 (161300824747)|HEAP_ALLOCATE|[EXTERNAL]|Bytes:8
16:19:45.491 (168491562402)|HEAP_ALLOCATE|[EXTERNAL]|Bytes:8
16:19:52.677 (175677098693)|HEAP_ALLOCATE|[EXTERNAL]|Bytes:8
16:20:00.63 (183063667606)|CUMULATIVE_LIMIT_USAGE
16:20:00.63 (183063667606)|LIMIT_USAGE_FOR_NS|(default)|
  Number of SOQL queries: 0 out of 200
  Number of query rows: 0 out of 50000
  Number of SOSL queries: 0 out of 20
  Number of DML statements: 0 out of 150
  Number of Publish Immediate DML: 0 out of 150
  Number of DML rows: 0 out of 10000
  Maximum CPU time: 0 out of 60000
  Maximum heap size: 0 out of 12000000
  Number of callouts: 0 out of 0
  Number of Email Invocations: 0 out of 10
  Number of future calls: 0 out of 0
  Number of queueable jobs added to the queue: 0 out of 1
  Number of Mobile Apex push calls: 0 out of 10

16:20:00.63 (183063667606)|CUMULATIVE_LIMIT_USAGE_END

16:20:00.63 (183063721457)|CODE_UNIT_FINISHED|RMDBatchOrderModifySyncToSAP
16:20:00.63 (183063736888)|EXECUTION_FINISHED
