59.0 APEX_CODE,FINEST;APEX_PROFILING,INFO;CALLOUT,INFO;DATA_ACCESS,INFO;DB,INFO;NBA,INFO;SYSTEM,DEBUG;VALIDATION,INFO;VISUALFORCE,INFO;WAVE,INFO;WORKFLOW,INFO
16:26:00.0 (291539)|USER_INFO|[EXTERNAL]|0052t000000K4aE|rmdsupport1@timesgroup.com|(GMT+05:30) India Standard Time (Asia/Kolkata)|GMT+05:30
16:26:00.0 (400941)|EXECUTION_STARTED
16:26:00.0 (440812)|CODE_UNIT_STARTED|[EXTERNAL]|01p2t000000KTHK|SubscriptionLeadConvert
16:26:00.0 (12721039)|HEAP_ALLOCATE|[95]|Bytes:3
16:26:00.0 (12877364)|HEAP_ALLOCATE|[100]|Bytes:152
16:26:00.0 (12895823)|HEAP_ALLOCATE|[417]|Bytes:408
16:26:00.0 (12909284)|HEAP_ALLOCATE|[430]|Bytes:408
16:26:00.0 (12932495)|HEAP_ALLOCATE|[317]|Bytes:6
16:26:00.0 (12951456)|HEAP_ALLOCATE|[EXTERNAL]|Bytes:3
16:26:00.0 (12985756)|SYSTEM_METHOD_ENTRY|[1]|SchedulableContextImpl.SchedulableContextImpl()
16:26:00.0 (13001506)|STATEMENT_EXECUTE|[1]
16:26:00.0 (13027787)|SYSTEM_METHOD_EXIT|[1]|SchedulableContextImpl
16:26:00.0 (13036078)|HEAP_ALLOCATE|[EXTERNAL]|Bytes:8
16:26:00.0 (13040318)|HEAP_ALLOCATE|[EXTERNAL]|Bytes:4
16:26:00.0 (13061178)|VARIABLE_SCOPE_BEGIN|[4]|this|System.SchedulableContextImpl|true|false
16:26:00.0 (13244293)|VARIABLE_ASSIGNMENT|[4]|this|{}|0x73c05e68
16:26:00.0 (13253113)|VARIABLE_SCOPE_BEGIN|[4]|triggerId|Id|false|false
16:26:00.0 (13398417)|VARIABLE_ASSIGNMENT|[4]|triggerId|"08ee200000Ne9deAAB"
16:26:00.0 (15371180)|HEAP_ALLOCATE|[EXTERNAL]|Bytes:1
16:26:00.0 (15384581)|HEAP_ALLOCATE|[EXTERNAL]|Bytes:2
16:26:00.0 (15399761)|METHOD_ENTRY|[1]|01p2t000000KTHK|RMDSubscriptionLeadConvetSchedulable.RMDSubscriptionLeadConvetSchedulable()
16:26:00.0 (15406901)|STATEMENT_EXECUTE|[1]
16:26:00.0 (15412841)|STATEMENT_EXECUTE|[1]
16:26:00.0 (15419341)|METHOD_EXIT|[1]|RMDSubscriptionLeadConvetSchedulable
16:26:00.0 (15429112)|HEAP_ALLOCATE|[EXTERNAL]|Bytes:4
16:26:00.0 (15433672)|HEAP_ALLOCATE|[EXTERNAL]|Bytes:8
16:26:00.0 (15448562)|VARIABLE_SCOPE_BEGIN|[2]|this|RMDSubscriptionLeadConvetSchedulable|true|false
16:26:00.0 (15476903)|VARIABLE_ASSIGNMENT|[2]|this|{}|0x49c0c3b5
16:26:00.0 (15483663)|VARIABLE_SCOPE_BEGIN|[2]|sc|System.SchedulableContext|true|false
16:26:00.0 (15569494)|VARIABLE_ASSIGNMENT|[2]|sc|{"triggerId":"08ee200000Ne9deAAB"}|0x73c05e68
16:26:00.0 (15581156)|STATEMENT_EXECUTE|[2]
16:26:00.0 (15584066)|STATEMENT_EXECUTE|[3]
16:26:00.0 (15592695)|VARIABLE_SCOPE_BEGIN|[3]|batchSize|Integer|false|false
16:26:00.0 (15601575)|HEAP_ALLOCATE|[3]|Bytes:4
16:26:00.0 (15613467)|VARIABLE_ASSIGNMENT|[3]|batchSize|1
16:26:00.0 (15619837)|STATEMENT_EXECUTE|[5]
16:26:00.0 (15623947)|HEAP_ALLOCATE|[5]|Bytes:211
16:26:00.0 (15650537)|HEAP_ALLOCATE|[5]|Bytes:4
16:26:00.0 (15684409)|HEAP_ALLOCATE|[68]|Bytes:5
16:26:00.0 (15707818)|HEAP_ALLOCATE|[74]|Bytes:5
16:26:00.0 (15718639)|HEAP_ALLOCATE|[82]|Bytes:7
16:26:00.0 (17510397)|SOQL_EXECUTE_BEGIN|[5]|Aggregations:0|SELECT Id, Status, NumberOfErrors, JobItemsProcessed, TotalJobItems, CreatedBy.Email FROM AsyncApexJob WHERE (ApexClass.Name = 'RMDBatchSubscriptionLeadConvert' AND Status != 'Aborted' AND Status != 'Completed')
16:26:00.0 (43466498)|SOQL_EXECUTE_END|[5]|Rows:0
16:26:00.0 (43524750)|HEAP_ALLOCATE|[5]|Bytes:4
16:26:00.0 (43563120)|HEAP_ALLOCATE|[5]|Bytes:0
16:26:00.0 (43789966)|HEAP_ALLOCATE|[5]|Bytes:4
16:26:00.0 (43820677)|VARIABLE_SCOPE_BEGIN|[5]|asyncJobAbort|List<AsyncApexJob>|true|false
16:26:00.0 (43849028)|VARIABLE_ASSIGNMENT|[5]|asyncJobAbort|[]|0x29a17d81
16:26:00.0 (44151146)|HEAP_ALLOCATE|[6]|Bytes:5
16:26:00.0 (44207998)|VARIABLE_ASSIGNMENT|[6]|eachaJob|null|
16:26:00.0 (44218817)|STATEMENT_EXECUTE|[6]
16:26:00.0 (44222017)|STATEMENT_EXECUTE|[10]
16:26:00.0 (44367922)|HEAP_ALLOCATE|[10]|Bytes:29
16:26:00.0 (44376812)|HEAP_ALLOCATE|[10]|Bytes:81
16:26:00.0 (44381032)|HEAP_ALLOCATE|[10]|Bytes:10
16:26:00.0 (44385163)|HEAP_ALLOCATE|[10]|Bytes:8
16:26:00.0 (44402893)|METHOD_ENTRY|[1]|01p2t000000KTG6|RMDBatchSubscriptionLeadConvert.RMDBatchSubscriptionLeadConvert()
16:26:00.0 (44408713)|STATEMENT_EXECUTE|[1]
16:26:00.0 (44412773)|STATEMENT_EXECUTE|[1]
16:26:00.0 (44425804)|HEAP_ALLOCATE|[10]|Bytes:5
16:26:00.0 (44430154)|STATEMENT_EXECUTE|[2]
16:26:00.0 (44443484)|METHOD_EXIT|[1]|RMDBatchSubscriptionLeadConvert
16:26:00.0 (44453303)|HEAP_ALLOCATE|[10]|Bytes:4
16:26:00.0 (44485984)|CONSTRUCTOR_ENTRY|[10]|01p2t000000KTG6|<init>()|RMDBatchSubscriptionLeadConvert
16:26:00.0 (44557697)|VARIABLE_SCOPE_BEGIN|[1]|this|RMDBatchSubscriptionLeadConvert|true|false
16:26:00.0 (44599808)|VARIABLE_ASSIGNMENT|[1]|this|{}|0x4b63280c
16:26:00.0 (44614239)|HEAP_ALLOCATE|[EXTERNAL]|Bytes:5
16:26:00.0 (44650450)|STATEMENT_EXECUTE|[1]
16:26:00.0 (44654829)|HEAP_ALLOCATE|[EXTERNAL]|Bytes:5
16:26:00.0 (44671709)|CONSTRUCTOR_EXIT|[10]|01p2t000000KTG6|<init>()|RMDBatchSubscriptionLeadConvert
16:26:00.0 (44679500)|VARIABLE_SCOPE_BEGIN|[10]|objRMDBatchLeadConvert|RMDBatchSubscriptionLeadConvert|true|false
16:26:00.0 (44718931)|VARIABLE_ASSIGNMENT|[10]|objRMDBatchLeadConvert|{}|0x4b63280c
16:26:00.0 (44725102)|STATEMENT_EXECUTE|[11]
16:26:00.0 (110367349)|HEAP_ALLOCATE|[14]|Bytes:118
16:26:00.0 (110400400)|SYSTEM_METHOD_ENTRY|[1]|Test.Test()
16:26:00.0 (110406659)|STATEMENT_EXECUTE|[1]
16:26:00.0 (110420800)|SYSTEM_METHOD_EXIT|[1]|Test
16:26:00.0 (110452811)|METHOD_ENTRY|[14]||System.Test.isRunningTest()
16:26:00.0 (110506772)|METHOD_EXIT|[14]||System.Test.isRunningTest()
16:26:00.0 (110519493)|STATEMENT_EXECUTE|[14]
16:26:00.0 (110522363)|STATEMENT_EXECUTE|[15]
16:26:00.0 (110528862)|HEAP_ALLOCATE|[15]|Bytes:121
16:26:00.0 (110554143)|HEAP_ALLOCATE|[15]|Bytes:4
16:26:00.0 (111288682)|SOQL_EXECUTE_BEGIN|[15]|Aggregations:0|SELECT Id, NextFireTime, CronJobDetail.Name FROM CronTrigger WHERE CronJobDetail.Name = 'SubscriptionLeadConvert' LIMIT 1
16:26:00.0 (126648091)|SOQL_EXECUTE_END|[15]|Rows:1
16:26:00.0 (126682663)|HEAP_ALLOCATE|[15]|Bytes:8
16:26:00.0 (126706373)|HEAP_ALLOCATE|[15]|Bytes:162
16:26:00.0 (126803516)|HEAP_ALLOCATE|[15]|Bytes:8
16:26:00.0 (126826256)|HEAP_ALLOCATE|[15]|Bytes:37
16:26:00.0 (126912679)|HEAP_ALLOCATE|[15]|Bytes:20
16:26:00.0 (126926680)|VARIABLE_SCOPE_BEGIN|[15]|asyncJob|CronTrigger|true|false
16:26:00.0 (127116864)|VARIABLE_ASSIGNMENT|[15]|asyncJob|{"CronJobDetailId":"08ae200000NeTneAAF","CronJobDetail":{"Name":"SubscriptionLeadConv (3 more) ...","Id":"08ae200000NeTneAAF"},"Id":"08ee200000Ne9deAAB","NextFireTime":"2026-04-18T10:56:00.000Z"}|0x7880ce53
16:26:00.0 (127126184)|STATEMENT_EXECUTE|[16]
16:26:00.0 (127166076)|HEAP_ALLOCATE|[16]|Bytes:18
16:26:00.0 (191441997)|STATEMENT_EXECUTE|[20]
16:26:00.0 (191550240)|HEAP_ALLOCATE|[20]|Bytes:56
16:26:00.0 (191618381)|HEAP_ALLOCATE|[20]|Bytes:56
16:26:00.0 (191656973)|VARIABLE_SCOPE_BEGIN|[20]|dt|Datetime|false|false
16:26:00.0 (191705983)|VARIABLE_ASSIGNMENT|[20]|dt|"2026-04-17T11:01:00.273Z"
16:26:00.0 (191714054)|STATEMENT_EXECUTE|[21]
16:26:00.0 (191813807)|HEAP_ALLOCATE|[21]|Bytes:2
16:26:00.0 (191831887)|VARIABLE_SCOPE_BEGIN|[21]|hr|String|false|false
16:26:00.0 (191848107)|VARIABLE_ASSIGNMENT|[21]|hr|"16"
16:26:00.0 (191854598)|STATEMENT_EXECUTE|[22]
16:26:00.0 (191901068)|HEAP_ALLOCATE|[22]|Bytes:2
16:26:00.0 (191916469)|VARIABLE_SCOPE_BEGIN|[22]|min|String|false|false
16:26:00.0 (191930330)|VARIABLE_ASSIGNMENT|[22]|min|"31"
16:26:00.0 (191936420)|STATEMENT_EXECUTE|[23]
16:26:00.0 (191979150)|HEAP_ALLOCATE|[23]|Bytes:4
16:26:00.0 (192039373)|HEAP_ALLOCATE|[23]|Bytes:2
16:26:00.0 (192056712)|VARIABLE_SCOPE_BEGIN|[23]|currDate|String|false|false
16:26:00.0 (192072644)|VARIABLE_ASSIGNMENT|[23]|currDate|"17"
16:26:00.0 (192079313)|STATEMENT_EXECUTE|[24]
16:26:00.0 (192085404)|HEAP_ALLOCATE|[24]|Bytes:2
16:26:00.0 (192094313)|HEAP_ALLOCATE|[24]|Bytes:1
16:26:00.0 (192101033)|HEAP_ALLOCATE|[24]|Bytes:7
16:26:00.0 (192116674)|HEAP_ALLOCATE|[24]|Bytes:14
16:26:00.0 (192125655)|VARIABLE_SCOPE_BEGIN|[24]|sch|String|false|false
16:26:00.0 (192140274)|VARIABLE_ASSIGNMENT|[24]|sch|"0 31 16 * *  ?"
16:26:00.0 (192147646)|STATEMENT_EXECUTE|[25]
16:26:00.0 (192152536)|HEAP_ALLOCATE|[25]|Bytes:7
16:26:00.0 (192165235)|HEAP_ALLOCATE|[25]|Bytes:21
16:26:00.0 (192219428)|USER_DEBUG|[25]|DEBUG|sch====0 31 16 * *  ?
16:26:00.0 (192235348)|STATEMENT_EXECUTE|[26]
16:26:00.0 (192247997)|HEAP_ALLOCATE|[26]|Bytes:4
16:26:00.0 (192268829)|CONSTRUCTOR_ENTRY|[26]|01p2t000000KTHK|<init>()|RMDSubscriptionLeadConvetSchedulable
16:26:00.0 (192313550)|VARIABLE_SCOPE_BEGIN|[1]|this|RMDSubscriptionLeadConvetSchedulable|true|false
16:26:00.0 (192361651)|VARIABLE_ASSIGNMENT|[1]|this|{}|0x70bd3a11
16:26:00.0 (192398641)|STATEMENT_EXECUTE|[1]
16:26:00.0 (192405183)|CONSTRUCTOR_EXIT|[26]|01p2t000000KTHK|<init>()|RMDSubscriptionLeadConvetSchedulable
16:26:00.0 (192414303)|VARIABLE_SCOPE_BEGIN|[26]|sch2|RMDSubscriptionLeadConvetSchedulable|true|false
16:26:00.0 (192433253)|VARIABLE_ASSIGNMENT|[26]|sch2|{}|0x70bd3a11
16:26:00.0 (192441134)|STATEMENT_EXECUTE|[27]
16:26:00.0 (192446294)|HEAP_ALLOCATE|[27]|Bytes:23
16:26:00.0 (192453774)|VARIABLE_SCOPE_BEGIN|[27]|strName|String|false|false
16:26:00.0 (192468763)|VARIABLE_ASSIGNMENT|[27]|strName|"SubscriptionLeadConv (3 more) ..."
16:26:00.0 (192475224)|STATEMENT_EXECUTE|[28]
16:26:00.248 (248084995)|CUMULATIVE_LIMIT_USAGE
16:26:00.248 (248084995)|LIMIT_USAGE_FOR_NS|(default)|
  Number of SOQL queries: 2 out of 100
  Number of query rows: 1 out of 50000
  Number of SOSL queries: 0 out of 20
  Number of DML statements: 1 out of 150
  Number of Publish Immediate DML: 0 out of 150
  Number of DML rows: 1 out of 10000
  Maximum CPU time: 0 out of 10000
  Maximum heap size: 0 out of 6000000
  Number of callouts: 0 out of 100
  Number of Email Invocations: 0 out of 10
  Number of future calls: 0 out of 50
  Number of queueable jobs added to the queue: 0 out of 50
  Number of Mobile Apex push calls: 0 out of 10

16:26:00.248 (248084995)|CUMULATIVE_LIMIT_USAGE_END

16:26:00.0 (248184177)|CODE_UNIT_FINISHED|SubscriptionLeadConvert
16:26:00.0 (248208428)|EXECUTION_FINISHED
