60.0 APEX_CODE,FINEST;APEX_PROFILING,INFO;CALLOUT,INFO;DATA_ACCESS,INFO;DB,INFO;NBA,INFO;SYSTEM,DEBUG;VALIDATION,INFO;VISUALFORCE,INFO;WAVE,INFO;WORKFLOW,INFO
15:42:23.0 (211494)|USER_INFO|[EXTERNAL]|0052t000000K4aE|rmdsupport1@timesgroup.com|(GMT+05:30) India Standard Time (Asia/Kolkata)|GMT+05:30
15:42:23.0 (278416)|EXECUTION_STARTED
15:42:23.0 (290876)|CODE_UNIT_STARTED|[EXTERNAL]|01p2t000002THB9|RMDBatchOrderModifySyncToSAP
15:42:23.0 (4332088)|HEAP_ALLOCATE|[95]|Bytes:3
15:42:23.0 (4421509)|HEAP_ALLOCATE|[100]|Bytes:152
15:42:23.0 (4437800)|HEAP_ALLOCATE|[417]|Bytes:408
15:42:23.0 (4452851)|HEAP_ALLOCATE|[430]|Bytes:408
15:42:23.0 (4476821)|HEAP_ALLOCATE|[317]|Bytes:6
15:42:23.0 (7890500)|HEAP_ALLOCATE|[EXTERNAL]|Bytes:34
15:42:23.0 (14718248)|HEAP_ALLOCATE|[EXTERNAL]|Bytes:11
15:42:23.0 (14747809)|SYSTEM_METHOD_ENTRY|[15]|BatchableContextImpl.BatchableContextImpl()
15:42:23.0 (14754779)|STATEMENT_EXECUTE|[15]
15:42:23.0 (14771690)|SYSTEM_METHOD_EXIT|[15]|BatchableContextImpl
15:42:23.0 (14781140)|HEAP_ALLOCATE|[EXTERNAL]|Bytes:12
15:42:23.0 (14787010)|HEAP_ALLOCATE|[EXTERNAL]|Bytes:4
15:42:23.0 (14790119)|HEAP_ALLOCATE|[EXTERNAL]|Bytes:4
15:42:23.0 (14794860)|VARIABLE_SCOPE_BEGIN|[31]|this|Database.BatchableContextImpl|true|false
15:42:23.0 (14846091)|VARIABLE_ASSIGNMENT|[31]|this|{}|0x6a726c4d
15:42:23.0 (14851771)|VARIABLE_SCOPE_BEGIN|[31]|jobId|Id|false|false
15:42:23.0 (14938693)|VARIABLE_ASSIGNMENT|[31]|jobId|"707e200000pHc3cAAC"
15:42:23.0 (14944282)|VARIABLE_SCOPE_BEGIN|[31]|childJobId|Id|false|false
15:42:23.0 (14962103)|VARIABLE_ASSIGNMENT|[31]|childJobId|"707e200000pGVeeAAG"
15:42:23.0 (63548656)|HEAP_ALLOCATE|[EXTERNAL]|Bytes:8
15:42:30.468 (7468258030)|HEAP_ALLOCATE|[EXTERNAL]|Bytes:8
15:42:37.403 (14403091936)|HEAP_ALLOCATE|[EXTERNAL]|Bytes:8
15:42:44.329 (21329474380)|HEAP_ALLOCATE|[EXTERNAL]|Bytes:8
15:42:51.157 (28157056270)|HEAP_ALLOCATE|[EXTERNAL]|Bytes:8
15:42:58.367 (35367882984)|HEAP_ALLOCATE|[EXTERNAL]|Bytes:8
15:43:05.627 (42627213066)|HEAP_ALLOCATE|[EXTERNAL]|Bytes:8
15:43:12.730 (49730849648)|HEAP_ALLOCATE|[EXTERNAL]|Bytes:8
15:43:19.754 (56754756806)|HEAP_ALLOCATE|[EXTERNAL]|Bytes:8
15:43:26.753 (63753931110)|HEAP_ALLOCATE|[EXTERNAL]|Bytes:8
15:43:33.796 (70796206369)|HEAP_ALLOCATE|[EXTERNAL]|Bytes:8
15:43:40.709 (77709622437)|HEAP_ALLOCATE|[EXTERNAL]|Bytes:8
15:43:47.739 (84739898453)|HEAP_ALLOCATE|[EXTERNAL]|Bytes:8
15:43:54.696 (91696483040)|HEAP_ALLOCATE|[EXTERNAL]|Bytes:8
15:44:01.725 (98725512341)|HEAP_ALLOCATE|[EXTERNAL]|Bytes:8
15:44:08.681 (105681044146)|HEAP_ALLOCATE|[EXTERNAL]|Bytes:8
15:44:15.696 (112696474100)|HEAP_ALLOCATE|[EXTERNAL]|Bytes:8
15:44:22.566 (119566212637)|HEAP_ALLOCATE|[EXTERNAL]|Bytes:8
15:44:28.940 (125940021557)|HEAP_ALLOCATE|[EXTERNAL]|Bytes:8
15:44:35.479 (132479145527)|HEAP_ALLOCATE|[EXTERNAL]|Bytes:8
15:44:42.64 (139064635336)|HEAP_ALLOCATE|[EXTERNAL]|Bytes:8
15:44:48.634 (145634228359)|HEAP_ALLOCATE|[EXTERNAL]|Bytes:8
15:44:55.862 (152862193979)|HEAP_ALLOCATE|[EXTERNAL]|Bytes:8
15:44:55.862 (153614939333)|HEAP_ALLOCATE|[EXTERNAL]|Bytes:8
15:45:03.418 (160418100999)|HEAP_ALLOCATE|[EXTERNAL]|Bytes:8
15:45:10.254 (167254007112)|HEAP_ALLOCATE|[EXTERNAL]|Bytes:8
15:45:16.564 (173564476405)|HEAP_ALLOCATE|[EXTERNAL]|Bytes:8
15:45:23.59 (180059798997)|CUMULATIVE_LIMIT_USAGE
15:45:23.59 (180059798997)|LIMIT_USAGE_FOR_NS|(default)|
  Number of SOQL queries: 0 out of 200
  Number of query rows: 0 out of 50000
  Number of SOSL queries: 0 out of 20
  Number of DML statements: 0 out of 150
  Number of Publish Immediate DML: 0 out of 150
  Number of DML rows: 0 out of 10000
  Maximum CPU time: 0 out of 60000
  Maximum heap size: 0 out of 12000000
  Number of callouts: 0 out of 0
  Number of Email Invocations: 0 out of 10
  Number of future calls: 0 out of 0
  Number of queueable jobs added to the queue: 0 out of 1
  Number of Mobile Apex push calls: 0 out of 10

15:45:23.59 (180059798997)|CUMULATIVE_LIMIT_USAGE_END

15:45:23.59 (180059927619)|CODE_UNIT_FINISHED|RMDBatchOrderModifySyncToSAP
15:45:23.59 (180059961250)|EXECUTION_FINISHED
